08/22/2024 21:45:33,10016,Microsoft-Windows-DistributedCOM,System,Warning,The machine-default permission settings do not grant Local Activation permission for the COM Server application with CLSID   {F87B28F1-DA9A-4F35-8EC0-800EFCF26B83}   and APPID   {0868DC9B-D9A2-4F64-9362-133CEA201299}   to the user NT AUTHORITY\NETWORK SERVICE SID (S-1-5-20) from address LocalHost (Using LRPC) running in the application container Unavailable SID (Unavailable). This security permission can be modified using the Component Services administrative tool.
08/22/2024 21:45:30,4107,Display,System,Information,A caller specified the SDC_FORCE_MODE_ENUMERATION flag in a call to the SetDisplayConfig() API
08/22/2024 21:45:25,1014,Microsoft-Windows-DNS-Client,System,Warning,Name resolution for the name wpad timed out after none of the configured DNS servers responded. Client PID 2740.
08/22/2024 21:45:25,4107,Display,System,Information,A caller specified the SDC_FORCE_MODE_ENUMERATION flag in a call to the SetDisplayConfig() API
08/22/2024 21:45:25,4107,Display,System,Information,A caller specified the SDC_FORCE_MODE_ENUMERATION flag in a call to the SetDisplayConfig() API
08/22/2024 21:45:21,10016,Microsoft-Windows-DistributedCOM,System,Warning,The application-specific permission settings do not grant Local Activation permission for the COM Server application with CLSID   {6B3B8D23-FA8D-40B9-8DBD-B950333E2C52}   and APPID   {4839DDB7-58C2-48F5-8283-E1D1807D0D7D}   to the user NT AUTHORITY\LOCAL SERVICE SID (S-1-5-19) from address LocalHost (Using LRPC) running in the application container Unavailable SID (Unavailable). This security permission can be modified using the Component Services administrative tool.
08/22/2024 21:45:21,10016,Microsoft-Windows-DistributedCOM,System,Warning,The application-specific permission settings do not grant Local Activation permission for the COM Server application with CLSID   {6B3B8D23-FA8D-40B9-8DBD-B950333E2C52}   and APPID   {4839DDB7-58C2-48F5-8283-E1D1807D0D7D}   to the user NT AUTHORITY\LOCAL SERVICE SID (S-1-5-19) from address LocalHost (Using LRPC) running in the application container Unavailable SID (Unavailable). This security permission can be modified using the Component Services administrative tool.
08/22/2024 21:45:19,18,TPM,System,Information,This event triggers the Trusted Platform Module (TPM) provisioning/status check to run.
08/22/2024 21:45:19,7026,Service Control Manager,System,Information,The following boot-start or system-start driver(s) did not load:   dam
08/22/2024 21:45:18,7001,Microsoft-Windows-Winlogon,System,Information,User Log-on Notification for Customer Experience Improvement Program
08/22/2024 21:45:17,51046,Microsoft-Windows-DHCPv6-Client,System,Information,DHCPv6 client service is started
08/22/2024 21:45:17,112,Microsoft-Windows-HttpService,System,Information,Attempted to reserve URL http://+:3387/rdp/. Status 0x0. Process Id 0x4 Executable path   User S-1-5-18
08/22/2024 21:45:17,112,Microsoft-Windows-HttpService,System,Information,Attempted to reserve URL https://+:3392/rdp/. Status 0x0. Process Id 0x4 Executable path   User S-1-5-18
08/22/2024 21:45:17,112,Microsoft-Windows-HttpService,System,Information,Attempted to reserve URL http://+:10247/apps/. Status 0x0. Process Id 0x4 Executable path   User S-1-5-18
08/22/2024 21:45:17,112,Microsoft-Windows-HttpService,System,Information,Attempted to reserve URL http://+:10246/MDEServer/. Status 0x0. Process Id 0x4 Executable path   User S-1-5-18
08/22/2024 21:45:17,112,Microsoft-Windows-HttpService,System,Information,Attempted to reserve URL http://+:10243/WMPNSSv4/. Status 0x0. Process Id 0x4 Executable path   User S-1-5-18
08/22/2024 21:45:17,112,Microsoft-Windows-HttpService,System,Information,Attempted to reserve URL https://+:10245/WMPNSSv4/. Status 0x0. Process Id 0x4 Executable path   User S-1-5-18
08/22/2024 21:45:17,112,Microsoft-Windows-HttpService,System,Information,Attempted to reserve URL https://+:443/sra_{BA195980-CD49-458b-9E23-C84EE0ADCD75}/. Status 0x0. Process Id 0x4 Executable path   User S-1-5-18
08/22/2024 21:45:17,112,Microsoft-Windows-HttpService,System,Information,Attempted to reserve URL http://+:80/116B50EB-ECE2-41ac-8429-9F9E963361B7/. Status 0x0. Process Id 0x4 Executable path   User S-1-5-18
08/22/2024 21:45:17,112,Microsoft-Windows-HttpService,System,Information,Attempted to reserve URL https://+:443/C574AC30-5794-4AEE-B1BB-6651C5315029/. Status 0x0. Process Id 0x4 Executable path   User S-1-5-18
08/22/2024 21:45:17,112,Microsoft-Windows-HttpService,System,Information,Attempted to reserve URL http://+:80/0131501b-d67f-491b-9a40-c4bf27bcb4d4/. Status 0x0. Process Id 0x4 Executable path   User S-1-5-18
08/22/2024 21:45:17,112,Microsoft-Windows-HttpService,System,Information,Attempted to reserve URL http://*:2869/. Status 0x0. Process Id 0x4 Executable path   User S-1-5-18
08/22/2024 21:45:17,112,Microsoft-Windows-HttpService,System,Information,Attempted to reserve URL http://+:5985/wsman/. Status 0x0. Process Id 0x4 Executable path   User S-1-5-18
08/22/2024 21:45:17,112,Microsoft-Windows-HttpService,System,Information,Attempted to reserve URL http://+:47001/wsman/. Status 0x0. Process Id 0x4 Executable path   User S-1-5-18
08/22/2024 21:45:17,112,Microsoft-Windows-HttpService,System,Information,Attempted to reserve URL https://+:5986/wsman/. Status 0x0. Process Id 0x4 Executable path   User S-1-5-18
08/22/2024 21:45:17,112,Microsoft-Windows-HttpService,System,Information,Attempted to reserve URL https://*:5358/. Status 0x0. Process Id 0x4 Executable path   User S-1-5-18
08/22/2024 21:45:17,112,Microsoft-Windows-HttpService,System,Information,Attempted to reserve URL http://+:80/Temporary_Listen_Addresses/. Status 0x0. Process Id 0x4 Executable path   User S-1-5-18
08/22/2024 21:45:17,112,Microsoft-Windows-HttpService,System,Information,Attempted to reserve URL http://*:5357/. Status 0x0. Process Id 0x4 Executable path   User S-1-5-18
08/22/2024 21:45:17,50036,Microsoft-Windows-Dhcp-Client,System,Information,DHCPv4 client service is started
08/22/2024 21:45:17,50103,Microsoft-Windows-Dhcp-Client,System,Information,DHCPv4 client registered for shutdown notification
08/22/2024 21:45:17,50036,Microsoft-Windows-Dhcp-Client,System,Information,DHCPv4 client service is started
08/22/2024 21:45:15,6,Microsoft-Windows-FilterManager,System,Information,File System Filter 'bindflt' (10.0  ‎2032‎-‎10‎-‎20T11:22:30.000000000Z) has successfully loaded and registered with Filter Manager.
08/22/2024 21:45:15,6,Microsoft-Windows-FilterManager,System,Information,File System Filter 'storqosflt' (10.0  ‎2065‎-‎11‎-‎25T17:15:59.000000000Z) has successfully loaded and registered with Filter Manager.
08/22/2024 21:45:15,6,Microsoft-Windows-FilterManager,System,Information,File System Filter 'CldFlt' (10.0  ‎2050‎-‎03‎-‎20T04:11:03.000000000Z) has successfully loaded and registered with Filter Manager.
08/22/2024 21:45:15,1,Microsoft-Windows-FilterManager,System,Information,File System Filter 'CldFlt' (Version 10.0  ‎2050‎-‎03‎-‎20T04:11:03.000000000Z) unloaded successfully.
08/22/2024 21:45:15,6,Microsoft-Windows-FilterManager,System,Information,File System Filter 'CldFlt' (10.0  ‎2050‎-‎03‎-‎20T04:11:03.000000000Z) has successfully loaded and registered with Filter Manager.
08/22/2024 21:45:15,6,Microsoft-Windows-FilterManager,System,Information,File System Filter 'luafv' (10.0  ‎1988‎-‎06‎-‎14T09:36:35.000000000Z) has successfully loaded and registered with Filter Manager.
08/22/2024 21:45:14,6,Microsoft-Windows-FilterManager,System,Information,File System Filter 'wcifs' (10.0  ‎2060‎-‎05‎-‎06T03:21:42.000000000Z) has successfully loaded and registered with Filter Manager.
08/22/2024 21:45:13,6,Microsoft-Windows-FilterManager,System,Information,File System Filter 'bfs' (10.0  ‎2021‎-‎05‎-‎03T16:07:28.000000000Z) has successfully loaded and registered with Filter Manager.
08/22/2024 21:45:12,6,Microsoft-Windows-FilterManager,System,Information,File System Filter 'applockerfltr' (10.0  ‎2008‎-‎07‎-‎13T07:16:33.000000000Z) has successfully loaded and registered with Filter Manager.
08/22/2024 21:45:10,16983,Microsoft-Windows-Directory-Services-SAM,System,Information,The security account manager is now logging periodic summary events for remote clients that call legacy password change or set RPC methods.    For more information please see https://go.microsoft.com/fwlink/?linkid=2150956.  
08/22/2024 21:45:10,16977,Microsoft-Windows-Directory-Services-SAM,System,Information,The domain is configured with the following minimum password length-related settings.    MinimumPasswordLength: 0    RelaxMinimumPasswordLengthLimits: 0    MinimumPasswordLengthAudit: -1    For more information see https://go.microsoft.com/fwlink/?LinkId=2097191.  
08/22/2024 21:45:10,16962,Microsoft-Windows-Directory-Services-SAM,System,Information,Remote calls to the SAM database are being restricted using the default security descriptor: O:SYG:SYD:(A;;RC;;;BA).  For more information please see http://go.microsoft.com/fwlink/?LinkId=787651.
08/22/2024 21:45:10,6155,LsaSrv,System,Warning,LSA package is not signed as expected. This can cause unexpected behaviour with Credential Guard.    PackageName: msv1_0
08/22/2024 21:45:10,6155,LsaSrv,System,Warning,LSA package is not signed as expected. This can cause unexpected behaviour with Credential Guard.    PackageName: sfapm
08/22/2024 21:45:10,6155,LsaSrv,System,Warning,LSA package is not signed as expected. This can cause unexpected behaviour with Credential Guard.    PackageName: schannel
08/22/2024 21:45:10,6155,LsaSrv,System,Warning,LSA package is not signed as expected. This can cause unexpected behaviour with Credential Guard.    PackageName: wdigest
08/22/2024 21:45:10,6155,LsaSrv,System,Warning,LSA package is not signed as expected. This can cause unexpected behaviour with Credential Guard.    PackageName: cloudap
08/22/2024 21:45:10,6155,LsaSrv,System,Warning,LSA package is not signed as expected. This can cause unexpected behaviour with Credential Guard.    PackageName: pku2u
08/22/2024 21:45:10,6155,LsaSrv,System,Warning,LSA package is not signed as expected. This can cause unexpected behaviour with Credential Guard.    PackageName: tspkg
08/22/2024 21:45:10,6155,LsaSrv,System,Warning,LSA package is not signed as expected. This can cause unexpected behaviour with Credential Guard.    PackageName: msv1_0
08/22/2024 21:45:10,6155,LsaSrv,System,Warning,LSA package is not signed as expected. This can cause unexpected behaviour with Credential Guard.    PackageName: kerberos
08/22/2024 21:45:10,6155,LsaSrv,System,Warning,LSA package is not signed as expected. This can cause unexpected behaviour with Credential Guard.    PackageName: negoexts
08/22/2024 21:45:10,6156,LsaSrv,System,Information,Virtualization Based Security for Credential Guard auto enablement status.    Hardware Requirements:	1  Domain Joined:	0  Azure AD Joined:	0
08/22/2024 21:45:09,15,Microsoft-Windows-Wininit,System,Warning,Credential Guard and/or VBS Key Isolation are configured but the secure kernel is not running; continuing without them.
08/22/2024 21:45:09,14,Microsoft-Windows-Wininit,System,Information,Credential Guard configuration:    Registry Configuration: 0x2  Test Configuration: 0  Auto Enablement: 1
08/22/2024 21:45:09,28,BTHUSB,System,Warning,The local adapter does not support Bluetooth Low Energy.
08/22/2024 21:45:09,48,BTHUSB,System,Warning,The local adapter does not support reading the encryption key size for a connected device. Insecure devices may be able to connect to this system.
08/22/2024 21:45:09,18,BTHUSB,System,Information,Windows cannot store Bluetooth authentication codes (link keys) on the local adapter. Bluetooth keyboards might not work in the system BIOS during start-up.
08/22/2024 21:45:09,24,Microsoft-Windows-Kernel-General,System,Information,The time zone information was refreshed with exit reason 0. Current time zone bias is -600.
08/22/2024 21:45:08,32,e1i68x64,System,Information,Intel(R) 82574L Gigabit Network Connection   Network link has been established at 1Gbps full duplex.  
08/22/2024 21:45:07,98,Microsoft-Windows-Ntfs,System,Information,Volume \\?\Volume{d9b9caa7-d116-4f4b-b8da-f83035d85e80} (\Device\HarddiskVolume4) is healthy.  No action is needed.
08/22/2024 21:45:07,55,Microsoft-Windows-Kernel-Processor-Power,System,Information,Processor 1 in group 0 exposes the following power management capabilities:    Idle state type: ACPI Idle (C) States (1 state(s))    Performance state type: None  Nominal Frequency (MHz): 3302  Maximum performance percentage: 100  Minimum performance percentage: 100  Minimum throttle percentage: 100
08/22/2024 21:45:07,55,Microsoft-Windows-Kernel-Processor-Power,System,Information,Processor 0 in group 0 exposes the following power management capabilities:    Idle state type: ACPI Idle (C) States (1 state(s))    Performance state type: None  Nominal Frequency (MHz): 3302  Maximum performance percentage: 100  Minimum performance percentage: 100  Minimum throttle percentage: 100
08/22/2024 21:45:07,172,Microsoft-Windows-Kernel-Power,System,Information,Connectivity state in standby: Disconnected  Reason: NIC compliance
08/22/2024 21:45:07,6,Microsoft-Windows-FilterManager,System,Information,File System Filter 'npsvctrig' (10.0  ‎1979‎-‎12‎-‎20T02:12:41.000000000Z) has successfully loaded and registered with Filter Manager.
08/22/2024 21:45:07,6,Microsoft-Windows-FilterManager,System,Information,File System Filter 'UCPD' (10.0  ‎1985‎-‎02‎-‎14T09:46:35.000000000Z) has successfully loaded and registered with Filter Manager.
08/22/2024 21:45:07,6,Microsoft-Windows-FilterManager,System,Information,File System Filter 'FileCrypt' (10.0  ‎1983‎-‎08‎-‎19T12:58:35.000000000Z) has successfully loaded and registered with Filter Manager.
08/22/2024 21:45:06,98,Microsoft-Windows-Ntfs,System,Information,Volume C: (\Device\HarddiskVolume3) is healthy.  No action is needed.
08/22/2024 21:45:06,6,Microsoft-Windows-FilterManager,System,Information,File System Filter 'WdFilter' (10.0  ‎2042‎-‎01‎-‎15T11:22:41.000000000Z) has successfully loaded and registered with Filter Manager.
08/22/2024 21:45:06,6,Microsoft-Windows-FilterManager,System,Information,File System Filter 'Wof' (10.0  ‎2086‎-‎08‎-‎04T21:20:16.000000000Z) has successfully loaded and registered with Filter Manager.
08/22/2024 21:45:06,6,Microsoft-Windows-FilterManager,System,Information,File System Filter 'FileInfo' (10.0  ‎2079‎-‎02‎-‎27T08:03:00.000000000Z) has successfully loaded and registered with Filter Manager.
08/22/2024 21:45:04,3,vmci,System,Information,VMCI: Using capabilities (0x1c). 
08/22/2024 21:45:02,16,Microsoft-Windows-HAL,System,Information,The iommu fault reporting has been initialized.
08/22/2024 21:45:02,20,Microsoft-Windows-Kernel-General,System,Information,The leap second configuration has been updated.  Reason: Leap second data initialized from registry during boot  Leap seconds enabled: true  New leap second count: 0  Old leap second count: 0
08/22/2024 21:45:02,32,Microsoft-Windows-Kernel-Boot,System,Information,The bootmgr spent 0 ms waiting for user input.
08/22/2024 21:45:02,18,Microsoft-Windows-Kernel-Boot,System,Information,There are 0x1 boot options on this system.
08/22/2024 21:45:02,27,Microsoft-Windows-Kernel-Boot,System,Information,The boot type was 0x0.
08/22/2024 21:45:02,25,Microsoft-Windows-Kernel-Boot,System,Information,The boot menu policy was 0x1.
08/22/2024 21:45:02,238,Microsoft-Windows-Kernel-Boot,System,Information,EFI time zone bias: 2047. Daylight flags: 0. Firmware time: ‎2024‎-‎08‎-‎22T21:45:00.000000000Z.
08/22/2024 21:45:02,20,Microsoft-Windows-Kernel-Boot,System,Information,The last shutdown's success status was true. The last boot's success status was true.
08/22/2024 21:45:02,153,Microsoft-Windows-Kernel-Boot,System,Information,Virtualization-based security (policies: 0) is disabled.
08/22/2024 21:45:02,12,Microsoft-Windows-Kernel-General,System,Information,The operating system started at system time ‎2024‎-‎08‎-‎22T11:45:01.500000000Z.
08/22/2024 21:43:58,13,Microsoft-Windows-Kernel-General,System,Information,The operating system is shutting down at system time ‎2024‎-‎08‎-‎22T11:43:58.976679500Z.
08/22/2024 21:43:58,577,Microsoft-Windows-Kernel-Power,System,Information,The system has prepared for a system initiated reboot from Active.
08/22/2024 21:43:58,109,Microsoft-Windows-Kernel-Power,System,Information,The kernel power manager has initiated a shutdown transition.    Action: Power Action Shutdown Off   Event Code: 0x0   Reason: Kernel API
08/22/2024 21:43:53,50037,Microsoft-Windows-Dhcp-Client,System,Information,DHCPv4 client service is stopped. ShutDown Flag value is 1
08/22/2024 21:45:17,6013,EventLog,System,Information,The system uptime is 15 seconds.
08/22/2024 21:45:17,6005,EventLog,System,Information,The Event log service was started.
08/22/2024 21:45:17,6009,EventLog,System,Information,Microsoft (R) Windows (R) 10.00. 22631  Multiprocessor Free.
08/22/2024 21:43:53,51057,Microsoft-Windows-DHCPv6-Client,System,Information,DHCPv6 client service stop is almost done.DHCP Context Ref count is 1
08/22/2024 21:43:53,51047,Microsoft-Windows-DHCPv6-Client,System,Information,DHCPv6 client service is stopped. ShutDown Flag value is 1
08/22/2024 21:43:53,50106,Microsoft-Windows-Dhcp-Client,System,Information,DHCPv4 is waiting on DHCPv6 service to stop
08/22/2024 21:43:53,50105,Microsoft-Windows-Dhcp-Client,System,Information,DHCPv4 client ProcessDHCPRequestForever received TERMINATE_EVENT
08/22/2024 21:43:53,50104,Microsoft-Windows-Dhcp-Client,System,Information,DHCPv4 client received shutdown notification
08/22/2024 21:43:52,7002,Microsoft-Windows-Winlogon,System,Information,User Log-off Notification for Customer Experience Improvement Program
08/22/2024 21:43:53,6006,EventLog,System,Information,The Event log service was stopped.
08/22/2024 21:43:50,1074,User32,System,Information,The process C:\Windows\System32\RuntimeBroker.exe (DESKTOP-8CIK9L4) has initiated the power off of computer DESKTOP-8CIK9L4 on behalf of user DESKTOP-8CIK9L4\Test-Lab for the following reason: Other (Unplanned)   Reason Code: 0x0   Shut-down Type: power off   Comment: 
08/22/2024 21:43:43,4107,Display,System,Information,A caller specified the SDC_FORCE_MODE_ENUMERATION flag in a call to the SetDisplayConfig() API
08/22/2024 21:43:41,10016,Microsoft-Windows-DistributedCOM,System,Warning,The machine-default permission settings do not grant Local Activation permission for the COM Server application with CLSID   {F87B28F1-DA9A-4F35-8EC0-800EFCF26B83}   and APPID   {0868DC9B-D9A2-4F64-9362-133CEA201299}   to the user NT AUTHORITY\NETWORK SERVICE SID (S-1-5-20) from address LocalHost (Using LRPC) running in the application container Unavailable SID (Unavailable). This security permission can be modified using the Component Services administrative tool.
08/22/2024 21:43:38,1014,Microsoft-Windows-DNS-Client,System,Warning,Name resolution for the name wpad timed out after none of the configured DNS servers responded. Client PID 2336.
08/22/2024 21:43:32,10016,Microsoft-Windows-DistributedCOM,System,Warning,The machine-default permission settings do not grant Local Activation permission for the COM Server application with CLSID   {F87B28F1-DA9A-4F35-8EC0-800EFCF26B83}   and APPID   {0868DC9B-D9A2-4F64-9362-133CEA201299}   to the user NT AUTHORITY\NETWORK SERVICE SID (S-1-5-20) from address LocalHost (Using LRPC) running in the application container Unavailable SID (Unavailable). This security permission can be modified using the Component Services administrative tool.
08/22/2024 21:43:32,10016,Microsoft-Windows-DistributedCOM,System,Warning,The machine-default permission settings do not grant Local Activation permission for the COM Server application with CLSID   {F87B28F1-DA9A-4F35-8EC0-800EFCF26B83}   and APPID   {0868DC9B-D9A2-4F64-9362-133CEA201299}   to the user NT AUTHORITY\NETWORK SERVICE SID (S-1-5-20) from address LocalHost (Using LRPC) running in the application container Unavailable SID (Unavailable). This security permission can be modified using the Component Services administrative tool.
08/22/2024 21:43:22,28,BTHUSB,System,Warning,The local adapter does not support Bluetooth Low Energy.
08/22/2024 21:43:22,48,BTHUSB,System,Warning,The local adapter does not support reading the encryption key size for a connected device. Insecure devices may be able to connect to this system.
08/22/2024 21:43:22,18,BTHUSB,System,Information,Windows cannot store Bluetooth authentication codes (link keys) on the local adapter. Bluetooth keyboards might not work in the system BIOS during start-up.
08/22/2024 21:43:21,1,Microsoft-Windows-Power-Troubleshooter,System,Information,The system has returned from a low power state.    Sleep Time: ‎2024‎-‎08‎-‎22T04:48:38.209809300Z  Wake Time: ‎2024‎-‎08‎-‎22T11:43:20.166050800Z    Wake Source: Power Button
08/22/2024 21:43:21,32,e1i68x64,System,Information,Intel(R) 82574L Gigabit Network Connection   Network link has been established at 1Gbps full duplex.  
08/22/2024 21:43:20,17,BTHUSB,System,Error,The local Bluetooth adapter has failed in an undetermined manner and will not be used. The driver has been unloaded.
08/22/2024 21:43:20,566,Microsoft-Windows-Kernel-Power,System,Information,The system session has transitioned from 7 to 9.    Reason Unknown     BootId: 7
08/22/2024 21:43:20,566,Microsoft-Windows-Kernel-Power,System,Information,The system session has transitioned from 6 to 7.    Reason SxTransition     BootId: 7
08/22/2024 21:43:19,1,Microsoft-Windows-Kernel-General,System,Information,The system time has changed to ‎2024‎-‎08‎-‎22T11:43:19.500000000Z from ‎2024‎-‎08‎-‎22T04:48:40.421957700Z.  Time Delta: 24879078 ms    Change Reason: System time synchronized with the hardware clock.  Process: '' (PID 4).    RTC time: ‎2024‎-‎08‎-‎22T21:43:19.500000000Z  Current time zone bias: -600  RTC time is in UTC: false  System time was based on RTC time: false
08/22/2024 14:48:40,107,Microsoft-Windows-Kernel-Power,System,Information,The system has resumed from sleep.
08/22/2024 14:48:38,42,Microsoft-Windows-Kernel-Power,System,Information,The system is entering sleep.    Sleep Reason: System Idle
08/22/2024 14:48:38,566,Microsoft-Windows-Kernel-Power,System,Information,The system session has transitioned from 4 to 6.    Reason SxTransition     BootId: 7
08/22/2024 14:45:03,1014,Microsoft-Windows-DNS-Client,System,Warning,Name resolution for the name wpad timed out after none of the configured DNS servers responded. Client PID 2336.
08/22/2024 14:44:30,19,Microsoft-Windows-WindowsUpdateClient,System,Information,Installation Successful: Windows successfully installed the following update: Security Intelligence Update for Microsoft Defender Antivirus - KB2267602 (Version 1.417.241.0) - Current Channel (Broad)
08/22/2024 14:44:24,43,Microsoft-Windows-WindowsUpdateClient,System,Information,Installation Started: Windows has started installing the following update: Security Intelligence Update for Microsoft Defender Antivirus - KB2267602 (Version 1.417.241.0) - Current Channel (Broad)
08/22/2024 14:34:20,19,Microsoft-Windows-WindowsUpdateClient,System,Information,Installation Successful: Windows successfully installed the following update: Update for Microsoft Defender Antivirus antimalware platform - KB4052623 (Version 4.18.24070.5) - Current Channel (Staged)
08/22/2024 14:34:20,7045,Service Control Manager,System,Information,A service was installed in the system.    Service Name:  Microsoft Defender Core Service  Service File Name:  "C:\ProgramData\Microsoft\Windows Defender\Platform\4.18.24070.5-0\MpDefenderCoreService.exe"  Service Type:  user mode service  Service Start Type:  auto start  Service Account:  LocalSystem
08/22/2024 14:34:15,6,Microsoft-Windows-FilterManager,System,Information,File System Filter 'WdFilter' (10.0  ‎2042‎-‎01‎-‎15T11:22:41.000000000Z) has successfully loaded and registered with Filter Manager.
08/22/2024 14:34:14,566,Microsoft-Windows-Kernel-Power,System,Information,The system session has transitioned from 3 to 4.    Reason SessionUnlock     BootId: 7
08/22/2024 14:34:07,1,Microsoft-Windows-FilterManager,System,Information,File System Filter 'WdFilter' (Version 10.0  ‎2006‎-‎11‎-‎03T07:54:47.000000000Z) unloaded successfully.
08/22/2024 14:34:00,43,Microsoft-Windows-WindowsUpdateClient,System,Information,Installation Started: Windows has started installing the following update: Update for Microsoft Defender Antivirus antimalware platform - KB4052623 (Version 4.18.24070.5) - Current Channel (Staged)
08/22/2024 14:33:59,44,Microsoft-Windows-WindowsUpdateClient,System,Information,Windows Update started downloading an update.
08/22/2024 14:33:40,7040,Service Control Manager,System,Information,The start type of the Background Intelligent Transfer Service service was changed from auto start to demand start.
08/22/2024 14:33:39,44,Microsoft-Windows-WindowsUpdateClient,System,Information,Windows Update started downloading an update.
08/22/2024 14:33:13,566,Microsoft-Windows-Kernel-Power,System,Information,The system session has transitioned from 1 to 3.    Reason InputHid     BootId: 7
08/22/2024 14:25:17,566,Microsoft-Windows-Kernel-Power,System,Information,The system session has transitioned from 0 to 1.    Reason SessionUnlock     BootId: 7
08/22/2024 14:25:15,17,TPM,System,Information,The Trusted Platform Module (TPM) hardware failed to execute a TPM command.
08/22/2024 14:25:15,17,TPM,System,Information,The Trusted Platform Module (TPM) hardware failed to execute a TPM command.
08/22/2024 14:25:15,17,TPM,System,Information,The Trusted Platform Module (TPM) hardware failed to execute a TPM command.
08/22/2024 14:25:15,10016,Microsoft-Windows-DistributedCOM,System,Warning,The application-specific permission settings do not grant Local Launch permission for the COM Server application with CLSID   Windows.SecurityCenter.WscBrokerManager   and APPID   Unavailable   to the user NT AUTHORITY\SYSTEM SID (S-1-5-18) from address LocalHost (Using LRPC) running in the application container Unavailable SID (Unavailable). This security permission can be modified using the Component Services administrative tool.
08/22/2024 14:25:15,10016,Microsoft-Windows-DistributedCOM,System,Warning,The application-specific permission settings do not grant Local Launch permission for the COM Server application with CLSID   Windows.SecurityCenter.SecurityAppBroker   and APPID   Unavailable   to the user NT AUTHORITY\SYSTEM SID (S-1-5-18) from address LocalHost (Using LRPC) running in the application container Unavailable SID (Unavailable). This security permission can be modified using the Component Services administrative tool.
08/22/2024 14:25:15,10016,Microsoft-Windows-DistributedCOM,System,Warning,The application-specific permission settings do not grant Local Launch permission for the COM Server application with CLSID   Windows.SecurityCenter.WscDataProtection   and APPID   Unavailable   to the user NT AUTHORITY\SYSTEM SID (S-1-5-18) from address LocalHost (Using LRPC) running in the application container Unavailable SID (Unavailable). This security permission can be modified using the Component Services administrative tool.
08/22/2024 14:23:59,16,Microsoft-Windows-Kernel-General,System,Information,The access history in hive \??\C:\ProgramData\Microsoft\Windows\AppRepository\Packages\Microsoft.BingSearch_1.0.79.0_x64__8wekyb3d8bbwe\ActivationStore.dat was cleared updating 0 keys and creating 0 modified pages.
08/22/2024 14:23:50,16,Microsoft-Windows-Kernel-General,System,Information,The access history in hive \??\C:\ProgramData\Microsoft\Windows\AppRepository\Packages\MicrosoftWindows.Client.CBS_1000.22700.1027.0_x64__cw5n1h2txyewy\ActivationStore.dat was cleared updating 0 keys and creating 0 modified pages.
08/22/2024 14:23:50,19,Microsoft-Windows-WindowsUpdateClient,System,Information,Installation Successful: Windows successfully installed the following update: 2024-08 Cumulative Update for Windows 11 Version 23H2 for x64-based Systems (KB5041585)
08/22/2024 14:23:49,10016,Microsoft-Windows-DistributedCOM,System,Warning,The machine-default permission settings do not grant Local Activation permission for the COM Server application with CLSID   {F87B28F1-DA9A-4F35-8EC0-800EFCF26B83}   and APPID   {0868DC9B-D9A2-4F64-9362-133CEA201299}   to the user NT AUTHORITY\NETWORK SERVICE SID (S-1-5-20) from address LocalHost (Using LRPC) running in the application container Unavailable SID (Unavailable). This security permission can be modified using the Component Services administrative tool.
08/22/2024 14:23:46,10016,Microsoft-Windows-DistributedCOM,System,Warning,The machine-default permission settings do not grant Local Activation permission for the COM Server application with CLSID   {F87B28F1-DA9A-4F35-8EC0-800EFCF26B83}   and APPID   {0868DC9B-D9A2-4F64-9362-133CEA201299}   to the user NT AUTHORITY\NETWORK SERVICE SID (S-1-5-20) from address LocalHost (Using LRPC) running in the application container Unavailable SID (Unavailable). This security permission can be modified using the Component Services administrative tool.
08/22/2024 14:23:45,10016,Microsoft-Windows-DistributedCOM,System,Warning,The application-specific permission settings do not grant Local Activation permission for the COM Server application with CLSID   {6B3B8D23-FA8D-40B9-8DBD-B950333E2C52}   and APPID   {4839DDB7-58C2-48F5-8283-E1D1807D0D7D}   to the user NT AUTHORITY\LOCAL SERVICE SID (S-1-5-19) from address LocalHost (Using LRPC) running in the application container Unavailable SID (Unavailable). This security permission can be modified using the Component Services administrative tool.
08/22/2024 14:23:45,10016,Microsoft-Windows-DistributedCOM,System,Warning,The application-specific permission settings do not grant Local Activation permission for the COM Server application with CLSID   {6B3B8D23-FA8D-40B9-8DBD-B950333E2C52}   and APPID   {4839DDB7-58C2-48F5-8283-E1D1807D0D7D}   to the user NT AUTHORITY\LOCAL SERVICE SID (S-1-5-19) from address LocalHost (Using LRPC) running in the application container Unavailable SID (Unavailable). This security permission can be modified using the Component Services administrative tool.
08/22/2024 14:23:43,7001,Microsoft-Windows-Winlogon,System,Information,User Log-on Notification for Customer Experience Improvement Program
08/22/2024 14:23:43,7040,Service Control Manager,System,Information,The start type of the Windows Modules Installer service was changed from auto start to demand start.
08/22/2024 14:23:43,4,Virtual Disk Service,System,Information,Service stopped.
08/22/2024 14:23:39,4501,Microsoft-Windows-WinREAgent,System,Information,Servicing succeeded. The Windows Recovery Environment version is now: 10.0.22621.3518
08/22/2024 14:23:35,7040,Service Control Manager,System,Information,The start type of the Background Intelligent Transfer Service service was changed from demand start to auto start.
08/22/2024 14:23:33,1800,Microsoft-Windows-TPM-WMI,System,Warning,A reboot is required before installing the update. Reason: 6
08/22/2024 14:23:30,1025,Microsoft-Windows-TPM-WMI,System,Information,The TPM was successfully provisioned and is now ready for use.
08/22/2024 14:23:30,112,Microsoft-Windows-HttpService,System,Information,Attempted to reserve URL http://+:3387/rdp/. Status 0x0. Process Id 0x85C Executable path \Device\HarddiskVolume3\Windows\WinSxS\amd64_microsoft-windows-servicingstack_31bf3856ad364e35_10.0.22621.4027_none_e971c41442bfbd4d\TiWorker.exe  User S-1-5-18
08/22/2024 14:23:30,15007,Microsoft-Windows-HttpEvent,System,Information,Reservation for namespace identified by URL prefix http://+:3387/rdp/ was successfully added.
08/22/2024 14:23:30,112,Microsoft-Windows-HttpService,System,Information,Attempted to reserve URL https://+:3392/rdp/. Status 0x0. Process Id 0x85C Executable path \Device\HarddiskVolume3\Windows\WinSxS\amd64_microsoft-windows-servicingstack_31bf3856ad364e35_10.0.22621.4027_none_e971c41442bfbd4d\TiWorker.exe  User S-1-5-18
08/22/2024 14:23:30,15007,Microsoft-Windows-HttpEvent,System,Information,Reservation for namespace identified by URL prefix https://+:3392/rdp/ was successfully added.
08/22/2024 14:23:30,3,Virtual Disk Service,System,Information,Service started.
08/22/2024 14:23:29,1282,Microsoft-Windows-TPM-WMI,System,Information,The TBS device identifier has been generated.
08/22/2024 14:23:24,16,Microsoft-Windows-Kernel-General,System,Information,The access history in hive \??\C:\ProgramData\Microsoft\Windows\AppRepository\Packages\MicrosoftWindows.LKG.DesktopSpotlight_1000.22621.4036.0_x64__cw5n1h2txyewy\ActivationStore.dat was cleared updating 0 keys and creating 0 modified pages.
08/22/2024 14:23:23,16,Microsoft-Windows-Kernel-General,System,Information,The access history in hive \??\C:\ProgramData\Microsoft\Windows\AppRepository\Packages\MicrosoftWindows.Client.Core_1000.22700.1007.0_x64__cw5n1h2txyewy\ActivationStore.dat was cleared updating 0 keys and creating 0 modified pages.
08/22/2024 14:23:21,16,Microsoft-Windows-Kernel-General,System,Information,The access history in hive \??\C:\ProgramData\Microsoft\Windows\AppRepository\Packages\Microsoft.Windows.StartMenuExperienceHost_10.0.22621.3958_neutral_neutral_cw5n1h2txyewy\ActivationStore.dat was cleared updating 0 keys and creating 0 modified pages.
08/22/2024 14:23:20,1014,Microsoft-Windows-DNS-Client,System,Warning,Name resolution for the name wpad timed out after none of the configured DNS servers responded. Client PID 2336.
08/22/2024 14:23:17,15008,Microsoft-Windows-HttpEvent,System,Information,Reservation for namespace identified by URL prefix http://+:3387/rdp/ was successfully deleted.
08/22/2024 14:23:17,15008,Microsoft-Windows-HttpEvent,System,Information,Reservation for namespace identified by URL prefix https://+:3392/rdp/ was successfully deleted.
08/22/2024 14:23:17,1,Microsoft-Windows-Kernel-General,System,Information,The system time has changed to ‎2024‎-‎08‎-‎22T04:23:17.698544100Z from ‎2024‎-‎08‎-‎22T04:23:17.698544100Z.  Time Delta: 0 ms    Change Reason: System time adjusted to the new time zone.  Process: '\Device\HarddiskVolume3\Windows\WinSxS\amd64_microsoft-windows-servicingstack_31bf3856ad364e35_10.0.22621.4027_none_e971c41442bfbd4d\TiWorker.exe' (PID 2140).    RTC time: ‎2024‎-‎08‎-‎22T14:23:17.698544100Z  Current time zone bias: -600  RTC time is in UTC: false  System time was based on RTC time: false
08/22/2024 14:23:17,24,Microsoft-Windows-Kernel-General,System,Information,The time zone information was refreshed with exit reason 0. Current time zone bias is -600.
08/22/2024 14:23:15,18,TPM,System,Information,This event triggers the Trusted Platform Module (TPM) provisioning/status check to run.
08/22/2024 14:23:14,7026,Service Control Manager,System,Information,The following boot-start or system-start driver(s) did not load:   dam
08/22/2024 14:23:13,112,Microsoft-Windows-HttpService,System,Information,Attempted to reserve URL http://+:10247/apps/. Status 0x0. Process Id 0x4 Executable path   User S-1-5-18
08/22/2024 14:23:13,112,Microsoft-Windows-HttpService,System,Information,Attempted to reserve URL http://+:10246/MDEServer/. Status 0x0. Process Id 0x4 Executable path   User S-1-5-18
08/22/2024 14:23:13,112,Microsoft-Windows-HttpService,System,Information,Attempted to reserve URL http://+:3387/rdp/. Status 0x0. Process Id 0x4 Executable path   User S-1-5-18
08/22/2024 14:23:13,112,Microsoft-Windows-HttpService,System,Information,Attempted to reserve URL https://+:3392/rdp/. Status 0x0. Process Id 0x4 Executable path   User S-1-5-18
08/22/2024 14:23:13,112,Microsoft-Windows-HttpService,System,Information,Attempted to reserve URL http://+:10243/WMPNSSv4/. Status 0x0. Process Id 0x4 Executable path   User S-1-5-18
08/22/2024 14:23:13,112,Microsoft-Windows-HttpService,System,Information,Attempted to reserve URL https://+:10245/WMPNSSv4/. Status 0x0. Process Id 0x4 Executable path   User S-1-5-18
08/22/2024 14:23:13,112,Microsoft-Windows-HttpService,System,Information,Attempted to reserve URL https://+:443/sra_{BA195980-CD49-458b-9E23-C84EE0ADCD75}/. Status 0x0. Process Id 0x4 Executable path   User S-1-5-18
08/22/2024 14:23:13,112,Microsoft-Windows-HttpService,System,Information,Attempted to reserve URL http://+:80/116B50EB-ECE2-41ac-8429-9F9E963361B7/. Status 0x0. Process Id 0x4 Executable path   User S-1-5-18
08/22/2024 14:23:13,112,Microsoft-Windows-HttpService,System,Information,Attempted to reserve URL https://+:443/C574AC30-5794-4AEE-B1BB-6651C5315029/. Status 0x0. Process Id 0x4 Executable path   User S-1-5-18
08/22/2024 14:23:13,112,Microsoft-Windows-HttpService,System,Information,Attempted to reserve URL http://+:80/0131501b-d67f-491b-9a40-c4bf27bcb4d4/. Status 0x0. Process Id 0x4 Executable path   User S-1-5-18
08/22/2024 14:23:13,112,Microsoft-Windows-HttpService,System,Information,Attempted to reserve URL http://*:2869/. Status 0x0. Process Id 0x4 Executable path   User S-1-5-18
08/22/2024 14:23:13,112,Microsoft-Windows-HttpService,System,Information,Attempted to reserve URL http://+:5985/wsman/. Status 0x0. Process Id 0x4 Executable path   User S-1-5-18
08/22/2024 14:23:13,112,Microsoft-Windows-HttpService,System,Information,Attempted to reserve URL http://+:47001/wsman/. Status 0x0. Process Id 0x4 Executable path   User S-1-5-18
08/22/2024 14:23:13,112,Microsoft-Windows-HttpService,System,Information,Attempted to reserve URL https://+:5986/wsman/. Status 0x0. Process Id 0x4 Executable path   User S-1-5-18
08/22/2024 14:23:13,112,Microsoft-Windows-HttpService,System,Information,Attempted to reserve URL https://*:5358/. Status 0x0. Process Id 0x4 Executable path   User S-1-5-18
08/22/2024 14:23:13,112,Microsoft-Windows-HttpService,System,Information,Attempted to reserve URL http://+:80/Temporary_Listen_Addresses/. Status 0x0. Process Id 0x4 Executable path   User S-1-5-18
08/22/2024 14:23:13,112,Microsoft-Windows-HttpService,System,Information,Attempted to reserve URL http://*:5357/. Status 0x0. Process Id 0x4 Executable path   User S-1-5-18
08/22/2024 14:23:11,51046,Microsoft-Windows-DHCPv6-Client,System,Information,DHCPv6 client service is started
08/22/2024 14:23:11,50036,Microsoft-Windows-Dhcp-Client,System,Information,DHCPv4 client service is started
08/22/2024 14:23:11,50103,Microsoft-Windows-Dhcp-Client,System,Information,DHCPv4 client registered for shutdown notification
08/22/2024 14:23:11,50036,Microsoft-Windows-Dhcp-Client,System,Information,DHCPv4 client service is started
08/22/2024 14:23:11,6,Microsoft-Windows-FilterManager,System,Information,File System Filter 'bindflt' (10.0  ‎2032‎-‎10‎-‎20T11:22:30.000000000Z) has successfully loaded and registered with Filter Manager.
08/22/2024 14:23:11,6,Microsoft-Windows-FilterManager,System,Information,File System Filter 'storqosflt' (10.0  ‎2065‎-‎11‎-‎25T17:15:59.000000000Z) has successfully loaded and registered with Filter Manager.
08/22/2024 14:23:11,6,Microsoft-Windows-FilterManager,System,Information,File System Filter 'CldFlt' (10.0  ‎2050‎-‎03‎-‎20T04:11:03.000000000Z) has successfully loaded and registered with Filter Manager.
08/22/2024 14:23:11,1,Microsoft-Windows-FilterManager,System,Information,File System Filter 'CldFlt' (Version 10.0  ‎2050‎-‎03‎-‎20T04:11:03.000000000Z) unloaded successfully.
08/22/2024 14:23:11,6,Microsoft-Windows-FilterManager,System,Information,File System Filter 'CldFlt' (10.0  ‎2050‎-‎03‎-‎20T04:11:03.000000000Z) has successfully loaded and registered with Filter Manager.
08/22/2024 14:23:11,6,Microsoft-Windows-FilterManager,System,Information,File System Filter 'luafv' (10.0  ‎1988‎-‎06‎-‎14T09:36:35.000000000Z) has successfully loaded and registered with Filter Manager.
08/22/2024 14:23:11,6,Microsoft-Windows-FilterManager,System,Information,File System Filter 'wcifs' (10.0  ‎2060‎-‎05‎-‎06T03:21:42.000000000Z) has successfully loaded and registered with Filter Manager.
08/22/2024 14:23:10,6,Microsoft-Windows-FilterManager,System,Information,File System Filter 'bfs' (10.0  ‎2021‎-‎05‎-‎03T16:07:28.000000000Z) has successfully loaded and registered with Filter Manager.
08/22/2024 14:23:10,6,Microsoft-Windows-FilterManager,System,Information,File System Filter 'applockerfltr' (10.0  ‎2008‎-‎07‎-‎13T07:16:33.000000000Z) has successfully loaded and registered with Filter Manager.
08/22/2024 14:23:09,16983,Microsoft-Windows-Directory-Services-SAM,System,Information,The security account manager is now logging periodic summary events for remote clients that call legacy password change or set RPC methods.    For more information please see https://go.microsoft.com/fwlink/?linkid=2150956.  
08/22/2024 14:23:09,16977,Microsoft-Windows-Directory-Services-SAM,System,Information,The domain is configured with the following minimum password length-related settings.    MinimumPasswordLength: 0    RelaxMinimumPasswordLengthLimits: 0    MinimumPasswordLengthAudit: -1    For more information see https://go.microsoft.com/fwlink/?LinkId=2097191.  
08/22/2024 14:23:09,16962,Microsoft-Windows-Directory-Services-SAM,System,Information,Remote calls to the SAM database are being restricted using the default security descriptor: O:SYG:SYD:(A;;RC;;;BA).  For more information please see http://go.microsoft.com/fwlink/?LinkId=787651.
08/22/2024 14:23:09,6155,LsaSrv,System,Warning,LSA package is not signed as expected. This can cause unexpected behaviour with Credential Guard.    PackageName: msv1_0
08/22/2024 14:23:09,6155,LsaSrv,System,Warning,LSA package is not signed as expected. This can cause unexpected behaviour with Credential Guard.    PackageName: sfapm
08/22/2024 14:23:09,6155,LsaSrv,System,Warning,LSA package is not signed as expected. This can cause unexpected behaviour with Credential Guard.    PackageName: schannel
08/22/2024 14:23:09,6155,LsaSrv,System,Warning,LSA package is not signed as expected. This can cause unexpected behaviour with Credential Guard.    PackageName: wdigest
08/22/2024 14:23:09,6155,LsaSrv,System,Warning,LSA package is not signed as expected. This can cause unexpected behaviour with Credential Guard.    PackageName: cloudap
08/22/2024 14:23:09,6155,LsaSrv,System,Warning,LSA package is not signed as expected. This can cause unexpected behaviour with Credential Guard.    PackageName: pku2u
08/22/2024 14:23:09,6155,LsaSrv,System,Warning,LSA package is not signed as expected. This can cause unexpected behaviour with Credential Guard.    PackageName: tspkg
08/22/2024 14:23:09,6155,LsaSrv,System,Warning,LSA package is not signed as expected. This can cause unexpected behaviour with Credential Guard.    PackageName: msv1_0
08/22/2024 14:23:09,6155,LsaSrv,System,Warning,LSA package is not signed as expected. This can cause unexpected behaviour with Credential Guard.    PackageName: kerberos
08/22/2024 14:23:09,6155,LsaSrv,System,Warning,LSA package is not signed as expected. This can cause unexpected behaviour with Credential Guard.    PackageName: negoexts
08/22/2024 14:23:09,6156,LsaSrv,System,Information,Virtualization Based Security for Credential Guard auto enablement status.    Hardware Requirements:	1  Domain Joined:	0  Azure AD Joined:	0
08/22/2024 14:23:09,15,Microsoft-Windows-Wininit,System,Warning,Credential Guard and/or VBS Key Isolation are configured but the secure kernel is not running; continuing without them.
08/22/2024 14:23:09,14,Microsoft-Windows-Wininit,System,Information,Credential Guard configuration:    Registry Configuration: 0x2  Test Configuration: 0  Auto Enablement: 1
08/22/2024 14:23:08,28,BTHUSB,System,Warning,The local adapter does not support Bluetooth Low Energy.
08/22/2024 14:23:08,48,BTHUSB,System,Warning,The local adapter does not support reading the encryption key size for a connected device. Insecure devices may be able to connect to this system.
08/22/2024 14:23:08,18,BTHUSB,System,Information,Windows cannot store Bluetooth authentication codes (link keys) on the local adapter. Bluetooth keyboards might not work in the system BIOS during start-up.
08/22/2024 14:23:08,24,Microsoft-Windows-Kernel-General,System,Information,The time zone information was refreshed with exit reason 0. Current time zone bias is -600.
08/22/2024 14:23:08,32,e1i68x64,System,Information,Intel(R) 82574L Gigabit Network Connection   Network link has been established at 1Gbps full duplex.  
08/22/2024 14:23:08,98,Microsoft-Windows-Ntfs,System,Information,Volume \\?\Volume{d9b9caa7-d116-4f4b-b8da-f83035d85e80} (\Device\HarddiskVolume4) is healthy.  No action is needed.
08/22/2024 14:23:08,55,Microsoft-Windows-Kernel-Processor-Power,System,Information,Processor 1 in group 0 exposes the following power management capabilities:    Idle state type: ACPI Idle (C) States (1 state(s))    Performance state type: None  Nominal Frequency (MHz): 3302  Maximum performance percentage: 100  Minimum performance percentage: 100  Minimum throttle percentage: 100
08/22/2024 14:23:08,55,Microsoft-Windows-Kernel-Processor-Power,System,Information,Processor 0 in group 0 exposes the following power management capabilities:    Idle state type: ACPI Idle (C) States (1 state(s))    Performance state type: None  Nominal Frequency (MHz): 3302  Maximum performance percentage: 100  Minimum performance percentage: 100  Minimum throttle percentage: 100
08/22/2024 14:23:07,172,Microsoft-Windows-Kernel-Power,System,Information,Connectivity state in standby: Disconnected  Reason: NIC compliance
08/22/2024 14:23:07,6,Microsoft-Windows-FilterManager,System,Information,File System Filter 'npsvctrig' (10.0  ‎1979‎-‎12‎-‎20T02:12:41.000000000Z) has successfully loaded and registered with Filter Manager.
08/22/2024 14:23:07,6,Microsoft-Windows-FilterManager,System,Information,File System Filter 'UCPD' (10.0  ‎1985‎-‎02‎-‎14T09:46:35.000000000Z) has successfully loaded and registered with Filter Manager.
08/22/2024 14:23:07,6,Microsoft-Windows-FilterManager,System,Information,File System Filter 'FileCrypt' (10.0  ‎1983‎-‎08‎-‎19T12:58:35.000000000Z) has successfully loaded and registered with Filter Manager.
08/22/2024 14:23:07,98,Microsoft-Windows-Ntfs,System,Information,Volume C: (\Device\HarddiskVolume3) is healthy.  No action is needed.
08/22/2024 14:23:07,6,Microsoft-Windows-FilterManager,System,Information,File System Filter 'WdFilter' (10.0  ‎2006‎-‎11‎-‎03T07:54:47.000000000Z) has successfully loaded and registered with Filter Manager.
08/22/2024 14:23:07,6,Microsoft-Windows-FilterManager,System,Information,File System Filter 'Wof' (10.0  ‎2086‎-‎08‎-‎04T21:20:16.000000000Z) has successfully loaded and registered with Filter Manager.
08/22/2024 14:23:07,6,Microsoft-Windows-FilterManager,System,Information,File System Filter 'FileInfo' (10.0  ‎2079‎-‎02‎-‎27T08:03:00.000000000Z) has successfully loaded and registered with Filter Manager.
08/22/2024 14:23:05,3,vmci,System,Information,VMCI: Using capabilities (0x1c). 
08/22/2024 14:23:03,16,Microsoft-Windows-HAL,System,Information,The iommu fault reporting has been initialized.
08/22/2024 14:23:03,20,Microsoft-Windows-Kernel-General,System,Information,The leap second configuration has been updated.  Reason: Leap second data initialized from registry during boot  Leap seconds enabled: true  New leap second count: 0  Old leap second count: 0
08/22/2024 14:23:03,32,Microsoft-Windows-Kernel-Boot,System,Information,The bootmgr spent 0 ms waiting for user input.
08/22/2024 14:23:03,18,Microsoft-Windows-Kernel-Boot,System,Information,There are 0x1 boot options on this system.
08/22/2024 14:23:03,27,Microsoft-Windows-Kernel-Boot,System,Information,The boot type was 0x0.
08/22/2024 14:23:03,25,Microsoft-Windows-Kernel-Boot,System,Information,The boot menu policy was 0x1.
08/22/2024 14:23:03,238,Microsoft-Windows-Kernel-Boot,System,Information,EFI time zone bias: 2047. Daylight flags: 0. Firmware time: ‎2024‎-‎08‎-‎22T14:23:01.000000000Z.
08/22/2024 14:23:03,20,Microsoft-Windows-Kernel-Boot,System,Information,The last shutdown's success status was true. The last boot's success status was true.
08/22/2024 14:23:03,153,Microsoft-Windows-Kernel-Boot,System,Information,Virtualization-based security (policies: 0) is disabled.
08/22/2024 14:23:03,12,Microsoft-Windows-Kernel-General,System,Information,The operating system started at system time ‎2024‎-‎08‎-‎22T04:23:02.500000000Z.
08/22/2024 14:22:53,13,Microsoft-Windows-Kernel-General,System,Information,The operating system is shutting down at system time ‎2024‎-‎08‎-‎22T04:22:53.814689600Z.
08/22/2024 14:22:53,577,Microsoft-Windows-Kernel-Power,System,Information,The system has prepared for a system initiated reboot from Active.
08/22/2024 14:22:53,109,Microsoft-Windows-Kernel-Power,System,Information,The kernel power manager has initiated a shutdown transition.    Action: Power Action Reboot   Event Code: 0x0   Reason: Kernel API
08/22/2024 14:23:11,6013,EventLog,System,Information,The system uptime is 9 seconds.
08/22/2024 14:23:11,6005,EventLog,System,Information,The Event log service was started.
08/22/2024 14:23:11,6009,EventLog,System,Information,Microsoft (R) Windows (R) 10.00. 22631  Multiprocessor Free.
08/22/2024 14:22:48,50037,Microsoft-Windows-Dhcp-Client,System,Information,DHCPv4 client service is stopped. ShutDown Flag value is 1
08/22/2024 14:22:48,50106,Microsoft-Windows-Dhcp-Client,System,Information,DHCPv4 is waiting on DHCPv6 service to stop
08/22/2024 14:22:48,51057,Microsoft-Windows-DHCPv6-Client,System,Information,DHCPv6 client service stop is almost done.DHCP Context Ref count is 1
08/22/2024 14:22:48,51047,Microsoft-Windows-DHCPv6-Client,System,Information,DHCPv6 client service is stopped. ShutDown Flag value is 1
08/22/2024 14:22:48,50105,Microsoft-Windows-Dhcp-Client,System,Information,DHCPv4 client ProcessDHCPRequestForever received TERMINATE_EVENT
