08/22/2024 16:44:37,16,Microsoft-Windows-Kernel-General,System,Information,The access history in hive \??\C:\ProgramData\Microsoft\Windows\AppRepository\Packages\Microsoft.Windows.CloudExperienceHost_10.0.22621.2506_neutral_neutral_cw5n1h2txyewy\ActivationStore.dat was cleared updating 0 keys and creating 0 modified pages.
08/22/2024 16:44:37,16,Microsoft-Windows-Kernel-General,System,Information,The access history in hive \??\C:\ProgramData\Microsoft\Windows\AppRepository\Packages\Microsoft.Windows.CapturePicker_10.0.19580.1000_neutral__cw5n1h2txyewy\ActivationStore.dat was cleared updating 0 keys and creating 0 modified pages.
08/22/2024 16:44:37,16,Microsoft-Windows-Kernel-General,System,Information,The access history in hive \??\C:\ProgramData\Microsoft\Windows\AppRepository\Packages\Microsoft.Windows.CallingShellApp_1000.22621.1.0_neutral_neutral_cw5n1h2txyewy\ActivationStore.dat was cleared updating 0 keys and creating 0 modified pages.
08/22/2024 16:44:36,16,Microsoft-Windows-Kernel-General,System,Information,The access history in hive \??\C:\ProgramData\Microsoft\Windows\AppRepository\Packages\Microsoft.Windows.AssignedAccessLockApp_1000.22621.1.0_neutral_neutral_cw5n1h2txyewy\ActivationStore.dat was cleared updating 0 keys and creating 0 modified pages.
08/22/2024 16:44:36,16,Microsoft-Windows-Kernel-General,System,Information,The access history in hive \??\C:\ProgramData\Microsoft\Windows\AppRepository\Packages\Microsoft.Windows.Apprep.ChxApp_1000.22621.1.0_neutral_neutral_cw5n1h2txyewy\ActivationStore.dat was cleared updating 0 keys and creating 0 modified pages.
08/22/2024 16:44:36,16,Microsoft-Windows-Kernel-General,System,Information,The access history in hive \??\C:\ProgramData\Microsoft\Windows\AppRepository\Packages\Microsoft.Win32WebViewHost_10.0.22621.1_neutral_neutral_cw5n1h2txyewy\ActivationStore.dat was cleared updating 0 keys and creating 0 modified pages.
08/22/2024 16:44:36,16,Microsoft-Windows-Kernel-General,System,Information,The access history in hive \??\C:\ProgramData\Microsoft\Windows\AppRepository\Packages\Microsoft.UI.Xaml.CBS_8.2305.16002.0_x64__8wekyb3d8bbwe\ActivationStore.dat was cleared updating 0 keys and creating 0 modified pages.
08/22/2024 16:44:35,16,Microsoft-Windows-Kernel-General,System,Information,The access history in hive \??\C:\ProgramData\Microsoft\Windows\AppRepository\Packages\Microsoft.LockApp_10.0.22621.1_neutral__cw5n1h2txyewy\ActivationStore.dat was cleared updating 0 keys and creating 0 modified pages.
08/22/2024 16:44:35,16,Microsoft-Windows-Kernel-General,System,Information,The access history in hive \??\C:\ProgramData\Microsoft\Windows\AppRepository\Packages\Microsoft.ECApp_10.0.22621.2506_neutral__8wekyb3d8bbwe\ActivationStore.dat was cleared updating 0 keys and creating 0 modified pages.
08/22/2024 16:44:35,16,Microsoft-Windows-Kernel-General,System,Information,The access history in hive \??\C:\ProgramData\Microsoft\Windows\AppRepository\Packages\Microsoft.CredDialogHost_10.0.19595.1001_neutral__cw5n1h2txyewy\ActivationStore.dat was cleared updating 0 keys and creating 0 modified pages.
08/22/2024 16:44:35,16,Microsoft-Windows-Kernel-General,System,Information,The access history in hive \??\C:\ProgramData\Microsoft\Windows\AppRepository\Packages\Microsoft.BioEnrollment_10.0.19587.1000_neutral__cw5n1h2txyewy\ActivationStore.dat was cleared updating 0 keys and creating 0 modified pages.
08/22/2024 16:44:34,1025,Microsoft-Windows-TPM-WMI,System,Information,The TPM was successfully provisioned and is now ready for use.
08/22/2024 16:44:34,16,Microsoft-Windows-Kernel-General,System,Information,The access history in hive \??\C:\ProgramData\Microsoft\Windows\AppRepository\Packages\Microsoft.AsyncTextService_10.0.22621.1_neutral__8wekyb3d8bbwe\ActivationStore.dat was cleared updating 0 keys and creating 0 modified pages.
08/22/2024 16:44:34,7045,Service Control Manager,System,Information,A service was installed in the system.    Service Name:  Microsoft Edge Elevation Service (MicrosoftEdgeElevationService)  Service File Name:  "C:\Program Files (x86)\Microsoft\Edge\Application\100.0.1185.36\elevation_service.exe"  Service Type:  user mode service  Service Start Type:  demand start  Service Account:  LocalSystem
08/22/2024 16:44:34,16,Microsoft-Windows-Kernel-General,System,Information,The access history in hive \??\C:\ProgramData\Microsoft\Windows\AppRepository\Packages\Microsoft.AccountsControl_10.0.22621.1_neutral__cw5n1h2txyewy\ActivationStore.dat was cleared updating 0 keys and creating 0 modified pages.
08/22/2024 16:44:34,16,Microsoft-Windows-Kernel-General,System,Information,The access history in hive \??\C:\ProgramData\Microsoft\Windows\AppRepository\Packages\Microsoft.AAD.BrokerPlugin_1000.19580.1000.0_neutral_neutral_cw5n1h2txyewy\ActivationStore.dat was cleared updating 0 keys and creating 0 modified pages.
08/22/2024 16:44:34,16,Microsoft-Windows-Kernel-General,System,Information,The access history in hive \??\C:\ProgramData\Microsoft\Windows\AppRepository\Packages\F46D4000-FD22-4DB4-AC8E-4E1DDDE828FE_10.0.22621.1_neutral_neutral_cw5n1h2txyewy\ActivationStore.dat was cleared updating 0 keys and creating 0 modified pages.
08/22/2024 16:44:33,16,Microsoft-Windows-Kernel-General,System,Information,The access history in hive \??\C:\ProgramData\Microsoft\Windows\AppRepository\Packages\E2A4F912-2574-4A75-9BB0-0D023378592B_10.0.19640.1000_neutral_neutral_cw5n1h2txyewy\ActivationStore.dat was cleared updating 0 keys and creating 0 modified pages.
08/22/2024 16:44:33,16,Microsoft-Windows-Kernel-General,System,Information,The access history in hive \??\C:\ProgramData\Microsoft\Windows\AppRepository\Packages\c5e2524a-ea46-4f67-841f-6a9465d9d515_10.0.22621.1_neutral_neutral_cw5n1h2txyewy\ActivationStore.dat was cleared updating 0 keys and creating 0 modified pages.
08/22/2024 16:44:33,16,Microsoft-Windows-Kernel-General,System,Information,The access history in hive \??\C:\ProgramData\Microsoft\Windows\AppRepository\Packages\1527c705-839a-4832-9118-54d4Bd6a0c89_10.0.19640.1000_neutral_neutral_cw5n1h2txyewy\ActivationStore.dat was cleared updating 0 keys and creating 0 modified pages.
08/22/2024 16:44:32,1282,Microsoft-Windows-TPM-WMI,System,Information,The TBS device identifier has been generated.
08/22/2024 16:44:32,32,e1i68x64,System,Information,Intel(R) 82574L Gigabit Network Connection   Network link has been established at 1Gbps full duplex.  
08/22/2024 16:44:32,1027,Microsoft-Windows-TPM-WMI,System,Information,The Ownership of the Trusted Platform Module (TPM) hardware on this computer was successfully taken (TPM TakeOwnership command) by the system.
08/22/2024 16:44:32,16,Microsoft-Windows-Kernel-General,System,Information,The access history in hive \??\C:\Windows\system32\Config\Elam was cleared updating 1 keys and creating 1 modified pages.
08/22/2024 16:44:32,519,Microsoft-Windows-TPM-WMI,System,Information,The TPM has been cleared. Reason: SRK Pub not present or empty..
08/22/2024 16:44:31,7045,Service Control Manager,System,Information,A service was installed in the system.    Service Name:  Bluetooth Device (Personal Area Network)  Service File Name:  \SystemRoot\System32\drivers\bthpan.sys  Service Type:  kernel mode driver  Service Start Type:  demand start  Service Account:  
08/22/2024 16:44:31,7045,Service Control Manager,System,Information,A service was installed in the system.    Service Name:  Intel(R) PRO/1000 PCI Express Network Connection Driver I  Service File Name:  \SystemRoot\System32\drivers\e1i68x64.sys  Service Type:  kernel mode driver  Service Start Type:  demand start  Service Account:  
08/22/2024 16:44:31,18,TPM,System,Information,This event triggers the Trusted Platform Module (TPM) provisioning/status check to run.
08/22/2024 16:44:31,7026,Service Control Manager,System,Information,The following boot-start or system-start driver(s) did not load:   CSC  dam
08/22/2024 16:44:31,3261,Workstation,System,Information,This computer has been successfully joined to workgroup 'WORKGROUP'.
08/22/2024 16:44:14,112,Microsoft-Windows-HttpService,System,Information,Attempted to reserve URL http://+:10243/WMPNSSv4/. Status 0x0. Process Id 0x4 Executable path   User S-1-5-18
08/22/2024 16:44:14,112,Microsoft-Windows-HttpService,System,Information,Attempted to reserve URL https://+:10245/WMPNSSv4/. Status 0x0. Process Id 0x4 Executable path   User S-1-5-18
08/22/2024 16:44:14,112,Microsoft-Windows-HttpService,System,Information,Attempted to reserve URL http://+:10247/apps/. Status 0x0. Process Id 0x4 Executable path   User S-1-5-18
08/22/2024 16:44:14,112,Microsoft-Windows-HttpService,System,Information,Attempted to reserve URL https://+:443/sra_{BA195980-CD49-458b-9E23-C84EE0ADCD75}/. Status 0x0. Process Id 0x4 Executable path   User S-1-5-18
08/22/2024 16:44:14,112,Microsoft-Windows-HttpService,System,Information,Attempted to reserve URL http://+:3387/rdp/. Status 0x0. Process Id 0x4 Executable path   User S-1-5-18
08/22/2024 16:44:14,112,Microsoft-Windows-HttpService,System,Information,Attempted to reserve URL https://+:3392/rdp/. Status 0x0. Process Id 0x4 Executable path   User S-1-5-18
08/22/2024 16:44:14,112,Microsoft-Windows-HttpService,System,Information,Attempted to reserve URL http://+:10246/MDEServer/. Status 0x0. Process Id 0x4 Executable path   User S-1-5-18
08/22/2024 16:44:14,112,Microsoft-Windows-HttpService,System,Information,Attempted to reserve URL http://+:80/116B50EB-ECE2-41ac-8429-9F9E963361B7/. Status 0x0. Process Id 0x4 Executable path   User S-1-5-18
08/22/2024 16:44:14,112,Microsoft-Windows-HttpService,System,Information,Attempted to reserve URL https://+:443/C574AC30-5794-4AEE-B1BB-6651C5315029/. Status 0x0. Process Id 0x4 Executable path   User S-1-5-18
08/22/2024 16:44:14,112,Microsoft-Windows-HttpService,System,Information,Attempted to reserve URL http://+:80/0131501b-d67f-491b-9a40-c4bf27bcb4d4/. Status 0x0. Process Id 0x4 Executable path   User S-1-5-18
08/22/2024 16:44:14,112,Microsoft-Windows-HttpService,System,Information,Attempted to reserve URL http://*:2869/. Status 0x0. Process Id 0x4 Executable path   User S-1-5-18
08/22/2024 16:44:14,112,Microsoft-Windows-HttpService,System,Information,Attempted to reserve URL http://+:5985/wsman/. Status 0x0. Process Id 0x4 Executable path   User S-1-5-18
08/22/2024 16:44:14,112,Microsoft-Windows-HttpService,System,Information,Attempted to reserve URL http://+:47001/wsman/. Status 0x0. Process Id 0x4 Executable path   User S-1-5-18
08/22/2024 16:44:14,112,Microsoft-Windows-HttpService,System,Information,Attempted to reserve URL https://+:5986/wsman/. Status 0x0. Process Id 0x4 Executable path   User S-1-5-18
08/22/2024 16:44:14,112,Microsoft-Windows-HttpService,System,Information,Attempted to reserve URL https://*:5358/. Status 0x0. Process Id 0x4 Executable path   User S-1-5-18
08/22/2024 16:44:14,112,Microsoft-Windows-HttpService,System,Information,Attempted to reserve URL http://+:80/Temporary_Listen_Addresses/. Status 0x0. Process Id 0x4 Executable path   User S-1-5-18
08/22/2024 16:44:14,112,Microsoft-Windows-HttpService,System,Information,Attempted to reserve URL http://*:5357/. Status 0x0. Process Id 0x4 Executable path   User S-1-5-18
08/22/2024 16:44:14,51046,Microsoft-Windows-DHCPv6-Client,System,Information,DHCPv6 client service is started
08/22/2024 16:44:14,50036,Microsoft-Windows-Dhcp-Client,System,Information,DHCPv4 client service is started
08/22/2024 16:44:14,50103,Microsoft-Windows-Dhcp-Client,System,Information,DHCPv4 client registered for shutdown notification
08/22/2024 16:44:14,50036,Microsoft-Windows-Dhcp-Client,System,Information,DHCPv4 client service is started
08/22/2024 16:44:13,6,Microsoft-Windows-FilterManager,System,Information,File System Filter 'bindflt' (10.0  ‎2032‎-‎10‎-‎20T02:22:30.000000000Z) has successfully loaded and registered with Filter Manager.
08/22/2024 16:44:13,6,Microsoft-Windows-FilterManager,System,Information,File System Filter 'storqosflt' (10.0  ‎2039‎-‎04‎-‎22T02:36:38.000000000Z) has successfully loaded and registered with Filter Manager.
08/22/2024 16:44:13,6,Microsoft-Windows-FilterManager,System,Information,File System Filter 'CldFlt' (10.0  ‎2060‎-‎03‎-‎21T03:17:45.000000000Z) has successfully loaded and registered with Filter Manager.
08/22/2024 16:44:13,1,Microsoft-Windows-FilterManager,System,Information,File System Filter 'CldFlt' (Version 10.0  ‎2060‎-‎03‎-‎21T03:17:45.000000000Z) unloaded successfully.
08/22/2024 16:44:13,6,Microsoft-Windows-FilterManager,System,Information,File System Filter 'CldFlt' (10.0  ‎2060‎-‎03‎-‎21T03:17:45.000000000Z) has successfully loaded and registered with Filter Manager.
08/22/2024 16:44:13,6,Microsoft-Windows-FilterManager,System,Information,File System Filter 'luafv' (10.0  ‎2059‎-‎02‎-‎13T10:28:11.000000000Z) has successfully loaded and registered with Filter Manager.
08/22/2024 16:44:13,6,Microsoft-Windows-FilterManager,System,Information,File System Filter 'wcifs' (10.0  ‎2089‎-‎07‎-‎06T18:42:00.000000000Z) has successfully loaded and registered with Filter Manager.
08/22/2024 16:44:13,6,Microsoft-Windows-FilterManager,System,Information,File System Filter 'bfs' (10.0  ‎1989‎-‎12‎-‎07T11:41:03.000000000Z) has successfully loaded and registered with Filter Manager.
08/22/2024 16:44:13,7023,Service Control Manager,System,Error,The netprofm service terminated with the following error:   The device is not ready.
08/22/2024 16:44:13,6,Microsoft-Windows-FilterManager,System,Information,File System Filter 'applockerfltr' (10.0  ‎2008‎-‎07‎-‎12T22:16:33.000000000Z) has successfully loaded and registered with Filter Manager.
08/22/2024 16:44:13,16,Microsoft-Windows-Kernel-General,System,Information,The access history in hive \SystemRoot\System32\Config\BBI was cleared updating 1 keys and creating 1 modified pages.
08/22/2024 16:44:13,16,Microsoft-Windows-Kernel-General,System,Information,The access history in hive \??\C:\Windows\System32\config\COMPONENTS was cleared updating 56447 keys and creating 6046 modified pages.
08/22/2024 16:44:13,16977,Microsoft-Windows-Directory-Services-SAM,System,Information,The domain is configured with the following minimum password length-related settings.    MinimumPasswordLength: 0    RelaxMinimumPasswordLengthLimits: 0    MinimumPasswordLengthAudit: -1    For more information see https://go.microsoft.com/fwlink/?LinkId=2097191.  
08/22/2024 16:44:07,16,Microsoft-Windows-Kernel-General,System,Information,The access history in hive \??\C:\Windows\ServiceProfiles\LocalService\NTUSER.DAT was cleared updating 560 keys and creating 34 modified pages.
08/22/2024 16:44:07,16,Microsoft-Windows-Kernel-General,System,Information,The access history in hive \??\C:\Windows\ServiceProfiles\NetworkService\NTUSER.DAT was cleared updating 560 keys and creating 34 modified pages.
08/22/2024 16:44:07,16983,Microsoft-Windows-Directory-Services-SAM,System,Information,The security account manager is now logging periodic summary events for remote clients that call legacy password change or set RPC methods.    For more information please see https://go.microsoft.com/fwlink/?linkid=2150956.  
08/22/2024 16:44:07,16977,Microsoft-Windows-Directory-Services-SAM,System,Information,The domain is configured with the following minimum password length-related settings.    MinimumPasswordLength: 0    RelaxMinimumPasswordLengthLimits: 0    MinimumPasswordLengthAudit: -1    For more information see https://go.microsoft.com/fwlink/?LinkId=2097191.  
08/22/2024 16:44:06,16,Microsoft-Windows-Kernel-General,System,Information,The access history in hive \SystemRoot\System32\Config\SAM was cleared updating 1 keys and creating 1 modified pages.
08/22/2024 16:44:06,16962,Microsoft-Windows-Directory-Services-SAM,System,Information,Remote calls to the SAM database are being restricted using the default security descriptor: O:SYG:SYD:(A;;RC;;;BA).  For more information please see http://go.microsoft.com/fwlink/?LinkId=787651.
08/22/2024 16:44:06,6155,LsaSrv,System,Warning,LSA package is not signed as expected. This can cause unexpected behaviour with Credential Guard.    PackageName: msv1_0
08/22/2024 16:44:06,6155,LsaSrv,System,Warning,LSA package is not signed as expected. This can cause unexpected behaviour with Credential Guard.    PackageName: sfapm
08/22/2024 16:44:06,6155,LsaSrv,System,Warning,LSA package is not signed as expected. This can cause unexpected behaviour with Credential Guard.    PackageName: schannel
08/22/2024 16:44:06,6155,LsaSrv,System,Warning,LSA package is not signed as expected. This can cause unexpected behaviour with Credential Guard.    PackageName: wdigest
08/22/2024 16:44:06,6155,LsaSrv,System,Warning,LSA package is not signed as expected. This can cause unexpected behaviour with Credential Guard.    PackageName: cloudap
08/22/2024 16:44:06,6155,LsaSrv,System,Warning,LSA package is not signed as expected. This can cause unexpected behaviour with Credential Guard.    PackageName: pku2u
08/22/2024 16:44:06,6155,LsaSrv,System,Warning,LSA package is not signed as expected. This can cause unexpected behaviour with Credential Guard.    PackageName: tspkg
08/22/2024 16:44:06,6155,LsaSrv,System,Warning,LSA package is not signed as expected. This can cause unexpected behaviour with Credential Guard.    PackageName: msv1_0
08/22/2024 16:44:06,6155,LsaSrv,System,Warning,LSA package is not signed as expected. This can cause unexpected behaviour with Credential Guard.    PackageName: kerberos
08/22/2024 16:44:06,6155,LsaSrv,System,Warning,LSA package is not signed as expected. This can cause unexpected behaviour with Credential Guard.    PackageName: negoexts
08/22/2024 16:44:06,16,Microsoft-Windows-Kernel-General,System,Information,The access history in hive \SystemRoot\System32\Config\SECURITY was cleared updating 1 keys and creating 1 modified pages.
08/22/2024 16:44:06,6156,LsaSrv,System,Information,Virtualization Based Security for Credential Guard auto enablement status.    Hardware Requirements:	1  Domain Joined:	0  Azure AD Joined:	0
08/22/2024 16:44:06,15,Microsoft-Windows-Wininit,System,Warning,Credential Guard and/or VBS Key Isolation are configured but the secure kernel is not running; continuing without them.
08/22/2024 16:44:06,14,Microsoft-Windows-Wininit,System,Information,Credential Guard configuration:    Registry Configuration: 0x2  Test Configuration: 0  Auto Enablement: 1
08/22/2024 16:44:06,16,Microsoft-Windows-Kernel-General,System,Information,The access history in hive \SystemRoot\System32\Config\DEFAULT was cleared updating 66 keys and creating 6 modified pages.
08/22/2024 16:44:06,28,BTHUSB,System,Warning,The local adapter does not support Bluetooth Low Energy.
08/22/2024 16:44:06,48,BTHUSB,System,Warning,The local adapter does not support reading the encryption key size for a connected device. Insecure devices may be able to connect to this system.
08/22/2024 16:44:06,18,BTHUSB,System,Information,Windows cannot store Bluetooth authentication codes (link keys) on the local adapter. Bluetooth keyboards might not work in the system BIOS during start-up.
08/22/2024 16:44:06,16,Microsoft-Windows-Kernel-General,System,Information,The access history in hive \Device\HarddiskVolume1\EFI\Microsoft\Boot\BCD was cleared updating 102 keys and creating 4 modified pages.
08/22/2024 16:44:06,16,Microsoft-Windows-Kernel-General,System,Information,The access history in hive \SystemRoot\System32\config\DRIVERS was cleared updating 23887 keys and creating 1056 modified pages.
08/22/2024 16:44:06,24,Microsoft-Windows-Kernel-General,System,Information,The time zone information was refreshed with exit reason 0. Current time zone bias is -60.
08/22/2024 16:44:05,16,Microsoft-Windows-Kernel-General,System,Information,The access history in hive \SystemRoot\System32\Config\SOFTWARE was cleared updating 245428 keys and creating 15780 modified pages.
08/22/2024 16:44:04,16,Microsoft-Windows-Kernel-General,System,Information,The access history in hive \Device\HarddiskVolume1\EFI\Microsoft\Boot\BCD was cleared updating 102 keys and creating 4 modified pages.
08/22/2024 16:44:04,16,Microsoft-Windows-Kernel-General,System,Information,The access history in hive \Device\HarddiskVolume1\EFI\Microsoft\Boot\BCD was cleared updating 102 keys and creating 4 modified pages.
08/22/2024 16:44:04,172,Microsoft-Windows-Kernel-Power,System,Information,Connectivity state in standby: Disconnected  Reason: NIC compliance
08/22/2024 16:44:04,16,Microsoft-Windows-Kernel-General,System,Information,The access history in hive \Device\HarddiskVolume1\EFI\Microsoft\Boot\BCD was cleared updating 102 keys and creating 4 modified pages.
08/22/2024 16:44:04,6,Microsoft-Windows-FilterManager,System,Information,File System Filter 'npsvctrig' (10.0  ‎1979‎-‎12‎-‎19T17:12:41.000000000Z) has successfully loaded and registered with Filter Manager.
08/22/2024 16:44:04,55,Microsoft-Windows-Kernel-Processor-Power,System,Information,Processor 1 in group 0 exposes the following power management capabilities:    Idle state type: ACPI Idle (C) States (1 state(s))    Performance state type: None  Nominal Frequency (MHz): 3302  Maximum performance percentage: 100  Minimum performance percentage: 100  Minimum throttle percentage: 100
08/22/2024 16:44:04,55,Microsoft-Windows-Kernel-Processor-Power,System,Information,Processor 0 in group 0 exposes the following power management capabilities:    Idle state type: ACPI Idle (C) States (1 state(s))    Performance state type: None  Nominal Frequency (MHz): 3302  Maximum performance percentage: 100  Minimum performance percentage: 100  Minimum throttle percentage: 100
08/22/2024 16:44:03,6,Microsoft-Windows-FilterManager,System,Information,File System Filter 'FileCrypt' (10.0  ‎1983‎-‎08‎-‎19T03:58:35.000000000Z) has successfully loaded and registered with Filter Manager.
08/22/2024 16:44:03,98,Microsoft-Windows-Ntfs,System,Information,Volume C: (\Device\HarddiskVolume3) is healthy.  No action is needed.
08/22/2024 16:44:03,6,Microsoft-Windows-FilterManager,System,Information,File System Filter 'WdFilter' (10.0  ‎2006‎-‎11‎-‎02T22:54:47.000000000Z) has successfully loaded and registered with Filter Manager.
08/22/2024 16:44:03,6,Microsoft-Windows-FilterManager,System,Information,File System Filter 'Wof' (10.0  ‎2086‎-‎08‎-‎04T12:20:16.000000000Z) has successfully loaded and registered with Filter Manager.
08/22/2024 16:44:03,6,Microsoft-Windows-FilterManager,System,Information,File System Filter 'FileInfo' (10.0  ‎2079‎-‎02‎-‎26T23:03:00.000000000Z) has successfully loaded and registered with Filter Manager.
08/22/2024 16:43:58,16,Microsoft-Windows-HAL,System,Information,The iommu fault reporting has been initialized.
08/22/2024 16:43:58,20,Microsoft-Windows-Kernel-General,System,Information,The leap second configuration has been updated.  Reason: Leap second data initialized from registry during boot  Leap seconds enabled: true  New leap second count: 0  Old leap second count: 0
08/22/2024 16:43:58,32,Microsoft-Windows-Kernel-Boot,System,Information,The bootmgr spent 0 ms waiting for user input.
08/22/2024 16:43:58,18,Microsoft-Windows-Kernel-Boot,System,Information,There are 0x1 boot options on this system.
08/22/2024 16:43:58,27,Microsoft-Windows-Kernel-Boot,System,Information,The boot type was 0x0.
08/22/2024 16:43:58,25,Microsoft-Windows-Kernel-Boot,System,Information,The boot menu policy was 0x1.
08/22/2024 16:43:58,238,Microsoft-Windows-Kernel-Boot,System,Information,EFI time zone bias: 2047. Daylight flags: 0. Firmware time: ‎2024‎-‎08‎-‎22T07:43:58.000000000Z.
08/22/2024 16:43:58,153,Microsoft-Windows-Kernel-Boot,System,Information,Virtualization-based security (policies: 0) is disabled.
08/22/2024 16:44:13,6005,EventLog,System,Information,The Event log service was started.
08/22/2024 16:44:13,6009,EventLog,System,Information,Microsoft (R) Windows (R) 10.00. 22631  Multiprocessor Free.
08/22/2024 16:43:58,12,Microsoft-Windows-Kernel-General,System,Information,The operating system started at system time ‎2024‎-‎08‎-‎22T06:43:58.500000000Z.


SUMMARY
Event ID,Total Count
1000 (Application Error),0
1001 (Windows Error Reporting),14
1002 (Application Hang),0
3001 (WMI Issues),0
1026 (CLR Exception),0
7031 (Service Terminated),0
7036 (Service Change State),0
7000 (Service Failed to Start),0


NEXT STEPS
1. **Review Applications:** Identify any applications that consistently generate errors and consider updating, reconfiguring, or uninstalling them if necessary.
2. **Monitor Services:** Pay close attention to services that frequently stop, start, or fail. This could indicate a deeper issue or potential security risk.
3. **Investigate WMI and CLR Issues:** Persistent errors in WMI or CLR can affect system performance and stability. Investigate the root cause of these issues.
4. **Conduct a Security Review:** Services that terminate unexpectedly or fail to start may be targeted by malware. Consider a thorough security review of affected services.

