08/22/2024 08:21:52,19,Microsoft-Windows-WindowsUpdateClient,System,Information,Installation Successful: Windows successfully installed the following update: 2023-11 Update for Windows 11 Version 23H2 for x64-based Systems (KB4023057)
08/22/2024 08:21:52,7040,Service Control Manager,System,Information,The start type of the Microsoft Update Health Service service was changed from disabled to auto start.
08/22/2024 08:21:52,7045,Service Control Manager,System,Information,A service was installed in the system.    Service Name:  Microsoft Update Health Service  Service File Name:  "C:\Program Files\Microsoft Update Health Tools\uhssvc.exe"  Service Type:  user mode service  Service Start Type:  disabled  Service Account:  LocalSystem
08/22/2024 08:21:50,43,Microsoft-Windows-WindowsUpdateClient,System,Information,Installation Started: Windows has started installing the following update: 2023-11 Update for Windows 11 Version 23H2 for x64-based Systems (KB4023057)
08/22/2024 08:21:50,10016,Microsoft-Windows-DistributedCOM,System,Warning,The application-specific permission settings do not grant Local Launch permission for the COM Server application with CLSID   Windows.SecurityCenter.WscDataProtection   and APPID   Unavailable   to the user NT AUTHORITY\SYSTEM SID (S-1-5-18) from address LocalHost (Using LRPC) running in the application container Unavailable SID (Unavailable). This security permission can be modified using the Component Services administrative tool.
08/22/2024 08:21:50,10016,Microsoft-Windows-DistributedCOM,System,Warning,The application-specific permission settings do not grant Local Launch permission for the COM Server application with CLSID   Windows.SecurityCenter.SecurityAppBroker   and APPID   Unavailable   to the user NT AUTHORITY\SYSTEM SID (S-1-5-18) from address LocalHost (Using LRPC) running in the application container Unavailable SID (Unavailable). This security permission can be modified using the Component Services administrative tool.
08/22/2024 08:21:50,10016,Microsoft-Windows-DistributedCOM,System,Warning,The application-specific permission settings do not grant Local Launch permission for the COM Server application with CLSID   Windows.SecurityCenter.WscBrokerManager   and APPID   Unavailable   to the user NT AUTHORITY\SYSTEM SID (S-1-5-18) from address LocalHost (Using LRPC) running in the application container Unavailable SID (Unavailable). This security permission can be modified using the Component Services administrative tool.
08/22/2024 08:21:39,16,Microsoft-Windows-Kernel-General,System,Information,The access history in hive \??\C:\Users\Test-Lab\AppData\Local\Packages\microsoft.windowscommunicationsapps_8wekyb3d8bbwe\Settings\settings.dat was cleared updating 3 keys and creating 1 modified pages.
08/22/2024 08:21:10,17,TPM,System,Information,The Trusted Platform Module (TPM) hardware failed to execute a TPM command.
08/22/2024 08:21:10,17,TPM,System,Information,The Trusted Platform Module (TPM) hardware failed to execute a TPM command.
08/22/2024 08:21:10,17,TPM,System,Information,The Trusted Platform Module (TPM) hardware failed to execute a TPM command.
08/22/2024 08:21:05,44,Microsoft-Windows-WindowsUpdateClient,System,Information,Windows Update started downloading an update.
08/22/2024 08:21:05,44,Microsoft-Windows-WindowsUpdateClient,System,Information,Windows Update started downloading an update.
08/22/2024 08:21:05,44,Microsoft-Windows-WindowsUpdateClient,System,Information,Windows Update started downloading an update.
08/22/2024 08:21:05,44,Microsoft-Windows-WindowsUpdateClient,System,Information,Windows Update started downloading an update.
08/22/2024 08:21:05,44,Microsoft-Windows-WindowsUpdateClient,System,Information,Windows Update started downloading an update.
08/22/2024 08:21:05,44,Microsoft-Windows-WindowsUpdateClient,System,Information,Windows Update started downloading an update.
08/22/2024 08:20:17,16,Microsoft-Windows-Kernel-General,System,Information,The access history in hive \??\C:\Users\Test-Lab\AppData\Local\Packages\Microsoft.Windows.ShellExperienceHost_cw5n1h2txyewy\Settings\settings.dat was cleared updating 3 keys and creating 1 modified pages.
08/22/2024 08:20:02,10016,Microsoft-Windows-DistributedCOM,System,Warning,The machine-default permission settings do not grant Local Activation permission for the COM Server application with CLSID   {F87B28F1-DA9A-4F35-8EC0-800EFCF26B83}   and APPID   {0868DC9B-D9A2-4F64-9362-133CEA201299}   to the user NT AUTHORITY\NETWORK SERVICE SID (S-1-5-20) from address LocalHost (Using LRPC) running in the application container Unavailable SID (Unavailable). This security permission can be modified using the Component Services administrative tool.
08/22/2024 08:19:59,10016,Microsoft-Windows-DistributedCOM,System,Warning,The application-specific permission settings do not grant Local Activation permission for the COM Server application with CLSID   {6B3B8D23-FA8D-40B9-8DBD-B950333E2C52}   and APPID   {4839DDB7-58C2-48F5-8283-E1D1807D0D7D}   to the user NT AUTHORITY\LOCAL SERVICE SID (S-1-5-19) from address LocalHost (Using LRPC) running in the application container Unavailable SID (Unavailable). This security permission can be modified using the Component Services administrative tool.
08/22/2024 08:19:59,10016,Microsoft-Windows-DistributedCOM,System,Warning,The application-specific permission settings do not grant Local Activation permission for the COM Server application with CLSID   {6B3B8D23-FA8D-40B9-8DBD-B950333E2C52}   and APPID   {4839DDB7-58C2-48F5-8283-E1D1807D0D7D}   to the user NT AUTHORITY\LOCAL SERVICE SID (S-1-5-19) from address LocalHost (Using LRPC) running in the application container Unavailable SID (Unavailable). This security permission can be modified using the Component Services administrative tool.
08/22/2024 08:19:59,7001,Microsoft-Windows-Winlogon,System,Information,User Log-on Notification for Customer Experience Improvement Program
08/22/2024 08:19:59,1025,Microsoft-Windows-TPM-WMI,System,Information,The TPM was successfully provisioned and is now ready for use.
08/22/2024 08:19:58,1282,Microsoft-Windows-TPM-WMI,System,Information,The TBS device identifier has been generated.
08/22/2024 08:19:54,1014,Microsoft-Windows-DNS-Client,System,Warning,Name resolution for the name wpad timed out after none of the configured DNS servers responded. Client PID 2512.
08/22/2024 08:19:53,1796,Microsoft-Windows-TPM-WMI,System,Error,The Secure Boot update failed to update a Secure Boot variable with error Secure Boot is not enabled on this machine.. For more information  please see https://go.microsoft.com/fwlink/?linkid=2169931
08/22/2024 08:19:50,18,TPM,System,Information,This event triggers the Trusted Platform Module (TPM) provisioning/status check to run.
08/22/2024 08:19:49,7040,Service Control Manager,System,Information,The start type of the Windows Modules Installer service was changed from auto start to demand start.
08/22/2024 08:19:48,7026,Service Control Manager,System,Information,The following boot-start or system-start driver(s) did not load:   dam
08/22/2024 08:19:47,112,Microsoft-Windows-HttpService,System,Information,Attempted to reserve URL http://+:10247/apps/. Status 0x0. Process Id 0x4 Executable path   User S-1-5-18
08/22/2024 08:19:47,112,Microsoft-Windows-HttpService,System,Information,Attempted to reserve URL http://+:10246/MDEServer/. Status 0x0. Process Id 0x4 Executable path   User S-1-5-18
08/22/2024 08:19:47,112,Microsoft-Windows-HttpService,System,Information,Attempted to reserve URL http://+:3387/rdp/. Status 0x0. Process Id 0x4 Executable path   User S-1-5-18
08/22/2024 08:19:47,112,Microsoft-Windows-HttpService,System,Information,Attempted to reserve URL https://+:3392/rdp/. Status 0x0. Process Id 0x4 Executable path   User S-1-5-18
08/22/2024 08:19:47,112,Microsoft-Windows-HttpService,System,Information,Attempted to reserve URL http://+:10243/WMPNSSv4/. Status 0x0. Process Id 0x4 Executable path   User S-1-5-18
08/22/2024 08:19:47,112,Microsoft-Windows-HttpService,System,Information,Attempted to reserve URL https://+:10245/WMPNSSv4/. Status 0x0. Process Id 0x4 Executable path   User S-1-5-18
08/22/2024 08:19:47,112,Microsoft-Windows-HttpService,System,Information,Attempted to reserve URL https://+:443/sra_{BA195980-CD49-458b-9E23-C84EE0ADCD75}/. Status 0x0. Process Id 0x4 Executable path   User S-1-5-18
08/22/2024 08:19:47,112,Microsoft-Windows-HttpService,System,Information,Attempted to reserve URL http://+:80/116B50EB-ECE2-41ac-8429-9F9E963361B7/. Status 0x0. Process Id 0x4 Executable path   User S-1-5-18
08/22/2024 08:19:47,112,Microsoft-Windows-HttpService,System,Information,Attempted to reserve URL https://+:443/C574AC30-5794-4AEE-B1BB-6651C5315029/. Status 0x0. Process Id 0x4 Executable path   User S-1-5-18
08/22/2024 08:19:47,112,Microsoft-Windows-HttpService,System,Information,Attempted to reserve URL http://+:80/0131501b-d67f-491b-9a40-c4bf27bcb4d4/. Status 0x0. Process Id 0x4 Executable path   User S-1-5-18
08/22/2024 08:19:47,112,Microsoft-Windows-HttpService,System,Information,Attempted to reserve URL http://*:2869/. Status 0x0. Process Id 0x4 Executable path   User S-1-5-18
08/22/2024 08:19:47,112,Microsoft-Windows-HttpService,System,Information,Attempted to reserve URL http://+:5985/wsman/. Status 0x0. Process Id 0x4 Executable path   User S-1-5-18
08/22/2024 08:19:47,112,Microsoft-Windows-HttpService,System,Information,Attempted to reserve URL http://+:47001/wsman/. Status 0x0. Process Id 0x4 Executable path   User S-1-5-18
08/22/2024 08:19:47,112,Microsoft-Windows-HttpService,System,Information,Attempted to reserve URL https://+:5986/wsman/. Status 0x0. Process Id 0x4 Executable path   User S-1-5-18
08/22/2024 08:19:47,112,Microsoft-Windows-HttpService,System,Information,Attempted to reserve URL https://*:5358/. Status 0x0. Process Id 0x4 Executable path   User S-1-5-18
08/22/2024 08:19:47,112,Microsoft-Windows-HttpService,System,Information,Attempted to reserve URL http://+:80/Temporary_Listen_Addresses/. Status 0x0. Process Id 0x4 Executable path   User S-1-5-18
08/22/2024 08:19:47,112,Microsoft-Windows-HttpService,System,Information,Attempted to reserve URL http://*:5357/. Status 0x0. Process Id 0x4 Executable path   User S-1-5-18
08/22/2024 08:19:47,51046,Microsoft-Windows-DHCPv6-Client,System,Information,DHCPv6 client service is started
08/22/2024 08:19:47,50036,Microsoft-Windows-Dhcp-Client,System,Information,DHCPv4 client service is started
08/22/2024 08:19:47,50103,Microsoft-Windows-Dhcp-Client,System,Information,DHCPv4 client registered for shutdown notification
08/22/2024 08:19:47,50036,Microsoft-Windows-Dhcp-Client,System,Information,DHCPv4 client service is started
08/22/2024 08:19:46,6,Microsoft-Windows-FilterManager,System,Information,File System Filter 'bindflt' (10.0  ‎2032‎-‎10‎-‎20T11:22:30.000000000Z) has successfully loaded and registered with Filter Manager.
08/22/2024 08:19:46,6,Microsoft-Windows-FilterManager,System,Information,File System Filter 'UCPD' (10.0  ‎2103‎-‎03‎-‎14T10:38:32.000000000Z) has successfully loaded and registered with Filter Manager.
08/22/2024 08:19:46,6,Microsoft-Windows-FilterManager,System,Information,File System Filter 'storqosflt' (10.0  ‎2065‎-‎11‎-‎25T17:15:59.000000000Z) has successfully loaded and registered with Filter Manager.
08/22/2024 08:19:46,6,Microsoft-Windows-FilterManager,System,Information,File System Filter 'CldFlt' (10.0  ‎2080‎-‎01‎-‎18T15:04:40.000000000Z) has successfully loaded and registered with Filter Manager.
08/22/2024 08:19:46,1,Microsoft-Windows-FilterManager,System,Information,File System Filter 'CldFlt' (Version 10.0  ‎2080‎-‎01‎-‎18T15:04:40.000000000Z) unloaded successfully.
08/22/2024 08:19:46,6,Microsoft-Windows-FilterManager,System,Information,File System Filter 'CldFlt' (10.0  ‎2080‎-‎01‎-‎18T15:04:40.000000000Z) has successfully loaded and registered with Filter Manager.
08/22/2024 08:19:46,6,Microsoft-Windows-FilterManager,System,Information,File System Filter 'wcifs' (10.0  ‎2086‎-‎02‎-‎08T09:15:17.000000000Z) has successfully loaded and registered with Filter Manager.
08/22/2024 08:19:46,6,Microsoft-Windows-FilterManager,System,Information,File System Filter 'luafv' (10.0  ‎1988‎-‎06‎-‎14T09:36:35.000000000Z) has successfully loaded and registered with Filter Manager.
08/22/2024 08:19:46,6,Microsoft-Windows-FilterManager,System,Information,File System Filter 'bfs' (10.0  ‎2013‎-‎09‎-‎14T14:21:10.000000000Z) has successfully loaded and registered with Filter Manager.
08/22/2024 08:19:46,6,Microsoft-Windows-FilterManager,System,Information,File System Filter 'applockerfltr' (10.0  ‎2008‎-‎07‎-‎13T07:16:33.000000000Z) has successfully loaded and registered with Filter Manager.
08/22/2024 08:19:44,16983,Microsoft-Windows-Directory-Services-SAM,System,Information,The security account manager is now logging periodic summary events for remote clients that call legacy password change or set RPC methods.    For more information please see https://go.microsoft.com/fwlink/?linkid=2150956.  
08/22/2024 08:19:44,16977,Microsoft-Windows-Directory-Services-SAM,System,Information,The domain is configured with the following minimum password length-related settings.    MinimumPasswordLength: 0    RelaxMinimumPasswordLengthLimits: 0    MinimumPasswordLengthAudit: -1    For more information see https://go.microsoft.com/fwlink/?LinkId=2097191.  
08/22/2024 08:19:44,16962,Microsoft-Windows-Directory-Services-SAM,System,Information,Remote calls to the SAM database are being restricted using the default security descriptor: O:SYG:SYD:(A;;RC;;;BA).  For more information please see http://go.microsoft.com/fwlink/?LinkId=787651.
08/22/2024 08:19:44,6155,LsaSrv,System,Warning,LSA package is not signed as expected. This can cause unexpected behaviour with Credential Guard.    PackageName: msv1_0
08/22/2024 08:19:44,6155,LsaSrv,System,Warning,LSA package is not signed as expected. This can cause unexpected behaviour with Credential Guard.    PackageName: sfapm
08/22/2024 08:19:44,6155,LsaSrv,System,Warning,LSA package is not signed as expected. This can cause unexpected behaviour with Credential Guard.    PackageName: schannel
08/22/2024 08:19:44,6155,LsaSrv,System,Warning,LSA package is not signed as expected. This can cause unexpected behaviour with Credential Guard.    PackageName: wdigest
08/22/2024 08:19:44,6155,LsaSrv,System,Warning,LSA package is not signed as expected. This can cause unexpected behaviour with Credential Guard.    PackageName: cloudap
08/22/2024 08:19:44,6155,LsaSrv,System,Warning,LSA package is not signed as expected. This can cause unexpected behaviour with Credential Guard.    PackageName: pku2u
08/22/2024 08:19:44,6155,LsaSrv,System,Warning,LSA package is not signed as expected. This can cause unexpected behaviour with Credential Guard.    PackageName: tspkg
08/22/2024 08:19:44,6155,LsaSrv,System,Warning,LSA package is not signed as expected. This can cause unexpected behaviour with Credential Guard.    PackageName: msv1_0
08/22/2024 08:19:44,6155,LsaSrv,System,Warning,LSA package is not signed as expected. This can cause unexpected behaviour with Credential Guard.    PackageName: kerberos
08/22/2024 08:19:44,6155,LsaSrv,System,Warning,LSA package is not signed as expected. This can cause unexpected behaviour with Credential Guard.    PackageName: negoexts
08/22/2024 08:19:44,6156,LsaSrv,System,Information,Virtualization Based Security for Credential Guard auto enablement status.    Hardware Requirements:	1  Domain Joined:	0  Azure AD Joined:	0
08/22/2024 08:19:44,15,Microsoft-Windows-Wininit,System,Warning,Credential Guard and/or VBS Key Isolation are configured but the secure kernel is not running; continuing without them.
08/22/2024 08:19:44,14,Microsoft-Windows-Wininit,System,Information,Credential Guard configuration:    Registry Configuration: 0x2  Test Configuration: 0  Auto Enablement: 1
08/22/2024 08:19:44,28,BTHUSB,System,Warning,The local adapter does not support Bluetooth Low Energy.
08/22/2024 08:19:44,48,BTHUSB,System,Warning,The local adapter does not support reading the encryption key size for a connected device. Insecure devices may be able to connect to this system.
08/22/2024 08:19:44,18,BTHUSB,System,Information,Windows cannot store Bluetooth authentication codes (link keys) on the local adapter. Bluetooth keyboards might not work in the system BIOS during start-up.
08/22/2024 08:19:44,24,Microsoft-Windows-Kernel-General,System,Information,The time zone information was refreshed with exit reason 0. Current time zone bias is -600.
08/22/2024 08:19:44,32,e1i68x64,System,Information,Intel(R) 82574L Gigabit Network Connection   Network link has been established at 1Gbps full duplex.  
08/22/2024 08:19:43,98,Microsoft-Windows-Ntfs,System,Information,Volume \\?\Volume{d9b9caa7-d116-4f4b-b8da-f83035d85e80} (\Device\HarddiskVolume4) is healthy.  No action is needed.
08/22/2024 08:19:43,55,Microsoft-Windows-Kernel-Processor-Power,System,Information,Processor 1 in group 0 exposes the following power management capabilities:    Idle state type: ACPI Idle (C) States (1 state(s))    Performance state type: None  Nominal Frequency (MHz): 3302  Maximum performance percentage: 100  Minimum performance percentage: 100  Minimum throttle percentage: 100
08/22/2024 08:19:43,55,Microsoft-Windows-Kernel-Processor-Power,System,Information,Processor 0 in group 0 exposes the following power management capabilities:    Idle state type: ACPI Idle (C) States (1 state(s))    Performance state type: None  Nominal Frequency (MHz): 3302  Maximum performance percentage: 100  Minimum performance percentage: 100  Minimum throttle percentage: 100
08/22/2024 08:19:43,172,Microsoft-Windows-Kernel-Power,System,Information,Connectivity state in standby: Disconnected  Reason: NIC compliance
08/22/2024 08:19:43,6,Microsoft-Windows-FilterManager,System,Information,File System Filter 'npsvctrig' (10.0  ‎1979‎-‎12‎-‎20T02:12:41.000000000Z) has successfully loaded and registered with Filter Manager.
08/22/2024 08:19:43,6,Microsoft-Windows-FilterManager,System,Information,File System Filter 'FileCrypt' (10.0  ‎1983‎-‎08‎-‎19T12:58:35.000000000Z) has successfully loaded and registered with Filter Manager.
08/22/2024 08:19:42,98,Microsoft-Windows-Ntfs,System,Information,Volume C: (\Device\HarddiskVolume3) is healthy.  No action is needed.
08/22/2024 08:19:42,6,Microsoft-Windows-FilterManager,System,Information,File System Filter 'WdFilter' (10.0  ‎2006‎-‎11‎-‎03T07:54:47.000000000Z) has successfully loaded and registered with Filter Manager.
08/22/2024 08:19:42,6,Microsoft-Windows-FilterManager,System,Information,File System Filter 'Wof' (10.0  ‎2086‎-‎08‎-‎04T21:20:16.000000000Z) has successfully loaded and registered with Filter Manager.
08/22/2024 08:19:42,6,Microsoft-Windows-FilterManager,System,Information,File System Filter 'FileInfo' (10.0  ‎2079‎-‎02‎-‎27T08:03:00.000000000Z) has successfully loaded and registered with Filter Manager.
08/22/2024 08:19:40,3,vmci,System,Information,VMCI: Using capabilities (0x1c). 
08/22/2024 08:19:38,16,Microsoft-Windows-HAL,System,Information,The iommu fault reporting has been initialized.
08/22/2024 08:19:38,20,Microsoft-Windows-Kernel-General,System,Information,The leap second configuration has been updated.  Reason: Leap second data initialized from registry during boot  Leap seconds enabled: true  New leap second count: 0  Old leap second count: 0
08/22/2024 08:19:38,32,Microsoft-Windows-Kernel-Boot,System,Information,The bootmgr spent 0 ms waiting for user input.
08/22/2024 08:19:38,18,Microsoft-Windows-Kernel-Boot,System,Information,There are 0x1 boot options on this system.
08/22/2024 08:19:38,27,Microsoft-Windows-Kernel-Boot,System,Information,The boot type was 0x0.
08/22/2024 08:19:38,25,Microsoft-Windows-Kernel-Boot,System,Information,The boot menu policy was 0x1.
08/22/2024 08:19:38,238,Microsoft-Windows-Kernel-Boot,System,Information,EFI time zone bias: 2047. Daylight flags: 0. Firmware time: ‎2024‎-‎08‎-‎22T08:19:37.000000000Z.
08/22/2024 08:19:38,20,Microsoft-Windows-Kernel-Boot,System,Information,The last shutdown's success status was true. The last boot's success status was true.
08/22/2024 08:19:38,153,Microsoft-Windows-Kernel-Boot,System,Information,Virtualization-based security (policies: 0) is disabled.
08/22/2024 08:19:38,12,Microsoft-Windows-Kernel-General,System,Information,The operating system started at system time ‎2024‎-‎08‎-‎21T22:19:37.500000000Z.
08/22/2024 08:19:30,13,Microsoft-Windows-Kernel-General,System,Information,The operating system is shutting down at system time ‎2024‎-‎08‎-‎21T22:19:30.230124000Z.
08/22/2024 08:19:30,577,Microsoft-Windows-Kernel-Power,System,Information,The system has prepared for a system initiated reboot from Active.
08/22/2024 08:19:30,109,Microsoft-Windows-Kernel-Power,System,Information,The kernel power manager has initiated a shutdown transition.    Action: Power Action Reboot   Event Code: 0x0   Reason: Kernel API
08/22/2024 08:19:47,6013,EventLog,System,Information,The system uptime is 9 seconds.
08/22/2024 08:19:47,6005,EventLog,System,Information,The Event log service was started.
08/22/2024 08:19:47,6009,EventLog,System,Information,Microsoft (R) Windows (R) 10.00. 22631  Multiprocessor Free.
08/22/2024 08:19:29,50037,Microsoft-Windows-Dhcp-Client,System,Information,DHCPv4 client service is stopped. ShutDown Flag value is 1
08/22/2024 08:19:29,50106,Microsoft-Windows-Dhcp-Client,System,Information,DHCPv4 is waiting on DHCPv6 service to stop
08/22/2024 08:19:29,51057,Microsoft-Windows-DHCPv6-Client,System,Information,DHCPv6 client service stop is almost done.DHCP Context Ref count is 1
08/22/2024 08:19:29,51047,Microsoft-Windows-DHCPv6-Client,System,Information,DHCPv6 client service is stopped. ShutDown Flag value is 1
08/22/2024 08:19:29,50105,Microsoft-Windows-Dhcp-Client,System,Information,DHCPv4 client ProcessDHCPRequestForever received TERMINATE_EVENT
08/22/2024 08:19:29,50104,Microsoft-Windows-Dhcp-Client,System,Information,DHCPv4 client received shutdown notification
08/22/2024 08:19:29,6006,EventLog,System,Information,The Event log service was stopped.
08/22/2024 08:19:26,7002,Microsoft-Windows-Winlogon,System,Information,User Log-off Notification for Customer Experience Improvement Program
08/22/2024 08:19:24,1074,User32,System,Information,The process msiexec.exe has initiated the restart of computer DESKTOP-8CIK9L4 on behalf of user NT AUTHORITY\SYSTEM for the following reason: No title for this reason could be found   Reason Code: 0x80030002   Shut-down Type: restart   Comment: The Windows Installer initiated a system restart to complete or continue the configuration of 'VMware Tools'.
08/22/2024 08:18:58,7045,Service Control Manager,System,Information,A service was installed in the system.    Service Name:  VMware Snapshot Provider  Service File Name:  C:\Windows\system32\dllhost.exe /Processid:{C7200220-E2D2-4777-8932-71EFCD482CE7}  Service Type:  user mode service  Service Start Type:  demand start  Service Account:  NT AUTHORITY\LocalService
08/22/2024 08:18:56,7045,Service Control Manager,System,Information,A service was installed in the system.    Service Name:  VMware Tools  Service File Name:  "C:\Program Files\VMware\VMware Tools\vmtoolsd.exe"  Service Type:  user mode service  Service Start Type:  auto start  Service Account:  LocalSystem
08/22/2024 08:18:55,20003,Microsoft-Windows-UserPnp,System,Information,Driver Management has concluded the process to add Service VM3DService for Device Instance ID PCI\VEN_15AD&DEV_0405&SUBSYS_040515AD&REV_00\3&61AAA01&0&78 with the following status: 0.
08/22/2024 08:18:54,7045,Service Control Manager,System,Information,A service was installed in the system.    Service Name:  VMware SVGA Helper Service  Service File Name:  %SystemRoot%\system32\vm3dservice.exe  Service Type:  user mode service  Service Start Type:  auto start  Service Account:  LocalSystem
08/22/2024 08:18:54,20003,Microsoft-Windows-UserPnp,System,Information,Driver Management has concluded the process to add Service vm3dmp_loader for Device Instance ID PCI\VEN_15AD&DEV_0405&SUBSYS_040515AD&REV_00\3&61AAA01&0&78 with the following status: 0.
08/22/2024 08:18:54,7045,Service Control Manager,System,Information,A service was installed in the system.    Service Name:  vm3dmp_loader  Service File Name:  \SystemRoot\system32\DRIVERS\vm3dmp_loader.sys  Service Type:  kernel mode driver  Service Start Type:  demand start  Service Account:  
08/22/2024 08:18:54,20003,Microsoft-Windows-UserPnp,System,Information,Driver Management has concluded the process to add Service vm3dmp-stats for Device Instance ID PCI\VEN_15AD&DEV_0405&SUBSYS_040515AD&REV_00\3&61AAA01&0&78 with the following status: 0.
08/22/2024 08:18:54,7045,Service Control Manager,System,Information,A service was installed in the system.    Service Name:  vm3dmp-stats  Service File Name:  \SystemRoot\system32\DRIVERS\vm3dmp-stats.sys  Service Type:  kernel mode driver  Service Start Type:  demand start  Service Account:  
08/22/2024 08:18:54,20003,Microsoft-Windows-UserPnp,System,Information,Driver Management has concluded the process to add Service vm3dmp-debug for Device Instance ID PCI\VEN_15AD&DEV_0405&SUBSYS_040515AD&REV_00\3&61AAA01&0&78 with the following status: 0.
08/22/2024 08:18:54,7045,Service Control Manager,System,Information,A service was installed in the system.    Service Name:  vm3dmp-debug  Service File Name:  \SystemRoot\system32\DRIVERS\vm3dmp-debug.sys  Service Type:  kernel mode driver  Service Start Type:  demand start  Service Account:  
08/22/2024 08:18:54,20003,Microsoft-Windows-UserPnp,System,Information,Driver Management has concluded the process to add Service vm3dmp for Device Instance ID PCI\VEN_15AD&DEV_0405&SUBSYS_040515AD&REV_00\3&61AAA01&0&78 with the following status: 0.
08/22/2024 08:18:54,7045,Service Control Manager,System,Information,A service was installed in the system.    Service Name:  vm3dmp  Service File Name:  \SystemRoot\system32\DRIVERS\vm3dmp.sys  Service Type:  kernel mode driver  Service Start Type:  demand start  Service Account:  
08/22/2024 08:18:52,7045,Service Control Manager,System,Information,A service was installed in the system.    Service Name:  VMware Physical Disk Helper  Service File Name:  \SystemRoot\system32\DRIVERS\vmrawdsk.sys  Service Type:  kernel mode driver  Service Start Type:  system start  Service Account:  
08/22/2024 08:18:52,7045,Service Control Manager,System,Information,A service was installed in the system.    Service Name:  VMware Host Guest Client Redirector  Service File Name:  system32\DRIVERS\vmhgfs.sys  Service Type:  kernel mode driver  Service Start Type:  demand start  Service Account:  
08/22/2024 08:18:51,7045,Service Control Manager,System,Information,A service was installed in the system.    Service Name:  Memory Control Driver  Service File Name:  \SystemRoot\system32\DRIVERS\vmmemctl.sys  Service Type:  kernel mode driver  Service Start Type:  auto start  Service Account:  
08/22/2024 08:18:50,7045,Service Control Manager,System,Information,A service was installed in the system.    Service Name:  VMware Pointing Device  Service File Name:  \SystemRoot\System32\drivers\vmmouse.sys  Service Type:  kernel mode driver  Service Start Type:  demand start  Service Account:  
08/22/2024 08:18:50,7045,Service Control Manager,System,Information,A service was installed in the system.    Service Name:  VMware USB Pointing Device  Service File Name:  \SystemRoot\System32\drivers\vmusbmouse.sys  Service Type:  kernel mode driver  Service Start Type:  demand start  Service Account:  
08/22/2024 08:18:45,7040,Service Control Manager,System,Information,The start type of the Windows Socket 2.0 Non-IFS Service Provider Support Environment service was changed from disabled to system start.
08/22/2024 08:18:45,7045,Service Control Manager,System,Information,A service was installed in the system.    Service Name:  vSockets Virtual Machine Communication Interface Sockets driver  Service File Name:  \SystemRoot\system32\DRIVERS\vsock.sys  Service Type:  kernel mode driver  Service Start Type:  system start  Service Account:  
08/22/2024 08:18:45,7045,Service Control Manager,System,Information,A service was installed in the system.    Service Name:  VMware Alias Manager and Ticket Service  Service File Name:  "C:\Program Files\VMware\VMware Tools\VMware VGAuth\VGAuthService.exe"  Service Type:  user mode service  Service Start Type:  auto start  Service Account:  LocalSystem
08/22/2024 08:18:43,7040,Service Control Manager,System,Information,The start type of the Windows Modules Installer service was changed from demand start to auto start.
08/22/2024 08:18:05,7040,Service Control Manager,System,Information,The start type of the Program Compatibility Assistant Service service was changed from demand start to auto start.
08/22/2024 08:17:51,16,Microsoft-Windows-Kernel-General,System,Information,The access history in hive \??\C:\Users\Test-Lab\AppData\Local\Packages\Microsoft.WindowsStore_8wekyb3d8bbwe\Settings\settings.dat was cleared updating 3 keys and creating 1 modified pages.
08/22/2024 08:17:31,7040,Service Control Manager,System,Information,The start type of the Background Intelligent Transfer Service service was changed from demand start to auto start.
08/22/2024 08:16:34,16,Microsoft-Windows-Kernel-General,System,Information,The access history in hive \??\C:\Users\Test-Lab\AppData\Local\Packages\Microsoft.Windows.StartMenuExperienceHost_cw5n1h2txyewy\Settings\settings.dat was cleared updating 3 keys and creating 1 modified pages.
08/22/2024 08:16:31,16,Microsoft-Windows-Kernel-General,System,Information,The access history in hive \??\C:\Users\Test-Lab\AppData\Local\Packages\Microsoft.Windows.ContentDeliveryManager_cw5n1h2txyewy\Settings\settings.dat was cleared updating 3 keys and creating 1 modified pages.
08/22/2024 08:16:29,16,Microsoft-Windows-Kernel-General,System,Information,The access history in hive \??\C:\Users\Test-Lab\AppData\Local\Packages\MicrosoftWindows.Client.CBS_cw5n1h2txyewy\Settings\settings.dat was cleared updating 3 keys and creating 1 modified pages.
08/22/2024 08:16:26,1,Microsoft-Windows-Kernel-General,System,Information,The system time has changed to ‎2024‎-‎08‎-‎21T22:16:26.477419500Z from ‎2024‎-‎08‎-‎21T22:16:26.477419500Z.  Time Delta: 0 ms    Change Reason: System time adjusted to the new time zone.  Process: '\Device\HarddiskVolume3\Windows\System32\dllhost.exe' (PID 648).    RTC time: ‎2024‎-‎08‎-‎22T08:16:26.477419500Z  Current time zone bias: -600  RTC time is in UTC: false  System time was based on RTC time: false
08/22/2024 08:16:26,24,Microsoft-Windows-Kernel-General,System,Information,The time zone information was refreshed with exit reason 0. Current time zone bias is -600.
08/22/2024 08:16:26,22,Microsoft-Windows-Kernel-General,System,Information,The time zone bias has changed to -600 from -60.
08/22/2024 08:16:25,16,Microsoft-Windows-Kernel-General,System,Information,The access history in hive \??\C:\Users\Test-Lab\AppData\Local\Packages\Microsoft.AAD.BrokerPlugin_cw5n1h2txyewy\Settings\settings.dat was cleared updating 3 keys and creating 1 modified pages.
08/22/2024 08:16:22,10016,Microsoft-Windows-DistributedCOM,System,Warning,The machine-default permission settings do not grant Local Activation permission for the COM Server application with CLSID   {F87B28F1-DA9A-4F35-8EC0-800EFCF26B83}   and APPID   {0868DC9B-D9A2-4F64-9362-133CEA201299}   to the user NT AUTHORITY\NETWORK SERVICE SID (S-1-5-20) from address LocalHost (Using LRPC) running in the application container Unavailable SID (Unavailable). This security permission can be modified using the Component Services administrative tool.
08/22/2024 08:16:20,10016,Microsoft-Windows-DistributedCOM,System,Warning,The machine-default permission settings do not grant Local Activation permission for the COM Server application with CLSID   {F87B28F1-DA9A-4F35-8EC0-800EFCF26B83}   and APPID   {0868DC9B-D9A2-4F64-9362-133CEA201299}   to the user NT AUTHORITY\NETWORK SERVICE SID (S-1-5-20) from address LocalHost (Using LRPC) running in the application container Unavailable SID (Unavailable). This security permission can be modified using the Component Services administrative tool.
08/22/2024 08:16:16,10016,Microsoft-Windows-DistributedCOM,System,Warning,The application-specific permission settings do not grant Local Activation permission for the COM Server application with CLSID   {6B3B8D23-FA8D-40B9-8DBD-B950333E2C52}   and APPID   {4839DDB7-58C2-48F5-8283-E1D1807D0D7D}   to the user NT AUTHORITY\LOCAL SERVICE SID (S-1-5-19) from address LocalHost (Using LRPC) running in the application container Unavailable SID (Unavailable). This security permission can be modified using the Component Services administrative tool.
08/22/2024 08:16:16,10016,Microsoft-Windows-DistributedCOM,System,Warning,The application-specific permission settings do not grant Local Activation permission for the COM Server application with CLSID   {6B3B8D23-FA8D-40B9-8DBD-B950333E2C52}   and APPID   {4839DDB7-58C2-48F5-8283-E1D1807D0D7D}   to the user NT AUTHORITY\LOCAL SERVICE SID (S-1-5-19) from address LocalHost (Using LRPC) running in the application container Unavailable SID (Unavailable). This security permission can be modified using the Component Services administrative tool.
08/22/2024 08:16:15,1501,Microsoft-Windows-GroupPolicy,System,Information,The Group Policy settings for the user were processed successfully. There were no changes detected since the last successful processing of Group Policy.
08/22/2024 08:16:13,7001,Microsoft-Windows-Winlogon,System,Information,User Log-on Notification for Customer Experience Improvement Program
08/22/2024 08:15:37,19,Microsoft-Windows-WindowsUpdateClient,System,Information,Installation Successful: Windows successfully installed the following update: 2024-07 Cumulative Update for Windows 11 Version 23H2 for x64-based Systems (KB5040442)
08/22/2024 08:13:49,10016,Microsoft-Windows-DistributedCOM,System,Warning,The application-specific permission settings do not grant Local Launch permission for the COM Server application with CLSID   Windows.SecurityCenter.WscDataProtection   and APPID   Unavailable   to the user NT AUTHORITY\SYSTEM SID (S-1-5-18) from address LocalHost (Using LRPC) running in the application container Unavailable SID (Unavailable). This security permission can be modified using the Component Services administrative tool.
08/22/2024 08:12:10,7002,Microsoft-Windows-Winlogon,System,Information,User Log-off Notification for Customer Experience Improvement Program
08/22/2024 08:12:03,16,Microsoft-Windows-Kernel-General,System,Information,The access history in hive \??\C:\Users\defaultuser0\AppData\Local\Packages\MicrosoftWindows.Client.CBS_cw5n1h2txyewy\Settings\settings.dat was cleared updating 3 keys and creating 1 modified pages.
08/22/2024 08:12:03,16,Microsoft-Windows-Kernel-General,System,Information,The access history in hive \??\C:\Users\defaultuser0\AppData\Local\Packages\Microsoft.Windows.ShellExperienceHost_cw5n1h2txyewy\Settings\settings.dat was cleared updating 3 keys and creating 1 modified pages.
08/22/2024 08:11:58,1025,Microsoft-Windows-TPM-WMI,System,Information,The TPM was successfully provisioned and is now ready for use.
08/22/2024 08:11:57,1282,Microsoft-Windows-TPM-WMI,System,Information,The TBS device identifier has been generated.
08/22/2024 08:11:57,16,Microsoft-Windows-Kernel-General,System,Information,The access history in hive \??\C:\ProgramData\Microsoft\Windows\AppRepository\Packages\MicrosoftWindows.Client.CBS_1000.22700.1020.0_x64__cw5n1h2txyewy\ActivationStore.dat was cleared updating 0 keys and creating 0 modified pages.
08/22/2024 08:11:55,16,Microsoft-Windows-Kernel-General,System,Information,The access history in hive \??\C:\ProgramData\Microsoft\Windows\AppRepository\Packages\Microsoft.Windows.ShellExperienceHost_10.0.22621.3810_neutral_neutral_cw5n1h2txyewy\ActivationStore.dat was cleared updating 0 keys and creating 0 modified pages.
08/22/2024 08:11:53,16,Microsoft-Windows-Kernel-General,System,Information,The access history in hive \??\C:\ProgramData\Microsoft\Windows\AppRepository\Packages\Microsoft.LockApp_10.0.22621.3235_neutral__cw5n1h2txyewy\ActivationStore.dat was cleared updating 0 keys and creating 0 modified pages.
08/22/2024 08:11:53,16,Microsoft-Windows-Kernel-General,System,Information,The access history in hive \??\C:\ProgramData\Microsoft\Windows\AppRepository\Packages\Microsoft.ECApp_10.0.22621.3810_neutral__8wekyb3d8bbwe\ActivationStore.dat was cleared updating 0 keys and creating 0 modified pages.
08/22/2024 08:11:52,1014,Microsoft-Windows-DNS-Client,System,Warning,Name resolution for the name wpad timed out after none of the configured DNS servers responded. Client PID 2216.
08/22/2024 08:11:52,1796,Microsoft-Windows-TPM-WMI,System,Error,The Secure Boot update failed to update a Secure Boot variable with error Secure Boot is not enabled on this machine.. For more information  please see https://go.microsoft.com/fwlink/?linkid=2169931
08/22/2024 08:11:51,10016,Microsoft-Windows-DistributedCOM,System,Warning,The application-specific permission settings do not grant Local Activation permission for the COM Server application with CLSID   {6B3B8D23-FA8D-40B9-8DBD-B950333E2C52}   and APPID   {4839DDB7-58C2-48F5-8283-E1D1807D0D7D}   to the user NT AUTHORITY\LOCAL SERVICE SID (S-1-5-19) from address LocalHost (Using LRPC) running in the application container Unavailable SID (Unavailable). This security permission can be modified using the Component Services administrative tool.
08/22/2024 08:11:51,10016,Microsoft-Windows-DistributedCOM,System,Warning,The application-specific permission settings do not grant Local Activation permission for the COM Server application with CLSID   {6B3B8D23-FA8D-40B9-8DBD-B950333E2C52}   and APPID   {4839DDB7-58C2-48F5-8283-E1D1807D0D7D}   to the user NT AUTHORITY\LOCAL SERVICE SID (S-1-5-19) from address LocalHost (Using LRPC) running in the application container Unavailable SID (Unavailable). This security permission can be modified using the Component Services administrative tool.
08/22/2024 08:11:50,18,TPM,System,Information,This event triggers the Trusted Platform Module (TPM) provisioning/status check to run.
08/22/2024 08:11:50,7001,Microsoft-Windows-Winlogon,System,Information,User Log-on Notification for Customer Experience Improvement Program
08/22/2024 08:11:50,7040,Service Control Manager,System,Information,The start type of the Windows Modules Installer service was changed from auto start to demand start.
08/22/2024 08:11:47,7026,Service Control Manager,System,Information,The following boot-start or system-start driver(s) did not load:   dam
08/22/2024 08:11:46,112,Microsoft-Windows-HttpService,System,Information,Attempted to reserve URL http://+:10247/apps/. Status 0x0. Process Id 0x4 Executable path   User S-1-5-18
08/22/2024 08:11:46,112,Microsoft-Windows-HttpService,System,Information,Attempted to reserve URL http://+:10246/MDEServer/. Status 0x0. Process Id 0x4 Executable path   User S-1-5-18
08/22/2024 08:11:46,112,Microsoft-Windows-HttpService,System,Information,Attempted to reserve URL http://+:3387/rdp/. Status 0x0. Process Id 0x4 Executable path   User S-1-5-18
08/22/2024 08:11:46,112,Microsoft-Windows-HttpService,System,Information,Attempted to reserve URL https://+:3392/rdp/. Status 0x0. Process Id 0x4 Executable path   User S-1-5-18
08/22/2024 08:11:46,112,Microsoft-Windows-HttpService,System,Information,Attempted to reserve URL http://+:10243/WMPNSSv4/. Status 0x0. Process Id 0x4 Executable path   User S-1-5-18
08/22/2024 08:11:46,112,Microsoft-Windows-HttpService,System,Information,Attempted to reserve URL https://+:10245/WMPNSSv4/. Status 0x0. Process Id 0x4 Executable path   User S-1-5-18
08/22/2024 08:11:46,112,Microsoft-Windows-HttpService,System,Information,Attempted to reserve URL https://+:443/sra_{BA195980-CD49-458b-9E23-C84EE0ADCD75}/. Status 0x0. Process Id 0x4 Executable path   User S-1-5-18
08/22/2024 08:11:46,112,Microsoft-Windows-HttpService,System,Information,Attempted to reserve URL http://+:80/116B50EB-ECE2-41ac-8429-9F9E963361B7/. Status 0x0. Process Id 0x4 Executable path   User S-1-5-18
08/22/2024 08:11:46,112,Microsoft-Windows-HttpService,System,Information,Attempted to reserve URL https://+:443/C574AC30-5794-4AEE-B1BB-6651C5315029/. Status 0x0. Process Id 0x4 Executable path   User S-1-5-18
08/22/2024 08:11:46,112,Microsoft-Windows-HttpService,System,Information,Attempted to reserve URL http://+:80/0131501b-d67f-491b-9a40-c4bf27bcb4d4/. Status 0x0. Process Id 0x4 Executable path   User S-1-5-18
08/22/2024 08:11:46,112,Microsoft-Windows-HttpService,System,Information,Attempted to reserve URL http://*:2869/. Status 0x0. Process Id 0x4 Executable path   User S-1-5-18
08/22/2024 08:11:46,112,Microsoft-Windows-HttpService,System,Information,Attempted to reserve URL http://+:5985/wsman/. Status 0x0. Process Id 0x4 Executable path   User S-1-5-18
08/22/2024 08:11:46,112,Microsoft-Windows-HttpService,System,Information,Attempted to reserve URL http://+:47001/wsman/. Status 0x0. Process Id 0x4 Executable path   User S-1-5-18
08/22/2024 08:11:46,112,Microsoft-Windows-HttpService,System,Information,Attempted to reserve URL https://+:5986/wsman/. Status 0x0. Process Id 0x4 Executable path   User S-1-5-18
08/22/2024 08:11:46,112,Microsoft-Windows-HttpService,System,Information,Attempted to reserve URL https://*:5358/. Status 0x0. Process Id 0x4 Executable path   User S-1-5-18
08/22/2024 08:11:46,112,Microsoft-Windows-HttpService,System,Information,Attempted to reserve URL http://+:80/Temporary_Listen_Addresses/. Status 0x0. Process Id 0x4 Executable path   User S-1-5-18
08/22/2024 08:11:46,112,Microsoft-Windows-HttpService,System,Information,Attempted to reserve URL http://*:5357/. Status 0x0. Process Id 0x4 Executable path   User S-1-5-18
08/22/2024 08:11:45,51046,Microsoft-Windows-DHCPv6-Client,System,Information,DHCPv6 client service is started
08/22/2024 08:11:45,50036,Microsoft-Windows-Dhcp-Client,System,Information,DHCPv4 client service is started
08/22/2024 08:11:45,50103,Microsoft-Windows-Dhcp-Client,System,Information,DHCPv4 client registered for shutdown notification
08/22/2024 08:11:45,50036,Microsoft-Windows-Dhcp-Client,System,Information,DHCPv4 client service is started
08/22/2024 08:11:45,6,Microsoft-Windows-FilterManager,System,Information,File System Filter 'bindflt' (10.0  ‎2032‎-‎10‎-‎20T02:22:30.000000000Z) has successfully loaded and registered with Filter Manager.
08/22/2024 08:11:45,6,Microsoft-Windows-FilterManager,System,Information,File System Filter 'UCPD' (10.0  ‎2103‎-‎03‎-‎14T01:38:32.000000000Z) has successfully loaded and registered with Filter Manager.
08/22/2024 08:11:45,6,Microsoft-Windows-FilterManager,System,Information,File System Filter 'storqosflt' (10.0  ‎2065‎-‎11‎-‎25T08:15:59.000000000Z) has successfully loaded and registered with Filter Manager.
08/22/2024 08:11:45,6,Microsoft-Windows-FilterManager,System,Information,File System Filter 'CldFlt' (10.0  ‎2080‎-‎01‎-‎18T06:04:40.000000000Z) has successfully loaded and registered with Filter Manager.
08/22/2024 08:11:45,1,Microsoft-Windows-FilterManager,System,Information,File System Filter 'CldFlt' (Version 10.0  ‎2080‎-‎01‎-‎18T06:04:40.000000000Z) unloaded successfully.
08/22/2024 08:11:45,6,Microsoft-Windows-FilterManager,System,Information,File System Filter 'CldFlt' (10.0  ‎2080‎-‎01‎-‎18T06:04:40.000000000Z) has successfully loaded and registered with Filter Manager.
08/22/2024 08:11:45,6,Microsoft-Windows-FilterManager,System,Information,File System Filter 'luafv' (10.0  ‎1988‎-‎06‎-‎14T00:36:35.000000000Z) has successfully loaded and registered with Filter Manager.
08/22/2024 08:11:45,6,Microsoft-Windows-FilterManager,System,Information,File System Filter 'wcifs' (10.0  ‎2086‎-‎02‎-‎08T00:15:17.000000000Z) has successfully loaded and registered with Filter Manager.
08/22/2024 08:11:45,6,Microsoft-Windows-FilterManager,System,Information,File System Filter 'bfs' (10.0  ‎2013‎-‎09‎-‎14T05:21:10.000000000Z) has successfully loaded and registered with Filter Manager.
08/22/2024 08:11:44,6,Microsoft-Windows-FilterManager,System,Information,File System Filter 'applockerfltr' (10.0  ‎2008‎-‎07‎-‎12T22:16:33.000000000Z) has successfully loaded and registered with Filter Manager.
08/22/2024 08:11:44,16983,Microsoft-Windows-Directory-Services-SAM,System,Information,The security account manager is now logging periodic summary events for remote clients that call legacy password change or set RPC methods.    For more information please see https://go.microsoft.com/fwlink/?linkid=2150956.  
08/22/2024 08:11:44,16977,Microsoft-Windows-Directory-Services-SAM,System,Information,The domain is configured with the following minimum password length-related settings.    MinimumPasswordLength: 0    RelaxMinimumPasswordLengthLimits: 0    MinimumPasswordLengthAudit: -1    For more information see https://go.microsoft.com/fwlink/?LinkId=2097191.  
08/22/2024 08:11:44,16962,Microsoft-Windows-Directory-Services-SAM,System,Information,Remote calls to the SAM database are being restricted using the default security descriptor: O:SYG:SYD:(A;;RC;;;BA).  For more information please see http://go.microsoft.com/fwlink/?LinkId=787651.
08/22/2024 08:11:44,6155,LsaSrv,System,Warning,LSA package is not signed as expected. This can cause unexpected behaviour with Credential Guard.    PackageName: msv1_0
08/22/2024 08:11:44,6155,LsaSrv,System,Warning,LSA package is not signed as expected. This can cause unexpected behaviour with Credential Guard.    PackageName: sfapm
08/22/2024 08:11:44,6155,LsaSrv,System,Warning,LSA package is not signed as expected. This can cause unexpected behaviour with Credential Guard.    PackageName: schannel
08/22/2024 08:11:44,6155,LsaSrv,System,Warning,LSA package is not signed as expected. This can cause unexpected behaviour with Credential Guard.    PackageName: wdigest
08/22/2024 08:11:44,6155,LsaSrv,System,Warning,LSA package is not signed as expected. This can cause unexpected behaviour with Credential Guard.    PackageName: cloudap
08/22/2024 08:11:44,6155,LsaSrv,System,Warning,LSA package is not signed as expected. This can cause unexpected behaviour with Credential Guard.    PackageName: pku2u
08/22/2024 08:11:44,6155,LsaSrv,System,Warning,LSA package is not signed as expected. This can cause unexpected behaviour with Credential Guard.    PackageName: tspkg
08/22/2024 08:11:44,6155,LsaSrv,System,Warning,LSA package is not signed as expected. This can cause unexpected behaviour with Credential Guard.    PackageName: msv1_0
08/22/2024 08:11:44,6155,LsaSrv,System,Warning,LSA package is not signed as expected. This can cause unexpected behaviour with Credential Guard.    PackageName: kerberos
08/22/2024 08:11:44,6155,LsaSrv,System,Warning,LSA package is not signed as expected. This can cause unexpected behaviour with Credential Guard.    PackageName: negoexts
08/22/2024 08:11:44,6156,LsaSrv,System,Information,Virtualization Based Security for Credential Guard auto enablement status.    Hardware Requirements:	1  Domain Joined:	0  Azure AD Joined:	0
08/22/2024 08:11:44,15,Microsoft-Windows-Wininit,System,Warning,Credential Guard and/or VBS Key Isolation are configured but the secure kernel is not running; continuing without them.
08/22/2024 08:11:44,14,Microsoft-Windows-Wininit,System,Information,Credential Guard configuration:    Registry Configuration: 0x2  Test Configuration: 0  Auto Enablement: 1
08/22/2024 08:11:43,28,BTHUSB,System,Warning,The local adapter does not support Bluetooth Low Energy.
08/22/2024 08:11:43,48,BTHUSB,System,Warning,The local adapter does not support reading the encryption key size for a connected device. Insecure devices may be able to connect to this system.
08/22/2024 08:11:43,18,BTHUSB,System,Information,Windows cannot store Bluetooth authentication codes (link keys) on the local adapter. Bluetooth keyboards might not work in the system BIOS during start-up.
08/22/2024 08:11:43,24,Microsoft-Windows-Kernel-General,System,Information,The time zone information was refreshed with exit reason 0. Current time zone bias is -60.
08/22/2024 08:11:43,32,e1i68x64,System,Information,Intel(R) 82574L Gigabit Network Connection   Network link has been established at 1Gbps full duplex.  
08/22/2024 08:11:43,55,Microsoft-Windows-Kernel-Processor-Power,System,Information,Processor 1 in group 0 exposes the following power management capabilities:    Idle state type: ACPI Idle (C) States (1 state(s))    Performance state type: None  Nominal Frequency (MHz): 3302  Maximum performance percentage: 100  Minimum performance percentage: 100  Minimum throttle percentage: 100
08/22/2024 08:11:43,55,Microsoft-Windows-Kernel-Processor-Power,System,Information,Processor 0 in group 0 exposes the following power management capabilities:    Idle state type: ACPI Idle (C) States (1 state(s))    Performance state type: None  Nominal Frequency (MHz): 3302  Maximum performance percentage: 100  Minimum performance percentage: 100  Minimum throttle percentage: 100
08/22/2024 08:11:43,98,Microsoft-Windows-Ntfs,System,Information,Volume \\?\Volume{d9b9caa7-d116-4f4b-b8da-f83035d85e80} (\Device\HarddiskVolume4) is healthy.  No action is needed.
08/22/2024 08:11:43,172,Microsoft-Windows-Kernel-Power,System,Information,Connectivity state in standby: Disconnected  Reason: NIC compliance
08/22/2024 08:11:42,6,Microsoft-Windows-FilterManager,System,Information,File System Filter 'npsvctrig' (10.0  ‎1979‎-‎12‎-‎19T17:12:41.000000000Z) has successfully loaded and registered with Filter Manager.
