08/22/2024 07:48:23,25,Microsoft-Windows-Kernel-Boot,System,Information,The boot menu policy was 0x1.
08/22/2024 07:48:23,238,Microsoft-Windows-Kernel-Boot,System,Information,EFI time zone bias: 2047. Daylight flags: 0. Firmware time: ‎2024‎-‎08‎-‎21T22:48:21.000000000Z.
08/22/2024 07:48:23,20,Microsoft-Windows-Kernel-Boot,System,Information,The last shutdown's success status was true. The last boot's success status was true.
08/22/2024 07:48:23,153,Microsoft-Windows-Kernel-Boot,System,Information,Virtualization-based security (policies: 0) is disabled.
08/22/2024 07:48:23,12,Microsoft-Windows-Kernel-General,System,Information,The operating system started at system time ‎2024‎-‎08‎-‎21T21:48:22.500000000Z.
08/22/2024 07:48:15,13,Microsoft-Windows-Kernel-General,System,Information,The operating system is shutting down at system time ‎2024‎-‎08‎-‎21T21:48:15.231969800Z.
08/22/2024 07:48:15,577,Microsoft-Windows-Kernel-Power,System,Information,The system has prepared for a system initiated reboot from Active.
08/22/2024 07:48:15,109,Microsoft-Windows-Kernel-Power,System,Information,The kernel power manager has initiated a shutdown transition.    Action: Power Action Reboot   Event Code: 0x0   Reason: Kernel API
08/22/2024 07:48:11,7024,Service Control Manager,System,Error,The Background Intelligent Transfer Service service terminated with the following service-specific error:   A system shutdown is in progress. 
08/22/2024 07:48:11,16392,Microsoft-Windows-Bits-Client,System,Error,The BITS service failed to start.  Error 0x8007045B.
08/22/2024 07:48:10,50037,Microsoft-Windows-Dhcp-Client,System,Information,DHCPv4 client service is stopped. ShutDown Flag value is 1
08/22/2024 07:48:10,50106,Microsoft-Windows-Dhcp-Client,System,Information,DHCPv4 is waiting on DHCPv6 service to stop
08/22/2024 07:48:10,51057,Microsoft-Windows-DHCPv6-Client,System,Information,DHCPv6 client service stop is almost done.DHCP Context Ref count is 1
08/22/2024 07:48:10,51047,Microsoft-Windows-DHCPv6-Client,System,Information,DHCPv6 client service is stopped. ShutDown Flag value is 1
08/22/2024 07:48:10,50105,Microsoft-Windows-Dhcp-Client,System,Information,DHCPv4 client ProcessDHCPRequestForever received TERMINATE_EVENT
08/22/2024 07:48:10,50104,Microsoft-Windows-Dhcp-Client,System,Information,DHCPv4 client received shutdown notification
08/22/2024 07:48:10,6006,EventLog,System,Information,The Event log service was stopped.
08/22/2024 07:48:07,7002,Microsoft-Windows-Winlogon,System,Information,User Log-off Notification for Customer Experience Improvement Program
08/22/2024 07:48:07,7040,Service Control Manager,System,Information,The start type of the Background Intelligent Transfer Service service was changed from demand start to auto start.
08/22/2024 07:48:06,1074,User32,System,Information,The process C:\Windows\System32\CloudExperienceHostBroker.exe (WIN-NMAT3LAS020) has initiated the restart of computer DESKTOP-8CIK9L4 on behalf of user NT AUTHORITY\SYSTEM for the following reason: Operating System: Reconfiguration (Unplanned)   Reason Code: 0x20004   Shut-down Type: restart   Comment: 
08/22/2024 07:47:44,16,Microsoft-Windows-Kernel-General,System,Information,The access history in hive \??\C:\Windows\System32\SMI\Store\Machine\schema.dat was cleared updating 14636 keys and creating 2471 modified pages.
08/22/2024 07:47:41,7040,Service Control Manager,System,Information,The start type of the Windows Modules Installer service was changed from demand start to auto start.
08/22/2024 07:47:41,43,Microsoft-Windows-WindowsUpdateClient,System,Information,Installation Started: Windows has started installing the following update: 2024-07 Update for Windows 11 Version 23H2 for x64-based Systems (KB5041655)
08/22/2024 07:47:40,44,Microsoft-Windows-WindowsUpdateClient,System,Information,Windows Update started downloading an update.
08/22/2024 07:47:24,7030,Service Control Manager,System,Error,The Printer Extensions and Notifications service is marked as an interactive service. However  the system is configured to not allow interactive services. This service may not function properly.
08/22/2024 07:47:24,7045,Service Control Manager,System,Information,A service was installed in the system.    Service Name:  Printer Extensions and Notifications  Service File Name:  %SystemRoot%\system32\svchost.exe -k print  Service Type:  user mode service  Service Start Type:  demand start  Service Account:  LocalSystem
08/22/2024 07:46:55,1,Microsoft-Windows-Kernel-General,System,Information,The system time has changed to ‎2024‎-‎08‎-‎21T21:46:55.891152600Z from ‎2024‎-‎08‎-‎21T21:46:55.891152600Z.  Time Delta: 0 ms    Change Reason: System time adjusted to the new time zone.  Process: '\Device\HarddiskVolume3\Windows\System32\CloudExperienceHostBroker.exe' (PID 5536).    RTC time: ‎2024‎-‎08‎-‎21T22:46:55.891152600Z  Current time zone bias: -60  RTC time is in UTC: false  System time was based on RTC time: false
08/22/2024 07:46:55,24,Microsoft-Windows-Kernel-General,System,Information,The time zone information was refreshed with exit reason 0. Current time zone bias is -60.
08/22/2024 07:46:55,16,Microsoft-Windows-Kernel-General,System,Information,The access history in hive \??\C:\Users\Default\NTUSER.DAT was cleared updating 35 keys and creating 7 modified pages.
08/22/2024 07:46:38,16,Microsoft-Windows-Kernel-General,System,Information,The access history in hive \??\C:\Users\defaultuser0\AppData\Local\Packages\Microsoft.Windows.ContentDeliveryManager_cw5n1h2txyewy\Settings\settings.dat was cleared updating 3 keys and creating 1 modified pages.
08/22/2024 07:46:36,16,Microsoft-Windows-Kernel-General,System,Information,The access history in hive \??\C:\Users\defaultuser0\AppData\Local\Packages\Microsoft.Windows.CloudExperienceHost_cw5n1h2txyewy\Settings\settings.dat was cleared updating 3 keys and creating 1 modified pages.
08/22/2024 07:46:35,11,Microsoft-Windows-Kernel-General,System,Information,TxR init phase for hive \SystemRoot\System32\AppLocker\AppCache.dat (TM: {354cca82-6052-11ef-b178-2c6dc136b7de}  RM: {354cca81-6052-11ef-b178-2c6dc136b7de}) finished with result=0xC0000022 (Internal code=7).
08/22/2024 07:46:30,16,Microsoft-Windows-Kernel-General,System,Information,The access history in hive \??\C:\Windows\AppCompat\Programs\Amcache.hve was cleared updating 0 keys and creating 0 modified pages.
08/22/2024 07:46:30,10016,Microsoft-Windows-DistributedCOM,System,Warning,The application-specific permission settings do not grant Local Activation permission for the COM Server application with CLSID   {6B3B8D23-FA8D-40B9-8DBD-B950333E2C52}   and APPID   {4839DDB7-58C2-48F5-8283-E1D1807D0D7D}   to the user NT AUTHORITY\LOCAL SERVICE SID (S-1-5-19) from address LocalHost (Using LRPC) running in the application container Unavailable SID (Unavailable). This security permission can be modified using the Component Services administrative tool.
08/22/2024 07:46:30,10016,Microsoft-Windows-DistributedCOM,System,Warning,The application-specific permission settings do not grant Local Activation permission for the COM Server application with CLSID   {6B3B8D23-FA8D-40B9-8DBD-B950333E2C52}   and APPID   {4839DDB7-58C2-48F5-8283-E1D1807D0D7D}   to the user NT AUTHORITY\LOCAL SERVICE SID (S-1-5-19) from address LocalHost (Using LRPC) running in the application container Unavailable SID (Unavailable). This security permission can be modified using the Component Services administrative tool.
08/22/2024 07:46:29,1501,Microsoft-Windows-GroupPolicy,System,Information,The Group Policy settings for the user were processed successfully. There were no changes detected since the last successful processing of Group Policy.
08/22/2024 07:46:29,1034,Microsoft-Windows-TPM-WMI,System,Information,Secure Boot Dbx update applied successfully
08/22/2024 07:46:29,16,Microsoft-Windows-Kernel-General,System,Information,The access history in hive \??\C:\Users\defaultuser0\AppData\Local\Microsoft\Windows\UsrClass.dat was cleared updating 6 keys and creating 1 modified pages.
08/22/2024 07:46:29,16,Microsoft-Windows-Kernel-General,System,Information,The access history in hive \??\C:\Users\defaultuser0\ntuser.dat was cleared updating 575 keys and creating 32 modified pages.
08/22/2024 07:46:29,7001,Microsoft-Windows-Winlogon,System,Information,User Log-on Notification for Customer Experience Improvement Program
08/22/2024 07:46:29,7040,Service Control Manager,System,Information,The start type of the Delivery Optimization service was changed from demand start to auto start.
08/22/2024 07:46:28,1500,Microsoft-Windows-GroupPolicy,System,Information,The Group Policy settings for the computer were processed successfully. There were no changes detected since the last successful processing of Group Policy.
08/22/2024 07:46:28,7040,Service Control Manager,System,Information,The start type of the Windows Modules Installer service was changed from auto start to demand start.
08/22/2024 07:46:27,15,Microsoft-Windows-Kernel-General,System,Information,Hive \??\C:\Windows\System32\config\COMPONENTS was reorganized with a starting size of 27136000 bytes and an ending size of 27136000 bytes.
08/22/2024 07:46:27,1014,Microsoft-Windows-DNS-Client,System,Warning,Name resolution for the name wpad timed out after none of the configured DNS servers responded. Client PID 2628.
08/22/2024 07:46:25,1,Microsoft-Windows-Kernel-General,System,Information,The system time has changed to ‎2024‎-‎08‎-‎21T21:46:25.900770500Z from ‎2024‎-‎08‎-‎21T21:46:25.897644300Z.  Time Delta: 3 ms    Change Reason: An application or system component changed the time.  Process: '\Device\HarddiskVolume3\Windows\System32\svchost.exe' (PID 1528).    RTC time: ‎2024‎-‎08‎-‎21T22:46:25.900770500Z  Current time zone bias: -60  RTC time is in UTC: false  System time was based on RTC time: false
08/22/2024 07:46:25,24,Microsoft-Windows-Kernel-General,System,Information,The time zone information was refreshed with exit reason 0. Current time zone bias is -60.
08/22/2024 07:46:24,1,Microsoft-Windows-Kernel-General,System,Information,The system time has changed to ‎2024‎-‎08‎-‎21T21:46:24.741248700Z from ‎2024‎-‎08‎-‎21T21:46:24.740835000Z.  Time Delta: 0 ms    Change Reason: An application or system component changed the time.  Process: '\Device\HarddiskVolume3\Windows\System32\svchost.exe' (PID 1528).    RTC time: ‎2024‎-‎08‎-‎21T22:46:24.741248700Z  Current time zone bias: -60  RTC time is in UTC: false  System time was based on RTC time: false
08/22/2024 07:46:24,24,Microsoft-Windows-Kernel-General,System,Information,The time zone information was refreshed with exit reason 0. Current time zone bias is -60.
08/22/2024 07:46:24,35,Microsoft-Windows-Time-Service,System,Information,The time service is now synchronizing the system time with the time source time.windows.com 0x9 (ntp.m|0x9|0.0.0.0:123->52.148.114.188:123) with reference id 3161625652. Current local stratum number is 4.
08/22/2024 07:46:24,52,Microsoft-Windows-Time-Service,System,Warning,The time service has set the time with offset 32399 seconds.
08/22/2024 07:46:24,1,Microsoft-Windows-Kernel-General,System,Information,The system time has changed to ‎2024‎-‎08‎-‎21T21:46:24.740835000Z from ‎2024‎-‎08‎-‎22T06:46:24.124756300Z.  Time Delta: -32399383 ms    Change Reason: An application or system component changed the time.  Process: '\Device\HarddiskVolume3\Windows\System32\svchost.exe' (PID 1528).    RTC time: ‎2024‎-‎08‎-‎21T22:46:24.740835000Z  Current time zone bias: -60  RTC time is in UTC: false  System time was based on RTC time: false
08/22/2024 07:46:24,24,Microsoft-Windows-Kernel-General,System,Information,The time zone information was refreshed with exit reason 0. Current time zone bias is -60.
08/22/2024 16:46:24,1025,Microsoft-Windows-TPM-WMI,System,Information,The TPM was successfully provisioned and is now ready for use.
08/22/2024 16:46:23,1,Microsoft-Windows-Kernel-General,System,Information,The system time has changed to ‎2024‎-‎08‎-‎22T06:46:23.062138100Z from ‎2024‎-‎08‎-‎22T06:46:23.062138100Z.  Time Delta: 0 ms    Change Reason: System time adjusted to the new time zone.  Process: '\Device\HarddiskVolume3\Windows\System32\oobe\msoobe.exe' (PID 1300).    RTC time: ‎2024‎-‎08‎-‎22T07:46:23.062138100Z  Current time zone bias: -60  RTC time is in UTC: false  System time was based on RTC time: false
08/22/2024 16:46:23,24,Microsoft-Windows-Kernel-General,System,Information,The time zone information was refreshed with exit reason 0. Current time zone bias is -60.
08/22/2024 16:46:21,1282,Microsoft-Windows-TPM-WMI,System,Information,The TBS device identifier has been generated.
08/22/2024 16:46:20,37,Microsoft-Windows-Time-Service,System,Information,The time provider NtpClient is currently receiving valid time data from time.windows.com 0x9 (ntp.m|0x9|0.0.0.0:123->52.148.114.188:123).
08/22/2024 16:46:20,18,TPM,System,Information,This event triggers the Trusted Platform Module (TPM) provisioning/status check to run.
08/22/2024 16:46:20,7026,Service Control Manager,System,Information,The following boot-start or system-start driver(s) did not load:   dam
08/22/2024 16:46:20,112,Microsoft-Windows-HttpService,System,Information,Attempted to reserve URL http://+:10243/WMPNSSv4/. Status 0x0. Process Id 0x4 Executable path   User S-1-5-18
08/22/2024 16:46:20,112,Microsoft-Windows-HttpService,System,Information,Attempted to reserve URL https://+:10245/WMPNSSv4/. Status 0x0. Process Id 0x4 Executable path   User S-1-5-18
08/22/2024 16:46:20,112,Microsoft-Windows-HttpService,System,Information,Attempted to reserve URL http://+:10247/apps/. Status 0x0. Process Id 0x4 Executable path   User S-1-5-18
08/22/2024 16:46:20,112,Microsoft-Windows-HttpService,System,Information,Attempted to reserve URL https://+:443/sra_{BA195980-CD49-458b-9E23-C84EE0ADCD75}/. Status 0x0. Process Id 0x4 Executable path   User S-1-5-18
08/22/2024 16:46:20,112,Microsoft-Windows-HttpService,System,Information,Attempted to reserve URL http://+:3387/rdp/. Status 0x0. Process Id 0x4 Executable path   User S-1-5-18
08/22/2024 16:46:20,112,Microsoft-Windows-HttpService,System,Information,Attempted to reserve URL https://+:3392/rdp/. Status 0x0. Process Id 0x4 Executable path   User S-1-5-18
08/22/2024 16:46:20,112,Microsoft-Windows-HttpService,System,Information,Attempted to reserve URL http://+:10246/MDEServer/. Status 0x0. Process Id 0x4 Executable path   User S-1-5-18
08/22/2024 16:46:20,112,Microsoft-Windows-HttpService,System,Information,Attempted to reserve URL http://+:80/116B50EB-ECE2-41ac-8429-9F9E963361B7/. Status 0x0. Process Id 0x4 Executable path   User S-1-5-18
08/22/2024 16:46:20,112,Microsoft-Windows-HttpService,System,Information,Attempted to reserve URL https://+:443/C574AC30-5794-4AEE-B1BB-6651C5315029/. Status 0x0. Process Id 0x4 Executable path   User S-1-5-18
08/22/2024 16:46:20,112,Microsoft-Windows-HttpService,System,Information,Attempted to reserve URL http://+:80/0131501b-d67f-491b-9a40-c4bf27bcb4d4/. Status 0x0. Process Id 0x4 Executable path   User S-1-5-18
08/22/2024 16:46:20,112,Microsoft-Windows-HttpService,System,Information,Attempted to reserve URL http://*:2869/. Status 0x0. Process Id 0x4 Executable path   User S-1-5-18
08/22/2024 16:46:20,112,Microsoft-Windows-HttpService,System,Information,Attempted to reserve URL http://+:5985/wsman/. Status 0x0. Process Id 0x4 Executable path   User S-1-5-18
08/22/2024 16:46:20,112,Microsoft-Windows-HttpService,System,Information,Attempted to reserve URL http://+:47001/wsman/. Status 0x0. Process Id 0x4 Executable path   User S-1-5-18
08/22/2024 16:46:20,112,Microsoft-Windows-HttpService,System,Information,Attempted to reserve URL https://+:5986/wsman/. Status 0x0. Process Id 0x4 Executable path   User S-1-5-18
08/22/2024 16:46:20,112,Microsoft-Windows-HttpService,System,Information,Attempted to reserve URL https://*:5358/. Status 0x0. Process Id 0x4 Executable path   User S-1-5-18
08/22/2024 16:46:20,112,Microsoft-Windows-HttpService,System,Information,Attempted to reserve URL http://+:80/Temporary_Listen_Addresses/. Status 0x0. Process Id 0x4 Executable path   User S-1-5-18
08/22/2024 16:46:20,112,Microsoft-Windows-HttpService,System,Information,Attempted to reserve URL http://*:5357/. Status 0x0. Process Id 0x4 Executable path   User S-1-5-18
08/22/2024 16:46:19,6,Microsoft-Windows-FilterManager,System,Information,File System Filter 'bindflt' (10.0  ‎2032‎-‎10‎-‎20T02:22:30.000000000Z) has successfully loaded and registered with Filter Manager.
08/22/2024 16:46:19,6,Microsoft-Windows-FilterManager,System,Information,File System Filter 'storqosflt' (10.0  ‎2039‎-‎04‎-‎22T02:36:38.000000000Z) has successfully loaded and registered with Filter Manager.
08/22/2024 16:46:19,6,Microsoft-Windows-FilterManager,System,Information,File System Filter 'CldFlt' (10.0  ‎2060‎-‎03‎-‎21T03:17:45.000000000Z) has successfully loaded and registered with Filter Manager.
08/22/2024 16:46:19,1,Microsoft-Windows-FilterManager,System,Information,File System Filter 'CldFlt' (Version 10.0  ‎2060‎-‎03‎-‎21T03:17:45.000000000Z) unloaded successfully.
08/22/2024 16:46:19,6,Microsoft-Windows-FilterManager,System,Information,File System Filter 'CldFlt' (10.0  ‎2060‎-‎03‎-‎21T03:17:45.000000000Z) has successfully loaded and registered with Filter Manager.
08/22/2024 16:46:19,6,Microsoft-Windows-FilterManager,System,Information,File System Filter 'luafv' (10.0  ‎2059‎-‎02‎-‎13T10:28:11.000000000Z) has successfully loaded and registered with Filter Manager.
08/22/2024 16:46:19,6,Microsoft-Windows-FilterManager,System,Information,File System Filter 'wcifs' (10.0  ‎2089‎-‎07‎-‎06T18:42:00.000000000Z) has successfully loaded and registered with Filter Manager.
08/22/2024 16:46:19,6,Microsoft-Windows-FilterManager,System,Information,File System Filter 'bfs' (10.0  ‎1989‎-‎12‎-‎07T11:41:03.000000000Z) has successfully loaded and registered with Filter Manager.
08/22/2024 16:46:19,51046,Microsoft-Windows-DHCPv6-Client,System,Information,DHCPv6 client service is started
08/22/2024 16:46:19,50036,Microsoft-Windows-Dhcp-Client,System,Information,DHCPv4 client service is started
08/22/2024 16:46:19,50103,Microsoft-Windows-Dhcp-Client,System,Information,DHCPv4 client registered for shutdown notification
08/22/2024 16:46:19,50036,Microsoft-Windows-Dhcp-Client,System,Information,DHCPv4 client service is started
08/22/2024 16:46:19,6,Microsoft-Windows-FilterManager,System,Information,File System Filter 'applockerfltr' (10.0  ‎2008‎-‎07‎-‎12T22:16:33.000000000Z) has successfully loaded and registered with Filter Manager.
08/22/2024 16:46:19,134,Microsoft-Windows-Time-Service,System,Warning,NtpClient was unable to set a manual peer to use as a time source because of DNS resolution error on 'time.windows.com 0x9'. NtpClient will try again in 15 minutes and double the reattempt interval thereafter. The error was: No such host is known. (0x80072AF9)
08/22/2024 16:46:18,16,Microsoft-Windows-Kernel-General,System,Information,The access history in hive \??\C:\Users\Default\NTUSER.DAT was cleared updating 560 keys and creating 34 modified pages.
08/22/2024 16:46:12,16983,Microsoft-Windows-Directory-Services-SAM,System,Information,The security account manager is now logging periodic summary events for remote clients that call legacy password change or set RPC methods.    For more information please see https://go.microsoft.com/fwlink/?linkid=2150956.  
08/22/2024 16:46:12,16977,Microsoft-Windows-Directory-Services-SAM,System,Information,The domain is configured with the following minimum password length-related settings.    MinimumPasswordLength: 0    RelaxMinimumPasswordLengthLimits: 0    MinimumPasswordLengthAudit: -1    For more information see https://go.microsoft.com/fwlink/?LinkId=2097191.  
08/22/2024 16:46:12,16962,Microsoft-Windows-Directory-Services-SAM,System,Information,Remote calls to the SAM database are being restricted using the default security descriptor: O:SYG:SYD:(A;;RC;;;BA).  For more information please see http://go.microsoft.com/fwlink/?LinkId=787651.
08/22/2024 16:46:12,6155,LsaSrv,System,Warning,LSA package is not signed as expected. This can cause unexpected behaviour with Credential Guard.    PackageName: msv1_0
08/22/2024 16:46:12,6155,LsaSrv,System,Warning,LSA package is not signed as expected. This can cause unexpected behaviour with Credential Guard.    PackageName: sfapm
08/22/2024 16:46:12,6155,LsaSrv,System,Warning,LSA package is not signed as expected. This can cause unexpected behaviour with Credential Guard.    PackageName: schannel
08/22/2024 16:46:12,6155,LsaSrv,System,Warning,LSA package is not signed as expected. This can cause unexpected behaviour with Credential Guard.    PackageName: wdigest
08/22/2024 16:46:12,6155,LsaSrv,System,Warning,LSA package is not signed as expected. This can cause unexpected behaviour with Credential Guard.    PackageName: cloudap
08/22/2024 16:46:12,6155,LsaSrv,System,Warning,LSA package is not signed as expected. This can cause unexpected behaviour with Credential Guard.    PackageName: pku2u
08/22/2024 16:46:12,6155,LsaSrv,System,Warning,LSA package is not signed as expected. This can cause unexpected behaviour with Credential Guard.    PackageName: tspkg
08/22/2024 16:46:12,6155,LsaSrv,System,Warning,LSA package is not signed as expected. This can cause unexpected behaviour with Credential Guard.    PackageName: msv1_0
08/22/2024 16:46:12,6155,LsaSrv,System,Warning,LSA package is not signed as expected. This can cause unexpected behaviour with Credential Guard.    PackageName: kerberos
08/22/2024 16:46:12,6155,LsaSrv,System,Warning,LSA package is not signed as expected. This can cause unexpected behaviour with Credential Guard.    PackageName: negoexts
08/22/2024 16:46:12,28,BTHUSB,System,Warning,The local adapter does not support Bluetooth Low Energy.
08/22/2024 16:46:12,6156,LsaSrv,System,Information,Virtualization Based Security for Credential Guard auto enablement status.    Hardware Requirements:	1  Domain Joined:	0  Azure AD Joined:	0
08/22/2024 16:46:12,48,BTHUSB,System,Warning,The local adapter does not support reading the encryption key size for a connected device. Insecure devices may be able to connect to this system.
08/22/2024 16:46:12,18,BTHUSB,System,Information,Windows cannot store Bluetooth authentication codes (link keys) on the local adapter. Bluetooth keyboards might not work in the system BIOS during start-up.
08/22/2024 16:46:12,15,Microsoft-Windows-Wininit,System,Warning,Credential Guard and/or VBS Key Isolation are configured but the secure kernel is not running; continuing without them.
08/22/2024 16:46:12,14,Microsoft-Windows-Wininit,System,Information,Credential Guard configuration:    Registry Configuration: 0x2  Test Configuration: 0  Auto Enablement: 1
08/22/2024 16:46:12,24,Microsoft-Windows-Kernel-General,System,Information,The time zone information was refreshed with exit reason 0. Current time zone bias is -60.
08/22/2024 16:46:12,32,e1i68x64,System,Information,Intel(R) 82574L Gigabit Network Connection   Network link has been established at 1Gbps full duplex.  
08/22/2024 16:46:12,55,Microsoft-Windows-Kernel-Processor-Power,System,Information,Processor 1 in group 0 exposes the following power management capabilities:    Idle state type: ACPI Idle (C) States (1 state(s))    Performance state type: None  Nominal Frequency (MHz): 3302  Maximum performance percentage: 100  Minimum performance percentage: 100  Minimum throttle percentage: 100
08/22/2024 16:46:12,55,Microsoft-Windows-Kernel-Processor-Power,System,Information,Processor 0 in group 0 exposes the following power management capabilities:    Idle state type: ACPI Idle (C) States (1 state(s))    Performance state type: None  Nominal Frequency (MHz): 3302  Maximum performance percentage: 100  Minimum performance percentage: 100  Minimum throttle percentage: 100
08/22/2024 16:46:12,98,Microsoft-Windows-Ntfs,System,Information,Volume \\?\Volume{d9b9caa7-d116-4f4b-b8da-f83035d85e80} (\Device\HarddiskVolume4) is healthy.  No action is needed.
08/22/2024 16:46:11,172,Microsoft-Windows-Kernel-Power,System,Information,Connectivity state in standby: Disconnected  Reason: NIC compliance
08/22/2024 16:46:11,6,Microsoft-Windows-FilterManager,System,Information,File System Filter 'npsvctrig' (10.0  ‎1979‎-‎12‎-‎19T17:12:41.000000000Z) has successfully loaded and registered with Filter Manager.
08/22/2024 16:46:11,6,Microsoft-Windows-FilterManager,System,Information,File System Filter 'FileCrypt' (10.0  ‎1983‎-‎08‎-‎19T03:58:35.000000000Z) has successfully loaded and registered with Filter Manager.
08/22/2024 16:46:11,98,Microsoft-Windows-Ntfs,System,Information,Volume C: (\Device\HarddiskVolume3) is healthy.  No action is needed.
08/22/2024 16:46:11,6,Microsoft-Windows-FilterManager,System,Information,File System Filter 'WdFilter' (10.0  ‎2006‎-‎11‎-‎02T22:54:47.000000000Z) has successfully loaded and registered with Filter Manager.
08/22/2024 16:46:11,6,Microsoft-Windows-FilterManager,System,Information,File System Filter 'Wof' (10.0  ‎2086‎-‎08‎-‎04T12:20:16.000000000Z) has successfully loaded and registered with Filter Manager.
08/22/2024 16:46:11,6,Microsoft-Windows-FilterManager,System,Information,File System Filter 'FileInfo' (10.0  ‎2079‎-‎02‎-‎26T23:03:00.000000000Z) has successfully loaded and registered with Filter Manager.
08/22/2024 16:46:07,16,Microsoft-Windows-HAL,System,Information,The iommu fault reporting has been initialized.
08/22/2024 16:46:07,20,Microsoft-Windows-Kernel-General,System,Information,The leap second configuration has been updated.  Reason: Leap second data initialized from registry during boot  Leap seconds enabled: true  New leap second count: 0  Old leap second count: 0
08/22/2024 16:46:07,32,Microsoft-Windows-Kernel-Boot,System,Information,The bootmgr spent 0 ms waiting for user input.
08/22/2024 16:46:07,18,Microsoft-Windows-Kernel-Boot,System,Information,There are 0x1 boot options on this system.
08/22/2024 16:46:07,27,Microsoft-Windows-Kernel-Boot,System,Information,The boot type was 0x0.
08/22/2024 16:46:07,25,Microsoft-Windows-Kernel-Boot,System,Information,The boot menu policy was 0x1.
08/22/2024 16:46:07,238,Microsoft-Windows-Kernel-Boot,System,Information,EFI time zone bias: 2047. Daylight flags: 0. Firmware time: ‎2024‎-‎08‎-‎22T07:46:06.000000000Z.
08/22/2024 16:46:07,20,Microsoft-Windows-Kernel-Boot,System,Information,The last shutdown's success status was true. The last boot's success status was true.
08/22/2024 16:46:07,153,Microsoft-Windows-Kernel-Boot,System,Information,Virtualization-based security (policies: 0) is disabled.
08/22/2024 16:46:19,6013,EventLog,System,Information,The system uptime is 13 seconds.
08/22/2024 16:46:19,6005,EventLog,System,Information,The Event log service was started.
08/22/2024 16:46:19,6009,EventLog,System,Information,Microsoft (R) Windows (R) 10.00. 22631  Multiprocessor Free.
08/22/2024 16:46:07,12,Microsoft-Windows-Kernel-General,System,Information,The operating system started at system time ‎2024‎-‎08‎-‎22T06:46:06.500000000Z.
08/22/2024 16:45:57,13,Microsoft-Windows-Kernel-General,System,Information,The operating system is shutting down at system time ‎2024‎-‎08‎-‎22T06:45:57.863799000Z.
08/22/2024 16:45:57,577,Microsoft-Windows-Kernel-Power,System,Information,The system has prepared for a system initiated reboot from Active.
08/22/2024 16:45:57,109,Microsoft-Windows-Kernel-Power,System,Information,The kernel power manager has initiated a shutdown transition.    Action: Power Action Reboot   Event Code: 0x0   Reason: Kernel API
08/22/2024 16:45:52,50037,Microsoft-Windows-Dhcp-Client,System,Information,DHCPv4 client service is stopped. ShutDown Flag value is 1
08/22/2024 16:45:52,51057,Microsoft-Windows-DHCPv6-Client,System,Information,DHCPv6 client service stop is almost done.DHCP Context Ref count is 1
08/22/2024 16:45:52,50106,Microsoft-Windows-Dhcp-Client,System,Information,DHCPv4 is waiting on DHCPv6 service to stop
08/22/2024 16:46:19,6011,EventLog,System,Information,The NetBIOS name and DNS host name of this machine have been changed from WIN-NMAT3LAS020 to DESKTOP-8CIK9L4.
08/22/2024 16:45:52,51047,Microsoft-Windows-DHCPv6-Client,System,Information,DHCPv6 client service is stopped. ShutDown Flag value is 1
08/22/2024 16:45:52,50105,Microsoft-Windows-Dhcp-Client,System,Information,DHCPv4 client ProcessDHCPRequestForever received TERMINATE_EVENT
08/22/2024 16:45:52,50104,Microsoft-Windows-Dhcp-Client,System,Information,DHCPv4 client received shutdown notification
08/22/2024 16:45:52,1025,Microsoft-Windows-TPM-WMI,System,Information,The TPM was successfully provisioned and is now ready for use.
08/22/2024 16:45:52,1074,User32,System,Information,The process C:\Windows\system32\winlogon.exe (MINWINPC) has initiated the restart of computer WIN-NMAT3LAS020 on behalf of user NT AUTHORITY\SYSTEM for the following reason: Operating System: Upgrade (Planned)   Reason Code: 0x80020003   Shut-down Type: restart   Comment: 
08/22/2024 16:45:51,1282,Microsoft-Windows-TPM-WMI,System,Information,The TBS device identifier has been generated.
08/22/2024 16:45:51,2004,Microsoft-Windows-Setup,System,Information,Successfully logged OS information
08/22/2024 16:45:51,2003,Microsoft-Windows-Setup,System,Information,Successfully logged Setup information
08/22/2024 16:45:52,6006,EventLog,System,Information,The Event log service was stopped.
08/22/2024 16:45:47,22,Microsoft-Windows-UserModePowerService,System,Information,Reapply power settings upon completion of the provisioning engine's turn 1
08/22/2024 16:45:44,16,Microsoft-Windows-Kernel-General,System,Information,The access history in hive \??\C:\ProgramData\Microsoft\Provisioning\Microsoft-Desktop-Provisioning-Sequence.dat was cleared updating 0 keys and creating 0 modified pages.
08/22/2024 16:45:43,16,Microsoft-Windows-Kernel-General,System,Information,The access history in hive \Device\HarddiskVolume1\EFI\Microsoft\Recovery\BCD was cleared updating 0 keys and creating 0 modified pages.
08/22/2024 16:45:43,16,Microsoft-Windows-Kernel-General,System,Information,The access history in hive \Device\HarddiskVolume1\EFI\Microsoft\Recovery\BCD was cleared updating 0 keys and creating 0 modified pages.
08/22/2024 16:45:43,16,Microsoft-Windows-Kernel-General,System,Information,The access history in hive \Device\HarddiskVolume1\EFI\Microsoft\Recovery\BCD was cleared updating 41 keys and creating 2 modified pages.
08/22/2024 16:45:42,98,Microsoft-Windows-Ntfs,System,Information,Volume \\?\Volume{d9b9caa7-d116-4f4b-b8da-f83035d85e80} (\Device\HarddiskVolume4) is healthy.  No action is needed.
08/22/2024 16:45:39,3,Virtual Disk Service,System,Information,Service started.
08/22/2024 16:45:37,16,Microsoft-Windows-Kernel-General,System,Information,The access history in hive \??\C:\ProgramData\Microsoft\Windows\AppRepository\Packages\MicrosoftWindows.Client.WebExperience_421.20070.195.0_x64__cw5n1h2txyewy\ActivationStore.dat was cleared updating 0 keys and creating 0 modified pages.
08/22/2024 16:45:26,16,Microsoft-Windows-Kernel-General,System,Information,The access history in hive \??\C:\ProgramData\Microsoft\Windows\AppRepository\Packages\Microsoft.ZuneVideo_10.22020.10021.0_x64__8wekyb3d8bbwe\ActivationStore.dat was cleared updating 0 keys and creating 0 modified pages.
08/22/2024 16:45:25,16,Microsoft-Windows-Kernel-General,System,Information,The access history in hive \??\C:\ProgramData\Microsoft\Windows\AppRepository\Packages\Microsoft.ZuneMusic_11.2202.46.0_x64__8wekyb3d8bbwe\ActivationStore.dat was cleared updating 0 keys and creating 0 modified pages.
08/22/2024 16:45:23,16,Microsoft-Windows-Kernel-General,System,Information,The access history in hive \??\C:\ProgramData\Microsoft\Windows\AppRepository\Packages\Microsoft.YourPhone_0.22022.147.0_x64__8wekyb3d8bbwe\ActivationStore.dat was cleared updating 0 keys and creating 0 modified pages.
08/22/2024 16:45:23,16,Microsoft-Windows-Kernel-General,System,Information,The access history in hive \??\C:\ProgramData\Microsoft\Windows\AppRepository\Packages\Microsoft.XboxSpeechToTextOverlay_1.17.29001.0_x64__8wekyb3d8bbwe\ActivationStore.dat was cleared updating 0 keys and creating 0 modified pages.
08/22/2024 16:45:22,16,Microsoft-Windows-Kernel-General,System,Information,The access history in hive \??\C:\ProgramData\Microsoft\Windows\AppRepository\Packages\Microsoft.XboxIdentityProvider_12.50.6001.0_x64__8wekyb3d8bbwe\ActivationStore.dat was cleared updating 0 keys and creating 0 modified pages.
08/22/2024 16:45:22,16,Microsoft-Windows-Kernel-General,System,Information,The access history in hive \??\C:\ProgramData\Microsoft\Windows\AppRepository\Packages\Microsoft.XboxGamingOverlay_2.622.3232.0_x64__8wekyb3d8bbwe\ActivationStore.dat was cleared updating 0 keys and creating 0 modified pages.
08/22/2024 16:45:21,16,Microsoft-Windows-Kernel-General,System,Information,The access history in hive \??\C:\ProgramData\Microsoft\Windows\AppRepository\Packages\Microsoft.XboxGameOverlay_1.47.2385.0_x64__8wekyb3d8bbwe\ActivationStore.dat was cleared updating 0 keys and creating 0 modified pages.
08/22/2024 16:45:21,16,Microsoft-Windows-Kernel-General,System,Information,The access history in hive \??\C:\ProgramData\Microsoft\Windows\AppRepository\Packages\Microsoft.Xbox.TCUI_1.23.28004.0_x64__8wekyb3d8bbwe\ActivationStore.dat was cleared updating 0 keys and creating 0 modified pages.
08/22/2024 16:45:20,16,Microsoft-Windows-Kernel-General,System,Information,The access history in hive \??\C:\ProgramData\Microsoft\Windows\AppRepository\Packages\Microsoft.WindowsTerminal_1.12.10983.0_x64__8wekyb3d8bbwe\ActivationStore.dat was cleared updating 0 keys and creating 0 modified pages.
08/22/2024 16:45:19,16,Microsoft-Windows-Kernel-General,System,Information,The access history in hive \??\C:\ProgramData\Microsoft\Windows\AppRepository\Packages\Microsoft.WindowsStore_22204.1400.4.0_x64__8wekyb3d8bbwe\ActivationStore.dat was cleared updating 0 keys and creating 0 modified pages.
08/22/2024 16:45:18,16,Microsoft-Windows-Kernel-General,System,Information,The access history in hive \??\C:\ProgramData\Microsoft\Windows\AppRepository\Packages\Microsoft.WindowsSoundRecorder_1.0.42.0_x64__8wekyb3d8bbwe\ActivationStore.dat was cleared updating 0 keys and creating 0 modified pages.
08/22/2024 16:45:17,16,Microsoft-Windows-Kernel-General,System,Information,The access history in hive \??\C:\ProgramData\Microsoft\Windows\AppRepository\Packages\Microsoft.WindowsNotepad_11.2112.32.0_x64__8wekyb3d8bbwe\ActivationStore.dat was cleared updating 0 keys and creating 0 modified pages.
08/22/2024 16:45:16,16,Microsoft-Windows-Kernel-General,System,Information,The access history in hive \??\C:\ProgramData\Microsoft\Windows\AppRepository\Packages\Microsoft.WindowsMaps_1.0.39.0_x64__8wekyb3d8bbwe\ActivationStore.dat was cleared updating 0 keys and creating 0 modified pages.
08/22/2024 16:45:15,16,Microsoft-Windows-Kernel-General,System,Information,The access history in hive \??\C:\ProgramData\Microsoft\Windows\AppRepository\Packages\Microsoft.WindowsFeedbackHub_1.2201.61.0_x64__8wekyb3d8bbwe\ActivationStore.dat was cleared updating 0 keys and creating 0 modified pages.
08/22/2024 16:45:14,16,Microsoft-Windows-Kernel-General,System,Information,The access history in hive \??\C:\ProgramData\Microsoft\Windows\AppRepository\Packages\microsoft.windowscommunicationsapps_16005.14326.20544.0_x64__8wekyb3d8bbwe\ActivationStore.dat was cleared updating 0 keys and creating 0 modified pages.
08/22/2024 16:45:10,16,Microsoft-Windows-Kernel-General,System,Information,The access history in hive \??\C:\ProgramData\Microsoft\Windows\AppRepository\Packages\Microsoft.WindowsCamera_2022.2201.4.0_x64__8wekyb3d8bbwe\ActivationStore.dat was cleared updating 0 keys and creating 0 modified pages.
08/22/2024 16:45:10,16,Microsoft-Windows-Kernel-General,System,Information,The access history in hive \??\C:\ProgramData\Microsoft\Windows\AppRepository\Packages\Microsoft.WindowsCalculator_10.2103.8.0_x64__8wekyb3d8bbwe\ActivationStore.dat was cleared updating 0 keys and creating 0 modified pages.
08/22/2024 16:45:09,16,Microsoft-Windows-Kernel-General,System,Information,The access history in hive \??\C:\ProgramData\Microsoft\Windows\AppRepository\Packages\Microsoft.WindowsAlarms_1.0.75.0_x64__8wekyb3d8bbwe\ActivationStore.dat was cleared updating 0 keys and creating 0 modified pages.
08/22/2024 16:45:08,16,Microsoft-Windows-Kernel-General,System,Information,The access history in hive \??\C:\ProgramData\Microsoft\Windows\AppRepository\Packages\Microsoft.Windows.Photos_21.21030.25003.0_x64__8wekyb3d8bbwe\ActivationStore.dat was cleared updating 0 keys and creating 0 modified pages.
08/22/2024 16:45:06,16,Microsoft-Windows-Kernel-General,System,Information,The access history in hive \??\C:\ProgramData\Microsoft\Windows\AppRepository\Packages\Microsoft.WebMediaExtensions_1.0.42192.0_x64__8wekyb3d8bbwe\ActivationStore.dat was cleared updating 0 keys and creating 0 modified pages.
08/22/2024 16:45:05,16,Microsoft-Windows-Kernel-General,System,Information,The access history in hive \??\C:\ProgramData\Microsoft\Windows\AppRepository\Packages\Microsoft.Todos_0.54.42772.0_x64__8wekyb3d8bbwe\ActivationStore.dat was cleared updating 0 keys and creating 0 modified pages.
08/22/2024 16:45:04,16,Microsoft-Windows-Kernel-General,System,Information,The access history in hive \??\C:\ProgramData\Microsoft\Windows\AppRepository\Packages\Microsoft.StorePurchaseApp_12008.1001.1.0_x64__8wekyb3d8bbwe\ActivationStore.dat was cleared updating 0 keys and creating 0 modified pages.
08/22/2024 16:45:04,16,Microsoft-Windows-Kernel-General,System,Information,The access history in hive \??\C:\ProgramData\Microsoft\Windows\AppRepository\Packages\Microsoft.SecHealthUI_1000.22621.1.0_x64__8wekyb3d8bbwe\ActivationStore.dat was cleared updating 0 keys and creating 0 modified pages.
08/22/2024 16:45:03,16,Microsoft-Windows-Kernel-General,System,Information,The access history in hive \??\C:\ProgramData\Microsoft\Windows\AppRepository\Packages\Microsoft.ScreenSketch_11.2201.12.0_x64__8wekyb3d8bbwe\ActivationStore.dat was cleared updating 0 keys and creating 0 modified pages.
08/22/2024 16:45:01,16,Microsoft-Windows-Kernel-General,System,Information,The access history in hive \??\C:\ProgramData\Microsoft\Windows\AppRepository\Packages\Microsoft.People_10.1909.12456.0_x64__8wekyb3d8bbwe\ActivationStore.dat was cleared updating 0 keys and creating 0 modified pages.
08/22/2024 16:45:00,16,Microsoft-Windows-Kernel-General,System,Information,The access history in hive \??\C:\ProgramData\Microsoft\Windows\AppRepository\Packages\Microsoft.Paint_11.2201.22.0_x64__8wekyb3d8bbwe\ActivationStore.dat was cleared updating 0 keys and creating 0 modified pages.
08/22/2024 16:44:58,16,Microsoft-Windows-Kernel-General,System,Information,The access history in hive \??\C:\ProgramData\Microsoft\Windows\AppRepository\Packages\Microsoft.MicrosoftStickyNotes_4.0.422.0_x64__8wekyb3d8bbwe\ActivationStore.dat was cleared updating 0 keys and creating 0 modified pages.
08/22/2024 16:44:57,16,Microsoft-Windows-Kernel-General,System,Information,The access history in hive \??\C:\ProgramData\Microsoft\Windows\AppRepository\Packages\Microsoft.MicrosoftSolitaireCollection_4.12.3171.0_x64__8wekyb3d8bbwe\ActivationStore.dat was cleared updating 0 keys and creating 0 modified pages.
08/22/2024 16:44:56,16,Microsoft-Windows-Kernel-General,System,Information,The access history in hive \??\C:\ProgramData\Microsoft\Windows\AppRepository\Packages\Microsoft.MicrosoftOfficeHub_18.2204.1141.0_x64__8wekyb3d8bbwe\ActivationStore.dat was cleared updating 0 keys and creating 0 modified pages.
08/22/2024 16:44:56,16,Microsoft-Windows-Kernel-General,System,Information,The access history in hive \??\C:\ProgramData\Microsoft\Windows\AppRepository\Packages\Microsoft.HEVCVideoExtension_1.0.50361.0_x64__8wekyb3d8bbwe\ActivationStore.dat was cleared updating 0 keys and creating 0 modified pages.
08/22/2024 16:44:54,16,Microsoft-Windows-Kernel-General,System,Information,The access history in hive \??\C:\ProgramData\Microsoft\Windows\AppRepository\Packages\Microsoft.Getstarted_10.2204.1.0_x64__8wekyb3d8bbwe\ActivationStore.dat was cleared updating 0 keys and creating 0 modified pages.
08/22/2024 16:44:53,16,Microsoft-Windows-Kernel-General,System,Information,The access history in hive \??\C:\ProgramData\Microsoft\Windows\AppRepository\Packages\Microsoft.GetHelp_10.2201.421.0_x64__8wekyb3d8bbwe\ActivationStore.dat was cleared updating 0 keys and creating 0 modified pages.
08/22/2024 16:44:53,16,Microsoft-Windows-Kernel-General,System,Information,The access history in hive \??\C:\ProgramData\Microsoft\Windows\AppRepository\Packages\Microsoft.GamingApp_2105.900.24.0_x64__8wekyb3d8bbwe\ActivationStore.dat was cleared updating 0 keys and creating 0 modified pages.
08/22/2024 16:44:52,16,Microsoft-Windows-Kernel-General,System,Information,The access history in hive \??\C:\ProgramData\Microsoft\Windows\AppRepository\Packages\Microsoft.DesktopAppInstaller_1.17.10691.0_x64__8wekyb3d8bbwe\ActivationStore.dat was cleared updating 0 keys and creating 0 modified pages.
08/22/2024 16:44:51,16,Microsoft-Windows-Kernel-General,System,Information,The access history in hive \??\C:\ProgramData\Microsoft\Windows\AppRepository\Packages\Microsoft.BingWeather_1.0.6.0_x64__8wekyb3d8bbwe\ActivationStore.dat was cleared updating 0 keys and creating 0 modified pages.
08/22/2024 16:44:50,16,Microsoft-Windows-Kernel-General,System,Information,The access history in hive \??\C:\ProgramData\Microsoft\Windows\AppRepository\Packages\Microsoft.BingNews_1.0.1.0_x64__8wekyb3d8bbwe\ActivationStore.dat was cleared updating 0 keys and creating 0 modified pages.
08/22/2024 16:44:49,16,Microsoft-Windows-Kernel-General,System,Information,The access history in hive \??\C:\ProgramData\Microsoft\Windows\AppRepository\Packages\Clipchamp.Clipchamp_2.2.8.0_neutral__yxz26nhyzhsrt\ActivationStore.dat was cleared updating 0 keys and creating 0 modified pages.
08/22/2024 16:44:48,16,Microsoft-Windows-Kernel-General,System,Information,The access history in hive \??\C:\ProgramData\Microsoft\Windows\AppRepository\Packages\Microsoft.UI.Xaml.2.7_7.2203.17001.0_x64__8wekyb3d8bbwe\ActivationStore.dat was cleared updating 0 keys and creating 0 modified pages.
08/22/2024 16:44:48,16,Microsoft-Windows-Kernel-General,System,Information,The access history in hive \??\C:\ProgramData\Microsoft\Windows\AppRepository\Packages\Microsoft.UI.Xaml.2.4_2.42007.9001.0_x64__8wekyb3d8bbwe\ActivationStore.dat was cleared updating 0 keys and creating 0 modified pages.
08/22/2024 16:44:47,16,Microsoft-Windows-Kernel-General,System,Information,The access history in hive \??\C:\ProgramData\Microsoft\Windows\AppRepository\Packages\Microsoft.549981C3F5F10_3.2204.14815.0_x64__8wekyb3d8bbwe\ActivationStore.dat was cleared updating 0 keys and creating 0 modified pages.
08/22/2024 16:44:46,16,Microsoft-Windows-Kernel-General,System,Information,The access history in hive \??\C:\ProgramData\Microsoft\Windows\AppRepository\Packages\Windows.PrintDialog_6.2.2.0_neutral_neutral_cw5n1h2txyewy\ActivationStore.dat was cleared updating 0 keys and creating 0 modified pages.
08/22/2024 16:44:45,16,Microsoft-Windows-Kernel-General,System,Information,The access history in hive \??\C:\ProgramData\Microsoft\Windows\AppRepository\Packages\windows.immersivecontrolpanel_10.0.6.1000_neutral_neutral_cw5n1h2txyewy\ActivationStore.dat was cleared updating 0 keys and creating 0 modified pages.
08/22/2024 16:44:45,16,Microsoft-Windows-Kernel-General,System,Information,The access history in hive \??\C:\ProgramData\Microsoft\Windows\AppRepository\Packages\Windows.CBSPreview_10.0.19580.1000_neutral_neutral_cw5n1h2txyewy\ActivationStore.dat was cleared updating 0 keys and creating 0 modified pages.
08/22/2024 16:44:45,16,Microsoft-Windows-Kernel-General,System,Information,The access history in hive \??\C:\ProgramData\Microsoft\Windows\AppRepository\Packages\NcsiUwpApp_1000.22621.1.0_neutral_neutral_8wekyb3d8bbwe\ActivationStore.dat was cleared updating 0 keys and creating 0 modified pages.
08/22/2024 16:44:44,16,Microsoft-Windows-Kernel-General,System,Information,The access history in hive \??\C:\ProgramData\Microsoft\Windows\AppRepository\Packages\MicrosoftWindows.Client.FileExp_1000.22651.1000.0_x64__cw5n1h2txyewy\ActivationStore.dat was cleared updating 0 keys and creating 0 modified pages.
08/22/2024 16:44:44,16,Microsoft-Windows-Kernel-General,System,Information,The access history in hive \??\C:\ProgramData\Microsoft\Windows\AppRepository\Packages\MicrosoftWindows.Client.Core_1000.22645.1000.0_x64__cw5n1h2txyewy\ActivationStore.dat was cleared updating 0 keys and creating 0 modified pages.
08/22/2024 16:44:43,16,Microsoft-Windows-Kernel-General,System,Information,The access history in hive \??\C:\ProgramData\Microsoft\Windows\AppRepository\Packages\MicrosoftWindows.Client.CBS_1000.22681.1000.0_x64__cw5n1h2txyewy\ActivationStore.dat was cleared updating 0 keys and creating 0 modified pages.
08/22/2024 16:44:43,1014,Microsoft-Windows-DNS-Client,System,Warning,Name resolution for the name wpad timed out after none of the configured DNS servers responded. Client PID 2456.
08/22/2024 16:44:42,16,Microsoft-Windows-Kernel-General,System,Information,The access history in hive \??\C:\ProgramData\Microsoft\Windows\AppRepository\Packages\Microsoft.XboxGameCallableUI_1000.22621.1.0_neutral_neutral_cw5n1h2txyewy\ActivationStore.dat was cleared updating 0 keys and creating 0 modified pages.
08/22/2024 16:44:42,16,Microsoft-Windows-Kernel-General,System,Information,The access history in hive \??\C:\ProgramData\Microsoft\Windows\AppRepository\Packages\Microsoft.WindowsAppRuntime.CBS_4000.1027.2341.0_x64__8wekyb3d8bbwe\ActivationStore.dat was cleared updating 0 keys and creating 0 modified pages.
08/22/2024 16:44:42,16,Microsoft-Windows-Kernel-General,System,Information,The access history in hive \??\C:\ProgramData\Microsoft\Windows\AppRepository\Packages\Microsoft.Windows.XGpuEjectDialog_10.0.22621.1_neutral_neutral_cw5n1h2txyewy\ActivationStore.dat was cleared updating 0 keys and creating 0 modified pages.
08/22/2024 16:44:42,16,Microsoft-Windows-Kernel-General,System,Information,The access history in hive \??\C:\ProgramData\Microsoft\Windows\AppRepository\Packages\Microsoft.Windows.StartMenuExperienceHost_10.0.22621.2506_neutral_neutral_cw5n1h2txyewy\ActivationStore.dat was cleared updating 0 keys and creating 0 modified pages.
08/22/2024 16:44:41,16,Microsoft-Windows-Kernel-General,System,Information,The access history in hive \??\C:\ProgramData\Microsoft\Windows\AppRepository\Packages\Microsoft.Windows.ShellExperienceHost_10.0.22621.2506_neutral_neutral_cw5n1h2txyewy\ActivationStore.dat was cleared updating 0 keys and creating 0 modified pages.
08/22/2024 16:44:41,16,Microsoft-Windows-Kernel-General,System,Information,The access history in hive \??\C:\ProgramData\Microsoft\Windows\AppRepository\Packages\Microsoft.Windows.SecureAssessmentBrowser_10.0.22621.2506_neutral_neutral_cw5n1h2txyewy\ActivationStore.dat was cleared updating 0 keys and creating 0 modified pages.
08/22/2024 16:44:41,16,Microsoft-Windows-Kernel-General,System,Information,The access history in hive \??\C:\ProgramData\Microsoft\Windows\AppRepository\Packages\Microsoft.Windows.PrintQueueActionCenter_1.0.1.0_neutral_neutral_cw5n1h2txyewy\ActivationStore.dat was cleared updating 0 keys and creating 0 modified pages.
08/22/2024 16:44:41,16,Microsoft-Windows-Kernel-General,System,Information,The access history in hive \??\C:\ProgramData\Microsoft\Windows\AppRepository\Packages\Microsoft.Windows.PinningConfirmationDialog_1000.22621.1.0_neutral__cw5n1h2txyewy\ActivationStore.dat was cleared updating 0 keys and creating 0 modified pages.
08/22/2024 16:44:40,16,Microsoft-Windows-Kernel-General,System,Information,The access history in hive \??\C:\ProgramData\Microsoft\Windows\AppRepository\Packages\Microsoft.Windows.PeopleExperienceHost_10.0.22621.1_neutral_neutral_cw5n1h2txyewy\ActivationStore.dat was cleared updating 0 keys and creating 0 modified pages.
08/22/2024 16:44:40,16,Microsoft-Windows-Kernel-General,System,Information,The access history in hive \??\C:\ProgramData\Microsoft\Windows\AppRepository\Packages\Microsoft.Windows.ParentalControls_1000.22621.1.0_neutral_neutral_cw5n1h2txyewy\ActivationStore.dat was cleared updating 0 keys and creating 0 modified pages.
08/22/2024 16:44:40,16,Microsoft-Windows-Kernel-General,System,Information,The access history in hive \??\C:\ProgramData\Microsoft\Windows\AppRepository\Packages\Microsoft.Windows.OOBENetworkConnectionFlow_10.0.21302.1000_neutral__cw5n1h2txyewy\ActivationStore.dat was cleared updating 0 keys and creating 0 modified pages.
08/22/2024 16:44:40,16,Microsoft-Windows-Kernel-General,System,Information,The access history in hive \??\C:\ProgramData\Microsoft\Windows\AppRepository\Packages\Microsoft.Windows.OOBENetworkCaptivePortal_10.0.21302.1000_neutral__cw5n1h2txyewy\ActivationStore.dat was cleared updating 0 keys and creating 0 modified pages.
08/22/2024 16:44:39,16,Microsoft-Windows-Kernel-General,System,Information,The access history in hive \??\C:\ProgramData\Microsoft\Windows\AppRepository\Packages\Microsoft.Windows.NarratorQuickStart_10.0.22621.1_neutral_neutral_8wekyb3d8bbwe\ActivationStore.dat was cleared updating 0 keys and creating 0 modified pages.
08/22/2024 16:44:38,16,Microsoft-Windows-Kernel-General,System,Information,The access history in hive \??\C:\ProgramData\Microsoft\Windows\AppRepository\Packages\Microsoft.Windows.ContentDeliveryManager_10.0.22621.2506_neutral_neutral_cw5n1h2txyewy\ActivationStore.dat was cleared updating 0 keys and creating 0 modified pages.
