08/22/2024 08:11:42,6,Microsoft-Windows-FilterManager,System,Information,File System Filter 'FileCrypt' (10.0  ‎1983‎-‎08‎-‎19T03:58:35.000000000Z) has successfully loaded and registered with Filter Manager.
08/22/2024 08:11:42,98,Microsoft-Windows-Ntfs,System,Information,Volume C: (\Device\HarddiskVolume3) is healthy.  No action is needed.
08/22/2024 08:11:42,6,Microsoft-Windows-FilterManager,System,Information,File System Filter 'WdFilter' (10.0  ‎2006‎-‎11‎-‎02T22:54:47.000000000Z) has successfully loaded and registered with Filter Manager.
08/22/2024 08:11:42,6,Microsoft-Windows-FilterManager,System,Information,File System Filter 'Wof' (10.0  ‎2086‎-‎08‎-‎04T12:20:16.000000000Z) has successfully loaded and registered with Filter Manager.
08/22/2024 08:11:42,6,Microsoft-Windows-FilterManager,System,Information,File System Filter 'FileInfo' (10.0  ‎2079‎-‎02‎-‎26T23:03:00.000000000Z) has successfully loaded and registered with Filter Manager.
08/22/2024 08:11:45,6013,EventLog,System,Information,The system uptime is 7 seconds.
08/22/2024 08:11:45,6005,EventLog,System,Information,The Event log service was started.
08/22/2024 08:11:45,6009,EventLog,System,Information,Microsoft (R) Windows (R) 10.00. 22631  Multiprocessor Free.
08/22/2024 08:11:40,3,vmci,System,Information,VMCI: Using capabilities (0x1c). 
08/22/2024 08:11:38,16,Microsoft-Windows-HAL,System,Information,The iommu fault reporting has been initialized.
08/22/2024 08:11:38,20,Microsoft-Windows-Kernel-General,System,Information,The leap second configuration has been updated.  Reason: Leap second data initialized from registry during boot  Leap seconds enabled: true  New leap second count: 0  Old leap second count: 0
08/22/2024 08:11:38,32,Microsoft-Windows-Kernel-Boot,System,Information,The bootmgr spent 0 ms waiting for user input.
08/22/2024 08:11:38,18,Microsoft-Windows-Kernel-Boot,System,Information,There are 0x1 boot options on this system.
08/22/2024 08:11:38,27,Microsoft-Windows-Kernel-Boot,System,Information,The boot type was 0x0.
08/22/2024 08:11:38,25,Microsoft-Windows-Kernel-Boot,System,Information,The boot menu policy was 0x1.
08/22/2024 08:11:38,238,Microsoft-Windows-Kernel-Boot,System,Information,EFI time zone bias: 2047. Daylight flags: 0. Firmware time: ‎2024‎-‎08‎-‎21T23:11:36.000000000Z.
08/22/2024 08:11:38,20,Microsoft-Windows-Kernel-Boot,System,Information,The last shutdown's success status was true. The last boot's success status was true.
08/22/2024 08:11:38,153,Microsoft-Windows-Kernel-Boot,System,Information,Virtualization-based security (policies: 0) is disabled.
08/22/2024 08:11:38,12,Microsoft-Windows-Kernel-General,System,Information,The operating system started at system time ‎2024‎-‎08‎-‎21T22:11:37.500000000Z.
08/22/2024 08:11:29,13,Microsoft-Windows-Kernel-General,System,Information,The operating system is shutting down at system time ‎2024‎-‎08‎-‎21T22:11:29.584257400Z.
08/22/2024 08:11:29,577,Microsoft-Windows-Kernel-Power,System,Information,The system has prepared for a system initiated reboot from Active.
08/22/2024 08:11:29,109,Microsoft-Windows-Kernel-Power,System,Information,The kernel power manager has initiated a shutdown transition.    Action: Power Action Reboot   Event Code: 0x0   Reason: Kernel API
08/22/2024 08:11:28,50037,Microsoft-Windows-Dhcp-Client,System,Information,DHCPv4 client service is stopped. ShutDown Flag value is 1
08/22/2024 08:11:28,51057,Microsoft-Windows-DHCPv6-Client,System,Information,DHCPv6 client service stop is almost done.DHCP Context Ref count is 1
08/22/2024 08:11:28,50106,Microsoft-Windows-Dhcp-Client,System,Information,DHCPv4 is waiting on DHCPv6 service to stop
08/22/2024 08:11:28,51047,Microsoft-Windows-DHCPv6-Client,System,Information,DHCPv6 client service is stopped. ShutDown Flag value is 1
08/22/2024 08:11:28,50105,Microsoft-Windows-Dhcp-Client,System,Information,DHCPv4 client ProcessDHCPRequestForever received TERMINATE_EVENT
08/22/2024 08:11:28,50104,Microsoft-Windows-Dhcp-Client,System,Information,DHCPv4 client received shutdown notification
08/22/2024 08:11:28,1074,User32,System,Information,The process C:\Windows\servicing\TrustedInstaller.exe (DESKTOP-8CIK9L4) has initiated the restart of computer DESKTOP-8CIK9L4 on behalf of user NT AUTHORITY\SYSTEM for the following reason: Operating System: Upgrade (Planned)   Reason Code: 0x80020003   Shut-down Type: restart   Comment: 
08/22/2024 08:11:28,6006,EventLog,System,Information,The Event log service was stopped.
08/22/2024 08:11:27,112,Microsoft-Windows-HttpService,System,Information,Attempted to reserve URL http://+:10247/apps/. Status 0x0. Process Id 0x8C0 Executable path \Device\HarddiskVolume3\Windows\WinSxS\amd64_microsoft-windows-servicingstack_31bf3856ad364e35_10.0.22621.3801_none_e919caea4301d33a\TiWorker.exe  User S-1-5-18
08/22/2024 08:11:27,15007,Microsoft-Windows-HttpEvent,System,Information,Reservation for namespace identified by URL prefix http://+:10247/apps/ was successfully added.
08/22/2024 08:11:27,12,Microsoft-Windows-UserModePowerService,System,Information,Process C:\Windows\WinSxS\amd64_microsoft-windows-servicingstack_31bf3856ad364e35_10.0.22621.3801_none_e919caea4301d33a\TiWorker.exe (process ID:2240) reset policy scheme from {381b4222-f694-41f0-9685-ff5bb260df2e} to {381b4222-f694-41f0-9685-ff5bb260df2e}
08/22/2024 08:11:26,112,Microsoft-Windows-HttpService,System,Information,Attempted to reserve URL http://+:10246/MDEServer/. Status 0x0. Process Id 0x8C0 Executable path \Device\HarddiskVolume3\Windows\WinSxS\amd64_microsoft-windows-servicingstack_31bf3856ad364e35_10.0.22621.3801_none_e919caea4301d33a\TiWorker.exe  User S-1-5-18
08/22/2024 08:11:26,15007,Microsoft-Windows-HttpEvent,System,Information,Reservation for namespace identified by URL prefix http://+:10246/MDEServer/ was successfully added.
08/22/2024 08:11:26,12,Microsoft-Windows-UserModePowerService,System,Information,Process C:\Windows\WinSxS\amd64_microsoft-windows-servicingstack_31bf3856ad364e35_10.0.22621.3801_none_e919caea4301d33a\TiWorker.exe (process ID:2240) reset policy scheme from {381b4222-f694-41f0-9685-ff5bb260df2e} to {381b4222-f694-41f0-9685-ff5bb260df2e}
08/22/2024 08:11:26,15007,Microsoft-Windows-HttpEvent,System,Information,Reservation for namespace identified by URL prefix http://+:3387/rdp/ was successfully added.
08/22/2024 08:11:26,112,Microsoft-Windows-HttpService,System,Information,Attempted to reserve URL http://+:3387/rdp/. Status 0x0. Process Id 0x8C0 Executable path \Device\HarddiskVolume3\Windows\WinSxS\amd64_microsoft-windows-servicingstack_31bf3856ad364e35_10.0.22621.3801_none_e919caea4301d33a\TiWorker.exe  User S-1-5-18
08/22/2024 08:11:26,112,Microsoft-Windows-HttpService,System,Information,Attempted to reserve URL https://+:3392/rdp/. Status 0x0. Process Id 0x8C0 Executable path \Device\HarddiskVolume3\Windows\WinSxS\amd64_microsoft-windows-servicingstack_31bf3856ad364e35_10.0.22621.3801_none_e919caea4301d33a\TiWorker.exe  User S-1-5-18
08/22/2024 08:11:26,15007,Microsoft-Windows-HttpEvent,System,Information,Reservation for namespace identified by URL prefix https://+:3392/rdp/ was successfully added.
08/22/2024 08:11:22,16,Microsoft-Windows-Kernel-General,System,Information,The access history in hive \??\C:\ProgramData\Microsoft\Windows\AppRepository\Packages\MicrosoftWindows.Client.FileExp_1000.22700.1000.0_x64__cw5n1h2txyewy\ActivationStore.dat was cleared updating 0 keys and creating 0 modified pages.
08/22/2024 08:11:21,16,Microsoft-Windows-Kernel-General,System,Information,The access history in hive \??\C:\ProgramData\Microsoft\Windows\AppRepository\Packages\MicrosoftWindows.Client.Core_1000.22700.1005.0_x64__cw5n1h2txyewy\ActivationStore.dat was cleared updating 0 keys and creating 0 modified pages.
08/22/2024 08:11:20,16,Microsoft-Windows-Kernel-General,System,Information,The access history in hive \??\C:\ProgramData\Microsoft\Windows\AppRepository\Packages\Microsoft.WindowsAppRuntime.CBS_4000.1189.418.0_x64__8wekyb3d8bbwe\ActivationStore.dat was cleared updating 0 keys and creating 0 modified pages.
08/22/2024 08:11:20,16,Microsoft-Windows-Kernel-General,System,Information,The access history in hive \??\C:\ProgramData\Microsoft\Windows\AppRepository\Packages\Microsoft.UI.Xaml.CBS_8.2404.3001.0_x64__8wekyb3d8bbwe\ActivationStore.dat was cleared updating 0 keys and creating 0 modified pages.
08/22/2024 08:11:17,16,Microsoft-Windows-Kernel-General,System,Information,The access history in hive \??\C:\ProgramData\Microsoft\Windows\AppRepository\Packages\MicrosoftWindows.Client.LKG_1000.22621.3880.0_x64__cw5n1h2txyewy\ActivationStore.dat was cleared updating 0 keys and creating 0 modified pages.
08/22/2024 08:10:24,1025,Microsoft-Windows-TPM-WMI,System,Information,The TPM was successfully provisioned and is now ready for use.
08/22/2024 08:10:22,1282,Microsoft-Windows-TPM-WMI,System,Information,The TBS device identifier has been generated.
08/22/2024 08:10:21,15008,Microsoft-Windows-HttpEvent,System,Information,Reservation for namespace identified by URL prefix http://+:3387/rdp/ was successfully deleted.
08/22/2024 08:10:21,15008,Microsoft-Windows-HttpEvent,System,Information,Reservation for namespace identified by URL prefix https://+:3392/rdp/ was successfully deleted.
08/22/2024 08:10:21,12,Microsoft-Windows-UserModePowerService,System,Information,Process C:\Windows\WinSxS\amd64_microsoft-windows-servicingstack_31bf3856ad364e35_10.0.22621.3801_none_e919caea4301d33a\TiWorker.exe (process ID:2240) reset policy scheme from {381b4222-f694-41f0-9685-ff5bb260df2e} to {381b4222-f694-41f0-9685-ff5bb260df2e}
08/22/2024 08:10:21,15008,Microsoft-Windows-HttpEvent,System,Information,Reservation for namespace identified by URL prefix http://+:10246/MDEServer/ was successfully deleted.
08/22/2024 08:10:21,12,Microsoft-Windows-UserModePowerService,System,Information,Process C:\Windows\WinSxS\amd64_microsoft-windows-servicingstack_31bf3856ad364e35_10.0.22621.3801_none_e919caea4301d33a\TiWorker.exe (process ID:2240) reset policy scheme from {381b4222-f694-41f0-9685-ff5bb260df2e} to {381b4222-f694-41f0-9685-ff5bb260df2e}
08/22/2024 08:10:20,15008,Microsoft-Windows-HttpEvent,System,Information,Reservation for namespace identified by URL prefix http://+:10247/apps/ was successfully deleted.
08/22/2024 08:10:20,1014,Microsoft-Windows-DNS-Client,System,Warning,Name resolution for the name wpad timed out after none of the configured DNS servers responded. Client PID 2136.
08/22/2024 08:10:16,18,TPM,System,Information,This event triggers the Trusted Platform Module (TPM) provisioning/status check to run.
08/22/2024 08:10:15,7026,Service Control Manager,System,Information,The following boot-start or system-start driver(s) did not load:   dam
08/22/2024 08:10:14,112,Microsoft-Windows-HttpService,System,Information,Attempted to reserve URL http://+:10243/WMPNSSv4/. Status 0x0. Process Id 0x4 Executable path   User S-1-5-18
08/22/2024 08:10:14,112,Microsoft-Windows-HttpService,System,Information,Attempted to reserve URL https://+:10245/WMPNSSv4/. Status 0x0. Process Id 0x4 Executable path   User S-1-5-18
08/22/2024 08:10:14,112,Microsoft-Windows-HttpService,System,Information,Attempted to reserve URL http://+:10247/apps/. Status 0x0. Process Id 0x4 Executable path   User S-1-5-18
08/22/2024 08:10:14,112,Microsoft-Windows-HttpService,System,Information,Attempted to reserve URL https://+:443/sra_{BA195980-CD49-458b-9E23-C84EE0ADCD75}/. Status 0x0. Process Id 0x4 Executable path   User S-1-5-18
08/22/2024 08:10:14,112,Microsoft-Windows-HttpService,System,Information,Attempted to reserve URL http://+:3387/rdp/. Status 0x0. Process Id 0x4 Executable path   User S-1-5-18
08/22/2024 08:10:14,112,Microsoft-Windows-HttpService,System,Information,Attempted to reserve URL https://+:3392/rdp/. Status 0x0. Process Id 0x4 Executable path   User S-1-5-18
08/22/2024 08:10:14,112,Microsoft-Windows-HttpService,System,Information,Attempted to reserve URL http://+:10246/MDEServer/. Status 0x0. Process Id 0x4 Executable path   User S-1-5-18
08/22/2024 08:10:14,112,Microsoft-Windows-HttpService,System,Information,Attempted to reserve URL http://+:80/116B50EB-ECE2-41ac-8429-9F9E963361B7/. Status 0x0. Process Id 0x4 Executable path   User S-1-5-18
08/22/2024 08:10:14,112,Microsoft-Windows-HttpService,System,Information,Attempted to reserve URL https://+:443/C574AC30-5794-4AEE-B1BB-6651C5315029/. Status 0x0. Process Id 0x4 Executable path   User S-1-5-18
08/22/2024 08:10:14,112,Microsoft-Windows-HttpService,System,Information,Attempted to reserve URL http://+:80/0131501b-d67f-491b-9a40-c4bf27bcb4d4/. Status 0x0. Process Id 0x4 Executable path   User S-1-5-18
08/22/2024 08:10:14,112,Microsoft-Windows-HttpService,System,Information,Attempted to reserve URL http://*:2869/. Status 0x0. Process Id 0x4 Executable path   User S-1-5-18
08/22/2024 08:10:14,112,Microsoft-Windows-HttpService,System,Information,Attempted to reserve URL http://+:5985/wsman/. Status 0x0. Process Id 0x4 Executable path   User S-1-5-18
08/22/2024 08:10:14,112,Microsoft-Windows-HttpService,System,Information,Attempted to reserve URL http://+:47001/wsman/. Status 0x0. Process Id 0x4 Executable path   User S-1-5-18
08/22/2024 08:10:14,112,Microsoft-Windows-HttpService,System,Information,Attempted to reserve URL https://+:5986/wsman/. Status 0x0. Process Id 0x4 Executable path   User S-1-5-18
08/22/2024 08:10:14,112,Microsoft-Windows-HttpService,System,Information,Attempted to reserve URL https://*:5358/. Status 0x0. Process Id 0x4 Executable path   User S-1-5-18
08/22/2024 08:10:14,112,Microsoft-Windows-HttpService,System,Information,Attempted to reserve URL http://+:80/Temporary_Listen_Addresses/. Status 0x0. Process Id 0x4 Executable path   User S-1-5-18
08/22/2024 08:10:14,112,Microsoft-Windows-HttpService,System,Information,Attempted to reserve URL http://*:5357/. Status 0x0. Process Id 0x4 Executable path   User S-1-5-18
08/22/2024 08:10:12,51046,Microsoft-Windows-DHCPv6-Client,System,Information,DHCPv6 client service is started
08/22/2024 08:10:12,50036,Microsoft-Windows-Dhcp-Client,System,Information,DHCPv4 client service is started
08/22/2024 08:10:12,50103,Microsoft-Windows-Dhcp-Client,System,Information,DHCPv4 client registered for shutdown notification
08/22/2024 08:10:12,50036,Microsoft-Windows-Dhcp-Client,System,Information,DHCPv4 client service is started
08/22/2024 08:10:12,6,Microsoft-Windows-FilterManager,System,Information,File System Filter 'bindflt' (10.0  ‎2032‎-‎10‎-‎20T02:22:30.000000000Z) has successfully loaded and registered with Filter Manager.
08/22/2024 08:10:12,6,Microsoft-Windows-FilterManager,System,Information,File System Filter 'UCPD' (10.0  ‎2103‎-‎03‎-‎14T01:38:32.000000000Z) has successfully loaded and registered with Filter Manager.
08/22/2024 08:10:12,6,Microsoft-Windows-FilterManager,System,Information,File System Filter 'storqosflt' (10.0  ‎2065‎-‎11‎-‎25T08:15:59.000000000Z) has successfully loaded and registered with Filter Manager.
08/22/2024 08:10:12,6,Microsoft-Windows-FilterManager,System,Information,File System Filter 'CldFlt' (10.0  ‎2080‎-‎01‎-‎18T06:04:40.000000000Z) has successfully loaded and registered with Filter Manager.
08/22/2024 08:10:12,1,Microsoft-Windows-FilterManager,System,Information,File System Filter 'CldFlt' (Version 10.0  ‎2080‎-‎01‎-‎18T06:04:40.000000000Z) unloaded successfully.
08/22/2024 08:10:12,6,Microsoft-Windows-FilterManager,System,Information,File System Filter 'CldFlt' (10.0  ‎2080‎-‎01‎-‎18T06:04:40.000000000Z) has successfully loaded and registered with Filter Manager.
08/22/2024 08:10:12,6,Microsoft-Windows-FilterManager,System,Information,File System Filter 'luafv' (10.0  ‎1988‎-‎06‎-‎14T00:36:35.000000000Z) has successfully loaded and registered with Filter Manager.
08/22/2024 08:10:12,6,Microsoft-Windows-FilterManager,System,Information,File System Filter 'wcifs' (10.0  ‎2086‎-‎02‎-‎08T00:15:17.000000000Z) has successfully loaded and registered with Filter Manager.
08/22/2024 08:10:12,6,Microsoft-Windows-FilterManager,System,Information,File System Filter 'bfs' (10.0  ‎2013‎-‎09‎-‎14T05:21:10.000000000Z) has successfully loaded and registered with Filter Manager.
08/22/2024 08:10:11,6,Microsoft-Windows-FilterManager,System,Information,File System Filter 'applockerfltr' (10.0  ‎2008‎-‎07‎-‎12T22:16:33.000000000Z) has successfully loaded and registered with Filter Manager.
08/22/2024 08:10:10,16983,Microsoft-Windows-Directory-Services-SAM,System,Information,The security account manager is now logging periodic summary events for remote clients that call legacy password change or set RPC methods.    For more information please see https://go.microsoft.com/fwlink/?linkid=2150956.  
08/22/2024 08:10:10,16977,Microsoft-Windows-Directory-Services-SAM,System,Information,The domain is configured with the following minimum password length-related settings.    MinimumPasswordLength: 0    RelaxMinimumPasswordLengthLimits: 0    MinimumPasswordLengthAudit: -1    For more information see https://go.microsoft.com/fwlink/?LinkId=2097191.  
08/22/2024 08:10:10,16962,Microsoft-Windows-Directory-Services-SAM,System,Information,Remote calls to the SAM database are being restricted using the default security descriptor: O:SYG:SYD:(A;;RC;;;BA).  For more information please see http://go.microsoft.com/fwlink/?LinkId=787651.
08/22/2024 08:10:10,6155,LsaSrv,System,Warning,LSA package is not signed as expected. This can cause unexpected behaviour with Credential Guard.    PackageName: msv1_0
08/22/2024 08:10:10,6155,LsaSrv,System,Warning,LSA package is not signed as expected. This can cause unexpected behaviour with Credential Guard.    PackageName: sfapm
08/22/2024 08:10:10,6155,LsaSrv,System,Warning,LSA package is not signed as expected. This can cause unexpected behaviour with Credential Guard.    PackageName: schannel
08/22/2024 08:10:10,6155,LsaSrv,System,Warning,LSA package is not signed as expected. This can cause unexpected behaviour with Credential Guard.    PackageName: wdigest
08/22/2024 08:10:10,6155,LsaSrv,System,Warning,LSA package is not signed as expected. This can cause unexpected behaviour with Credential Guard.    PackageName: cloudap
08/22/2024 08:10:10,6155,LsaSrv,System,Warning,LSA package is not signed as expected. This can cause unexpected behaviour with Credential Guard.    PackageName: pku2u
08/22/2024 08:10:10,6155,LsaSrv,System,Warning,LSA package is not signed as expected. This can cause unexpected behaviour with Credential Guard.    PackageName: tspkg
08/22/2024 08:10:10,6155,LsaSrv,System,Warning,LSA package is not signed as expected. This can cause unexpected behaviour with Credential Guard.    PackageName: msv1_0
08/22/2024 08:10:10,6155,LsaSrv,System,Warning,LSA package is not signed as expected. This can cause unexpected behaviour with Credential Guard.    PackageName: kerberos
08/22/2024 08:10:10,6155,LsaSrv,System,Warning,LSA package is not signed as expected. This can cause unexpected behaviour with Credential Guard.    PackageName: negoexts
08/22/2024 08:10:10,6156,LsaSrv,System,Information,Virtualization Based Security for Credential Guard auto enablement status.    Hardware Requirements:	1  Domain Joined:	0  Azure AD Joined:	0
08/22/2024 08:10:10,15,Microsoft-Windows-Wininit,System,Warning,Credential Guard and/or VBS Key Isolation are configured but the secure kernel is not running; continuing without them.
08/22/2024 08:10:10,14,Microsoft-Windows-Wininit,System,Information,Credential Guard configuration:    Registry Configuration: 0x2  Test Configuration: 0  Auto Enablement: 1
08/22/2024 08:10:09,28,BTHUSB,System,Warning,The local adapter does not support Bluetooth Low Energy.
08/22/2024 08:10:12,6013,EventLog,System,Information,The system uptime is 9 seconds.
08/22/2024 08:10:12,6005,EventLog,System,Information,The Event log service was started.
08/22/2024 08:10:12,6009,EventLog,System,Information,Microsoft (R) Windows (R) 10.00. 22631  Multiprocessor Free.
08/22/2024 08:10:09,48,BTHUSB,System,Warning,The local adapter does not support reading the encryption key size for a connected device. Insecure devices may be able to connect to this system.
08/22/2024 08:10:09,18,BTHUSB,System,Information,Windows cannot store Bluetooth authentication codes (link keys) on the local adapter. Bluetooth keyboards might not work in the system BIOS during start-up.
08/22/2024 08:10:09,24,Microsoft-Windows-Kernel-General,System,Information,The time zone information was refreshed with exit reason 0. Current time zone bias is -60.
08/22/2024 08:10:09,98,Microsoft-Windows-Ntfs,System,Information,Volume \\?\Volume{d9b9caa7-d116-4f4b-b8da-f83035d85e80} (\Device\HarddiskVolume4) is healthy.  No action is needed.
08/22/2024 08:10:09,32,e1i68x64,System,Information,Intel(R) 82574L Gigabit Network Connection   Network link has been established at 1Gbps full duplex.  
08/22/2024 08:10:08,55,Microsoft-Windows-Kernel-Processor-Power,System,Information,Processor 1 in group 0 exposes the following power management capabilities:    Idle state type: ACPI Idle (C) States (1 state(s))    Performance state type: None  Nominal Frequency (MHz): 3302  Maximum performance percentage: 100  Minimum performance percentage: 100  Minimum throttle percentage: 100
08/22/2024 08:10:08,55,Microsoft-Windows-Kernel-Processor-Power,System,Information,Processor 0 in group 0 exposes the following power management capabilities:    Idle state type: ACPI Idle (C) States (1 state(s))    Performance state type: None  Nominal Frequency (MHz): 3302  Maximum performance percentage: 100  Minimum performance percentage: 100  Minimum throttle percentage: 100
08/22/2024 08:10:08,172,Microsoft-Windows-Kernel-Power,System,Information,Connectivity state in standby: Disconnected  Reason: NIC compliance
08/22/2024 08:10:08,6,Microsoft-Windows-FilterManager,System,Information,File System Filter 'npsvctrig' (10.0  ‎1979‎-‎12‎-‎19T17:12:41.000000000Z) has successfully loaded and registered with Filter Manager.
08/22/2024 08:10:08,6,Microsoft-Windows-FilterManager,System,Information,File System Filter 'FileCrypt' (10.0  ‎1983‎-‎08‎-‎19T03:58:35.000000000Z) has successfully loaded and registered with Filter Manager.
08/22/2024 08:10:08,98,Microsoft-Windows-Ntfs,System,Information,Volume C: (\Device\HarddiskVolume3) is healthy.  No action is needed.
08/22/2024 08:10:08,6,Microsoft-Windows-FilterManager,System,Information,File System Filter 'WdFilter' (10.0  ‎2006‎-‎11‎-‎02T22:54:47.000000000Z) has successfully loaded and registered with Filter Manager.
08/22/2024 08:10:08,6,Microsoft-Windows-FilterManager,System,Information,File System Filter 'Wof' (10.0  ‎2086‎-‎08‎-‎04T12:20:16.000000000Z) has successfully loaded and registered with Filter Manager.
08/22/2024 08:10:08,6,Microsoft-Windows-FilterManager,System,Information,File System Filter 'FileInfo' (10.0  ‎2079‎-‎02‎-‎26T23:03:00.000000000Z) has successfully loaded and registered with Filter Manager.
08/22/2024 08:10:06,3,vmci,System,Information,VMCI: Using capabilities (0x1c). 
08/22/2024 08:10:04,16,Microsoft-Windows-HAL,System,Information,The iommu fault reporting has been initialized.
08/22/2024 08:10:04,20,Microsoft-Windows-Kernel-General,System,Information,The leap second configuration has been updated.  Reason: Leap second data initialized from registry during boot  Leap seconds enabled: true  New leap second count: 0  Old leap second count: 0
08/22/2024 08:10:04,32,Microsoft-Windows-Kernel-Boot,System,Information,The bootmgr spent 0 ms waiting for user input.
08/22/2024 08:10:04,18,Microsoft-Windows-Kernel-Boot,System,Information,There are 0x1 boot options on this system.
08/22/2024 08:10:04,27,Microsoft-Windows-Kernel-Boot,System,Information,The boot type was 0x0.
08/22/2024 08:10:04,25,Microsoft-Windows-Kernel-Boot,System,Information,The boot menu policy was 0x1.
08/22/2024 08:10:04,238,Microsoft-Windows-Kernel-Boot,System,Information,EFI time zone bias: 2047. Daylight flags: 0. Firmware time: ‎2024‎-‎08‎-‎21T23:10:02.000000000Z.
08/22/2024 08:10:04,20,Microsoft-Windows-Kernel-Boot,System,Information,The last shutdown's success status was true. The last boot's success status was true.
08/22/2024 08:10:04,153,Microsoft-Windows-Kernel-Boot,System,Information,Virtualization-based security (policies: 0) is disabled.
08/22/2024 08:10:04,12,Microsoft-Windows-Kernel-General,System,Information,The operating system started at system time ‎2024‎-‎08‎-‎21T22:10:03.500000000Z.
08/22/2024 08:09:55,13,Microsoft-Windows-Kernel-General,System,Information,The operating system is shutting down at system time ‎2024‎-‎08‎-‎21T22:09:55.242111600Z.
08/22/2024 08:09:55,577,Microsoft-Windows-Kernel-Power,System,Information,The system has prepared for a system initiated reboot from Active.
08/22/2024 08:09:54,109,Microsoft-Windows-Kernel-Power,System,Information,The kernel power manager has initiated a shutdown transition.    Action: Power Action Reboot   Event Code: 0x0   Reason: Kernel API
08/22/2024 08:09:54,50037,Microsoft-Windows-Dhcp-Client,System,Information,DHCPv4 client service is stopped. ShutDown Flag value is 1
08/22/2024 08:09:54,50106,Microsoft-Windows-Dhcp-Client,System,Information,DHCPv4 is waiting on DHCPv6 service to stop
08/22/2024 08:09:54,51057,Microsoft-Windows-DHCPv6-Client,System,Information,DHCPv6 client service stop is almost done.DHCP Context Ref count is 1
08/22/2024 08:09:54,51047,Microsoft-Windows-DHCPv6-Client,System,Information,DHCPv6 client service is stopped. ShutDown Flag value is 1
08/22/2024 08:09:54,50105,Microsoft-Windows-Dhcp-Client,System,Information,DHCPv4 client ProcessDHCPRequestForever received TERMINATE_EVENT
08/22/2024 08:09:54,50104,Microsoft-Windows-Dhcp-Client,System,Information,DHCPv4 client received shutdown notification
08/22/2024 08:09:54,6006,EventLog,System,Information,The Event log service was stopped.
08/22/2024 08:08:27,7002,Microsoft-Windows-Winlogon,System,Information,User Log-off Notification for Customer Experience Improvement Program
08/22/2024 08:08:26,1074,User32,System,Information,The process C:\Windows\System32\CloudExperienceHostBroker.exe (DESKTOP-8CIK9L4) has initiated the restart of computer DESKTOP-8CIK9L4 on behalf of user NT AUTHORITY\SYSTEM for the following reason: Operating System: Reconfiguration (Unplanned)   Reason Code: 0x20004   Shut-down Type: restart   Comment: 
08/22/2024 08:01:58,7040,Service Control Manager,System,Information,The start type of the Windows Modules Installer service was changed from demand start to auto start.
08/22/2024 08:01:53,7040,Service Control Manager,System,Information,The start type of the Windows Modules Installer service was changed from auto start to demand start.
08/22/2024 08:01:36,7040,Service Control Manager,System,Information,The start type of the Windows Modules Installer service was changed from demand start to auto start.
08/22/2024 08:01:36,4502,Microsoft-Windows-WinREAgent,System,Critical,Windows Recovery Environment servicing failed.
08/22/2024 08:00:36,15,Microsoft-Windows-Kernel-General,System,Information,Hive \??\C:\$WinREAgent\Scratch\Mount\Windows\system32\smi\store\Machine\schema.dat was reorganized with a starting size of 5324800 bytes and an ending size of 4169728 bytes.
08/22/2024 08:00:36,16,Microsoft-Windows-Kernel-General,System,Information,The access history in hive \??\C:\$WinREAgent\Scratch\Mount\Users\Default\ntuser.dat was cleared updating 1 keys and creating 1 modified pages.
08/22/2024 08:00:36,16,Microsoft-Windows-Kernel-General,System,Information,The access history in hive \??\C:\$WinREAgent\Scratch\Mount\Windows\System32\config\DEFAULT was cleared updating 1 keys and creating 1 modified pages.
08/22/2024 08:00:36,15,Microsoft-Windows-Kernel-General,System,Information,Hive \??\C:\$WinREAgent\Scratch\Mount\Windows\System32\config\DRIVERS was reorganized with a starting size of 1875968 bytes and an ending size of 1802240 bytes.
08/22/2024 08:00:36,15,Microsoft-Windows-Kernel-General,System,Information,Hive \??\C:\$WinREAgent\Scratch\Mount\Windows\System32\config\COMPONENTS was reorganized with a starting size of 11010048 bytes and an ending size of 7360512 bytes.
08/22/2024 08:00:36,16,Microsoft-Windows-Kernel-General,System,Information,The access history in hive \??\C:\$WinREAgent\Scratch\Mount\Windows\System32\config\SAM was cleared updating 1 keys and creating 1 modified pages.
08/22/2024 08:00:36,16,Microsoft-Windows-Kernel-General,System,Information,The access history in hive \??\C:\$WinREAgent\Scratch\Mount\Windows\System32\config\SECURITY was cleared updating 1 keys and creating 1 modified pages.
08/22/2024 08:00:36,15,Microsoft-Windows-Kernel-General,System,Information,Hive \??\C:\$WinREAgent\Scratch\Mount\Windows\System32\config\SYSTEM was reorganized with a starting size of 7008256 bytes and an ending size of 6549504 bytes.
08/22/2024 08:00:35,15,Microsoft-Windows-Kernel-General,System,Information,Hive \??\C:\$WinREAgent\Scratch\Mount\Windows\system32\config\SOFTWARE was reorganized with a starting size of 12615680 bytes and an ending size of 11747328 bytes.
08/22/2024 08:00:25,6,Microsoft-Windows-FilterManager,System,Information,File System Filter 'WIMMount' (10.0  ‎2099‎-‎11‎-‎10T09:34:46.000000000Z) has successfully loaded and registered with Filter Manager.
08/22/2024 08:00:23,4500,Microsoft-Windows-WinREAgent,System,Information,Starting Windows Recovery Environment servicing.
08/22/2024 08:00:07,43,Microsoft-Windows-WindowsUpdateClient,System,Information,Installation Started: Windows has started installing the following update: 2024-07 Cumulative Update for Windows 11 Version 23H2 for x64-based Systems (KB5040442)
08/22/2024 07:53:49,16,Microsoft-Windows-Kernel-General,System,Information,The access history in hive \??\C:\Users\defaultuser0\AppData\Local\Packages\Microsoft.AAD.BrokerPlugin_cw5n1h2txyewy\Settings\settings.dat was cleared updating 3 keys and creating 1 modified pages.
08/22/2024 07:52:32,7040,Service Control Manager,System,Information,The start type of the Background Intelligent Transfer Service service was changed from auto start to demand start.
08/22/2024 07:51:55,44,Microsoft-Windows-WindowsUpdateClient,System,Information,Windows Update started downloading an update.
08/22/2024 07:50:34,10016,Microsoft-Windows-DistributedCOM,System,Warning,The application-specific permission settings do not grant Local Launch permission for the COM Server application with CLSID   Windows.SecurityCenter.WscDataProtection   and APPID   Unavailable   to the user NT AUTHORITY\SYSTEM SID (S-1-5-18) from address LocalHost (Using LRPC) running in the application container Unavailable SID (Unavailable). This security permission can be modified using the Component Services administrative tool.
08/22/2024 07:49:53,19,Microsoft-Windows-WindowsUpdateClient,System,Information,Installation Successful: Windows successfully installed the following update: VMware  Inc. - System - 9.8.18.0
08/22/2024 07:49:53,3,vmci,System,Information,VMCI: Using capabilities (0x1c). 
08/22/2024 07:49:53,7045,Service Control Manager,System,Information,A service was installed in the system.    Service Name:  VMware VMCI Bus Driver  Service File Name:  System32\drivers\vmci.sys  Service Type:  kernel mode driver  Service Start Type:  boot start  Service Account:  
08/22/2024 07:49:53,43,Microsoft-Windows-WindowsUpdateClient,System,Information,Installation Started: Windows has started installing the following update: VMware  Inc. - System - 9.8.18.0
08/22/2024 07:49:51,44,Microsoft-Windows-WindowsUpdateClient,System,Information,Windows Update started downloading an update.
08/22/2024 07:48:54,19,Microsoft-Windows-WindowsUpdateClient,System,Information,Installation Successful: Windows successfully installed the following update: 2024-07 Update for Windows 11 Version 23H2 for x64-based Systems (KB5041655)
08/22/2024 07:48:45,1025,Microsoft-Windows-TPM-WMI,System,Information,The TPM was successfully provisioned and is now ready for use.
08/22/2024 07:48:42,1282,Microsoft-Windows-TPM-WMI,System,Information,The TBS device identifier has been generated.
08/22/2024 07:48:41,11,Microsoft-Windows-Kernel-General,System,Information,TxR init phase for hive \SystemRoot\System32\AppLocker\AppCache.dat (TM: {18fd8eec-6007-11ef-b17a-2c6dc136b7de}  RM: {18fd8eeb-6007-11ef-b17a-2c6dc136b7de}) finished with result=0xC0000022 (Internal code=7).
08/22/2024 07:48:41,11,Microsoft-Windows-Kernel-General,System,Information,TxR init phase for hive \SystemRoot\System32\AppLocker\AppCache.dat (TM: {354cca82-6052-11ef-b178-2c6dc136b7de}  RM: {354cca81-6052-11ef-b178-2c6dc136b7de}) finished with result=0xC0000022 (Internal code=0).
08/22/2024 07:48:40,1014,Microsoft-Windows-DNS-Client,System,Warning,Name resolution for the name wpad timed out after none of the configured DNS servers responded. Client PID 2324.
08/22/2024 07:48:36,18,TPM,System,Information,This event triggers the Trusted Platform Module (TPM) provisioning/status check to run.
08/22/2024 07:48:36,10016,Microsoft-Windows-DistributedCOM,System,Warning,The application-specific permission settings do not grant Local Activation permission for the COM Server application with CLSID   {6B3B8D23-FA8D-40B9-8DBD-B950333E2C52}   and APPID   {4839DDB7-58C2-48F5-8283-E1D1807D0D7D}   to the user NT AUTHORITY\LOCAL SERVICE SID (S-1-5-19) from address LocalHost (Using LRPC) running in the application container Unavailable SID (Unavailable). This security permission can be modified using the Component Services administrative tool.
08/22/2024 07:48:36,10016,Microsoft-Windows-DistributedCOM,System,Warning,The application-specific permission settings do not grant Local Activation permission for the COM Server application with CLSID   {6B3B8D23-FA8D-40B9-8DBD-B950333E2C52}   and APPID   {4839DDB7-58C2-48F5-8283-E1D1807D0D7D}   to the user NT AUTHORITY\LOCAL SERVICE SID (S-1-5-19) from address LocalHost (Using LRPC) running in the application container Unavailable SID (Unavailable). This security permission can be modified using the Component Services administrative tool.
08/22/2024 07:48:34,7001,Microsoft-Windows-Winlogon,System,Information,User Log-on Notification for Customer Experience Improvement Program
08/22/2024 07:48:34,7040,Service Control Manager,System,Information,The start type of the Windows Modules Installer service was changed from auto start to demand start.
08/22/2024 07:48:33,7026,Service Control Manager,System,Information,The following boot-start or system-start driver(s) did not load:   dam
08/22/2024 07:48:33,112,Microsoft-Windows-HttpService,System,Information,Attempted to reserve URL http://+:10243/WMPNSSv4/. Status 0x0. Process Id 0x4 Executable path   User S-1-5-18
08/22/2024 07:48:33,112,Microsoft-Windows-HttpService,System,Information,Attempted to reserve URL https://+:10245/WMPNSSv4/. Status 0x0. Process Id 0x4 Executable path   User S-1-5-18
08/22/2024 07:48:33,112,Microsoft-Windows-HttpService,System,Information,Attempted to reserve URL http://+:10247/apps/. Status 0x0. Process Id 0x4 Executable path   User S-1-5-18
08/22/2024 07:48:33,112,Microsoft-Windows-HttpService,System,Information,Attempted to reserve URL https://+:443/sra_{BA195980-CD49-458b-9E23-C84EE0ADCD75}/. Status 0x0. Process Id 0x4 Executable path   User S-1-5-18
08/22/2024 07:48:33,112,Microsoft-Windows-HttpService,System,Information,Attempted to reserve URL http://+:3387/rdp/. Status 0x0. Process Id 0x4 Executable path   User S-1-5-18
08/22/2024 07:48:33,112,Microsoft-Windows-HttpService,System,Information,Attempted to reserve URL https://+:3392/rdp/. Status 0x0. Process Id 0x4 Executable path   User S-1-5-18
08/22/2024 07:48:33,112,Microsoft-Windows-HttpService,System,Information,Attempted to reserve URL http://+:10246/MDEServer/. Status 0x0. Process Id 0x4 Executable path   User S-1-5-18
08/22/2024 07:48:33,112,Microsoft-Windows-HttpService,System,Information,Attempted to reserve URL http://+:80/116B50EB-ECE2-41ac-8429-9F9E963361B7/. Status 0x0. Process Id 0x4 Executable path   User S-1-5-18
08/22/2024 07:48:33,112,Microsoft-Windows-HttpService,System,Information,Attempted to reserve URL https://+:443/C574AC30-5794-4AEE-B1BB-6651C5315029/. Status 0x0. Process Id 0x4 Executable path   User S-1-5-18
08/22/2024 07:48:33,112,Microsoft-Windows-HttpService,System,Information,Attempted to reserve URL http://+:80/0131501b-d67f-491b-9a40-c4bf27bcb4d4/. Status 0x0. Process Id 0x4 Executable path   User S-1-5-18
08/22/2024 07:48:33,112,Microsoft-Windows-HttpService,System,Information,Attempted to reserve URL http://*:2869/. Status 0x0. Process Id 0x4 Executable path   User S-1-5-18
08/22/2024 07:48:33,112,Microsoft-Windows-HttpService,System,Information,Attempted to reserve URL http://+:5985/wsman/. Status 0x0. Process Id 0x4 Executable path   User S-1-5-18
08/22/2024 07:48:33,112,Microsoft-Windows-HttpService,System,Information,Attempted to reserve URL http://+:47001/wsman/. Status 0x0. Process Id 0x4 Executable path   User S-1-5-18
08/22/2024 07:48:33,112,Microsoft-Windows-HttpService,System,Information,Attempted to reserve URL https://+:5986/wsman/. Status 0x0. Process Id 0x4 Executable path   User S-1-5-18
08/22/2024 07:48:33,112,Microsoft-Windows-HttpService,System,Information,Attempted to reserve URL https://*:5358/. Status 0x0. Process Id 0x4 Executable path   User S-1-5-18
08/22/2024 07:48:33,112,Microsoft-Windows-HttpService,System,Information,Attempted to reserve URL http://+:80/Temporary_Listen_Addresses/. Status 0x0. Process Id 0x4 Executable path   User S-1-5-18
08/22/2024 07:48:33,112,Microsoft-Windows-HttpService,System,Information,Attempted to reserve URL http://*:5357/. Status 0x0. Process Id 0x4 Executable path   User S-1-5-18
08/22/2024 07:48:33,15,Microsoft-Windows-Kernel-General,System,Information,Hive \SystemRoot\System32\config\DRIVERS was reorganized with a starting size of 4632576 bytes and an ending size of 4612096 bytes.
08/22/2024 07:48:32,51046,Microsoft-Windows-DHCPv6-Client,System,Information,DHCPv6 client service is started
08/22/2024 07:48:32,50036,Microsoft-Windows-Dhcp-Client,System,Information,DHCPv4 client service is started
08/22/2024 07:48:32,50103,Microsoft-Windows-Dhcp-Client,System,Information,DHCPv4 client registered for shutdown notification
08/22/2024 07:48:32,50036,Microsoft-Windows-Dhcp-Client,System,Information,DHCPv4 client service is started
08/22/2024 07:48:32,6,Microsoft-Windows-FilterManager,System,Information,File System Filter 'bindflt' (10.0  ‎2032‎-‎10‎-‎20T02:22:30.000000000Z) has successfully loaded and registered with Filter Manager.
08/22/2024 07:48:32,6,Microsoft-Windows-FilterManager,System,Information,File System Filter 'storqosflt' (10.0  ‎2039‎-‎04‎-‎22T02:36:38.000000000Z) has successfully loaded and registered with Filter Manager.
08/22/2024 07:48:32,6,Microsoft-Windows-FilterManager,System,Information,File System Filter 'CldFlt' (10.0  ‎2060‎-‎03‎-‎21T03:17:45.000000000Z) has successfully loaded and registered with Filter Manager.
08/22/2024 07:48:32,1,Microsoft-Windows-FilterManager,System,Information,File System Filter 'CldFlt' (Version 10.0  ‎2060‎-‎03‎-‎21T03:17:45.000000000Z) unloaded successfully.
08/22/2024 07:48:32,6,Microsoft-Windows-FilterManager,System,Information,File System Filter 'CldFlt' (10.0  ‎2060‎-‎03‎-‎21T03:17:45.000000000Z) has successfully loaded and registered with Filter Manager.
08/22/2024 07:48:32,6,Microsoft-Windows-FilterManager,System,Information,File System Filter 'luafv' (10.0  ‎2059‎-‎02‎-‎13T10:28:11.000000000Z) has successfully loaded and registered with Filter Manager.
08/22/2024 07:48:32,6,Microsoft-Windows-FilterManager,System,Information,File System Filter 'wcifs' (10.0  ‎2089‎-‎07‎-‎06T18:42:00.000000000Z) has successfully loaded and registered with Filter Manager.
08/22/2024 07:48:32,6,Microsoft-Windows-FilterManager,System,Information,File System Filter 'bfs' (10.0  ‎1989‎-‎12‎-‎07T11:41:03.000000000Z) has successfully loaded and registered with Filter Manager.
08/22/2024 07:48:32,6,Microsoft-Windows-FilterManager,System,Information,File System Filter 'applockerfltr' (10.0  ‎2008‎-‎07‎-‎12T22:16:33.000000000Z) has successfully loaded and registered with Filter Manager.
08/22/2024 07:48:32,16,Microsoft-Windows-Kernel-General,System,Information,The access history in hive \??\C:\Windows\ServiceProfiles\LocalService\NTUSER.DAT was cleared updating 640 keys and creating 36 modified pages.
08/22/2024 07:48:32,16,Microsoft-Windows-Kernel-General,System,Information,The access history in hive \SystemRoot\System32\Config\BBI was cleared updating 9 keys and creating 2 modified pages.
08/22/2024 07:48:32,16,Microsoft-Windows-Kernel-General,System,Information,The access history in hive \??\C:\Windows\ServiceProfiles\NetworkService\NTUSER.DAT was cleared updating 630 keys and creating 34 modified pages.
08/22/2024 07:48:31,16983,Microsoft-Windows-Directory-Services-SAM,System,Information,The security account manager is now logging periodic summary events for remote clients that call legacy password change or set RPC methods.    For more information please see https://go.microsoft.com/fwlink/?linkid=2150956.  
08/22/2024 07:48:31,16977,Microsoft-Windows-Directory-Services-SAM,System,Information,The domain is configured with the following minimum password length-related settings.    MinimumPasswordLength: 0    RelaxMinimumPasswordLengthLimits: 0    MinimumPasswordLengthAudit: -1    For more information see https://go.microsoft.com/fwlink/?LinkId=2097191.  
08/22/2024 07:48:31,16,Microsoft-Windows-Kernel-General,System,Information,The access history in hive \SystemRoot\System32\Config\SAM was cleared updating 80 keys and creating 6 modified pages.
08/22/2024 07:48:31,16962,Microsoft-Windows-Directory-Services-SAM,System,Information,Remote calls to the SAM database are being restricted using the default security descriptor: O:SYG:SYD:(A;;RC;;;BA).  For more information please see http://go.microsoft.com/fwlink/?LinkId=787651.
08/22/2024 07:48:31,6155,LsaSrv,System,Warning,LSA package is not signed as expected. This can cause unexpected behaviour with Credential Guard.    PackageName: msv1_0
08/22/2024 07:48:31,6155,LsaSrv,System,Warning,LSA package is not signed as expected. This can cause unexpected behaviour with Credential Guard.    PackageName: sfapm
08/22/2024 07:48:31,6155,LsaSrv,System,Warning,LSA package is not signed as expected. This can cause unexpected behaviour with Credential Guard.    PackageName: schannel
08/22/2024 07:48:31,6155,LsaSrv,System,Warning,LSA package is not signed as expected. This can cause unexpected behaviour with Credential Guard.    PackageName: wdigest
08/22/2024 07:48:31,6155,LsaSrv,System,Warning,LSA package is not signed as expected. This can cause unexpected behaviour with Credential Guard.    PackageName: cloudap
08/22/2024 07:48:31,6155,LsaSrv,System,Warning,LSA package is not signed as expected. This can cause unexpected behaviour with Credential Guard.    PackageName: pku2u
08/22/2024 07:48:31,6155,LsaSrv,System,Warning,LSA package is not signed as expected. This can cause unexpected behaviour with Credential Guard.    PackageName: tspkg
08/22/2024 07:48:31,6155,LsaSrv,System,Warning,LSA package is not signed as expected. This can cause unexpected behaviour with Credential Guard.    PackageName: msv1_0
08/22/2024 07:48:31,6155,LsaSrv,System,Warning,LSA package is not signed as expected. This can cause unexpected behaviour with Credential Guard.    PackageName: kerberos
08/22/2024 07:48:31,6155,LsaSrv,System,Warning,LSA package is not signed as expected. This can cause unexpected behaviour with Credential Guard.    PackageName: negoexts
08/22/2024 07:48:31,16,Microsoft-Windows-Kernel-General,System,Information,The access history in hive \SystemRoot\System32\Config\SECURITY was cleared updating 101 keys and creating 5 modified pages.
08/22/2024 07:48:31,6156,LsaSrv,System,Information,Virtualization Based Security for Credential Guard auto enablement status.    Hardware Requirements:	1  Domain Joined:	0  Azure AD Joined:	0
08/22/2024 07:48:31,15,Microsoft-Windows-Wininit,System,Warning,Credential Guard and/or VBS Key Isolation are configured but the secure kernel is not running; continuing without them.
08/22/2024 07:48:31,14,Microsoft-Windows-Wininit,System,Information,Credential Guard configuration:    Registry Configuration: 0x2  Test Configuration: 0  Auto Enablement: 1
08/22/2024 07:48:31,16,Microsoft-Windows-Kernel-General,System,Information,The access history in hive \SystemRoot\System32\Config\DEFAULT was cleared updating 305 keys and creating 28 modified pages.
08/22/2024 07:48:31,28,BTHUSB,System,Warning,The local adapter does not support Bluetooth Low Energy.
08/22/2024 07:48:31,48,BTHUSB,System,Warning,The local adapter does not support reading the encryption key size for a connected device. Insecure devices may be able to connect to this system.
08/22/2024 07:48:31,18,BTHUSB,System,Information,Windows cannot store Bluetooth authentication codes (link keys) on the local adapter. Bluetooth keyboards might not work in the system BIOS during start-up.
08/22/2024 07:48:31,24,Microsoft-Windows-Kernel-General,System,Information,The time zone information was refreshed with exit reason 0. Current time zone bias is -60.
08/22/2024 07:48:30,16,Microsoft-Windows-Kernel-General,System,Information,The access history in hive \Device\HarddiskVolume1\EFI\Microsoft\Boot\BCD was cleared updating 102 keys and creating 5 modified pages.
08/22/2024 07:48:30,15,Microsoft-Windows-Kernel-General,System,Information,Hive \SystemRoot\System32\Config\SOFTWARE was reorganized with a starting size of 70299648 bytes and an ending size of 69664768 bytes.
08/22/2024 07:48:28,32,e1i68x64,System,Information,Intel(R) 82574L Gigabit Network Connection   Network link has been established at 1Gbps full duplex.  
08/22/2024 07:48:28,55,Microsoft-Windows-Kernel-Processor-Power,System,Information,Processor 1 in group 0 exposes the following power management capabilities:    Idle state type: ACPI Idle (C) States (1 state(s))    Performance state type: None  Nominal Frequency (MHz): 3302  Maximum performance percentage: 100  Minimum performance percentage: 100  Minimum throttle percentage: 100
08/22/2024 07:48:28,55,Microsoft-Windows-Kernel-Processor-Power,System,Information,Processor 0 in group 0 exposes the following power management capabilities:    Idle state type: ACPI Idle (C) States (1 state(s))    Performance state type: None  Nominal Frequency (MHz): 3302  Maximum performance percentage: 100  Minimum performance percentage: 100  Minimum throttle percentage: 100
08/22/2024 07:48:28,16,Microsoft-Windows-Kernel-General,System,Information,The access history in hive \Device\HarddiskVolume1\EFI\Microsoft\Boot\BCD was cleared updating 102 keys and creating 5 modified pages.
08/22/2024 07:48:28,98,Microsoft-Windows-Ntfs,System,Information,Volume \\?\Volume{d9b9caa7-d116-4f4b-b8da-f83035d85e80} (\Device\HarddiskVolume4) is healthy.  No action is needed.
08/22/2024 07:48:28,16,Microsoft-Windows-Kernel-General,System,Information,The access history in hive \Device\HarddiskVolume1\EFI\Microsoft\Boot\BCD was cleared updating 102 keys and creating 5 modified pages.
08/22/2024 07:48:28,16,Microsoft-Windows-Kernel-General,System,Information,The access history in hive \Device\HarddiskVolume1\EFI\Microsoft\Boot\BCD was cleared updating 102 keys and creating 5 modified pages.
08/22/2024 07:48:28,172,Microsoft-Windows-Kernel-Power,System,Information,Connectivity state in standby: Disconnected  Reason: NIC compliance
08/22/2024 07:48:28,16,Microsoft-Windows-Kernel-General,System,Information,The access history in hive \Device\HarddiskVolume1\EFI\Microsoft\Boot\BCD was cleared updating 102 keys and creating 5 modified pages.
08/22/2024 07:48:28,6,Microsoft-Windows-FilterManager,System,Information,File System Filter 'npsvctrig' (10.0  ‎1979‎-‎12‎-‎19T17:12:41.000000000Z) has successfully loaded and registered with Filter Manager.
08/22/2024 07:48:28,6,Microsoft-Windows-FilterManager,System,Information,File System Filter 'FileCrypt' (10.0  ‎1983‎-‎08‎-‎19T03:58:35.000000000Z) has successfully loaded and registered with Filter Manager.
08/22/2024 07:48:28,98,Microsoft-Windows-Ntfs,System,Information,Volume C: (\Device\HarddiskVolume3) is healthy.  No action is needed.
08/22/2024 07:48:28,6,Microsoft-Windows-FilterManager,System,Information,File System Filter 'WdFilter' (10.0  ‎2006‎-‎11‎-‎02T22:54:47.000000000Z) has successfully loaded and registered with Filter Manager.
08/22/2024 07:48:28,6,Microsoft-Windows-FilterManager,System,Information,File System Filter 'Wof' (10.0  ‎2086‎-‎08‎-‎04T12:20:16.000000000Z) has successfully loaded and registered with Filter Manager.
08/22/2024 07:48:28,6,Microsoft-Windows-FilterManager,System,Information,File System Filter 'FileInfo' (10.0  ‎2079‎-‎02‎-‎26T23:03:00.000000000Z) has successfully loaded and registered with Filter Manager.
08/22/2024 07:48:32,6013,EventLog,System,Information,The system uptime is 10 seconds.
08/22/2024 07:48:32,6005,EventLog,System,Information,The Event log service was started.
08/22/2024 07:48:32,6009,EventLog,System,Information,Microsoft (R) Windows (R) 10.00. 22631  Multiprocessor Free.
08/22/2024 07:48:23,16,Microsoft-Windows-HAL,System,Information,The iommu fault reporting has been initialized.
08/22/2024 07:48:23,20,Microsoft-Windows-Kernel-General,System,Information,The leap second configuration has been updated.  Reason: Leap second data initialized from registry during boot  Leap seconds enabled: true  New leap second count: 0  Old leap second count: 0
08/22/2024 07:48:23,32,Microsoft-Windows-Kernel-Boot,System,Information,The bootmgr spent 0 ms waiting for user input.
08/22/2024 07:48:23,18,Microsoft-Windows-Kernel-Boot,System,Information,There are 0x1 boot options on this system.
08/22/2024 07:48:23,27,Microsoft-Windows-Kernel-Boot,System,Information,The boot type was 0x0.
