08/22/2024 14:23:28,1004,Microsoft-Windows-Security-SPP,Application,Information,The Software Protection service has successfully installed the license.  License Title=DefaultPpd-ProfessionalEducation Component PPD License  License Id=0840d7ac-83e1-57a4-f819-5ecfa95807c5
08/22/2024 14:23:28,1004,Microsoft-Windows-Security-SPP,Application,Information,The Software Protection service has successfully installed the license.  License Title=Windows(R) ProfessionalCountrySpecific Product PPD License  License Id=9526e751-f3e0-055b-aa53-c71fbe9ef1e1
08/22/2024 14:23:28,1004,Microsoft-Windows-Security-SPP,Application,Information,The Software Protection service has successfully installed the license.  License Title=DefaultPpd-ProfessionalCountrySpecific Component PPD License  License Id=26c3f742-4faa-2a07-f241-cad4690f2217
08/22/2024 14:23:28,1004,Microsoft-Windows-Security-SPP,Application,Information,The Software Protection service has successfully installed the license.  License Title=Windows(R) Professional Product PPD License  License Id=1c213638-585f-d000-58d4-b060de01653f
08/22/2024 14:23:28,1004,Microsoft-Windows-Security-SPP,Application,Information,The Software Protection service has successfully installed the license.  License Title=DefaultPpd-Professional Component PPD License  License Id=45860a13-33c6-fe65-5493-dcbd75679908
08/22/2024 14:23:28,1004,Microsoft-Windows-Security-SPP,Application,Information,The Software Protection service has successfully installed the license.  License Title=Windows(R) IoTEnterprise Product PPD License  License Id=051f5c26-ebff-4231-1e7d-0c61f1fba334
08/22/2024 14:23:28,1004,Microsoft-Windows-Security-SPP,Application,Information,The Software Protection service has successfully installed the license.  License Title=DefaultPpd-IoTEnterprise Component PPD License  License Id=f9366c35-43d5-c5ff-dbc6-549f4601ced2
08/22/2024 14:23:28,1004,Microsoft-Windows-Security-SPP,Application,Information,The Software Protection service has successfully installed the license.  License Title=Windows(R) Enterprise Product PPD License  License Id=16610a5d-f4d9-37fe-a935-5f2308fbfcd5
08/22/2024 14:23:28,1004,Microsoft-Windows-Security-SPP,Application,Information,The Software Protection service has successfully installed the license.  License Title=DefaultPpd-Enterprise Component PPD License  License Id=12061e43-2fc6-f7bb-e8f4-814f9b38361f
08/22/2024 14:23:28,1004,Microsoft-Windows-Security-SPP,Application,Information,The Software Protection service has successfully installed the license.  License Title=Windows(R) Education Product PPD License  License Id=7cd1d103-6453-34d7-d170-e73e2a46af06
08/22/2024 14:23:28,1004,Microsoft-Windows-Security-SPP,Application,Information,The Software Protection service has successfully installed the license.  License Title=DefaultPpd-Education Component PPD License  License Id=cdc0da52-4f49-26b6-e867-2dd5cd6a9541
08/22/2024 14:23:28,1004,Microsoft-Windows-Security-SPP,Application,Information,The Software Protection service has successfully installed the license.  License Title=DefaultPpd-csvlk-pack Component PPD License  License Id=cf87d272-7158-05ce-7df4-689302c3bfd9
08/22/2024 14:23:28,1004,Microsoft-Windows-Security-SPP,Application,Information,The Software Protection service has successfully installed the license.  License Title=DefaultPpd-CloudEdition Component PPD License  License Id=7f535359-1548-f4d1-b3a9-fa2760c3febf
08/22/2024 14:23:28,1004,Microsoft-Windows-Security-SPP,Application,Information,The Software Protection service has successfully installed the license.  License Title=Windows(R) CloudEdition Product PPD License  License Id=65b4a820-134c-ee40-3992-4eaccd2f7cab
08/22/2024 14:23:26,1066,Microsoft-Windows-Security-SPP,Application,Information,Initialization status for service objects.  C:\Windows\system32\sppwinob.dll  msft:spp/windowsfunctionality/agent/7.0  0x00000000  0x00000000 C:\Windows\system32\sppobjs.dll  msft:rm/algorithm/inherited/1.0  0x00000000  0x00000000 C:\Windows\system32\sppobjs.dll  msft:rm/algorithm/phone/1.0  0x00000000  0x00000000 C:\Windows\system32\sppobjs.dll  msft:rm/algorithm/pkey/detect  0x00000000  0x00000000 C:\Windows\system32\sppobjs.dll  msft:spp/ActionScheduler/1.0  0x00000000  0x00000000 C:\Windows\system32\sppobjs.dll  msft:spp/TaskScheduler/1.0  0x00000000  0x00000000 C:\Windows\system32\sppobjs.dll  msft:spp/statecollector/pkey  0x00000000  0x00000000 C:\Windows\system32\sppobjs.dll  msft:spp/volume/services/kms/1.0  0x00000000  0x00000000 C:\Windows\system32\sppobjs.dll  msft:spp/volume/services/kms/activationinfo/1.0  0x00000000  0x00000000 
08/22/2024 14:23:26,16394,Microsoft-Windows-Security-SPP,Application,Information,Offline downlevel migration succeeded.
08/22/2024 14:23:26,900,Microsoft-Windows-Security-SPP,Application,Information,The Software Protection service is starting.  Parameters:TriggerStarted:6
08/22/2024 14:23:19,271,VMUpgradeHelper,Application,Information,Restored network configuration.
08/22/2024 14:23:18,4202,Microsoft-Windows-MSDTC 2,Application,Information,MSDTC started with the following settings:   Security Configuration (OFF = 0 and ON = 1):  Allow Remote Administrator = 0   Network Clients = 0   Transaction Manager Communication:   Allow Inbound Transactions = 0   Allow Outbound Transactions = 0   Transaction Internet Protocol (TIP) = 0    Enable XA Transactions = 0    Enable SNA LU 6.2 Transactions = 1    MSDTC Communications Security = Mutual Authentication Required   Account = NT AUTHORITY\NetworkService    Firewall Exclusion Detected = 0   Transaction Bridge Installed = 0  Filtering Duplicate Events = 1 
08/22/2024 14:23:18,258,VMUpgradeHelper,Application,Information,Restoring network configuration.
08/22/2024 14:23:16,781,Microsoft-Windows-Complus,Application,Information,The COM+ sub system is suppressing duplicate event log entries for a duration of 86400 seconds.  The suppression timeout can be controlled by a REG_DWORD value named SuppressDuplicateDuration under the following registry key: HKLM\Software\Microsoft\COM3\Eventlog.
08/22/2024 14:23:15,5617,Microsoft-Windows-WMI,Application,Information,Windows Management Instrumentation Service subsystems initialized successfully
08/22/2024 14:23:14,5615,Microsoft-Windows-WMI,Application,Information,Windows Management Instrumentation Service started sucessfully
08/22/2024 14:23:14,105,VMTools,Application,Information,The service was started.
08/22/2024 14:23:11,9027,Desktop Window Manager,Application,Information,The Desktop Window Manager has registered the session port.
08/22/2024 14:23:10,1531,Microsoft-Windows-User Profiles Service,Application,Information,The User Profile Service has started successfully.      
08/22/2024 14:22:48,1532,Microsoft-Windows-User Profiles Service,Application,Information,The User Profile Service has stopped.      
08/22/2024 14:22:48,108,VMTools,Application,Information,The service was stopped.
08/22/2024 14:22:48,272,VMUpgradeHelper,Application,Information,Saved network configuration.
08/22/2024 14:22:48,260,VMUpgradeHelper,Application,Information,Saving network configuration.
08/22/2024 14:22:20,16384,Microsoft-Windows-Security-SPP,Application,Information,Successfully scheduled Software Protection service for re-start at 2024-08-23T04:12:20Z. Reason: RulesEngine.
08/22/2024 14:21:54,6000,Microsoft-Windows-Winlogon,Application,Information,The winlogon notification subscriber <SessionEnv> was unavailable to handle a notification event.
08/22/2024 14:21:54,6000,Microsoft-Windows-Winlogon,Application,Information,The winlogon notification subscriber <WSearch> was unavailable to handle a notification event.
08/22/2024 14:21:27,16394,Microsoft-Windows-Security-SPP,Application,Information,Offline downlevel migration succeeded.
08/22/2024 14:21:09,16384,Microsoft-Windows-Security-SPP,Application,Information,Successfully scheduled Software Protection service for re-start at 2024-08-23T04:12:09Z. Reason: RulesEngine.
08/22/2024 14:20:36,16394,Microsoft-Windows-Security-SPP,Application,Information,Offline downlevel migration succeeded.
08/22/2024 14:19:32,16384,Microsoft-Windows-Security-SPP,Application,Information,Successfully scheduled Software Protection service for re-start at 2024-08-23T04:12:32Z. Reason: RulesEngine.
08/22/2024 14:19:02,16394,Microsoft-Windows-Security-SPP,Application,Information,Offline downlevel migration succeeded.
08/22/2024 14:18:29,16384,Microsoft-Windows-Security-SPP,Application,Information,Successfully scheduled Software Protection service for re-start at 2024-08-23T04:12:29Z. Reason: RulesEngine.
08/22/2024 14:17:55,16394,Microsoft-Windows-Security-SPP,Application,Information,Offline downlevel migration succeeded.
08/22/2024 14:15:02,16384,Microsoft-Windows-Security-SPP,Application,Information,Successfully scheduled Software Protection service for re-start at 2024-08-23T04:13:02Z. Reason: RulesEngine.
08/22/2024 14:14:32,16394,Microsoft-Windows-Security-SPP,Application,Information,Offline downlevel migration succeeded.
08/22/2024 14:13:42,16384,Microsoft-Windows-Security-SPP,Application,Information,Successfully scheduled Software Protection service for re-start at 2024-08-23T04:12:42Z. Reason: RulesEngine.
08/22/2024 14:13:09,8198,Microsoft-Windows-Security-SPP,Application,Error,License Activation (slui.exe) failed with the following error code:  hr=0x80004005  Command-line arguments:  RuleId=31e71c49-8da7-4a2f-ad92-45d98a1c79ba;Action=AutoActivate;AppId=55c92734-d682-4d71-983e-d6ec3f16059f;SkuId=e558417a-5123-4f6f-91e7-385c1c7ca9d4;NotificationInterval=1440;Trigger=NetworkAvailable
08/22/2024 14:13:09,1003,Microsoft-Windows-Security-SPP,Application,Information,The Software Protection service has completed licensing status check.  Application Id=55c92734-d682-4d71-983e-d6ec3f16059f  Licensing Status= 1: 040fa323-92b1-4baf-97a2-5b67feaefddb  1  0 [(0 [0xC004F014  0  0]  [(?)(?)(?)(?)(?)(?)(?)(?)])(1 )(2 )(3 )] 2: 0724cb7d-3437-4cb7-93cb-830375d0079d  1  0 [(0 [0xC004F014  0  0]  [(?)(?)(?)(?)(?)(?)(?)(?)])(1 )(2 )(3 )] 3: 0ad2ac98-7bb9-4201-8d92-312299201369  1  0 [(0 [0xC004F014  0  0]  [(?)(?)(?)(?)(?)(?)(?)(?)])(1 )(2 )(3 )] 4: 1a9a717a-cf13-4ba5-83c3-0fe25fa868d5  1  0 [(0 [0xC004F014  0  0]  [(?)(?)(?)(?)(?)(?)(?)(?)])(1 )(2 )(3 )] 5: 221a02da-e2a1-4b75-864c-0a4410a33fdf  1  0 [(0 [0xC004F014  0  0]  [(?)(?)(?)(?)(?)(?)(?)(?)])(1 )(2 )(3 )] 6: 291ece0e-9c38-40ca-a9e1-32cc7ec19507  1  0 [(0 [0xC004F014  0  0]  [(?)(?)(?)(?)(?)(?)(?)(?)])(1 )(2 )(3 )] 7: 2936d1d2-913a-4542-b54e-ce5a602a2a38  1  0 [(0 [0xC004F014  0  0]  [(?)(?)(?)(?)(?)(?)(?)(?)])(1 )(2 )(3 )] 8: 2c293c26-a45a-4a2a-a350-c69a67097529  1  0 [(0 [0xC004F014  0  0]  [(?)(?)(?)(?)(?)(?)(?)(?)])(1 )(2 )(3 )] 9: 2de67392-b7a7-462a-b1ca-108dd189f588  1  0 [(0 [0xC004F014  0  0]  [(?)(?)(?)(?)(?)(?)(?)(?)])(1 )(2 )(3 )] 10: 2ffd8952-423e-4903-b993-72a1aa44cf82  1  0 [(0 [0xC004F014  0  0]  [(?)(?)(?)(?)(?)(?)(?)(?)])(1 )(2 )(3 )] 11: 30a42c86-b7a0-4a34-8c90-ff177cb2acb7  1  0 [(0 [0xC004F014  0  0]  [(?)(?)(?)(?)(?)(?)(?)(?)])(1 )(2 )(3 )] 12: 345a5db0-d94f-4e3b-a0c0-7c42f7bc3ebf  1  0 [(0 [0xC004F014  0  0]  [(?)(?)(?)(?)(?)(?)(?)(?)])(1 )(2 )(3 )] 13: 3502365a-f88a-4ba4-822a-5769d3073b65  1  0 [(0 [0xC004F014  0  0]  [(?)(?)(?)(?)(?)(?)(?)(?)])(1 )(2 )(3 )] 14: 377333b1-8b5d-48d6-9679-1225c872d37c  1  0 [(0 [0xC004F014  0  0]  [(?)(?)(?)(?)(?)(?)(?)(?)])(1 )(2 )(3 )] 15: 3df374ef-d444-4494-a5a1-4b0d9fd0e203  1  0 [(0 [0xC004F014  0  0]  [(?)(?)(?)(?)(?)(?)(?)(?)])(1 )(2 )(3 )] 16: 3f1afc82-f8ac-4f6c-8005-1d233e606eee  1  0 [(0 [0xC004F014  0  0]  [(?)(?)(?)(?)(?)(?)(?)(?)])(1 )(2 )(3 )] 17: 49cd895b-53b2-4dc4-a5f7-b18aa019ad37  1  0 [(0 [0xC004F014  0  0]  [(?)(?)(?)(?)(?)(?)(?)(?)])(1 )(2 )(3 )] 18: 4de7cb65-cdf1-4de9-8ae8-e3cce27b9f2c  1  0 [(0 [0xC004F014  0  0]  [(?)(?)(?)(?)(?)(?)(?)(?)])(1 )(2 )(3 )] 19: 4f3da0d2-271d-4508-ae81-626b60809a38  1  0 [(0 [0xC004F014  0  0]  [(?)(?)(?)(?)(?)(?)(?)(?)])(1 )(2 )(3 )] 20: 5d78c4e9-aeb3-4b40-8ac2-6a6005e0ad6d  1  0 [(0 [0xC004F014  0  0]  [(?)(?)(?)(?)(?)(?)(?)(?)])(1 )(2 )(3 )] 21: 60b3ec1b-9545-4921-821f-311b129dd6f6  1  0 [(0 [0xC004F014  0  0]  [(?)(?)(?)(?)(?)(?)(?)(?)])(1 )(2 )(3 )] 22: 613d217f-7f13-4268-9907-1662339531cd  1  0 [(0 [0xC004F014  0  0]  [(?)(?)(?)(?)(?)(?)(?)(?)])(1 )(2 )(3 )] 23: 62f0c100-9c53-4e02-b886-a3528ddfe7f6  1  0 [(0 [0xC004F014  0  0]  [(?)(?)(?)(?)(?)(?)(?)(?)])(1 )(2 )(3 )] 24: 6365275e-368d-46ca-a0ef-fc0404119333  1  0 [(0 [0xC004F014  0  0]  [(?)(?)(?)(?)(?)(?)(?)(?)])(1 )(2 )(3 )] 25: 721f9237-9341-4453-a661-09e8baa6cca5  1  0 [(0 [0xC004F014  0  0]  [(?)(?)(?)(?)(?)(?)(?)(?)])(1 )(2 )(3 )] 26: 73111121-5638-40f6-bc11-f1d7b0d64300  1  0 [(0 [0xC004F014  0  0]  [(?)(?)(?)(?)(?)(?)(?)(?)])(1 )(2 )(3 )] 27: 7a802526-4c94-4bd1-ba14-835a1aca2120  1  0 [(0 [0xC004F014  0  0]  [(?)(?)(?)(?)(?)(?)(?)(?)])(1 )(2 )(3 )] 28: 7cb546c0-c7d5-44d8-9a5c-69ecdd782b69  1  0 [(0 [0xC004F014  0  0]  [(?)(?)(?)(?)(?)(?)(?)(?)])(1 )(2 )(3 )] 29: 82bbc092-bc50-4e16-8e18-b74fc486aec3  1  0 [(0 [0xC004F014  0  0]  [(?)(?)(?)(?)(?)(?)(?)(?)])(1 )(2 )(3 )] 30: 8ab9bdd1-1f67-4997-82d9-8878520837d9  1  0 [(0 [0xC004F014  0  0]  [(?)(?)(?)(?)(?)(?)(?)(?)])(1 )(2 )(3 )] 31: 8b351c9c-f398-4515-9900-09df49427262  1  0 [(0 [0xC004F014  0  0]  [(?)(?)(?)(?)(?)(?)(?)(?)])(1 )(2 )(3 )] 32: 90da7373-1c51-430b-bf26-c97e9c5cdc31  1  0 [(0 [0xC004F014  0  0]  [(?)(?)(?)(?)(?)(?)(?)(?)])(1 )(2 )(3 )] 33: 92fb8726-92a8-4ffc-94ce-f82e07444653  1  0 [(0 [0xC004F014  0  0]  [(?)(?)(?)(?)(?)(?)(?)(?)])(1 )(2 )(3 )] 34: 95dca82f-385d-4d39-b85b-5c73fa285d6f  1  0 [(0 [0xC004F014  0  0]  [(?)(?)(?)(?)(?)(?)(?)(?)])(1 )(2 )(3 )] 35: a48938aa-62fa-4966-9d44-9f04da3f72f2  1  0 [(0 [0xC004F014  0  0]  [(?)(?)(?)(?)(?)(?)(?)(?)])(1 )(2 )(3 )] 36: b0773a15-df3a-4312-9ad2-83d69648e356  1  0 [(0 [0xC004F014  0  0]  [(?)(?)(?)(?)(?)(?)(?)(?)])(1 )(2 )(3 )] 37: b4bfe195-541e-4e64-ad23-6177f19e395e  1  0 [(0 [0xC004F014  0  0]  [(?)(?)(?)(?)(?)(?)(?)(?)])(1 )(2 )(3 )] 38: b68e61d2-68ca-4757-be45-0cc2f3e68eee  1  0 [(0 [0xC004F014  0  0]  [(?)(?)(?)(?)(?)(?)(?)(?)])(1 )(2 )(3 )] 39: bd3762d7-270d-4760-8fb3-d829ca45278a  1  0 [(0 [0xC004F014  0  0]  [(?)(?)(?)(?)(?)(?)(?)(?)])(1 )(2 )(3 )] 40: c86d5194-4840-4dae-9c1c-0301003a5ab0  1  0 [(0 [0xC004F014  0  0]  [(?)(?)(?)(?)(?)(?)(?)(?)])(1 )(2 )(3 )] 41: ca7df2e3-5ea0-47b8-9ac1-b1be4d8edd69  1  0 [(0 [0xC004F014  0  0]  [(?)(?)(?)(?)(?)(?)(?)(?)])(1 )(2 )(3 )] 42: d552befb-48cc-4327-8f39-47d2d94f987c  1  0 [(0 [0xC004F014  0  0]  [(?)(?)(?)(?)(?)(?)(?)(?)])(1 )(2 )(3 )] 43: d6eadb3b-5ca8-4a6b-986e-35b550756111  1  0 [(0 [0xC004F014  0  0]  [(?)(?)(?)(?)(?)(?)(?)(?)])(1 )(2 )(3 )] 44: df96023b-dcd9-4be2-afa0-c6c871159ebe  1  0 [(0 [0xC004F014  0  0]  [(?)(?)(?)(?)(?)(?)(?)(?)])(1 )(2 )(3 )] 45: e0c42288-980c-4788-a014-c080d2e1926e  1  0 [(0 [0xC004F014  0  0]  [(?)(?)(?)(?)(?)(?)(?)(?)])(1 )(2 )(3 )] 46: e4db50ea-bda1-4566-b047-0ca50abc6f07  1  0 [(0 [0xC004F014  0  0]  [(?)(?)(?)(?)(?)(?)(?)(?)])(1 )(2 )(3 )] 47: e558417a-5123-4f6f-91e7-385c1c7ca9d4  1  1 [(0 )(1 )(2 [0xC004E003  0  0]  [( 1 0xC004F034)( 1 0xC004F034)(?)(?)(?)(?)(?)(?)])(3 [0x00000000  0  0]  [( 6 0xC004F009 0 0)( 1 0x00000000)( 6 0xC004F009 0 0)(?)(?)(?)( 10 0x00000000 msft:rm/algorithm/flags/1.0)( 11 0x00000000 0xC004F034)])] 48: e7a950a2-e548-4f10-bf16-02ec848e0643  1  0 [(0 [0xC004F014  0  0]  [(?)(?)(?)(?)(?)(?)(?)(?)])(1 )(2 )(3 )] 49: eb6d346f-1c60-4643-b960-40ec31596c45  1  0 [(0 [0xC004F014  0  0]  [(?)(?)(?)(?)(?)(?)(?)(?)])(1 )(2 )(3 )] 50: ec868e65-fadf-4759-b23e-93fe37f2cc29  1  0 [(0 [0xC004F014  0  0]  [(?)(?)(?)(?)(?)(?)(?)(?)])(1 )(2 )(3 )] 51: ef51e000-2659-4f25-8345-3de70a9cf4c4  1  0 [(0 [0xC004F014  0  0]  [(?)(?)(?)(?)(?)(?)(?)(?)])(1 )(2 )(3 )] 52: f7af7d09-40e4-419c-a49b-eae366689ebd  1  0 [(0 [0xC004F014  0  0]  [(?)(?)(?)(?)(?)(?)(?)(?)])(1 )(2 )(3 )] 53: fa755fe6-6739-40b9-8d84-6d0ea3b6d1ab  1  0 [(0 [0xC004F014  0  0]  [(?)(?)(?)(?)(?)(?)(?)(?)])(1 )(2 )(3 )] 54: fe74f55b-0338-41d6-b267-4a201abe7285  1  0 [(0 [0xC004F014  0  0]  [(?)(?)(?)(?)(?)(?)(?)(?)])(1 )(2 )(3 )]  
08/22/2024 14:13:03,16394,Microsoft-Windows-Security-SPP,Application,Information,Offline downlevel migration succeeded.
08/22/2024 08:43:18,258,Microsoft-Windows-Defrag,Application,Information,The storage optimiser successfully completed boot optimisation on (C:)
08/22/2024 08:39:53,1001,Windows Error Reporting,Application,Information,Fault bucket 1198074725124077000  type 5  Event Name: RADAR_PRE_LEAK_64  Response: Not available  Cab Id: 0    Problem signature:  P1: TiWorker.exe  P2: 10.0.22621.4027  P3: 10.0.22631.2.0.0  P4:   P5:   P6:   P7:   P8:   P9:   P10:     Attached files:  \\?\C:\Users\Test-Lab\AppData\Local\Temp\RDR8303.tmp\empty.txt  \\?\C:\ProgramData\Microsoft\Windows\WER\Temp\WER.b3877756-315e-4359-9e28-4d95d3325ba4.tmp.WERInternalMetadata.xml  WPR_initiated_DiagTrackMiniLogger_OneTrace_User_Logger_20240821_1_EC_0_inject.etl  \\?\C:\ProgramData\Microsoft\Windows\WER\Temp\WER.bf071939-ee14-4b23-a793-8ca93899ef18.tmp.etl  WPR_initiated_DiagTrackMiniLogger_WPR System Collector_inject.etl  \\?\C:\ProgramData\Microsoft\Windows\WER\Temp\WER.e786004c-e9b9-46cb-b316-94f078d95620.tmp.etl  \\?\C:\ProgramData\Microsoft\Windows\WER\Temp\WER.4e408923-5860-4b0a-b2fb-2dfa733adef6.tmp.csv  \\?\C:\ProgramData\Microsoft\Windows\WER\Temp\WER.c92c7486-8b57-4caa-84dc-385e333be0eb.tmp.txt  \\?\C:\ProgramData\Microsoft\Windows\WER\Temp\WER.f2e0fa35-b3f9-44f0-9257-b54b69955d3d.tmp.xml    These files may be available here:  NULL    Analysis symbol:   Rechecking for solution: 0  Report Id: c8cb8a74-5ff5-41ca-ae52-4edbc8e2b2ef  Report Status: 268435456  Hashed bucket: f55ac658b41ed83310a06a9d6564f5c8  Cab Guid: 0
08/22/2024 08:38:32,16384,Microsoft-Windows-Security-SPP,Application,Information,Successfully scheduled Software Protection service for re-start at 2024-08-22T22:19:32Z. Reason: RulesEngine.
08/22/2024 08:37:58,4097,Microsoft-Windows-CAPI2,Application,Information,Successful auto update of third-party root certificate:: Subject: <CN=Microsoft RSA Root Certificate Authority 2017  O=Microsoft Corporation  C=US> Sha1 thumbprint: <73A5E64A3BFF8316FF0EDCCC618A906E4EAE4D74>.
08/22/2024 08:37:55,16394,Microsoft-Windows-Security-SPP,Application,Information,Offline downlevel migration succeeded.
08/22/2024 08:35:51,16384,Microsoft-Windows-Security-SPP,Application,Information,Successfully scheduled Software Protection service for re-start at 2024-08-22T22:19:51Z. Reason: RulesEngine.
08/22/2024 08:35:02,1034,Microsoft-Windows-Security-SPP,Application,Information,Duplicate definition of policy found. Policy name=Security-SPP-WriteWauMarker  Priority=500
08/22/2024 08:35:02,1034,Microsoft-Windows-Security-SPP,Application,Information,Duplicate definition of policy found. Policy name=AAD-BlockAADWorkplaceJoin-Default  Priority=100
08/22/2024 08:35:02,1034,Microsoft-Windows-Security-SPP,Application,Information,Duplicate definition of policy found. Policy name=AAD-BlockAADWorkplaceJoin-Default  Priority=100
08/22/2024 08:35:02,1034,Microsoft-Windows-Security-SPP,Application,Information,Duplicate definition of policy found. Policy name=AAD-BlockAADWorkplaceJoin-Default  Priority=100
08/22/2024 08:35:02,1034,Microsoft-Windows-Security-SPP,Application,Information,Duplicate definition of policy found. Policy name=AAD-BlockAADWorkplaceJoin-Default  Priority=100
08/22/2024 08:35:02,1034,Microsoft-Windows-Security-SPP,Application,Information,Duplicate definition of policy found. Policy name=AAD-BlockAADWorkplaceJoin-Default  Priority=100
08/22/2024 08:35:02,1034,Microsoft-Windows-Security-SPP,Application,Information,Duplicate definition of policy found. Policy name=AAD-BlockAADWorkplaceJoin-Default  Priority=100
08/22/2024 08:35:02,1034,Microsoft-Windows-Security-SPP,Application,Information,Duplicate definition of policy found. Policy name=AAD-BlockAADWorkplaceJoin-Default  Priority=100
08/22/2024 08:35:02,1034,Microsoft-Windows-Security-SPP,Application,Information,Duplicate definition of policy found. Policy name=AAD-BlockAADWorkplaceJoin-Default  Priority=100
08/22/2024 08:35:02,1034,Microsoft-Windows-Security-SPP,Application,Information,Duplicate definition of policy found. Policy name=AAD-BlockAADWorkplaceJoin-Default  Priority=100
08/22/2024 08:35:02,1034,Microsoft-Windows-Security-SPP,Application,Information,Duplicate definition of policy found. Policy name=AAD-BlockAADWorkplaceJoin-Default  Priority=100
08/22/2024 08:35:02,16394,Microsoft-Windows-Security-SPP,Application,Information,Offline downlevel migration succeeded.
08/22/2024 08:33:07,8224,VSS,Application,Information,The VSS service is shutting down due to idle timeout. 
08/22/2024 08:32:07,16384,Microsoft-Windows-Security-SPP,Application,Information,Successfully scheduled Software Protection service for re-start at 2024-08-22T22:19:07Z. Reason: RulesEngine.
08/22/2024 08:31:37,1034,Microsoft-Windows-Security-SPP,Application,Information,Duplicate definition of policy found. Policy name=Security-SPP-WriteWauMarker  Priority=500
08/22/2024 08:31:37,1034,Microsoft-Windows-Security-SPP,Application,Information,Duplicate definition of policy found. Policy name=AAD-BlockAADWorkplaceJoin-Default  Priority=100
08/22/2024 08:31:37,1034,Microsoft-Windows-Security-SPP,Application,Information,Duplicate definition of policy found. Policy name=AAD-BlockAADWorkplaceJoin-Default  Priority=100
08/22/2024 08:31:37,1034,Microsoft-Windows-Security-SPP,Application,Information,Duplicate definition of policy found. Policy name=AAD-BlockAADWorkplaceJoin-Default  Priority=100
08/22/2024 08:31:37,1034,Microsoft-Windows-Security-SPP,Application,Information,Duplicate definition of policy found. Policy name=AAD-BlockAADWorkplaceJoin-Default  Priority=100
08/22/2024 08:31:37,1034,Microsoft-Windows-Security-SPP,Application,Information,Duplicate definition of policy found. Policy name=AAD-BlockAADWorkplaceJoin-Default  Priority=100
08/22/2024 08:31:37,1034,Microsoft-Windows-Security-SPP,Application,Information,Duplicate definition of policy found. Policy name=AAD-BlockAADWorkplaceJoin-Default  Priority=100
08/22/2024 08:31:37,1034,Microsoft-Windows-Security-SPP,Application,Information,Duplicate definition of policy found. Policy name=AAD-BlockAADWorkplaceJoin-Default  Priority=100
08/22/2024 08:31:37,1034,Microsoft-Windows-Security-SPP,Application,Information,Duplicate definition of policy found. Policy name=AAD-BlockAADWorkplaceJoin-Default  Priority=100
08/22/2024 08:31:37,1034,Microsoft-Windows-Security-SPP,Application,Information,Duplicate definition of policy found. Policy name=AAD-BlockAADWorkplaceJoin-Default  Priority=100
08/22/2024 08:31:37,1034,Microsoft-Windows-Security-SPP,Application,Information,Duplicate definition of policy found. Policy name=AAD-BlockAADWorkplaceJoin-Default  Priority=100
08/22/2024 08:31:36,16394,Microsoft-Windows-Security-SPP,Application,Information,Offline downlevel migration succeeded.
08/22/2024 08:28:17,15,SecurityCenter,Application,Information,Updated Windows Defender status successfully to SECURITY_PRODUCT_STATE_ON.
08/22/2024 08:27:29,1130,.NET Runtime Optimization Service,Application,Information,.NET Runtime Optimization Service (4.0.30319.0) - Installed from repository: mscorlib
08/22/2024 08:27:28,1130,.NET Runtime Optimization Service,Application,Information,.NET Runtime Optimization Service (4.0.30319.0) - Installed from repository: mscorlib
08/22/2024 08:24:12,16384,Microsoft-Windows-Security-SPP,Application,Information,Successfully scheduled Software Protection service for re-start at 2024-08-22T22:19:12Z. Reason: RulesEngine.
08/22/2024 08:23:39,1034,Microsoft-Windows-Security-SPP,Application,Information,Duplicate definition of policy found. Policy name=Security-SPP-WriteWauMarker  Priority=500
08/22/2024 08:23:39,1034,Microsoft-Windows-Security-SPP,Application,Information,Duplicate definition of policy found. Policy name=AAD-BlockAADWorkplaceJoin-Default  Priority=100
08/22/2024 08:23:38,1034,Microsoft-Windows-Security-SPP,Application,Information,Duplicate definition of policy found. Policy name=AAD-BlockAADWorkplaceJoin-Default  Priority=100
08/22/2024 08:23:38,1034,Microsoft-Windows-Security-SPP,Application,Information,Duplicate definition of policy found. Policy name=AAD-BlockAADWorkplaceJoin-Default  Priority=100
08/22/2024 08:23:38,1034,Microsoft-Windows-Security-SPP,Application,Information,Duplicate definition of policy found. Policy name=AAD-BlockAADWorkplaceJoin-Default  Priority=100
08/22/2024 08:23:38,1034,Microsoft-Windows-Security-SPP,Application,Information,Duplicate definition of policy found. Policy name=AAD-BlockAADWorkplaceJoin-Default  Priority=100
08/22/2024 08:23:38,1034,Microsoft-Windows-Security-SPP,Application,Information,Duplicate definition of policy found. Policy name=AAD-BlockAADWorkplaceJoin-Default  Priority=100
08/22/2024 08:23:38,1034,Microsoft-Windows-Security-SPP,Application,Information,Duplicate definition of policy found. Policy name=AAD-BlockAADWorkplaceJoin-Default  Priority=100
08/22/2024 08:23:38,1034,Microsoft-Windows-Security-SPP,Application,Information,Duplicate definition of policy found. Policy name=AAD-BlockAADWorkplaceJoin-Default  Priority=100
08/22/2024 08:23:38,1034,Microsoft-Windows-Security-SPP,Application,Information,Duplicate definition of policy found. Policy name=AAD-BlockAADWorkplaceJoin-Default  Priority=100
08/22/2024 08:23:38,1034,Microsoft-Windows-Security-SPP,Application,Information,Duplicate definition of policy found. Policy name=AAD-BlockAADWorkplaceJoin-Default  Priority=100
08/22/2024 08:23:37,16394,Microsoft-Windows-Security-SPP,Application,Information,Offline downlevel migration succeeded.
08/22/2024 08:23:27,4097,Microsoft-Windows-CAPI2,Application,Information,Successful auto update of third-party root certificate:: Subject: <OU=Starfield Class 2 Certification Authority  O="Starfield Technologies  Inc."  C=US> Sha1 thumbprint: <AD7E1C28B064EF8F6003402014C3D0E3370EB58A>.
08/22/2024 08:23:27,4097,Microsoft-Windows-CAPI2,Application,Information,Successful auto update of third-party root certificate:: Subject: <CN=DigiCert High Assurance EV Root CA  OU=www.digicert.com  O=DigiCert Inc  C=US> Sha1 thumbprint: <5FB7EE0633E259DBAD0C4C9AE6D38F1A61C7DC25>.
08/22/2024 08:22:57,0,edgeupdatem,Application,Information,Service stopped.
08/22/2024 08:22:57,0,edgeupdatem,Application,Information,Service stopped.
08/22/2024 08:22:53,8224,VSS,Application,Information,The VSS service is shutting down due to idle timeout. 
08/22/2024 08:22:24,16384,Microsoft-Windows-Security-SPP,Application,Information,Successfully scheduled Software Protection service for re-start at 2024-08-22T22:19:24Z. Reason: RulesEngine.
08/22/2024 08:21:53,16394,Microsoft-Windows-Security-SPP,Application,Information,Offline downlevel migration succeeded.
08/22/2024 08:21:52,10001,Microsoft-Windows-RestartManager,Application,Information,Ending session 0 started ‎2024‎-‎08‎-‎21T22:21:51.855385000Z.
08/22/2024 08:21:52,15,SecurityCenter,Application,Information,Updated Windows Defender status successfully to SECURITY_PRODUCT_STATE_ON.
08/22/2024 08:21:52,1042,MsiInstaller,Application,Information,Ending a Windows Installer transaction: C:\Windows\TEMP\FEBBE943-ED72-4163-B5B2-FC35316952CA\UpdHealthTools.msi. Client Process Id: 1468.
08/22/2024 08:21:52,1033,MsiInstaller,Application,Information,Windows Installer installed the product. Product Name: Microsoft Update Health Tools. Product Version: 5.72.0.0. Product Language: 0. Manufacturer: Microsoft Corporation. Installation success or error status: 0.
08/22/2024 08:21:52,11707,MsiInstaller,Application,Information,Product: Microsoft Update Health Tools -- Installation completed successfully.
08/22/2024 08:21:51,10000,Microsoft-Windows-RestartManager,Application,Information,Starting session 0 - ‎2024‎-‎08‎-‎21T22:21:51.855385000Z.
08/22/2024 08:21:51,1040,MsiInstaller,Application,Information,Beginning a Windows Installer transaction: C:\Windows\TEMP\FEBBE943-ED72-4163-B5B2-FC35316952CA\UpdHealthTools.msi. Client Process Id: 1468.
08/22/2024 08:21:50,1,SecurityCenter,Application,Information,The Windows Security Center Service has started.
08/22/2024 08:21:50,900,Microsoft-Windows-Security-SPP,Application,Information,The Software Protection service is starting.  Parameters:<explicit>
08/22/2024 08:21:49,0,edgeupdate,Application,Information,Service stopped.
08/22/2024 08:21:17,903,Microsoft-Windows-Security-SPP,Application,Information,The Software Protection service has stopped.  
08/22/2024 08:21:17,16384,Microsoft-Windows-Security-SPP,Application,Information,Successfully scheduled Software Protection service for re-start at 2024-08-22T22:19:17Z. Reason: RulesEngine.
08/22/2024 08:20:23,1,Microsoft-Windows-Search-ProfileNotify,Application,Information,Windows Search Service indexed data for user 'S-1-5-21-2444720182-3836102192-2214503162-1000' successfully removed in response to user profile deletion.  
08/22/2024 08:20:23,1,Microsoft-Windows-Search-ProfileNotify,Application,Information,Windows Search Service indexed data for user 'S-1-5-21-2444720182-3836102192-2214503162-1000' successfully removed in response to user profile deletion.  
08/22/2024 08:20:23,1003,Microsoft-Windows-Search,Application,Information,The Windows Search Service started. 
08/22/2024 08:20:02,86,Microsoft-Windows-CertificateServicesClient-CertEnroll,Application,Error,SCEP Certificate enrollment initialization for WORKGROUP\DESKTOP-8CIK9L4$ via https://VMW-KeyId-1c2492513d5ddafd85ddcca2e165abd218a9d7ac.microsoftaik.azure.net/templates/Aik/scep failed:    GetCACaps GetCACaps: Not Found {"Message":"The authority \"vmw-keyid-1c2492513d5ddafd85ddcca2e165abd218a9d7ac.microsoftaik.azure.net\" does not exist."} HTTP/1.1 404 Not Found Date: Wed  21 Aug 2024 22:20:03 GMT Content-Length: 121 Content-Type: application/json; charset=utf-8 X-Content-Type-Options: nosniff Strict-Transport-Security: max-age=31536000;includeSubDomains x-ms-request-id: 0605ab77-ad04-49bb-b717-a3d158258dcb   Method: GET(375ms)  Stage: GetCACaps  Not found (404). 0x80190194 (-2145844844 HTTP_E_STATUS_NOT_FOUND)
08/22/2024 08:20:02,8198,Microsoft-Windows-Security-SPP,Application,Error,License Activation (slui.exe) failed with the following error code:  hr=0x80004005  Command-line arguments:  RuleId=31e71c49-8da7-4a2f-ad92-45d98a1c79ba;Action=AutoActivate;AppId=55c92734-d682-4d71-983e-d6ec3f16059f;SkuId=e558417a-5123-4f6f-91e7-385c1c7ca9d4;NotificationInterval=1440;Trigger=UserLogon;SessionId=1
08/22/2024 08:20:02,1003,Microsoft-Windows-Security-SPP,Application,Information,The Software Protection service has completed licensing status check.  Application Id=55c92734-d682-4d71-983e-d6ec3f16059f  Licensing Status= 1: 040fa323-92b1-4baf-97a2-5b67feaefddb  1  0 [(0 [0xC004F014  0  0]  [(?)(?)(?)(?)(?)(?)(?)(?)])(1 )(2 )(3 )] 2: 0724cb7d-3437-4cb7-93cb-830375d0079d  1  0 [(0 [0xC004F014  0  0]  [(?)(?)(?)(?)(?)(?)(?)(?)])(1 )(2 )(3 )] 3: 0ad2ac98-7bb9-4201-8d92-312299201369  1  0 [(0 [0xC004F014  0  0]  [(?)(?)(?)(?)(?)(?)(?)(?)])(1 )(2 )(3 )] 4: 1a9a717a-cf13-4ba5-83c3-0fe25fa868d5  1  0 [(0 [0xC004F014  0  0]  [(?)(?)(?)(?)(?)(?)(?)(?)])(1 )(2 )(3 )] 5: 221a02da-e2a1-4b75-864c-0a4410a33fdf  1  0 [(0 [0xC004F014  0  0]  [(?)(?)(?)(?)(?)(?)(?)(?)])(1 )(2 )(3 )] 6: 291ece0e-9c38-40ca-a9e1-32cc7ec19507  1  0 [(0 [0xC004F014  0  0]  [(?)(?)(?)(?)(?)(?)(?)(?)])(1 )(2 )(3 )] 7: 2936d1d2-913a-4542-b54e-ce5a602a2a38  1  0 [(0 [0xC004F014  0  0]  [(?)(?)(?)(?)(?)(?)(?)(?)])(1 )(2 )(3 )] 8: 2c293c26-a45a-4a2a-a350-c69a67097529  1  0 [(0 [0xC004F014  0  0]  [(?)(?)(?)(?)(?)(?)(?)(?)])(1 )(2 )(3 )] 9: 2de67392-b7a7-462a-b1ca-108dd189f588  1  0 [(0 [0xC004F014  0  0]  [(?)(?)(?)(?)(?)(?)(?)(?)])(1 )(2 )(3 )] 10: 2ffd8952-423e-4903-b993-72a1aa44cf82  1  0 [(0 [0xC004F014  0  0]  [(?)(?)(?)(?)(?)(?)(?)(?)])(1 )(2 )(3 )] 11: 30a42c86-b7a0-4a34-8c90-ff177cb2acb7  1  0 [(0 [0xC004F014  0  0]  [(?)(?)(?)(?)(?)(?)(?)(?)])(1 )(2 )(3 )] 12: 345a5db0-d94f-4e3b-a0c0-7c42f7bc3ebf  1  0 [(0 [0xC004F014  0  0]  [(?)(?)(?)(?)(?)(?)(?)(?)])(1 )(2 )(3 )] 13: 3502365a-f88a-4ba4-822a-5769d3073b65  1  0 [(0 [0xC004F014  0  0]  [(?)(?)(?)(?)(?)(?)(?)(?)])(1 )(2 )(3 )] 14: 377333b1-8b5d-48d6-9679-1225c872d37c  1  0 [(0 [0xC004F014  0  0]  [(?)(?)(?)(?)(?)(?)(?)(?)])(1 )(2 )(3 )] 15: 3df374ef-d444-4494-a5a1-4b0d9fd0e203  1  0 [(0 [0xC004F014  0  0]  [(?)(?)(?)(?)(?)(?)(?)(?)])(1 )(2 )(3 )] 16: 3f1afc82-f8ac-4f6c-8005-1d233e606eee  1  0 [(0 [0xC004F014  0  0]  [(?)(?)(?)(?)(?)(?)(?)(?)])(1 )(2 )(3 )] 17: 49cd895b-53b2-4dc4-a5f7-b18aa019ad37  1  0 [(0 [0xC004F014  0  0]  [(?)(?)(?)(?)(?)(?)(?)(?)])(1 )(2 )(3 )] 18: 4de7cb65-cdf1-4de9-8ae8-e3cce27b9f2c  1  0 [(0 [0xC004F014  0  0]  [(?)(?)(?)(?)(?)(?)(?)(?)])(1 )(2 )(3 )] 19: 4f3da0d2-271d-4508-ae81-626b60809a38  1  0 [(0 [0xC004F014  0  0]  [(?)(?)(?)(?)(?)(?)(?)(?)])(1 )(2 )(3 )] 20: 5d78c4e9-aeb3-4b40-8ac2-6a6005e0ad6d  1  0 [(0 [0xC004F014  0  0]  [(?)(?)(?)(?)(?)(?)(?)(?)])(1 )(2 )(3 )] 21: 60b3ec1b-9545-4921-821f-311b129dd6f6  1  0 [(0 [0xC004F014  0  0]  [(?)(?)(?)(?)(?)(?)(?)(?)])(1 )(2 )(3 )] 22: 613d217f-7f13-4268-9907-1662339531cd  1  0 [(0 [0xC004F014  0  0]  [(?)(?)(?)(?)(?)(?)(?)(?)])(1 )(2 )(3 )] 23: 62f0c100-9c53-4e02-b886-a3528ddfe7f6  1  0 [(0 [0xC004F014  0  0]  [(?)(?)(?)(?)(?)(?)(?)(?)])(1 )(2 )(3 )] 24: 6365275e-368d-46ca-a0ef-fc0404119333  1  0 [(0 [0xC004F014  0  0]  [(?)(?)(?)(?)(?)(?)(?)(?)])(1 )(2 )(3 )] 25: 721f9237-9341-4453-a661-09e8baa6cca5  1  0 [(0 [0xC004F014  0  0]  [(?)(?)(?)(?)(?)(?)(?)(?)])(1 )(2 )(3 )] 26: 73111121-5638-40f6-bc11-f1d7b0d64300  1  0 [(0 [0xC004F014  0  0]  [(?)(?)(?)(?)(?)(?)(?)(?)])(1 )(2 )(3 )] 27: 7a802526-4c94-4bd1-ba14-835a1aca2120  1  0 [(0 [0xC004F014  0  0]  [(?)(?)(?)(?)(?)(?)(?)(?)])(1 )(2 )(3 )] 28: 7cb546c0-c7d5-44d8-9a5c-69ecdd782b69  1  0 [(0 [0xC004F014  0  0]  [(?)(?)(?)(?)(?)(?)(?)(?)])(1 )(2 )(3 )] 29: 82bbc092-bc50-4e16-8e18-b74fc486aec3  1  0 [(0 [0xC004F014  0  0]  [(?)(?)(?)(?)(?)(?)(?)(?)])(1 )(2 )(3 )] 30: 8ab9bdd1-1f67-4997-82d9-8878520837d9  1  0 [(0 [0xC004F014  0  0]  [(?)(?)(?)(?)(?)(?)(?)(?)])(1 )(2 )(3 )] 31: 8b351c9c-f398-4515-9900-09df49427262  1  0 [(0 [0xC004F014  0  0]  [(?)(?)(?)(?)(?)(?)(?)(?)])(1 )(2 )(3 )] 32: 90da7373-1c51-430b-bf26-c97e9c5cdc31  1  0 [(0 [0xC004F014  0  0]  [(?)(?)(?)(?)(?)(?)(?)(?)])(1 )(2 )(3 )] 33: 92fb8726-92a8-4ffc-94ce-f82e07444653  1  0 [(0 [0xC004F014  0  0]  [(?)(?)(?)(?)(?)(?)(?)(?)])(1 )(2 )(3 )] 34: 95dca82f-385d-4d39-b85b-5c73fa285d6f  1  0 [(0 [0xC004F014  0  0]  [(?)(?)(?)(?)(?)(?)(?)(?)])(1 )(2 )(3 )] 35: a48938aa-62fa-4966-9d44-9f04da3f72f2  1  0 [(0 [0xC004F014  0  0]  [(?)(?)(?)(?)(?)(?)(?)(?)])(1 )(2 )(3 )] 36: b0773a15-df3a-4312-9ad2-83d69648e356  1  0 [(0 [0xC004F014  0  0]  [(?)(?)(?)(?)(?)(?)(?)(?)])(1 )(2 )(3 )] 37: b4bfe195-541e-4e64-ad23-6177f19e395e  1  0 [(0 [0xC004F014  0  0]  [(?)(?)(?)(?)(?)(?)(?)(?)])(1 )(2 )(3 )] 38: b68e61d2-68ca-4757-be45-0cc2f3e68eee  1  0 [(0 [0xC004F014  0  0]  [(?)(?)(?)(?)(?)(?)(?)(?)])(1 )(2 )(3 )] 39: bd3762d7-270d-4760-8fb3-d829ca45278a  1  0 [(0 [0xC004F014  0  0]  [(?)(?)(?)(?)(?)(?)(?)(?)])(1 )(2 )(3 )] 40: c86d5194-4840-4dae-9c1c-0301003a5ab0  1  0 [(0 [0xC004F014  0  0]  [(?)(?)(?)(?)(?)(?)(?)(?)])(1 )(2 )(3 )] 41: ca7df2e3-5ea0-47b8-9ac1-b1be4d8edd69  1  0 [(0 [0xC004F014  0  0]  [(?)(?)(?)(?)(?)(?)(?)(?)])(1 )(2 )(3 )] 42: d552befb-48cc-4327-8f39-47d2d94f987c  1  0 [(0 [0xC004F014  0  0]  [(?)(?)(?)(?)(?)(?)(?)(?)])(1 )(2 )(3 )] 43: d6eadb3b-5ca8-4a6b-986e-35b550756111  1  0 [(0 [0xC004F014  0  0]  [(?)(?)(?)(?)(?)(?)(?)(?)])(1 )(2 )(3 )] 44: df96023b-dcd9-4be2-afa0-c6c871159ebe  1  0 [(0 [0xC004F014  0  0]  [(?)(?)(?)(?)(?)(?)(?)(?)])(1 )(2 )(3 )] 45: e0c42288-980c-4788-a014-c080d2e1926e  1  0 [(0 [0xC004F014  0  0]  [(?)(?)(?)(?)(?)(?)(?)(?)])(1 )(2 )(3 )] 46: e4db50ea-bda1-4566-b047-0ca50abc6f07  1  0 [(0 [0xC004F014  0  0]  [(?)(?)(?)(?)(?)(?)(?)(?)])(1 )(2 )(3 )] 47: e558417a-5123-4f6f-91e7-385c1c7ca9d4  1  1 [(0 )(1 )(2 [0xC004E003  0  0]  [( 1 0xC004F034)( 1 0xC004F034)(?)(?)(?)(?)(?)(?)])(3 [0x00000000  0  0]  [( 6 0xC004F009 0 0)( 1 0x00000000)( 6 0xC004F009 0 0)(?)(?)(?)( 10 0x00000000 msft:rm/algorithm/flags/1.0)( 11 0x00000000 0xC004F034)])] 48: e7a950a2-e548-4f10-bf16-02ec848e0643  1  0 [(0 [0xC004F014  0  0]  [(?)(?)(?)(?)(?)(?)(?)(?)])(1 )(2 )(3 )] 49: eb6d346f-1c60-4643-b960-40ec31596c45  1  0 [(0 [0xC004F014  0  0]  [(?)(?)(?)(?)(?)(?)(?)(?)])(1 )(2 )(3 )] 50: ec868e65-fadf-4759-b23e-93fe37f2cc29  1  0 [(0 [0xC004F014  0  0]  [(?)(?)(?)(?)(?)(?)(?)(?)])(1 )(2 )(3 )] 51: ef51e000-2659-4f25-8345-3de70a9cf4c4  1  0 [(0 [0xC004F014  0  0]  [(?)(?)(?)(?)(?)(?)(?)(?)])(1 )(2 )(3 )] 52: f7af7d09-40e4-419c-a49b-eae366689ebd  1  0 [(0 [0xC004F014  0  0]  [(?)(?)(?)(?)(?)(?)(?)(?)])(1 )(2 )(3 )] 53: fa755fe6-6739-40b9-8d84-6d0ea3b6d1ab  1  0 [(0 [0xC004F014  0  0]  [(?)(?)(?)(?)(?)(?)(?)(?)])(1 )(2 )(3 )] 54: fe74f55b-0338-41d6-b267-4a201abe7285  1  0 [(0 [0xC004F014  0  0]  [(?)(?)(?)(?)(?)(?)(?)(?)])(1 )(2 )(3 )]  
08/22/2024 08:19:59,6000,Microsoft-Windows-Winlogon,Application,Information,The winlogon notification subscriber <SessionEnv> was unavailable to handle a notification event.
08/22/2024 08:19:59,6003,Microsoft-Windows-Winlogon,Application,Information,The winlogon notification subscriber <SessionEnv> was unavailable to handle a critical notification event.
08/22/2024 08:19:59,86,Microsoft-Windows-CertificateServicesClient-CertEnroll,Application,Error,SCEP Certificate enrollment initialization for Local system via https://VMW-KeyId-1c2492513d5ddafd85ddcca2e165abd218a9d7ac.microsoftaik.azure.net/templates/Aik/scep failed:    GetCACaps GetCACaps: Not Found {"Message":"The authority \"vmw-keyid-1c2492513d5ddafd85ddcca2e165abd218a9d7ac.microsoftaik.azure.net\" does not exist."} HTTP/1.1 404 Not Found Date: Wed  21 Aug 2024 22:19:59 GMT Content-Length: 121 Content-Type: application/json; charset=utf-8 X-Content-Type-Options: nosniff Strict-Transport-Security: max-age=31536000;includeSubDomains x-ms-request-id: 8fd4828d-0a89-494b-8057-02a6b3113368   Method: GET(391ms)  Stage: GetCACaps  Not found (404). 0x80190194 (-2145844844 HTTP_E_STATUS_NOT_FOUND)
08/22/2024 08:19:58,8198,Microsoft-Windows-Security-SPP,Application,Error,License Activation (slui.exe) failed with the following error code:  hr=0x8007139F  Command-line arguments:  RuleId=31e71c49-8da7-4a2f-ad92-45d98a1c79ba;Action=AutoActivate;AppId=55c92734-d682-4d71-983e-d6ec3f16059f;SkuId=e558417a-5123-4f6f-91e7-385c1c7ca9d4;NotificationInterval=1440;Trigger=NetworkAvailable
08/22/2024 08:19:58,1003,Microsoft-Windows-Security-SPP,Application,Information,The Software Protection service has completed licensing status check.  Application Id=55c92734-d682-4d71-983e-d6ec3f16059f  Licensing Status= 1: 040fa323-92b1-4baf-97a2-5b67feaefddb  1  0 [(0 [0xC004F014  0  0]  [(?)(?)(?)(?)(?)(?)(?)(?)])(1 )(2 )(3 )] 2: 0724cb7d-3437-4cb7-93cb-830375d0079d  1  0 [(0 [0xC004F014  0  0]  [(?)(?)(?)(?)(?)(?)(?)(?)])(1 )(2 )(3 )] 3: 0ad2ac98-7bb9-4201-8d92-312299201369  1  0 [(0 [0xC004F014  0  0]  [(?)(?)(?)(?)(?)(?)(?)(?)])(1 )(2 )(3 )] 4: 1a9a717a-cf13-4ba5-83c3-0fe25fa868d5  1  0 [(0 [0xC004F014  0  0]  [(?)(?)(?)(?)(?)(?)(?)(?)])(1 )(2 )(3 )] 5: 221a02da-e2a1-4b75-864c-0a4410a33fdf  1  0 [(0 [0xC004F014  0  0]  [(?)(?)(?)(?)(?)(?)(?)(?)])(1 )(2 )(3 )] 6: 291ece0e-9c38-40ca-a9e1-32cc7ec19507  1  0 [(0 [0xC004F014  0  0]  [(?)(?)(?)(?)(?)(?)(?)(?)])(1 )(2 )(3 )] 7: 2936d1d2-913a-4542-b54e-ce5a602a2a38  1  0 [(0 [0xC004F014  0  0]  [(?)(?)(?)(?)(?)(?)(?)(?)])(1 )(2 )(3 )] 8: 2c293c26-a45a-4a2a-a350-c69a67097529  1  0 [(0 [0xC004F014  0  0]  [(?)(?)(?)(?)(?)(?)(?)(?)])(1 )(2 )(3 )] 9: 2de67392-b7a7-462a-b1ca-108dd189f588  1  0 [(0 [0xC004F014  0  0]  [(?)(?)(?)(?)(?)(?)(?)(?)])(1 )(2 )(3 )] 10: 2ffd8952-423e-4903-b993-72a1aa44cf82  1  0 [(0 [0xC004F014  0  0]  [(?)(?)(?)(?)(?)(?)(?)(?)])(1 )(2 )(3 )] 11: 30a42c86-b7a0-4a34-8c90-ff177cb2acb7  1  0 [(0 [0xC004F014  0  0]  [(?)(?)(?)(?)(?)(?)(?)(?)])(1 )(2 )(3 )] 12: 345a5db0-d94f-4e3b-a0c0-7c42f7bc3ebf  1  0 [(0 [0xC004F014  0  0]  [(?)(?)(?)(?)(?)(?)(?)(?)])(1 )(2 )(3 )] 13: 3502365a-f88a-4ba4-822a-5769d3073b65  1  0 [(0 [0xC004F014  0  0]  [(?)(?)(?)(?)(?)(?)(?)(?)])(1 )(2 )(3 )] 14: 377333b1-8b5d-48d6-9679-1225c872d37c  1  0 [(0 [0xC004F014  0  0]  [(?)(?)(?)(?)(?)(?)(?)(?)])(1 )(2 )(3 )] 15: 3df374ef-d444-4494-a5a1-4b0d9fd0e203  1  0 [(0 [0xC004F014  0  0]  [(?)(?)(?)(?)(?)(?)(?)(?)])(1 )(2 )(3 )] 16: 3f1afc82-f8ac-4f6c-8005-1d233e606eee  1  0 [(0 [0xC004F014  0  0]  [(?)(?)(?)(?)(?)(?)(?)(?)])(1 )(2 )(3 )] 17: 49cd895b-53b2-4dc4-a5f7-b18aa019ad37  1  0 [(0 [0xC004F014  0  0]  [(?)(?)(?)(?)(?)(?)(?)(?)])(1 )(2 )(3 )] 18: 4de7cb65-cdf1-4de9-8ae8-e3cce27b9f2c  1  0 [(0 [0xC004F014  0  0]  [(?)(?)(?)(?)(?)(?)(?)(?)])(1 )(2 )(3 )] 19: 4f3da0d2-271d-4508-ae81-626b60809a38  1  0 [(0 [0xC004F014  0  0]  [(?)(?)(?)(?)(?)(?)(?)(?)])(1 )(2 )(3 )] 20: 5d78c4e9-aeb3-4b40-8ac2-6a6005e0ad6d  1  0 [(0 [0xC004F014  0  0]  [(?)(?)(?)(?)(?)(?)(?)(?)])(1 )(2 )(3 )] 21: 60b3ec1b-9545-4921-821f-311b129dd6f6  1  0 [(0 [0xC004F014  0  0]  [(?)(?)(?)(?)(?)(?)(?)(?)])(1 )(2 )(3 )] 22: 613d217f-7f13-4268-9907-1662339531cd  1  0 [(0 [0xC004F014  0  0]  [(?)(?)(?)(?)(?)(?)(?)(?)])(1 )(2 )(3 )] 23: 62f0c100-9c53-4e02-b886-a3528ddfe7f6  1  0 [(0 [0xC004F014  0  0]  [(?)(?)(?)(?)(?)(?)(?)(?)])(1 )(2 )(3 )] 24: 6365275e-368d-46ca-a0ef-fc0404119333  1  0 [(0 [0xC004F014  0  0]  [(?)(?)(?)(?)(?)(?)(?)(?)])(1 )(2 )(3 )] 25: 721f9237-9341-4453-a661-09e8baa6cca5  1  0 [(0 [0xC004F014  0  0]  [(?)(?)(?)(?)(?)(?)(?)(?)])(1 )(2 )(3 )] 26: 73111121-5638-40f6-bc11-f1d7b0d64300  1  0 [(0 [0xC004F014  0  0]  [(?)(?)(?)(?)(?)(?)(?)(?)])(1 )(2 )(3 )] 27: 7a802526-4c94-4bd1-ba14-835a1aca2120  1  0 [(0 [0xC004F014  0  0]  [(?)(?)(?)(?)(?)(?)(?)(?)])(1 )(2 )(3 )] 28: 7cb546c0-c7d5-44d8-9a5c-69ecdd782b69  1  0 [(0 [0xC004F014  0  0]  [(?)(?)(?)(?)(?)(?)(?)(?)])(1 )(2 )(3 )] 29: 82bbc092-bc50-4e16-8e18-b74fc486aec3  1  0 [(0 [0xC004F014  0  0]  [(?)(?)(?)(?)(?)(?)(?)(?)])(1 )(2 )(3 )] 30: 8ab9bdd1-1f67-4997-82d9-8878520837d9  1  0 [(0 [0xC004F014  0  0]  [(?)(?)(?)(?)(?)(?)(?)(?)])(1 )(2 )(3 )] 31: 8b351c9c-f398-4515-9900-09df49427262  1  0 [(0 [0xC004F014  0  0]  [(?)(?)(?)(?)(?)(?)(?)(?)])(1 )(2 )(3 )] 32: 90da7373-1c51-430b-bf26-c97e9c5cdc31  1  0 [(0 [0xC004F014  0  0]  [(?)(?)(?)(?)(?)(?)(?)(?)])(1 )(2 )(3 )] 33: 92fb8726-92a8-4ffc-94ce-f82e07444653  1  0 [(0 [0xC004F014  0  0]  [(?)(?)(?)(?)(?)(?)(?)(?)])(1 )(2 )(3 )] 34: 95dca82f-385d-4d39-b85b-5c73fa285d6f  1  0 [(0 [0xC004F014  0  0]  [(?)(?)(?)(?)(?)(?)(?)(?)])(1 )(2 )(3 )] 35: a48938aa-62fa-4966-9d44-9f04da3f72f2  1  0 [(0 [0xC004F014  0  0]  [(?)(?)(?)(?)(?)(?)(?)(?)])(1 )(2 )(3 )] 36: b0773a15-df3a-4312-9ad2-83d69648e356  1  0 [(0 [0xC004F014  0  0]  [(?)(?)(?)(?)(?)(?)(?)(?)])(1 )(2 )(3 )] 37: b4bfe195-541e-4e64-ad23-6177f19e395e  1  0 [(0 [0xC004F014  0  0]  [(?)(?)(?)(?)(?)(?)(?)(?)])(1 )(2 )(3 )] 38: b68e61d2-68ca-4757-be45-0cc2f3e68eee  1  0 [(0 [0xC004F014  0  0]  [(?)(?)(?)(?)(?)(?)(?)(?)])(1 )(2 )(3 )] 39: bd3762d7-270d-4760-8fb3-d829ca45278a  1  0 [(0 [0xC004F014  0  0]  [(?)(?)(?)(?)(?)(?)(?)(?)])(1 )(2 )(3 )] 40: c86d5194-4840-4dae-9c1c-0301003a5ab0  1  0 [(0 [0xC004F014  0  0]  [(?)(?)(?)(?)(?)(?)(?)(?)])(1 )(2 )(3 )] 41: ca7df2e3-5ea0-47b8-9ac1-b1be4d8edd69  1  0 [(0 [0xC004F014  0  0]  [(?)(?)(?)(?)(?)(?)(?)(?)])(1 )(2 )(3 )] 42: d552befb-48cc-4327-8f39-47d2d94f987c  1  0 [(0 [0xC004F014  0  0]  [(?)(?)(?)(?)(?)(?)(?)(?)])(1 )(2 )(3 )] 43: d6eadb3b-5ca8-4a6b-986e-35b550756111  1  0 [(0 [0xC004F014  0  0]  [(?)(?)(?)(?)(?)(?)(?)(?)])(1 )(2 )(3 )] 44: df96023b-dcd9-4be2-afa0-c6c871159ebe  1  0 [(0 [0xC004F014  0  0]  [(?)(?)(?)(?)(?)(?)(?)(?)])(1 )(2 )(3 )] 45: e0c42288-980c-4788-a014-c080d2e1926e  1  0 [(0 [0xC004F014  0  0]  [(?)(?)(?)(?)(?)(?)(?)(?)])(1 )(2 )(3 )] 46: e4db50ea-bda1-4566-b047-0ca50abc6f07  1  0 [(0 [0xC004F014  0  0]  [(?)(?)(?)(?)(?)(?)(?)(?)])(1 )(2 )(3 )] 47: e558417a-5123-4f6f-91e7-385c1c7ca9d4  1  1 [(0 )(1 )(2 [0xC004E003  0  0]  [( 1 0xC004F034)( 1 0xC004F034)(?)(?)(?)(?)(?)(?)])(3 [0x00000000  0  0]  [( 6 0xC004F009 0 0)( 1 0x00000000)( 6 0xC004F009 0 0)(?)(?)(?)( 10 0x00000000 msft:rm/algorithm/flags/1.0)( 11 0x00000000 0xC004F034)])] 48: e7a950a2-e548-4f10-bf16-02ec848e0643  1  0 [(0 [0xC004F014  0  0]  [(?)(?)(?)(?)(?)(?)(?)(?)])(1 )(2 )(3 )] 49: eb6d346f-1c60-4643-b960-40ec31596c45  1  0 [(0 [0xC004F014  0  0]  [(?)(?)(?)(?)(?)(?)(?)(?)])(1 )(2 )(3 )] 50: ec868e65-fadf-4759-b23e-93fe37f2cc29  1  0 [(0 [0xC004F014  0  0]  [(?)(?)(?)(?)(?)(?)(?)(?)])(1 )(2 )(3 )] 51: ef51e000-2659-4f25-8345-3de70a9cf4c4  1  0 [(0 [0xC004F014  0  0]  [(?)(?)(?)(?)(?)(?)(?)(?)])(1 )(2 )(3 )] 52: f7af7d09-40e4-419c-a49b-eae366689ebd  1  0 [(0 [0xC004F014  0  0]  [(?)(?)(?)(?)(?)(?)(?)(?)])(1 )(2 )(3 )] 53: fa755fe6-6739-40b9-8d84-6d0ea3b6d1ab  1  0 [(0 [0xC004F014  0  0]  [(?)(?)(?)(?)(?)(?)(?)(?)])(1 )(2 )(3 )] 54: fe74f55b-0338-41d6-b267-4a201abe7285  1  0 [(0 [0xC004F014  0  0]  [(?)(?)(?)(?)(?)(?)(?)(?)])(1 )(2 )(3 )]  
08/22/2024 08:19:55,1001,Windows Error Reporting,Application,Information,Fault bucket 1254400919335998288  type 5  Event Name: crashpad_log  Response: Not available  Cab Id: 0    Problem signature:  P1: MicrosoftEdgeUpdate.exe  P2: 1.3.155.85  P3: CriticalRequestError  P4: 0xa043081c  P5:   P6:   P7:   P8:   P9:   P10:     Attached files:  \\?\C:\ProgramData\Microsoft\Windows\WER\Temp\WER.7a772f51-b1b5-470e-806b-44f4cd3aac74.tmp.WERInternalMetadata.xml    These files may be available here:  \\?\C:\ProgramData\Microsoft\Windows\WER\ReportArchive\NonCritical_MicrosoftEdgeUpd_251e428c2a4e49f50fd97937ba440de5018f280_00000000_8b1d186f-a4cd-4e31-ba58-309a6c61470a    Analysis symbol:   Rechecking for solution: 0  Report Id: 8b1d186f-a4cd-4e31-ba58-309a6c61470a  Report Status: 268435462  Hashed bucket: 8a437e40a59a7696816886fd72f21350  Cab Guid: 0
08/22/2024 08:19:53,902,Microsoft-Windows-Security-SPP,Application,Information,The Software Protection service has started.  10.0.22621.3880
