08/22/2024 08:19:53,1003,Microsoft-Windows-Security-SPP,Application,Information,The Software Protection service has completed licensing status check.  Application Id=55c92734-d682-4d71-983e-d6ec3f16059f  Licensing Status= 1: 040fa323-92b1-4baf-97a2-5b67feaefddb  1  0 [(0 [0xC004F014  0  0]  [(?)(?)(?)(?)(?)(?)(?)(?)])(1 )(2 )(3 )] 2: 0724cb7d-3437-4cb7-93cb-830375d0079d  1  0 [(0 [0xC004F014  0  0]  [(?)(?)(?)(?)(?)(?)(?)(?)])(1 )(2 )(3 )] 3: 0ad2ac98-7bb9-4201-8d92-312299201369  1  0 [(0 [0xC004F014  0  0]  [(?)(?)(?)(?)(?)(?)(?)(?)])(1 )(2 )(3 )] 4: 1a9a717a-cf13-4ba5-83c3-0fe25fa868d5  1  0 [(0 [0xC004F014  0  0]  [(?)(?)(?)(?)(?)(?)(?)(?)])(1 )(2 )(3 )] 5: 221a02da-e2a1-4b75-864c-0a4410a33fdf  1  0 [(0 [0xC004F014  0  0]  [(?)(?)(?)(?)(?)(?)(?)(?)])(1 )(2 )(3 )] 6: 291ece0e-9c38-40ca-a9e1-32cc7ec19507  1  0 [(0 [0xC004F014  0  0]  [(?)(?)(?)(?)(?)(?)(?)(?)])(1 )(2 )(3 )] 7: 2936d1d2-913a-4542-b54e-ce5a602a2a38  1  0 [(0 [0xC004F014  0  0]  [(?)(?)(?)(?)(?)(?)(?)(?)])(1 )(2 )(3 )] 8: 2c293c26-a45a-4a2a-a350-c69a67097529  1  0 [(0 [0xC004F014  0  0]  [(?)(?)(?)(?)(?)(?)(?)(?)])(1 )(2 )(3 )] 9: 2de67392-b7a7-462a-b1ca-108dd189f588  1  0 [(0 [0xC004F014  0  0]  [(?)(?)(?)(?)(?)(?)(?)(?)])(1 )(2 )(3 )] 10: 2ffd8952-423e-4903-b993-72a1aa44cf82  1  0 [(0 [0xC004F014  0  0]  [(?)(?)(?)(?)(?)(?)(?)(?)])(1 )(2 )(3 )] 11: 30a42c86-b7a0-4a34-8c90-ff177cb2acb7  1  0 [(0 [0xC004F014  0  0]  [(?)(?)(?)(?)(?)(?)(?)(?)])(1 )(2 )(3 )] 12: 345a5db0-d94f-4e3b-a0c0-7c42f7bc3ebf  1  0 [(0 [0xC004F014  0  0]  [(?)(?)(?)(?)(?)(?)(?)(?)])(1 )(2 )(3 )] 13: 3502365a-f88a-4ba4-822a-5769d3073b65  1  0 [(0 [0xC004F014  0  0]  [(?)(?)(?)(?)(?)(?)(?)(?)])(1 )(2 )(3 )] 14: 377333b1-8b5d-48d6-9679-1225c872d37c  1  0 [(0 [0xC004F014  0  0]  [(?)(?)(?)(?)(?)(?)(?)(?)])(1 )(2 )(3 )] 15: 3df374ef-d444-4494-a5a1-4b0d9fd0e203  1  0 [(0 [0xC004F014  0  0]  [(?)(?)(?)(?)(?)(?)(?)(?)])(1 )(2 )(3 )] 16: 3f1afc82-f8ac-4f6c-8005-1d233e606eee  1  0 [(0 [0xC004F014  0  0]  [(?)(?)(?)(?)(?)(?)(?)(?)])(1 )(2 )(3 )] 17: 49cd895b-53b2-4dc4-a5f7-b18aa019ad37  1  0 [(0 [0xC004F014  0  0]  [(?)(?)(?)(?)(?)(?)(?)(?)])(1 )(2 )(3 )] 18: 4de7cb65-cdf1-4de9-8ae8-e3cce27b9f2c  1  0 [(0 [0xC004F014  0  0]  [(?)(?)(?)(?)(?)(?)(?)(?)])(1 )(2 )(3 )] 19: 4f3da0d2-271d-4508-ae81-626b60809a38  1  0 [(0 [0xC004F014  0  0]  [(?)(?)(?)(?)(?)(?)(?)(?)])(1 )(2 )(3 )] 20: 5d78c4e9-aeb3-4b40-8ac2-6a6005e0ad6d  1  0 [(0 [0xC004F014  0  0]  [(?)(?)(?)(?)(?)(?)(?)(?)])(1 )(2 )(3 )] 21: 60b3ec1b-9545-4921-821f-311b129dd6f6  1  0 [(0 [0xC004F014  0  0]  [(?)(?)(?)(?)(?)(?)(?)(?)])(1 )(2 )(3 )] 22: 613d217f-7f13-4268-9907-1662339531cd  1  0 [(0 [0xC004F014  0  0]  [(?)(?)(?)(?)(?)(?)(?)(?)])(1 )(2 )(3 )] 23: 62f0c100-9c53-4e02-b886-a3528ddfe7f6  1  0 [(0 [0xC004F014  0  0]  [(?)(?)(?)(?)(?)(?)(?)(?)])(1 )(2 )(3 )] 24: 6365275e-368d-46ca-a0ef-fc0404119333  1  0 [(0 [0xC004F014  0  0]  [(?)(?)(?)(?)(?)(?)(?)(?)])(1 )(2 )(3 )] 25: 721f9237-9341-4453-a661-09e8baa6cca5  1  0 [(0 [0xC004F014  0  0]  [(?)(?)(?)(?)(?)(?)(?)(?)])(1 )(2 )(3 )] 26: 73111121-5638-40f6-bc11-f1d7b0d64300  1  0 [(0 [0xC004F014  0  0]  [(?)(?)(?)(?)(?)(?)(?)(?)])(1 )(2 )(3 )] 27: 7a802526-4c94-4bd1-ba14-835a1aca2120  1  0 [(0 [0xC004F014  0  0]  [(?)(?)(?)(?)(?)(?)(?)(?)])(1 )(2 )(3 )] 28: 7cb546c0-c7d5-44d8-9a5c-69ecdd782b69  1  0 [(0 [0xC004F014  0  0]  [(?)(?)(?)(?)(?)(?)(?)(?)])(1 )(2 )(3 )] 29: 82bbc092-bc50-4e16-8e18-b74fc486aec3  1  0 [(0 [0xC004F014  0  0]  [(?)(?)(?)(?)(?)(?)(?)(?)])(1 )(2 )(3 )] 30: 8ab9bdd1-1f67-4997-82d9-8878520837d9  1  0 [(0 [0xC004F014  0  0]  [(?)(?)(?)(?)(?)(?)(?)(?)])(1 )(2 )(3 )] 31: 8b351c9c-f398-4515-9900-09df49427262  1  0 [(0 [0xC004F014  0  0]  [(?)(?)(?)(?)(?)(?)(?)(?)])(1 )(2 )(3 )] 32: 90da7373-1c51-430b-bf26-c97e9c5cdc31  1  0 [(0 [0xC004F014  0  0]  [(?)(?)(?)(?)(?)(?)(?)(?)])(1 )(2 )(3 )] 33: 92fb8726-92a8-4ffc-94ce-f82e07444653  1  0 [(0 [0xC004F014  0  0]  [(?)(?)(?)(?)(?)(?)(?)(?)])(1 )(2 )(3 )] 34: 95dca82f-385d-4d39-b85b-5c73fa285d6f  1  0 [(0 [0xC004F014  0  0]  [(?)(?)(?)(?)(?)(?)(?)(?)])(1 )(2 )(3 )] 35: a48938aa-62fa-4966-9d44-9f04da3f72f2  1  0 [(0 [0xC004F014  0  0]  [(?)(?)(?)(?)(?)(?)(?)(?)])(1 )(2 )(3 )] 36: b0773a15-df3a-4312-9ad2-83d69648e356  1  0 [(0 [0xC004F014  0  0]  [(?)(?)(?)(?)(?)(?)(?)(?)])(1 )(2 )(3 )] 37: b4bfe195-541e-4e64-ad23-6177f19e395e  1  0 [(0 [0xC004F014  0  0]  [(?)(?)(?)(?)(?)(?)(?)(?)])(1 )(2 )(3 )] 38: b68e61d2-68ca-4757-be45-0cc2f3e68eee  1  0 [(0 [0xC004F014  0  0]  [(?)(?)(?)(?)(?)(?)(?)(?)])(1 )(2 )(3 )] 39: bd3762d7-270d-4760-8fb3-d829ca45278a  1  0 [(0 [0xC004F014  0  0]  [(?)(?)(?)(?)(?)(?)(?)(?)])(1 )(2 )(3 )] 40: c86d5194-4840-4dae-9c1c-0301003a5ab0  1  0 [(0 [0xC004F014  0  0]  [(?)(?)(?)(?)(?)(?)(?)(?)])(1 )(2 )(3 )] 41: ca7df2e3-5ea0-47b8-9ac1-b1be4d8edd69  1  0 [(0 [0xC004F014  0  0]  [(?)(?)(?)(?)(?)(?)(?)(?)])(1 )(2 )(3 )] 42: d552befb-48cc-4327-8f39-47d2d94f987c  1  0 [(0 [0xC004F014  0  0]  [(?)(?)(?)(?)(?)(?)(?)(?)])(1 )(2 )(3 )] 43: d6eadb3b-5ca8-4a6b-986e-35b550756111  1  0 [(0 [0xC004F014  0  0]  [(?)(?)(?)(?)(?)(?)(?)(?)])(1 )(2 )(3 )] 44: df96023b-dcd9-4be2-afa0-c6c871159ebe  1  0 [(0 [0xC004F014  0  0]  [(?)(?)(?)(?)(?)(?)(?)(?)])(1 )(2 )(3 )] 45: e0c42288-980c-4788-a014-c080d2e1926e  1  0 [(0 [0xC004F014  0  0]  [(?)(?)(?)(?)(?)(?)(?)(?)])(1 )(2 )(3 )] 46: e4db50ea-bda1-4566-b047-0ca50abc6f07  1  0 [(0 [0xC004F014  0  0]  [(?)(?)(?)(?)(?)(?)(?)(?)])(1 )(2 )(3 )] 47: e558417a-5123-4f6f-91e7-385c1c7ca9d4  1  0 [(0 )(1 )(2 [0xC004E003  0  0]  [( 1 0xC004F034)( 1 0xC004F034)(?)(?)(?)(?)(?)(?)])(3 [0x00000000  0  0]  [( 6 0xC004F009 0 0)( 1 0x00000000)( 6 0xC004F009 0 0)(?)(?)(?)( 10 0x00000000 msft:rm/algorithm/flags/1.0)( 11 0x00000000 0xC004F034)])] 48: e7a950a2-e548-4f10-bf16-02ec848e0643  1  0 [(0 [0xC004F014  0  0]  [(?)(?)(?)(?)(?)(?)(?)(?)])(1 )(2 )(3 )] 49: eb6d346f-1c60-4643-b960-40ec31596c45  1  0 [(0 [0xC004F014  0  0]  [(?)(?)(?)(?)(?)(?)(?)(?)])(1 )(2 )(3 )] 50: ec868e65-fadf-4759-b23e-93fe37f2cc29  1  0 [(0 [0xC004F014  0  0]  [(?)(?)(?)(?)(?)(?)(?)(?)])(1 )(2 )(3 )] 51: ef51e000-2659-4f25-8345-3de70a9cf4c4  1  0 [(0 [0xC004F014  0  0]  [(?)(?)(?)(?)(?)(?)(?)(?)])(1 )(2 )(3 )] 52: f7af7d09-40e4-419c-a49b-eae366689ebd  1  0 [(0 [0xC004F014  0  0]  [(?)(?)(?)(?)(?)(?)(?)(?)])(1 )(2 )(3 )] 53: fa755fe6-6739-40b9-8d84-6d0ea3b6d1ab  1  0 [(0 [0xC004F014  0  0]  [(?)(?)(?)(?)(?)(?)(?)(?)])(1 )(2 )(3 )] 54: fe74f55b-0338-41d6-b267-4a201abe7285  1  0 [(0 [0xC004F014  0  0]  [(?)(?)(?)(?)(?)(?)(?)(?)])(1 )(2 )(3 )]  
08/22/2024 08:19:53,1034,Microsoft-Windows-Security-SPP,Application,Information,Duplicate definition of policy found. Policy name=Security-SPP-WriteWauMarker  Priority=500
08/22/2024 08:19:52,1034,Microsoft-Windows-Security-SPP,Application,Information,Duplicate definition of policy found. Policy name=AAD-BlockAADWorkplaceJoin-Default  Priority=100
08/22/2024 08:19:52,1034,Microsoft-Windows-Security-SPP,Application,Information,Duplicate definition of policy found. Policy name=AAD-BlockAADWorkplaceJoin-Default  Priority=100
08/22/2024 08:19:52,1034,Microsoft-Windows-Security-SPP,Application,Information,Duplicate definition of policy found. Policy name=AAD-BlockAADWorkplaceJoin-Default  Priority=100
08/22/2024 08:19:52,1034,Microsoft-Windows-Security-SPP,Application,Information,Duplicate definition of policy found. Policy name=AAD-BlockAADWorkplaceJoin-Default  Priority=100
08/22/2024 08:19:52,1034,Microsoft-Windows-Security-SPP,Application,Information,Duplicate definition of policy found. Policy name=AAD-BlockAADWorkplaceJoin-Default  Priority=100
08/22/2024 08:19:52,1034,Microsoft-Windows-Security-SPP,Application,Information,Duplicate definition of policy found. Policy name=AAD-BlockAADWorkplaceJoin-Default  Priority=100
08/22/2024 08:19:52,1034,Microsoft-Windows-Security-SPP,Application,Information,Duplicate definition of policy found. Policy name=AAD-BlockAADWorkplaceJoin-Default  Priority=100
08/22/2024 08:19:52,1034,Microsoft-Windows-Security-SPP,Application,Information,Duplicate definition of policy found. Policy name=AAD-BlockAADWorkplaceJoin-Default  Priority=100
08/22/2024 08:19:52,1034,Microsoft-Windows-Security-SPP,Application,Information,Duplicate definition of policy found. Policy name=AAD-BlockAADWorkplaceJoin-Default  Priority=100
08/22/2024 08:19:52,1034,Microsoft-Windows-Security-SPP,Application,Information,Duplicate definition of policy found. Policy name=AAD-BlockAADWorkplaceJoin-Default  Priority=100
08/22/2024 08:19:52,1066,Microsoft-Windows-Security-SPP,Application,Information,Initialization status for service objects.  C:\Windows\system32\sppwinob.dll  msft:spp/windowsfunctionality/agent/7.0  0x00000000  0x00000000 C:\Windows\system32\sppobjs.dll  msft:rm/algorithm/inherited/1.0  0x00000000  0x00000000 C:\Windows\system32\sppobjs.dll  msft:rm/algorithm/phone/1.0  0x00000000  0x00000000 C:\Windows\system32\sppobjs.dll  msft:rm/algorithm/pkey/detect  0x00000000  0x00000000 C:\Windows\system32\sppobjs.dll  msft:spp/ActionScheduler/1.0  0x00000000  0x00000000 C:\Windows\system32\sppobjs.dll  msft:spp/TaskScheduler/1.0  0x00000000  0x00000000 C:\Windows\system32\sppobjs.dll  msft:spp/statecollector/pkey  0x00000000  0x00000000 C:\Windows\system32\sppobjs.dll  msft:spp/volume/services/kms/1.0  0x00000000  0x00000000 C:\Windows\system32\sppobjs.dll  msft:spp/volume/services/kms/activationinfo/1.0  0x00000000  0x00000000 
08/22/2024 08:19:52,16394,Microsoft-Windows-Security-SPP,Application,Information,Offline downlevel migration succeeded.
08/22/2024 08:19:52,900,Microsoft-Windows-Security-SPP,Application,Information,The Software Protection service is starting.  Parameters:TriggerStarted:6
08/22/2024 08:19:51,4202,Microsoft-Windows-MSDTC 2,Application,Information,MSDTC started with the following settings:   Security Configuration (OFF = 0 and ON = 1):  Allow Remote Administrator = 0   Network Clients = 0   Transaction Manager Communication:   Allow Inbound Transactions = 0   Allow Outbound Transactions = 0   Transaction Internet Protocol (TIP) = 0    Enable XA Transactions = 0    Enable SNA LU 6.2 Transactions = 1    MSDTC Communications Security = Mutual Authentication Required   Account = NT AUTHORITY\NetworkService    Firewall Exclusion Detected = 0   Transaction Bridge Installed = 0  Filtering Duplicate Events = 1 
08/22/2024 08:19:50,271,VMUpgradeHelper,Application,Information,Restored network configuration.
08/22/2024 08:19:50,258,VMUpgradeHelper,Application,Information,Restoring network configuration.
08/22/2024 08:19:50,781,Microsoft-Windows-Complus,Application,Information,The COM+ sub system is suppressing duplicate event log entries for a duration of 86400 seconds.  The suppression timeout can be controlled by a REG_DWORD value named SuppressDuplicateDuration under the following registry key: HKLM\Software\Microsoft\COM3\Eventlog.
08/22/2024 08:19:49,5617,Microsoft-Windows-WMI,Application,Information,Windows Management Instrumentation Service subsystems initialized successfully
08/22/2024 08:19:48,5615,Microsoft-Windows-WMI,Application,Information,Windows Management Instrumentation Service started sucessfully
08/22/2024 08:19:48,105,VMTools,Application,Information,The service was started.
08/22/2024 08:19:46,1531,Microsoft-Windows-User Profiles Service,Application,Information,The User Profile Service has started successfully.      
08/22/2024 08:19:29,1532,Microsoft-Windows-User Profiles Service,Application,Information,The User Profile Service has stopped.      
08/22/2024 08:19:29,4111,Microsoft-Windows-MSDTC,Application,Information,The MS DTC service is stopping.
08/22/2024 08:19:27,10001,Microsoft-Windows-RestartManager,Application,Information,Ending session 0 started ‎2024‎-‎08‎-‎21T22:19:27.472321300Z.
08/22/2024 08:19:27,10005,Microsoft-Windows-RestartManager,Application,Information,Machine restart is required.
08/22/2024 08:19:27,10010,Microsoft-Windows-RestartManager,Application,Warning,Application 'C:\Windows\System32\dwm.exe' (pid 5236) cannot be restarted - Application SID does not match Conductor SID..
08/22/2024 08:19:27,10000,Microsoft-Windows-RestartManager,Application,Information,Starting session 0 - ‎2024‎-‎08‎-‎21T22:19:27.472321300Z.
08/22/2024 08:19:28,108,VMTools,Application,Information,The service was stopped.
08/22/2024 08:19:28,272,VMUpgradeHelper,Application,Information,Saved network configuration.
08/22/2024 08:19:28,260,VMUpgradeHelper,Application,Information,Saving network configuration.
08/22/2024 08:19:26,6000,Microsoft-Windows-Winlogon,Application,Information,The winlogon notification subscriber <SessionEnv> was unavailable to handle a notification event.
08/22/2024 08:19:26,6000,Microsoft-Windows-Winlogon,Application,Information,The winlogon notification subscriber <WSearch> was unavailable to handle a notification event.
08/22/2024 08:19:24,1005,MsiInstaller,Application,Information,The Windows Installer initiated a system restart to complete or continue the configuration of 'VMware Tools'.
08/22/2024 08:19:24,1038,MsiInstaller,Application,Information,Windows Installer requires a system restart. Product Name: VMware Tools. Product Version: 12.4.0.23259341. Product Language: 1033. Manufacturer: VMware  Inc.. Type of System Restart: 1. Reason for Restart: 0.
08/22/2024 08:19:24,1033,MsiInstaller,Application,Information,Windows Installer installed the product. Product Name: VMware Tools. Product Version: 12.4.0.23259341. Product Language: 1033. Manufacturer: VMware  Inc.. Installation success or error status: 0.
08/22/2024 08:19:24,11707,MsiInstaller,Application,Information,Product: VMware Tools -- Installation completed successfully.
08/22/2024 08:19:09,1042,MsiInstaller,Application,Information,Ending a Windows Installer transaction: C:\Program Files\Common Files\VMware\InstallerCache\{55F0F698-8B00-40BF-8583-A16452EC3FF9}.msi. Client Process Id: 5564.
08/22/2024 08:19:09,1038,MsiInstaller,Application,Information,Windows Installer requires a system restart. Product Name: VMware Tools. Product Version: 12.4.0.23259341. Product Language: 1033. Manufacturer: VMware  Inc.. Type of System Restart: 1. Reason for Restart: 2.
08/22/2024 08:18:58,4202,Microsoft-Windows-MSDTC 2,Application,Information,MSDTC started with the following settings:   Security Configuration (OFF = 0 and ON = 1):  Allow Remote Administrator = 0   Network Clients = 0   Transaction Manager Communication:   Allow Inbound Transactions = 0   Allow Outbound Transactions = 0   Transaction Internet Protocol (TIP) = 0    Enable XA Transactions = 0    Enable SNA LU 6.2 Transactions = 1    MSDTC Communications Security = Mutual Authentication Required   Account = NT AUTHORITY\NetworkService    Firewall Exclusion Detected = 0   Transaction Bridge Installed = 0  Filtering Duplicate Events = 1 
08/22/2024 08:18:58,781,Microsoft-Windows-Complus,Application,Information,The COM+ sub system is suppressing duplicate event log entries for a duration of 86400 seconds.  The suppression timeout can be controlled by a REG_DWORD value named SuppressDuplicateDuration under the following registry key: HKLM\Software\Microsoft\COM3\Eventlog.
08/22/2024 08:18:56,105,VMTools,Application,Information,The service was started.
08/22/2024 08:18:45,10001,Microsoft-Windows-RestartManager,Application,Information,Ending session 0 started ‎2024‎-‎08‎-‎21T22:18:45.056910600Z.
08/22/2024 08:18:45,10005,Microsoft-Windows-RestartManager,Application,Information,Machine restart is required.
08/22/2024 08:18:45,10010,Microsoft-Windows-RestartManager,Application,Warning,Application 'C:\Users\Test-Lab\AppData\Local\Microsoft\OneDrive\OneDrive.exe' (pid 8672) cannot be restarted - Application SID does not match Conductor SID..
08/22/2024 08:18:45,10010,Microsoft-Windows-RestartManager,Application,Warning,Application 'C:\Windows\SystemApps\ShellExperienceHost_cw5n1h2txyewy\ShellExperienceHost.exe' (pid 5260) cannot be restarted - Application SID does not match Conductor SID..
08/22/2024 08:18:45,10010,Microsoft-Windows-RestartManager,Application,Warning,Application 'C:\Program Files (x86)\Microsoft\Edge\Application\msedge.exe' (pid 6344) cannot be restarted - Application SID does not match Conductor SID..
08/22/2024 08:18:45,10010,Microsoft-Windows-RestartManager,Application,Warning,Application 'C:\Windows\SystemApps\Microsoft.Windows.StartMenuExperienceHost_cw5n1h2txyewy\StartMenuExperienceHost.exe' (pid 4160) cannot be restarted - Application SID does not match Conductor SID..
08/22/2024 08:18:45,10010,Microsoft-Windows-RestartManager,Application,Warning,Application 'C:\Windows\SystemApps\MicrosoftWindows.Client.CBS_cw5n1h2txyewy\SearchHost.exe' (pid 2184) cannot be restarted - Application SID does not match Conductor SID..
08/22/2024 08:18:45,10010,Microsoft-Windows-RestartManager,Application,Warning,Application 'C:\Windows\explorer.exe' (pid 4156) cannot be restarted - Application SID does not match Conductor SID..
08/22/2024 08:18:45,10010,Microsoft-Windows-RestartManager,Application,Warning,Application 'C:\Windows\System32\dwm.exe' (pid 5236) cannot be restarted - Application SID does not match Conductor SID..
08/22/2024 08:18:45,10000,Microsoft-Windows-RestartManager,Application,Information,Starting session 0 - ‎2024‎-‎08‎-‎21T22:18:45.056910600Z.
08/22/2024 08:18:37,16384,Microsoft-Windows-Security-SPP,Application,Information,Successfully scheduled Software Protection service for re-start at 2024-08-22T22:15:37Z. Reason: RulesEngine.
08/22/2024 08:18:33,1040,MsiInstaller,Application,Information,Beginning a Windows Installer transaction: C:\Program Files\Common Files\VMware\InstallerCache\{55F0F698-8B00-40BF-8583-A16452EC3FF9}.msi. Client Process Id: 5564.
08/22/2024 08:18:12,10001,Microsoft-Windows-RestartManager,Application,Information,Ending session 0 started ‎2024‎-‎08‎-‎21T22:18:11.994365800Z.
08/22/2024 08:18:12,1042,MsiInstaller,Application,Information,Ending a Windows Installer transaction: C:\ProgramData\Package Cache\{0025DD72-A959-45B5-A0A3-7EFEB15A8050}v14.36.32532\packages\vcRuntimeAdditional_amd64\vc_runtimeAdditional_x64.msi. Client Process Id: 9072.
08/22/2024 08:18:12,1033,MsiInstaller,Application,Information,Windows Installer installed the product. Product Name: Microsoft Visual C++ 2022 X64 Additional Runtime - 14.36.32532. Product Version: 14.36.32532. Product Language: 1033. Manufacturer: Microsoft Corporation. Installation success or error status: 0.
08/22/2024 08:18:12,11707,MsiInstaller,Application,Information,Product: Microsoft Visual C++ 2022 X64 Additional Runtime - 14.36.32532 -- Installation completed successfully.
08/22/2024 08:18:12,10000,Microsoft-Windows-RestartManager,Application,Information,Starting session 0 - ‎2024‎-‎08‎-‎21T22:18:11.994365800Z.
08/22/2024 08:18:11,10001,Microsoft-Windows-RestartManager,Application,Information,Ending session 0 started ‎2024‎-‎08‎-‎21T22:18:11.397571900Z.
08/22/2024 08:18:11,1040,MsiInstaller,Application,Information,Beginning a Windows Installer transaction: C:\ProgramData\Package Cache\{0025DD72-A959-45B5-A0A3-7EFEB15A8050}v14.36.32532\packages\vcRuntimeAdditional_amd64\vc_runtimeAdditional_x64.msi. Client Process Id: 9072.
08/22/2024 08:18:11,1042,MsiInstaller,Application,Information,Ending a Windows Installer transaction: C:\ProgramData\Package Cache\{D5D19E2F-7189-42FE-8103-92CD1FA457C2}v14.36.32532\packages\vcRuntimeMinimum_amd64\vc_runtimeMinimum_x64.msi. Client Process Id: 9072.
08/22/2024 08:18:11,1033,MsiInstaller,Application,Information,Windows Installer installed the product. Product Name: Microsoft Visual C++ 2022 X64 Minimum Runtime - 14.36.32532. Product Version: 14.36.32532. Product Language: 1033. Manufacturer: Microsoft Corporation. Installation success or error status: 0.
08/22/2024 08:18:11,11707,MsiInstaller,Application,Information,Product: Microsoft Visual C++ 2022 X64 Minimum Runtime - 14.36.32532 -- Installation completed successfully.
08/22/2024 08:18:11,10000,Microsoft-Windows-RestartManager,Application,Information,Starting session 0 - ‎2024‎-‎08‎-‎21T22:18:11.397571900Z.
08/22/2024 08:18:11,1040,MsiInstaller,Application,Information,Beginning a Windows Installer transaction: C:\ProgramData\Package Cache\{D5D19E2F-7189-42FE-8103-92CD1FA457C2}v14.36.32532\packages\vcRuntimeMinimum_amd64\vc_runtimeMinimum_x64.msi. Client Process Id: 9072.
08/22/2024 08:18:10,8195,System Restore,Application,Information,System Restore has been disabled (Process = C:\Windows\Temp\{199BCE4A-BCA3-429E-B1BD-CA4CA2D39C57}\.be\VC_redist.x64.exe -q -burn.elevated BurnPipe.{51DF81EB-C780-4D13-99FE-09290AD5BD7A} {0DD4678F-9BCF-4FCB-A692-86215027F747} 7024; Volume = ).
08/22/2024 08:18:09,10001,Microsoft-Windows-RestartManager,Application,Information,Ending session 0 started ‎2024‎-‎08‎-‎21T22:18:09.456341100Z.
08/22/2024 08:18:09,1042,MsiInstaller,Application,Information,Ending a Windows Installer transaction: C:\ProgramData\Package Cache\{C2C59CAB-8766-4ABD-A8EF-1151A36C41E5}v14.36.32532\packages\vcRuntimeAdditional_x86\vc_runtimeAdditional_x86.msi. Client Process Id: 7492.
08/22/2024 08:18:09,1033,MsiInstaller,Application,Information,Windows Installer installed the product. Product Name: Microsoft Visual C++ 2022 X86 Additional Runtime - 14.36.32532. Product Version: 14.36.32532. Product Language: 1033. Manufacturer: Microsoft Corporation. Installation success or error status: 0.
08/22/2024 08:18:09,11707,MsiInstaller,Application,Information,Product: Microsoft Visual C++ 2022 X86 Additional Runtime - 14.36.32532 -- Installation completed successfully.
08/22/2024 08:18:09,10000,Microsoft-Windows-RestartManager,Application,Information,Starting session 0 - ‎2024‎-‎08‎-‎21T22:18:09.456341100Z.
08/22/2024 08:18:09,10001,Microsoft-Windows-RestartManager,Application,Information,Ending session 0 started ‎2024‎-‎08‎-‎21T22:18:08.768816000Z.
08/22/2024 08:18:08,10000,Microsoft-Windows-RestartManager,Application,Information,Starting session 0 - ‎2024‎-‎08‎-‎21T22:18:08.768816000Z.
08/22/2024 08:18:09,1040,MsiInstaller,Application,Information,Beginning a Windows Installer transaction: C:\ProgramData\Package Cache\{C2C59CAB-8766-4ABD-A8EF-1151A36C41E5}v14.36.32532\packages\vcRuntimeAdditional_x86\vc_runtimeAdditional_x86.msi. Client Process Id: 7492.
08/22/2024 08:18:09,1042,MsiInstaller,Application,Information,Ending a Windows Installer transaction: C:\ProgramData\Package Cache\{73F77E4E-5A17-46E5-A5FC-8A061047725F}v14.36.32532\packages\vcRuntimeMinimum_x86\vc_runtimeMinimum_x86.msi. Client Process Id: 7492.
08/22/2024 08:18:09,1033,MsiInstaller,Application,Information,Windows Installer installed the product. Product Name: Microsoft Visual C++ 2022 X86 Minimum Runtime - 14.36.32532. Product Version: 14.36.32532. Product Language: 1033. Manufacturer: Microsoft Corporation. Installation success or error status: 0.
08/22/2024 08:18:09,11707,MsiInstaller,Application,Information,Product: Microsoft Visual C++ 2022 X86 Minimum Runtime - 14.36.32532 -- Installation completed successfully.
08/22/2024 08:18:08,1040,MsiInstaller,Application,Information,Beginning a Windows Installer transaction: C:\ProgramData\Package Cache\{73F77E4E-5A17-46E5-A5FC-8A061047725F}v14.36.32532\packages\vcRuntimeMinimum_x86\vc_runtimeMinimum_x86.msi. Client Process Id: 7492.
08/22/2024 08:18:07,8195,System Restore,Application,Information,System Restore has been disabled (Process = C:\Windows\Temp\{17AF564A-4AD9-401E-B147-F64ADF257B06}\.be\VC_redist.x86.exe -q -burn.elevated BurnPipe.{51544435-712E-40AC-B6B8-D04BF3BE5E48} {3837B9C1-0E8D-4901-9A01-325D2D2477FD} 5068; Volume = ).
08/22/2024 08:17:56,4097,Microsoft-Windows-CAPI2,Application,Information,Successful auto update of third-party root certificate:: Subject: <CN=DigiCert Assured ID Root CA  OU=www.digicert.com  O=DigiCert Inc  C=US> Sha1 thumbprint: <0563B8630D62D75ABBC8AB1E4BDFB5A899B24D43>.
08/22/2024 08:17:55,15,SecurityCenter,Application,Information,Updated Windows Defender status successfully to SECURITY_PRODUCT_STATE_ON.
08/22/2024 08:17:53,15,SecurityCenter,Application,Information,Updated Windows Defender status successfully to SECURITY_PRODUCT_STATE_ON.
08/22/2024 08:17:45,16394,Microsoft-Windows-Security-SPP,Application,Information,Offline downlevel migration succeeded.
08/22/2024 08:17:06,16384,Microsoft-Windows-Security-SPP,Application,Information,Successfully scheduled Software Protection service for re-start at 2024-08-22T22:16:06Z. Reason: RulesEngine.
08/22/2024 08:16:23,8198,Microsoft-Windows-Security-SPP,Application,Error,License Activation (slui.exe) failed with the following error code:  hr=0x80004005  Command-line arguments:  RuleId=31e71c49-8da7-4a2f-ad92-45d98a1c79ba;Action=AutoActivate;AppId=55c92734-d682-4d71-983e-d6ec3f16059f;SkuId=e558417a-5123-4f6f-91e7-385c1c7ca9d4;NotificationInterval=1440;Trigger=NetworkAvailable
08/22/2024 08:16:23,1003,Microsoft-Windows-Security-SPP,Application,Information,The Software Protection service has completed licensing status check.  Application Id=55c92734-d682-4d71-983e-d6ec3f16059f  Licensing Status= 1: 040fa323-92b1-4baf-97a2-5b67feaefddb  1  0 [(0 [0xC004F014  0  0]  [(?)(?)(?)(?)(?)(?)(?)(?)])(1 )(2 )(3 )] 2: 0724cb7d-3437-4cb7-93cb-830375d0079d  1  0 [(0 [0xC004F014  0  0]  [(?)(?)(?)(?)(?)(?)(?)(?)])(1 )(2 )(3 )] 3: 0ad2ac98-7bb9-4201-8d92-312299201369  1  0 [(0 [0xC004F014  0  0]  [(?)(?)(?)(?)(?)(?)(?)(?)])(1 )(2 )(3 )] 4: 1a9a717a-cf13-4ba5-83c3-0fe25fa868d5  1  0 [(0 [0xC004F014  0  0]  [(?)(?)(?)(?)(?)(?)(?)(?)])(1 )(2 )(3 )] 5: 221a02da-e2a1-4b75-864c-0a4410a33fdf  1  0 [(0 [0xC004F014  0  0]  [(?)(?)(?)(?)(?)(?)(?)(?)])(1 )(2 )(3 )] 6: 291ece0e-9c38-40ca-a9e1-32cc7ec19507  1  0 [(0 [0xC004F014  0  0]  [(?)(?)(?)(?)(?)(?)(?)(?)])(1 )(2 )(3 )] 7: 2936d1d2-913a-4542-b54e-ce5a602a2a38  1  0 [(0 [0xC004F014  0  0]  [(?)(?)(?)(?)(?)(?)(?)(?)])(1 )(2 )(3 )] 8: 2c293c26-a45a-4a2a-a350-c69a67097529  1  0 [(0 [0xC004F014  0  0]  [(?)(?)(?)(?)(?)(?)(?)(?)])(1 )(2 )(3 )] 9: 2de67392-b7a7-462a-b1ca-108dd189f588  1  0 [(0 [0xC004F014  0  0]  [(?)(?)(?)(?)(?)(?)(?)(?)])(1 )(2 )(3 )] 10: 2ffd8952-423e-4903-b993-72a1aa44cf82  1  0 [(0 [0xC004F014  0  0]  [(?)(?)(?)(?)(?)(?)(?)(?)])(1 )(2 )(3 )] 11: 30a42c86-b7a0-4a34-8c90-ff177cb2acb7  1  0 [(0 [0xC004F014  0  0]  [(?)(?)(?)(?)(?)(?)(?)(?)])(1 )(2 )(3 )] 12: 345a5db0-d94f-4e3b-a0c0-7c42f7bc3ebf  1  0 [(0 [0xC004F014  0  0]  [(?)(?)(?)(?)(?)(?)(?)(?)])(1 )(2 )(3 )] 13: 3502365a-f88a-4ba4-822a-5769d3073b65  1  0 [(0 [0xC004F014  0  0]  [(?)(?)(?)(?)(?)(?)(?)(?)])(1 )(2 )(3 )] 14: 377333b1-8b5d-48d6-9679-1225c872d37c  1  0 [(0 [0xC004F014  0  0]  [(?)(?)(?)(?)(?)(?)(?)(?)])(1 )(2 )(3 )] 15: 3df374ef-d444-4494-a5a1-4b0d9fd0e203  1  0 [(0 [0xC004F014  0  0]  [(?)(?)(?)(?)(?)(?)(?)(?)])(1 )(2 )(3 )] 16: 3f1afc82-f8ac-4f6c-8005-1d233e606eee  1  0 [(0 [0xC004F014  0  0]  [(?)(?)(?)(?)(?)(?)(?)(?)])(1 )(2 )(3 )] 17: 49cd895b-53b2-4dc4-a5f7-b18aa019ad37  1  0 [(0 [0xC004F014  0  0]  [(?)(?)(?)(?)(?)(?)(?)(?)])(1 )(2 )(3 )] 18: 4de7cb65-cdf1-4de9-8ae8-e3cce27b9f2c  1  0 [(0 [0xC004F014  0  0]  [(?)(?)(?)(?)(?)(?)(?)(?)])(1 )(2 )(3 )] 19: 4f3da0d2-271d-4508-ae81-626b60809a38  1  0 [(0 [0xC004F014  0  0]  [(?)(?)(?)(?)(?)(?)(?)(?)])(1 )(2 )(3 )] 20: 5d78c4e9-aeb3-4b40-8ac2-6a6005e0ad6d  1  0 [(0 [0xC004F014  0  0]  [(?)(?)(?)(?)(?)(?)(?)(?)])(1 )(2 )(3 )] 21: 60b3ec1b-9545-4921-821f-311b129dd6f6  1  0 [(0 [0xC004F014  0  0]  [(?)(?)(?)(?)(?)(?)(?)(?)])(1 )(2 )(3 )] 22: 613d217f-7f13-4268-9907-1662339531cd  1  0 [(0 [0xC004F014  0  0]  [(?)(?)(?)(?)(?)(?)(?)(?)])(1 )(2 )(3 )] 23: 62f0c100-9c53-4e02-b886-a3528ddfe7f6  1  0 [(0 [0xC004F014  0  0]  [(?)(?)(?)(?)(?)(?)(?)(?)])(1 )(2 )(3 )] 24: 6365275e-368d-46ca-a0ef-fc0404119333  1  0 [(0 [0xC004F014  0  0]  [(?)(?)(?)(?)(?)(?)(?)(?)])(1 )(2 )(3 )] 25: 721f9237-9341-4453-a661-09e8baa6cca5  1  0 [(0 [0xC004F014  0  0]  [(?)(?)(?)(?)(?)(?)(?)(?)])(1 )(2 )(3 )] 26: 73111121-5638-40f6-bc11-f1d7b0d64300  1  0 [(0 [0xC004F014  0  0]  [(?)(?)(?)(?)(?)(?)(?)(?)])(1 )(2 )(3 )] 27: 7a802526-4c94-4bd1-ba14-835a1aca2120  1  0 [(0 [0xC004F014  0  0]  [(?)(?)(?)(?)(?)(?)(?)(?)])(1 )(2 )(3 )] 28: 7cb546c0-c7d5-44d8-9a5c-69ecdd782b69  1  0 [(0 [0xC004F014  0  0]  [(?)(?)(?)(?)(?)(?)(?)(?)])(1 )(2 )(3 )] 29: 82bbc092-bc50-4e16-8e18-b74fc486aec3  1  0 [(0 [0xC004F014  0  0]  [(?)(?)(?)(?)(?)(?)(?)(?)])(1 )(2 )(3 )] 30: 8ab9bdd1-1f67-4997-82d9-8878520837d9  1  0 [(0 [0xC004F014  0  0]  [(?)(?)(?)(?)(?)(?)(?)(?)])(1 )(2 )(3 )] 31: 8b351c9c-f398-4515-9900-09df49427262  1  0 [(0 [0xC004F014  0  0]  [(?)(?)(?)(?)(?)(?)(?)(?)])(1 )(2 )(3 )] 32: 90da7373-1c51-430b-bf26-c97e9c5cdc31  1  0 [(0 [0xC004F014  0  0]  [(?)(?)(?)(?)(?)(?)(?)(?)])(1 )(2 )(3 )] 33: 92fb8726-92a8-4ffc-94ce-f82e07444653  1  0 [(0 [0xC004F014  0  0]  [(?)(?)(?)(?)(?)(?)(?)(?)])(1 )(2 )(3 )] 34: 95dca82f-385d-4d39-b85b-5c73fa285d6f  1  0 [(0 [0xC004F014  0  0]  [(?)(?)(?)(?)(?)(?)(?)(?)])(1 )(2 )(3 )] 35: a48938aa-62fa-4966-9d44-9f04da3f72f2  1  0 [(0 [0xC004F014  0  0]  [(?)(?)(?)(?)(?)(?)(?)(?)])(1 )(2 )(3 )] 36: b0773a15-df3a-4312-9ad2-83d69648e356  1  0 [(0 [0xC004F014  0  0]  [(?)(?)(?)(?)(?)(?)(?)(?)])(1 )(2 )(3 )] 37: b4bfe195-541e-4e64-ad23-6177f19e395e  1  0 [(0 [0xC004F014  0  0]  [(?)(?)(?)(?)(?)(?)(?)(?)])(1 )(2 )(3 )] 38: b68e61d2-68ca-4757-be45-0cc2f3e68eee  1  0 [(0 [0xC004F014  0  0]  [(?)(?)(?)(?)(?)(?)(?)(?)])(1 )(2 )(3 )] 39: bd3762d7-270d-4760-8fb3-d829ca45278a  1  0 [(0 [0xC004F014  0  0]  [(?)(?)(?)(?)(?)(?)(?)(?)])(1 )(2 )(3 )] 40: c86d5194-4840-4dae-9c1c-0301003a5ab0  1  0 [(0 [0xC004F014  0  0]  [(?)(?)(?)(?)(?)(?)(?)(?)])(1 )(2 )(3 )] 41: ca7df2e3-5ea0-47b8-9ac1-b1be4d8edd69  1  0 [(0 [0xC004F014  0  0]  [(?)(?)(?)(?)(?)(?)(?)(?)])(1 )(2 )(3 )] 42: d552befb-48cc-4327-8f39-47d2d94f987c  1  0 [(0 [0xC004F014  0  0]  [(?)(?)(?)(?)(?)(?)(?)(?)])(1 )(2 )(3 )] 43: d6eadb3b-5ca8-4a6b-986e-35b550756111  1  0 [(0 [0xC004F014  0  0]  [(?)(?)(?)(?)(?)(?)(?)(?)])(1 )(2 )(3 )] 44: df96023b-dcd9-4be2-afa0-c6c871159ebe  1  0 [(0 [0xC004F014  0  0]  [(?)(?)(?)(?)(?)(?)(?)(?)])(1 )(2 )(3 )] 45: e0c42288-980c-4788-a014-c080d2e1926e  1  0 [(0 [0xC004F014  0  0]  [(?)(?)(?)(?)(?)(?)(?)(?)])(1 )(2 )(3 )] 46: e4db50ea-bda1-4566-b047-0ca50abc6f07  1  0 [(0 [0xC004F014  0  0]  [(?)(?)(?)(?)(?)(?)(?)(?)])(1 )(2 )(3 )] 47: e558417a-5123-4f6f-91e7-385c1c7ca9d4  1  1 [(0 )(1 )(2 [0xC004E003  0  0]  [( 1 0xC004F034)( 1 0xC004F034)(?)(?)(?)(?)(?)(?)])(3 [0x00000000  0  0]  [( 6 0xC004F009 0 0)( 1 0x00000000)( 6 0xC004F009 0 0)(?)(?)(?)( 10 0x00000000 msft:rm/algorithm/flags/1.0)( 11 0x00000000 0xC004F034)])] 48: e7a950a2-e548-4f10-bf16-02ec848e0643  1  0 [(0 [0xC004F014  0  0]  [(?)(?)(?)(?)(?)(?)(?)(?)])(1 )(2 )(3 )] 49: eb6d346f-1c60-4643-b960-40ec31596c45  1  0 [(0 [0xC004F014  0  0]  [(?)(?)(?)(?)(?)(?)(?)(?)])(1 )(2 )(3 )] 50: ec868e65-fadf-4759-b23e-93fe37f2cc29  1  0 [(0 [0xC004F014  0  0]  [(?)(?)(?)(?)(?)(?)(?)(?)])(1 )(2 )(3 )] 51: ef51e000-2659-4f25-8345-3de70a9cf4c4  1  0 [(0 [0xC004F014  0  0]  [(?)(?)(?)(?)(?)(?)(?)(?)])(1 )(2 )(3 )] 52: f7af7d09-40e4-419c-a49b-eae366689ebd  1  0 [(0 [0xC004F014  0  0]  [(?)(?)(?)(?)(?)(?)(?)(?)])(1 )(2 )(3 )] 53: fa755fe6-6739-40b9-8d84-6d0ea3b6d1ab  1  0 [(0 [0xC004F014  0  0]  [(?)(?)(?)(?)(?)(?)(?)(?)])(1 )(2 )(3 )] 54: fe74f55b-0338-41d6-b267-4a201abe7285  1  0 [(0 [0xC004F014  0  0]  [(?)(?)(?)(?)(?)(?)(?)(?)])(1 )(2 )(3 )]  
08/22/2024 08:16:22,1003,Microsoft-Windows-Security-SPP,Application,Information,The Software Protection service has completed licensing status check.  Application Id=55c92734-d682-4d71-983e-d6ec3f16059f  Licensing Status= 1: 040fa323-92b1-4baf-97a2-5b67feaefddb  1  0 [(0 [0xC004F014  0  0]  [(?)(?)(?)(?)(?)(?)(?)(?)])(1 )(2 )(3 )] 2: 0724cb7d-3437-4cb7-93cb-830375d0079d  1  0 [(0 [0xC004F014  0  0]  [(?)(?)(?)(?)(?)(?)(?)(?)])(1 )(2 )(3 )] 3: 0ad2ac98-7bb9-4201-8d92-312299201369  1  0 [(0 [0xC004F014  0  0]  [(?)(?)(?)(?)(?)(?)(?)(?)])(1 )(2 )(3 )] 4: 1a9a717a-cf13-4ba5-83c3-0fe25fa868d5  1  0 [(0 [0xC004F014  0  0]  [(?)(?)(?)(?)(?)(?)(?)(?)])(1 )(2 )(3 )] 5: 221a02da-e2a1-4b75-864c-0a4410a33fdf  1  0 [(0 [0xC004F014  0  0]  [(?)(?)(?)(?)(?)(?)(?)(?)])(1 )(2 )(3 )] 6: 291ece0e-9c38-40ca-a9e1-32cc7ec19507  1  0 [(0 [0xC004F014  0  0]  [(?)(?)(?)(?)(?)(?)(?)(?)])(1 )(2 )(3 )] 7: 2936d1d2-913a-4542-b54e-ce5a602a2a38  1  0 [(0 [0xC004F014  0  0]  [(?)(?)(?)(?)(?)(?)(?)(?)])(1 )(2 )(3 )] 8: 2c293c26-a45a-4a2a-a350-c69a67097529  1  0 [(0 [0xC004F014  0  0]  [(?)(?)(?)(?)(?)(?)(?)(?)])(1 )(2 )(3 )] 9: 2de67392-b7a7-462a-b1ca-108dd189f588  1  0 [(0 [0xC004F014  0  0]  [(?)(?)(?)(?)(?)(?)(?)(?)])(1 )(2 )(3 )] 10: 2ffd8952-423e-4903-b993-72a1aa44cf82  1  0 [(0 [0xC004F014  0  0]  [(?)(?)(?)(?)(?)(?)(?)(?)])(1 )(2 )(3 )] 11: 30a42c86-b7a0-4a34-8c90-ff177cb2acb7  1  0 [(0 [0xC004F014  0  0]  [(?)(?)(?)(?)(?)(?)(?)(?)])(1 )(2 )(3 )] 12: 345a5db0-d94f-4e3b-a0c0-7c42f7bc3ebf  1  0 [(0 [0xC004F014  0  0]  [(?)(?)(?)(?)(?)(?)(?)(?)])(1 )(2 )(3 )] 13: 3502365a-f88a-4ba4-822a-5769d3073b65  1  0 [(0 [0xC004F014  0  0]  [(?)(?)(?)(?)(?)(?)(?)(?)])(1 )(2 )(3 )] 14: 377333b1-8b5d-48d6-9679-1225c872d37c  1  0 [(0 [0xC004F014  0  0]  [(?)(?)(?)(?)(?)(?)(?)(?)])(1 )(2 )(3 )] 15: 3df374ef-d444-4494-a5a1-4b0d9fd0e203  1  0 [(0 [0xC004F014  0  0]  [(?)(?)(?)(?)(?)(?)(?)(?)])(1 )(2 )(3 )] 16: 3f1afc82-f8ac-4f6c-8005-1d233e606eee  1  0 [(0 [0xC004F014  0  0]  [(?)(?)(?)(?)(?)(?)(?)(?)])(1 )(2 )(3 )] 17: 49cd895b-53b2-4dc4-a5f7-b18aa019ad37  1  0 [(0 [0xC004F014  0  0]  [(?)(?)(?)(?)(?)(?)(?)(?)])(1 )(2 )(3 )] 18: 4de7cb65-cdf1-4de9-8ae8-e3cce27b9f2c  1  0 [(0 [0xC004F014  0  0]  [(?)(?)(?)(?)(?)(?)(?)(?)])(1 )(2 )(3 )] 19: 4f3da0d2-271d-4508-ae81-626b60809a38  1  0 [(0 [0xC004F014  0  0]  [(?)(?)(?)(?)(?)(?)(?)(?)])(1 )(2 )(3 )] 20: 5d78c4e9-aeb3-4b40-8ac2-6a6005e0ad6d  1  0 [(0 [0xC004F014  0  0]  [(?)(?)(?)(?)(?)(?)(?)(?)])(1 )(2 )(3 )] 21: 60b3ec1b-9545-4921-821f-311b129dd6f6  1  0 [(0 [0xC004F014  0  0]  [(?)(?)(?)(?)(?)(?)(?)(?)])(1 )(2 )(3 )] 22: 613d217f-7f13-4268-9907-1662339531cd  1  0 [(0 [0xC004F014  0  0]  [(?)(?)(?)(?)(?)(?)(?)(?)])(1 )(2 )(3 )] 23: 62f0c100-9c53-4e02-b886-a3528ddfe7f6  1  0 [(0 [0xC004F014  0  0]  [(?)(?)(?)(?)(?)(?)(?)(?)])(1 )(2 )(3 )] 24: 6365275e-368d-46ca-a0ef-fc0404119333  1  0 [(0 [0xC004F014  0  0]  [(?)(?)(?)(?)(?)(?)(?)(?)])(1 )(2 )(3 )] 25: 721f9237-9341-4453-a661-09e8baa6cca5  1  0 [(0 [0xC004F014  0  0]  [(?)(?)(?)(?)(?)(?)(?)(?)])(1 )(2 )(3 )] 26: 73111121-5638-40f6-bc11-f1d7b0d64300  1  0 [(0 [0xC004F014  0  0]  [(?)(?)(?)(?)(?)(?)(?)(?)])(1 )(2 )(3 )] 27: 7a802526-4c94-4bd1-ba14-835a1aca2120  1  0 [(0 [0xC004F014  0  0]  [(?)(?)(?)(?)(?)(?)(?)(?)])(1 )(2 )(3 )] 28: 7cb546c0-c7d5-44d8-9a5c-69ecdd782b69  1  0 [(0 [0xC004F014  0  0]  [(?)(?)(?)(?)(?)(?)(?)(?)])(1 )(2 )(3 )] 29: 82bbc092-bc50-4e16-8e18-b74fc486aec3  1  0 [(0 [0xC004F014  0  0]  [(?)(?)(?)(?)(?)(?)(?)(?)])(1 )(2 )(3 )] 30: 8ab9bdd1-1f67-4997-82d9-8878520837d9  1  0 [(0 [0xC004F014  0  0]  [(?)(?)(?)(?)(?)(?)(?)(?)])(1 )(2 )(3 )] 31: 8b351c9c-f398-4515-9900-09df49427262  1  0 [(0 [0xC004F014  0  0]  [(?)(?)(?)(?)(?)(?)(?)(?)])(1 )(2 )(3 )] 32: 90da7373-1c51-430b-bf26-c97e9c5cdc31  1  0 [(0 [0xC004F014  0  0]  [(?)(?)(?)(?)(?)(?)(?)(?)])(1 )(2 )(3 )] 33: 92fb8726-92a8-4ffc-94ce-f82e07444653  1  0 [(0 [0xC004F014  0  0]  [(?)(?)(?)(?)(?)(?)(?)(?)])(1 )(2 )(3 )] 34: 95dca82f-385d-4d39-b85b-5c73fa285d6f  1  0 [(0 [0xC004F014  0  0]  [(?)(?)(?)(?)(?)(?)(?)(?)])(1 )(2 )(3 )] 35: a48938aa-62fa-4966-9d44-9f04da3f72f2  1  0 [(0 [0xC004F014  0  0]  [(?)(?)(?)(?)(?)(?)(?)(?)])(1 )(2 )(3 )] 36: b0773a15-df3a-4312-9ad2-83d69648e356  1  0 [(0 [0xC004F014  0  0]  [(?)(?)(?)(?)(?)(?)(?)(?)])(1 )(2 )(3 )] 37: b4bfe195-541e-4e64-ad23-6177f19e395e  1  0 [(0 [0xC004F014  0  0]  [(?)(?)(?)(?)(?)(?)(?)(?)])(1 )(2 )(3 )] 38: b68e61d2-68ca-4757-be45-0cc2f3e68eee  1  0 [(0 [0xC004F014  0  0]  [(?)(?)(?)(?)(?)(?)(?)(?)])(1 )(2 )(3 )] 39: bd3762d7-270d-4760-8fb3-d829ca45278a  1  0 [(0 [0xC004F014  0  0]  [(?)(?)(?)(?)(?)(?)(?)(?)])(1 )(2 )(3 )] 40: c86d5194-4840-4dae-9c1c-0301003a5ab0  1  0 [(0 [0xC004F014  0  0]  [(?)(?)(?)(?)(?)(?)(?)(?)])(1 )(2 )(3 )] 41: ca7df2e3-5ea0-47b8-9ac1-b1be4d8edd69  1  0 [(0 [0xC004F014  0  0]  [(?)(?)(?)(?)(?)(?)(?)(?)])(1 )(2 )(3 )] 42: d552befb-48cc-4327-8f39-47d2d94f987c  1  0 [(0 [0xC004F014  0  0]  [(?)(?)(?)(?)(?)(?)(?)(?)])(1 )(2 )(3 )] 43: d6eadb3b-5ca8-4a6b-986e-35b550756111  1  0 [(0 [0xC004F014  0  0]  [(?)(?)(?)(?)(?)(?)(?)(?)])(1 )(2 )(3 )] 44: df96023b-dcd9-4be2-afa0-c6c871159ebe  1  0 [(0 [0xC004F014  0  0]  [(?)(?)(?)(?)(?)(?)(?)(?)])(1 )(2 )(3 )] 45: e0c42288-980c-4788-a014-c080d2e1926e  1  0 [(0 [0xC004F014  0  0]  [(?)(?)(?)(?)(?)(?)(?)(?)])(1 )(2 )(3 )] 46: e4db50ea-bda1-4566-b047-0ca50abc6f07  1  0 [(0 [0xC004F014  0  0]  [(?)(?)(?)(?)(?)(?)(?)(?)])(1 )(2 )(3 )] 47: e558417a-5123-4f6f-91e7-385c1c7ca9d4  1  1 [(0 )(1 )(2 [0xC004E003  0  0]  [( 1 0xC004F034)( 1 0xC004F034)(?)(?)(?)(?)(?)(?)])(3 [0x00000000  0  0]  [( 6 0xC004F009 0 0)( 1 0x00000000)( 6 0xC004F009 0 0)(?)(?)(?)( 10 0x00000000 msft:rm/algorithm/flags/1.0)( 11 0x00000000 0xC004F034)])] 48: e7a950a2-e548-4f10-bf16-02ec848e0643  1  0 [(0 [0xC004F014  0  0]  [(?)(?)(?)(?)(?)(?)(?)(?)])(1 )(2 )(3 )] 49: eb6d346f-1c60-4643-b960-40ec31596c45  1  0 [(0 [0xC004F014  0  0]  [(?)(?)(?)(?)(?)(?)(?)(?)])(1 )(2 )(3 )] 50: ec868e65-fadf-4759-b23e-93fe37f2cc29  1  0 [(0 [0xC004F014  0  0]  [(?)(?)(?)(?)(?)(?)(?)(?)])(1 )(2 )(3 )] 51: ef51e000-2659-4f25-8345-3de70a9cf4c4  1  0 [(0 [0xC004F014  0  0]  [(?)(?)(?)(?)(?)(?)(?)(?)])(1 )(2 )(3 )] 52: f7af7d09-40e4-419c-a49b-eae366689ebd  1  0 [(0 [0xC004F014  0  0]  [(?)(?)(?)(?)(?)(?)(?)(?)])(1 )(2 )(3 )] 53: fa755fe6-6739-40b9-8d84-6d0ea3b6d1ab  1  0 [(0 [0xC004F014  0  0]  [(?)(?)(?)(?)(?)(?)(?)(?)])(1 )(2 )(3 )] 54: fe74f55b-0338-41d6-b267-4a201abe7285  1  0 [(0 [0xC004F014  0  0]  [(?)(?)(?)(?)(?)(?)(?)(?)])(1 )(2 )(3 )]  
08/22/2024 08:16:20,8198,Microsoft-Windows-Security-SPP,Application,Error,License Activation (slui.exe) failed with the following error code:  hr=0x80004005  Command-line arguments:  RuleId=31e71c49-8da7-4a2f-ad92-45d98a1c79ba;Action=AutoActivate;AppId=55c92734-d682-4d71-983e-d6ec3f16059f;SkuId=e558417a-5123-4f6f-91e7-385c1c7ca9d4;NotificationInterval=1440;Trigger=UserLogon;SessionId=2
08/22/2024 08:16:20,1003,Microsoft-Windows-Security-SPP,Application,Information,The Software Protection service has completed licensing status check.  Application Id=55c92734-d682-4d71-983e-d6ec3f16059f  Licensing Status= 1: 040fa323-92b1-4baf-97a2-5b67feaefddb  1  0 [(0 [0xC004F014  0  0]  [(?)(?)(?)(?)(?)(?)(?)(?)])(1 )(2 )(3 )] 2: 0724cb7d-3437-4cb7-93cb-830375d0079d  1  0 [(0 [0xC004F014  0  0]  [(?)(?)(?)(?)(?)(?)(?)(?)])(1 )(2 )(3 )] 3: 0ad2ac98-7bb9-4201-8d92-312299201369  1  0 [(0 [0xC004F014  0  0]  [(?)(?)(?)(?)(?)(?)(?)(?)])(1 )(2 )(3 )] 4: 1a9a717a-cf13-4ba5-83c3-0fe25fa868d5  1  0 [(0 [0xC004F014  0  0]  [(?)(?)(?)(?)(?)(?)(?)(?)])(1 )(2 )(3 )] 5: 221a02da-e2a1-4b75-864c-0a4410a33fdf  1  0 [(0 [0xC004F014  0  0]  [(?)(?)(?)(?)(?)(?)(?)(?)])(1 )(2 )(3 )] 6: 291ece0e-9c38-40ca-a9e1-32cc7ec19507  1  0 [(0 [0xC004F014  0  0]  [(?)(?)(?)(?)(?)(?)(?)(?)])(1 )(2 )(3 )] 7: 2936d1d2-913a-4542-b54e-ce5a602a2a38  1  0 [(0 [0xC004F014  0  0]  [(?)(?)(?)(?)(?)(?)(?)(?)])(1 )(2 )(3 )] 8: 2c293c26-a45a-4a2a-a350-c69a67097529  1  0 [(0 [0xC004F014  0  0]  [(?)(?)(?)(?)(?)(?)(?)(?)])(1 )(2 )(3 )] 9: 2de67392-b7a7-462a-b1ca-108dd189f588  1  0 [(0 [0xC004F014  0  0]  [(?)(?)(?)(?)(?)(?)(?)(?)])(1 )(2 )(3 )] 10: 2ffd8952-423e-4903-b993-72a1aa44cf82  1  0 [(0 [0xC004F014  0  0]  [(?)(?)(?)(?)(?)(?)(?)(?)])(1 )(2 )(3 )] 11: 30a42c86-b7a0-4a34-8c90-ff177cb2acb7  1  0 [(0 [0xC004F014  0  0]  [(?)(?)(?)(?)(?)(?)(?)(?)])(1 )(2 )(3 )] 12: 345a5db0-d94f-4e3b-a0c0-7c42f7bc3ebf  1  0 [(0 [0xC004F014  0  0]  [(?)(?)(?)(?)(?)(?)(?)(?)])(1 )(2 )(3 )] 13: 3502365a-f88a-4ba4-822a-5769d3073b65  1  0 [(0 [0xC004F014  0  0]  [(?)(?)(?)(?)(?)(?)(?)(?)])(1 )(2 )(3 )] 14: 377333b1-8b5d-48d6-9679-1225c872d37c  1  0 [(0 [0xC004F014  0  0]  [(?)(?)(?)(?)(?)(?)(?)(?)])(1 )(2 )(3 )] 15: 3df374ef-d444-4494-a5a1-4b0d9fd0e203  1  0 [(0 [0xC004F014  0  0]  [(?)(?)(?)(?)(?)(?)(?)(?)])(1 )(2 )(3 )] 16: 3f1afc82-f8ac-4f6c-8005-1d233e606eee  1  0 [(0 [0xC004F014  0  0]  [(?)(?)(?)(?)(?)(?)(?)(?)])(1 )(2 )(3 )] 17: 49cd895b-53b2-4dc4-a5f7-b18aa019ad37  1  0 [(0 [0xC004F014  0  0]  [(?)(?)(?)(?)(?)(?)(?)(?)])(1 )(2 )(3 )] 18: 4de7cb65-cdf1-4de9-8ae8-e3cce27b9f2c  1  0 [(0 [0xC004F014  0  0]  [(?)(?)(?)(?)(?)(?)(?)(?)])(1 )(2 )(3 )] 19: 4f3da0d2-271d-4508-ae81-626b60809a38  1  0 [(0 [0xC004F014  0  0]  [(?)(?)(?)(?)(?)(?)(?)(?)])(1 )(2 )(3 )] 20: 5d78c4e9-aeb3-4b40-8ac2-6a6005e0ad6d  1  0 [(0 [0xC004F014  0  0]  [(?)(?)(?)(?)(?)(?)(?)(?)])(1 )(2 )(3 )] 21: 60b3ec1b-9545-4921-821f-311b129dd6f6  1  0 [(0 [0xC004F014  0  0]  [(?)(?)(?)(?)(?)(?)(?)(?)])(1 )(2 )(3 )] 22: 613d217f-7f13-4268-9907-1662339531cd  1  0 [(0 [0xC004F014  0  0]  [(?)(?)(?)(?)(?)(?)(?)(?)])(1 )(2 )(3 )] 23: 62f0c100-9c53-4e02-b886-a3528ddfe7f6  1  0 [(0 [0xC004F014  0  0]  [(?)(?)(?)(?)(?)(?)(?)(?)])(1 )(2 )(3 )] 24: 6365275e-368d-46ca-a0ef-fc0404119333  1  0 [(0 [0xC004F014  0  0]  [(?)(?)(?)(?)(?)(?)(?)(?)])(1 )(2 )(3 )] 25: 721f9237-9341-4453-a661-09e8baa6cca5  1  0 [(0 [0xC004F014  0  0]  [(?)(?)(?)(?)(?)(?)(?)(?)])(1 )(2 )(3 )] 26: 73111121-5638-40f6-bc11-f1d7b0d64300  1  0 [(0 [0xC004F014  0  0]  [(?)(?)(?)(?)(?)(?)(?)(?)])(1 )(2 )(3 )] 27: 7a802526-4c94-4bd1-ba14-835a1aca2120  1  0 [(0 [0xC004F014  0  0]  [(?)(?)(?)(?)(?)(?)(?)(?)])(1 )(2 )(3 )] 28: 7cb546c0-c7d5-44d8-9a5c-69ecdd782b69  1  0 [(0 [0xC004F014  0  0]  [(?)(?)(?)(?)(?)(?)(?)(?)])(1 )(2 )(3 )] 29: 82bbc092-bc50-4e16-8e18-b74fc486aec3  1  0 [(0 [0xC004F014  0  0]  [(?)(?)(?)(?)(?)(?)(?)(?)])(1 )(2 )(3 )] 30: 8ab9bdd1-1f67-4997-82d9-8878520837d9  1  0 [(0 [0xC004F014  0  0]  [(?)(?)(?)(?)(?)(?)(?)(?)])(1 )(2 )(3 )] 31: 8b351c9c-f398-4515-9900-09df49427262  1  0 [(0 [0xC004F014  0  0]  [(?)(?)(?)(?)(?)(?)(?)(?)])(1 )(2 )(3 )] 32: 90da7373-1c51-430b-bf26-c97e9c5cdc31  1  0 [(0 [0xC004F014  0  0]  [(?)(?)(?)(?)(?)(?)(?)(?)])(1 )(2 )(3 )] 33: 92fb8726-92a8-4ffc-94ce-f82e07444653  1  0 [(0 [0xC004F014  0  0]  [(?)(?)(?)(?)(?)(?)(?)(?)])(1 )(2 )(3 )] 34: 95dca82f-385d-4d39-b85b-5c73fa285d6f  1  0 [(0 [0xC004F014  0  0]  [(?)(?)(?)(?)(?)(?)(?)(?)])(1 )(2 )(3 )] 35: a48938aa-62fa-4966-9d44-9f04da3f72f2  1  0 [(0 [0xC004F014  0  0]  [(?)(?)(?)(?)(?)(?)(?)(?)])(1 )(2 )(3 )] 36: b0773a15-df3a-4312-9ad2-83d69648e356  1  0 [(0 [0xC004F014  0  0]  [(?)(?)(?)(?)(?)(?)(?)(?)])(1 )(2 )(3 )] 37: b4bfe195-541e-4e64-ad23-6177f19e395e  1  0 [(0 [0xC004F014  0  0]  [(?)(?)(?)(?)(?)(?)(?)(?)])(1 )(2 )(3 )] 38: b68e61d2-68ca-4757-be45-0cc2f3e68eee  1  0 [(0 [0xC004F014  0  0]  [(?)(?)(?)(?)(?)(?)(?)(?)])(1 )(2 )(3 )] 39: bd3762d7-270d-4760-8fb3-d829ca45278a  1  0 [(0 [0xC004F014  0  0]  [(?)(?)(?)(?)(?)(?)(?)(?)])(1 )(2 )(3 )] 40: c86d5194-4840-4dae-9c1c-0301003a5ab0  1  0 [(0 [0xC004F014  0  0]  [(?)(?)(?)(?)(?)(?)(?)(?)])(1 )(2 )(3 )] 41: ca7df2e3-5ea0-47b8-9ac1-b1be4d8edd69  1  0 [(0 [0xC004F014  0  0]  [(?)(?)(?)(?)(?)(?)(?)(?)])(1 )(2 )(3 )] 42: d552befb-48cc-4327-8f39-47d2d94f987c  1  0 [(0 [0xC004F014  0  0]  [(?)(?)(?)(?)(?)(?)(?)(?)])(1 )(2 )(3 )] 43: d6eadb3b-5ca8-4a6b-986e-35b550756111  1  0 [(0 [0xC004F014  0  0]  [(?)(?)(?)(?)(?)(?)(?)(?)])(1 )(2 )(3 )] 44: df96023b-dcd9-4be2-afa0-c6c871159ebe  1  0 [(0 [0xC004F014  0  0]  [(?)(?)(?)(?)(?)(?)(?)(?)])(1 )(2 )(3 )] 45: e0c42288-980c-4788-a014-c080d2e1926e  1  0 [(0 [0xC004F014  0  0]  [(?)(?)(?)(?)(?)(?)(?)(?)])(1 )(2 )(3 )] 46: e4db50ea-bda1-4566-b047-0ca50abc6f07  1  0 [(0 [0xC004F014  0  0]  [(?)(?)(?)(?)(?)(?)(?)(?)])(1 )(2 )(3 )] 47: e558417a-5123-4f6f-91e7-385c1c7ca9d4  1  1 [(0 )(1 )(2 [0xC004E003  0  0]  [( 1 0xC004F034)( 1 0xC004F034)(?)(?)(?)(?)(?)(?)])(3 [0x00000000  0  0]  [( 6 0xC004F009 0 0)( 1 0x00000000)( 6 0xC004F009 0 0)(?)(?)(?)( 10 0x00000000 msft:rm/algorithm/flags/1.0)( 11 0x00000000 0xC004F034)])] 48: e7a950a2-e548-4f10-bf16-02ec848e0643  1  0 [(0 [0xC004F014  0  0]  [(?)(?)(?)(?)(?)(?)(?)(?)])(1 )(2 )(3 )] 49: eb6d346f-1c60-4643-b960-40ec31596c45  1  0 [(0 [0xC004F014  0  0]  [(?)(?)(?)(?)(?)(?)(?)(?)])(1 )(2 )(3 )] 50: ec868e65-fadf-4759-b23e-93fe37f2cc29  1  0 [(0 [0xC004F014  0  0]  [(?)(?)(?)(?)(?)(?)(?)(?)])(1 )(2 )(3 )] 51: ef51e000-2659-4f25-8345-3de70a9cf4c4  1  0 [(0 [0xC004F014  0  0]  [(?)(?)(?)(?)(?)(?)(?)(?)])(1 )(2 )(3 )] 52: f7af7d09-40e4-419c-a49b-eae366689ebd  1  0 [(0 [0xC004F014  0  0]  [(?)(?)(?)(?)(?)(?)(?)(?)])(1 )(2 )(3 )] 53: fa755fe6-6739-40b9-8d84-6d0ea3b6d1ab  1  0 [(0 [0xC004F014  0  0]  [(?)(?)(?)(?)(?)(?)(?)(?)])(1 )(2 )(3 )] 54: fe74f55b-0338-41d6-b267-4a201abe7285  1  0 [(0 [0xC004F014  0  0]  [(?)(?)(?)(?)(?)(?)(?)(?)])(1 )(2 )(3 )]  
08/22/2024 08:16:20,16394,Microsoft-Windows-Security-SPP,Application,Information,Offline downlevel migration succeeded.
08/22/2024 08:16:15,6000,Microsoft-Windows-Winlogon,Application,Information,The winlogon notification subscriber <SessionEnv> was unavailable to handle a notification event.
08/22/2024 08:16:13,6003,Microsoft-Windows-Winlogon,Application,Information,The winlogon notification subscriber <SessionEnv> was unavailable to handle a critical notification event.
08/22/2024 08:15:55,0,edgeupdate,Application,Information,Service stopped.
08/22/2024 08:14:55,0,edgeupdate,Application,Information,Service stopped.
08/22/2024 08:14:46,1001,Windows Error Reporting,Application,Information,Fault bucket   type 0  Event Name: crashpad_log  Response: Not available  Cab Id: 0    Problem signature:  P1: MicrosoftEdgeUpdate.exe  P2: 1.3.155.85  P3: CriticalRequestError  P4: 0xa043081c  P5:   P6:   P7:   P8:   P9:   P10:     Attached files:    These files may be available here:  \\?\C:\ProgramData\Microsoft\Windows\WER\ReportQueue\NonCritical_MicrosoftEdgeUpd_251e428c2a4e49f50fd97937ba440de5018f280_00000000_8b1d186f-a4cd-4e31-ba58-309a6c61470a    Analysis symbol:   Rechecking for solution: 0  Report Id: 8b1d186f-a4cd-4e31-ba58-309a6c61470a  Report Status: 6  Hashed bucket:   Cab Guid: 0
08/22/2024 08:14:20,903,Microsoft-Windows-Security-SPP,Application,Information,The Software Protection service has stopped.  
08/22/2024 08:14:20,16384,Microsoft-Windows-Security-SPP,Application,Information,Successfully scheduled Software Protection service for re-start at 2024-08-22T22:11:20Z. Reason: RulesEngine.
08/22/2024 08:13:55,0,edgeupdate,Application,Information,Service stopped.
08/22/2024 08:13:51,15,SecurityCenter,Application,Information,Updated Windows Defender status successfully to SECURITY_PRODUCT_STATE_ON.
08/22/2024 08:13:50,902,Microsoft-Windows-Security-SPP,Application,Information,The Software Protection service has started.  10.0.22621.3880
