08/22/2024 08:13:50,1003,Microsoft-Windows-Security-SPP,Application,Information,The Software Protection service has completed licensing status check.  Application Id=55c92734-d682-4d71-983e-d6ec3f16059f  Licensing Status= 1: 040fa323-92b1-4baf-97a2-5b67feaefddb  1  0 [(0 [0xC004F014  0  0]  [(?)(?)(?)(?)(?)(?)(?)(?)])(1 )(2 )(3 )] 2: 0724cb7d-3437-4cb7-93cb-830375d0079d  1  0 [(0 [0xC004F014  0  0]  [(?)(?)(?)(?)(?)(?)(?)(?)])(1 )(2 )(3 )] 3: 0ad2ac98-7bb9-4201-8d92-312299201369  1  0 [(0 [0xC004F014  0  0]  [(?)(?)(?)(?)(?)(?)(?)(?)])(1 )(2 )(3 )] 4: 1a9a717a-cf13-4ba5-83c3-0fe25fa868d5  1  0 [(0 [0xC004F014  0  0]  [(?)(?)(?)(?)(?)(?)(?)(?)])(1 )(2 )(3 )] 5: 221a02da-e2a1-4b75-864c-0a4410a33fdf  1  0 [(0 [0xC004F014  0  0]  [(?)(?)(?)(?)(?)(?)(?)(?)])(1 )(2 )(3 )] 6: 291ece0e-9c38-40ca-a9e1-32cc7ec19507  1  0 [(0 [0xC004F014  0  0]  [(?)(?)(?)(?)(?)(?)(?)(?)])(1 )(2 )(3 )] 7: 2936d1d2-913a-4542-b54e-ce5a602a2a38  1  0 [(0 [0xC004F014  0  0]  [(?)(?)(?)(?)(?)(?)(?)(?)])(1 )(2 )(3 )] 8: 2c293c26-a45a-4a2a-a350-c69a67097529  1  0 [(0 [0xC004F014  0  0]  [(?)(?)(?)(?)(?)(?)(?)(?)])(1 )(2 )(3 )] 9: 2de67392-b7a7-462a-b1ca-108dd189f588  1  0 [(0 [0xC004F014  0  0]  [(?)(?)(?)(?)(?)(?)(?)(?)])(1 )(2 )(3 )] 10: 2ffd8952-423e-4903-b993-72a1aa44cf82  1  0 [(0 [0xC004F014  0  0]  [(?)(?)(?)(?)(?)(?)(?)(?)])(1 )(2 )(3 )] 11: 30a42c86-b7a0-4a34-8c90-ff177cb2acb7  1  0 [(0 [0xC004F014  0  0]  [(?)(?)(?)(?)(?)(?)(?)(?)])(1 )(2 )(3 )] 12: 345a5db0-d94f-4e3b-a0c0-7c42f7bc3ebf  1  0 [(0 [0xC004F014  0  0]  [(?)(?)(?)(?)(?)(?)(?)(?)])(1 )(2 )(3 )] 13: 3502365a-f88a-4ba4-822a-5769d3073b65  1  0 [(0 [0xC004F014  0  0]  [(?)(?)(?)(?)(?)(?)(?)(?)])(1 )(2 )(3 )] 14: 377333b1-8b5d-48d6-9679-1225c872d37c  1  0 [(0 [0xC004F014  0  0]  [(?)(?)(?)(?)(?)(?)(?)(?)])(1 )(2 )(3 )] 15: 3df374ef-d444-4494-a5a1-4b0d9fd0e203  1  0 [(0 [0xC004F014  0  0]  [(?)(?)(?)(?)(?)(?)(?)(?)])(1 )(2 )(3 )] 16: 3f1afc82-f8ac-4f6c-8005-1d233e606eee  1  0 [(0 [0xC004F014  0  0]  [(?)(?)(?)(?)(?)(?)(?)(?)])(1 )(2 )(3 )] 17: 49cd895b-53b2-4dc4-a5f7-b18aa019ad37  1  0 [(0 [0xC004F014  0  0]  [(?)(?)(?)(?)(?)(?)(?)(?)])(1 )(2 )(3 )] 18: 4de7cb65-cdf1-4de9-8ae8-e3cce27b9f2c  1  0 [(0 [0xC004F014  0  0]  [(?)(?)(?)(?)(?)(?)(?)(?)])(1 )(2 )(3 )] 19: 4f3da0d2-271d-4508-ae81-626b60809a38  1  0 [(0 [0xC004F014  0  0]  [(?)(?)(?)(?)(?)(?)(?)(?)])(1 )(2 )(3 )] 20: 5d78c4e9-aeb3-4b40-8ac2-6a6005e0ad6d  1  0 [(0 [0xC004F014  0  0]  [(?)(?)(?)(?)(?)(?)(?)(?)])(1 )(2 )(3 )] 21: 60b3ec1b-9545-4921-821f-311b129dd6f6  1  0 [(0 [0xC004F014  0  0]  [(?)(?)(?)(?)(?)(?)(?)(?)])(1 )(2 )(3 )] 22: 613d217f-7f13-4268-9907-1662339531cd  1  0 [(0 [0xC004F014  0  0]  [(?)(?)(?)(?)(?)(?)(?)(?)])(1 )(2 )(3 )] 23: 62f0c100-9c53-4e02-b886-a3528ddfe7f6  1  0 [(0 [0xC004F014  0  0]  [(?)(?)(?)(?)(?)(?)(?)(?)])(1 )(2 )(3 )] 24: 6365275e-368d-46ca-a0ef-fc0404119333  1  0 [(0 [0xC004F014  0  0]  [(?)(?)(?)(?)(?)(?)(?)(?)])(1 )(2 )(3 )] 25: 721f9237-9341-4453-a661-09e8baa6cca5  1  0 [(0 [0xC004F014  0  0]  [(?)(?)(?)(?)(?)(?)(?)(?)])(1 )(2 )(3 )] 26: 73111121-5638-40f6-bc11-f1d7b0d64300  1  0 [(0 [0xC004F014  0  0]  [(?)(?)(?)(?)(?)(?)(?)(?)])(1 )(2 )(3 )] 27: 7a802526-4c94-4bd1-ba14-835a1aca2120  1  0 [(0 [0xC004F014  0  0]  [(?)(?)(?)(?)(?)(?)(?)(?)])(1 )(2 )(3 )] 28: 7cb546c0-c7d5-44d8-9a5c-69ecdd782b69  1  0 [(0 [0xC004F014  0  0]  [(?)(?)(?)(?)(?)(?)(?)(?)])(1 )(2 )(3 )] 29: 82bbc092-bc50-4e16-8e18-b74fc486aec3  1  0 [(0 [0xC004F014  0  0]  [(?)(?)(?)(?)(?)(?)(?)(?)])(1 )(2 )(3 )] 30: 8ab9bdd1-1f67-4997-82d9-8878520837d9  1  0 [(0 [0xC004F014  0  0]  [(?)(?)(?)(?)(?)(?)(?)(?)])(1 )(2 )(3 )] 31: 8b351c9c-f398-4515-9900-09df49427262  1  0 [(0 [0xC004F014  0  0]  [(?)(?)(?)(?)(?)(?)(?)(?)])(1 )(2 )(3 )] 32: 90da7373-1c51-430b-bf26-c97e9c5cdc31  1  0 [(0 [0xC004F014  0  0]  [(?)(?)(?)(?)(?)(?)(?)(?)])(1 )(2 )(3 )] 33: 92fb8726-92a8-4ffc-94ce-f82e07444653  1  0 [(0 [0xC004F014  0  0]  [(?)(?)(?)(?)(?)(?)(?)(?)])(1 )(2 )(3 )] 34: 95dca82f-385d-4d39-b85b-5c73fa285d6f  1  0 [(0 [0xC004F014  0  0]  [(?)(?)(?)(?)(?)(?)(?)(?)])(1 )(2 )(3 )] 35: a48938aa-62fa-4966-9d44-9f04da3f72f2  1  0 [(0 [0xC004F014  0  0]  [(?)(?)(?)(?)(?)(?)(?)(?)])(1 )(2 )(3 )] 36: b0773a15-df3a-4312-9ad2-83d69648e356  1  0 [(0 [0xC004F014  0  0]  [(?)(?)(?)(?)(?)(?)(?)(?)])(1 )(2 )(3 )] 37: b4bfe195-541e-4e64-ad23-6177f19e395e  1  0 [(0 [0xC004F014  0  0]  [(?)(?)(?)(?)(?)(?)(?)(?)])(1 )(2 )(3 )] 38: b68e61d2-68ca-4757-be45-0cc2f3e68eee  1  0 [(0 [0xC004F014  0  0]  [(?)(?)(?)(?)(?)(?)(?)(?)])(1 )(2 )(3 )] 39: bd3762d7-270d-4760-8fb3-d829ca45278a  1  0 [(0 [0xC004F014  0  0]  [(?)(?)(?)(?)(?)(?)(?)(?)])(1 )(2 )(3 )] 40: c86d5194-4840-4dae-9c1c-0301003a5ab0  1  0 [(0 [0xC004F014  0  0]  [(?)(?)(?)(?)(?)(?)(?)(?)])(1 )(2 )(3 )] 41: ca7df2e3-5ea0-47b8-9ac1-b1be4d8edd69  1  0 [(0 [0xC004F014  0  0]  [(?)(?)(?)(?)(?)(?)(?)(?)])(1 )(2 )(3 )] 42: d552befb-48cc-4327-8f39-47d2d94f987c  1  0 [(0 [0xC004F014  0  0]  [(?)(?)(?)(?)(?)(?)(?)(?)])(1 )(2 )(3 )] 43: d6eadb3b-5ca8-4a6b-986e-35b550756111  1  0 [(0 [0xC004F014  0  0]  [(?)(?)(?)(?)(?)(?)(?)(?)])(1 )(2 )(3 )] 44: df96023b-dcd9-4be2-afa0-c6c871159ebe  1  0 [(0 [0xC004F014  0  0]  [(?)(?)(?)(?)(?)(?)(?)(?)])(1 )(2 )(3 )] 45: e0c42288-980c-4788-a014-c080d2e1926e  1  0 [(0 [0xC004F014  0  0]  [(?)(?)(?)(?)(?)(?)(?)(?)])(1 )(2 )(3 )] 46: e4db50ea-bda1-4566-b047-0ca50abc6f07  1  0 [(0 [0xC004F014  0  0]  [(?)(?)(?)(?)(?)(?)(?)(?)])(1 )(2 )(3 )] 47: e558417a-5123-4f6f-91e7-385c1c7ca9d4  1  1 [(0 )(1 )(2 [0xC004E003  0  0]  [( 1 0xC004F034)( 1 0xC004F034)(?)(?)(?)(?)(?)(?)])(3 [0x00000000  0  0]  [( 6 0xC004F009 0 0)( 1 0x00000000)( 6 0xC004F009 0 0)(?)(?)(?)( 10 0x00000000 msft:rm/algorithm/flags/1.0)( 11 0x00000000 0xC004F034)])] 48: e7a950a2-e548-4f10-bf16-02ec848e0643  1  0 [(0 [0xC004F014  0  0]  [(?)(?)(?)(?)(?)(?)(?)(?)])(1 )(2 )(3 )] 49: eb6d346f-1c60-4643-b960-40ec31596c45  1  0 [(0 [0xC004F014  0  0]  [(?)(?)(?)(?)(?)(?)(?)(?)])(1 )(2 )(3 )] 50: ec868e65-fadf-4759-b23e-93fe37f2cc29  1  0 [(0 [0xC004F014  0  0]  [(?)(?)(?)(?)(?)(?)(?)(?)])(1 )(2 )(3 )] 51: ef51e000-2659-4f25-8345-3de70a9cf4c4  1  0 [(0 [0xC004F014  0  0]  [(?)(?)(?)(?)(?)(?)(?)(?)])(1 )(2 )(3 )] 52: f7af7d09-40e4-419c-a49b-eae366689ebd  1  0 [(0 [0xC004F014  0  0]  [(?)(?)(?)(?)(?)(?)(?)(?)])(1 )(2 )(3 )] 53: fa755fe6-6739-40b9-8d84-6d0ea3b6d1ab  1  0 [(0 [0xC004F014  0  0]  [(?)(?)(?)(?)(?)(?)(?)(?)])(1 )(2 )(3 )] 54: fe74f55b-0338-41d6-b267-4a201abe7285  1  0 [(0 [0xC004F014  0  0]  [(?)(?)(?)(?)(?)(?)(?)(?)])(1 )(2 )(3 )]  
08/22/2024 08:13:50,1066,Microsoft-Windows-Security-SPP,Application,Information,Initialization status for service objects.  C:\Windows\system32\sppwinob.dll  msft:spp/windowsfunctionality/agent/7.0  0x00000000  0x00000000 C:\Windows\system32\sppobjs.dll  msft:rm/algorithm/inherited/1.0  0x00000000  0x00000000 C:\Windows\system32\sppobjs.dll  msft:rm/algorithm/phone/1.0  0x00000000  0x00000000 C:\Windows\system32\sppobjs.dll  msft:rm/algorithm/pkey/detect  0x00000000  0x00000000 C:\Windows\system32\sppobjs.dll  msft:spp/ActionScheduler/1.0  0x00000000  0x00000000 C:\Windows\system32\sppobjs.dll  msft:spp/TaskScheduler/1.0  0x00000000  0x00000000 C:\Windows\system32\sppobjs.dll  msft:spp/statecollector/pkey  0x00000000  0x00000000 C:\Windows\system32\sppobjs.dll  msft:spp/volume/services/kms/1.0  0x00000000  0x00000000 C:\Windows\system32\sppobjs.dll  msft:spp/volume/services/kms/activationinfo/1.0  0x00000000  0x00000000 
08/22/2024 08:13:50,16394,Microsoft-Windows-Security-SPP,Application,Information,Offline downlevel migration succeeded.
08/22/2024 08:13:49,1,SecurityCenter,Application,Information,The Windows Security Center Service has started.
08/22/2024 08:13:48,900,Microsoft-Windows-Security-SPP,Application,Information,The Software Protection service is starting.  Parameters:<explicit>
08/22/2024 08:13:48,0,edgeupdate,Application,Information,Service stopped.
08/22/2024 08:12:55,0,edgeupdate,Application,Information,Service stopped.
08/22/2024 08:12:47,5617,Microsoft-Windows-WMI,Application,Information,Windows Management Instrumentation Service subsystems initialized successfully
08/22/2024 08:12:10,9027,Desktop Window Manager,Application,Information,The Desktop Window Manager has registered the session port.
08/22/2024 08:12:10,6000,Microsoft-Windows-Winlogon,Application,Information,The winlogon notification subscriber <SessionEnv> was unavailable to handle a notification event.
08/22/2024 08:12:10,6000,Microsoft-Windows-Winlogon,Application,Information,The winlogon notification subscriber <WSearch> was unavailable to handle a notification event.
08/22/2024 08:12:08,1003,Microsoft-Windows-Search,Application,Information,The Windows Search Service started. 
08/22/2024 08:11:58,86,Microsoft-Windows-CertificateServicesClient-CertEnroll,Application,Error,SCEP Certificate enrollment initialization for WORKGROUP\DESKTOP-8CIK9L4$ via https://VMW-KeyId-1c2492513d5ddafd85ddcca2e165abd218a9d7ac.microsoftaik.azure.net/templates/Aik/scep failed:    GetCACaps GetCACaps: Not Found {"Message":"The authority \"vmw-keyid-1c2492513d5ddafd85ddcca2e165abd218a9d7ac.microsoftaik.azure.net\" does not exist."} HTTP/1.1 404 Not Found Date: Wed  21 Aug 2024 22:11:58 GMT Content-Length: 121 Content-Type: application/json; charset=utf-8 X-Content-Type-Options: nosniff Strict-Transport-Security: max-age=31536000;includeSubDomains x-ms-request-id: 669f5659-b924-4d01-a301-8f26e364ee5a   Method: GET(312ms)  Stage: GetCACaps  Not found (404). 0x80190194 (-2145844844 HTTP_E_STATUS_NOT_FOUND)
08/22/2024 08:11:58,86,Microsoft-Windows-CertificateServicesClient-CertEnroll,Application,Error,SCEP Certificate enrollment initialization for Local system via https://VMW-KeyId-1c2492513d5ddafd85ddcca2e165abd218a9d7ac.microsoftaik.azure.net/templates/Aik/scep failed:    GetCACaps GetCACaps: Not Found {"Message":"The authority \"vmw-keyid-1c2492513d5ddafd85ddcca2e165abd218a9d7ac.microsoftaik.azure.net\" does not exist."} HTTP/1.1 404 Not Found Date: Wed  21 Aug 2024 22:11:57 GMT Content-Length: 121 Content-Type: application/json; charset=utf-8 X-Content-Type-Options: nosniff Strict-Transport-Security: max-age=31536000;includeSubDomains x-ms-request-id: a7f76ee1-d947-43c3-b175-5030d2a45f50   Method: GET(375ms)  Stage: GetCACaps  Not found (404). 0x80190194 (-2145844844 HTTP_E_STATUS_NOT_FOUND)
08/22/2024 08:11:55,0,edgeupdate,Application,Information,Service stopped.
08/22/2024 08:11:52,1001,Windows Error Reporting,Application,Information,Fault bucket   type 0  Event Name: crashpad_log  Response: Not available  Cab Id: 0    Problem signature:  P1: MicrosoftEdgeUpdate.exe  P2: 1.3.155.85  P3: CriticalRequestError  P4: 0xa043081c  P5:   P6:   P7:   P8:   P9:   P10:     Attached files:    These files may be available here:  \\?\C:\ProgramData\Microsoft\Windows\WER\ReportQueue\NonCritical_MicrosoftEdgeUpd_251e428c2a4e49f50fd97937ba440de5018f280_00000000_8b1d186f-a4cd-4e31-ba58-309a6c61470a    Analysis symbol:   Rechecking for solution: 0  Report Id: 8b1d186f-a4cd-4e31-ba58-309a6c61470a  Report Status: 6  Hashed bucket:   Cab Guid: 0
08/22/2024 08:11:50,6000,Microsoft-Windows-Winlogon,Application,Information,The winlogon notification subscriber <SessionEnv> was unavailable to handle a notification event.
08/22/2024 08:11:50,6003,Microsoft-Windows-Winlogon,Application,Information,The winlogon notification subscriber <SessionEnv> was unavailable to handle a critical notification event.
08/22/2024 08:11:47,5615,Microsoft-Windows-WMI,Application,Information,Windows Management Instrumentation Service started sucessfully
08/22/2024 08:11:44,1531,Microsoft-Windows-User Profiles Service,Application,Information,The User Profile Service has started successfully.      
08/22/2024 08:11:28,1532,Microsoft-Windows-User Profiles Service,Application,Information,The User Profile Service has stopped.      
08/22/2024 08:11:28,903,Microsoft-Windows-Security-SPP,Application,Information,The Software Protection service has stopped.  
08/22/2024 08:11:28,1130,.NET Runtime Optimization Service,Application,Information,.NET Runtime Optimization Service (4.0.30319.0) - Installed from repository: mscorlib
08/22/2024 08:11:28,6004,Microsoft-Windows-Winlogon,Application,Warning,The winlogon notification subscriber <TrustedInstaller> failed a critical notification event.
08/22/2024 08:11:27,8230,Microsoft-Windows-Security-SPP,Application,Information,The rules engine successfully re-evaluated the schedule.  Kernel policies:  Security-SPP-Action-StateData (REG_SZ) =AppId=55c92734-d682-4d71-983e-d6ec3f16059f;LastConsumptionReason=0xc004f034;LastNotificationId=NeverActivated;LicenseState=SL_LICENSING_STATUS_NOTIFICATION;PartialProductKey=7CFBY;ProductKeyType=Retail;SkuId=e558417a-5123-4f6f-91e7-385c1c7ca9d4;ruleId=31e71c49-8da7-4a2f-ad92-45d98a1c79ba;uxDifferentiator=RETAIL
08/22/2024 08:11:26,6006,Microsoft-Windows-Winlogon,Application,Warning,The winlogon notification subscriber <TrustedInstaller> took 60 second(s) to handle the notification event (CreateSession).
08/22/2024 08:11:26,6005,Microsoft-Windows-Winlogon,Application,Warning,The winlogon notification subscriber <TrustedInstaller> is taking a long time to handle the notification event (CreateSession).
08/22/2024 08:11:26,902,Microsoft-Windows-Security-SPP,Application,Information,The Software Protection service has started.  10.0.22621.3880
08/22/2024 08:11:26,16388,Microsoft-Windows-Security-SPP,Application,Information,The current time is 2024-08-21T22:11:26Z : 2024-08-22T06:44:39Z.
08/22/2024 08:11:26,1003,Microsoft-Windows-Security-SPP,Application,Information,The Software Protection service has completed licensing status check.  Application Id=55c92734-d682-4d71-983e-d6ec3f16059f  Licensing Status= 1: 040fa323-92b1-4baf-97a2-5b67feaefddb  1  0 [(0 [0xC004F014  0  0]  [(?)(?)(?)(?)(?)(?)(?)(?)])(1 )(2 )(3 )] 2: 0724cb7d-3437-4cb7-93cb-830375d0079d  1  0 [(0 [0xC004F014  0  0]  [(?)(?)(?)(?)(?)(?)(?)(?)])(1 )(2 )(3 )] 3: 0ad2ac98-7bb9-4201-8d92-312299201369  1  0 [(0 [0xC004F014  0  0]  [(?)(?)(?)(?)(?)(?)(?)(?)])(1 )(2 )(3 )] 4: 1a9a717a-cf13-4ba5-83c3-0fe25fa868d5  1  0 [(0 [0xC004F014  0  0]  [(?)(?)(?)(?)(?)(?)(?)(?)])(1 )(2 )(3 )] 5: 221a02da-e2a1-4b75-864c-0a4410a33fdf  1  0 [(0 [0xC004F014  0  0]  [(?)(?)(?)(?)(?)(?)(?)(?)])(1 )(2 )(3 )] 6: 291ece0e-9c38-40ca-a9e1-32cc7ec19507  1  0 [(0 [0xC004F014  0  0]  [(?)(?)(?)(?)(?)(?)(?)(?)])(1 )(2 )(3 )] 7: 2936d1d2-913a-4542-b54e-ce5a602a2a38  1  0 [(0 [0xC004F014  0  0]  [(?)(?)(?)(?)(?)(?)(?)(?)])(1 )(2 )(3 )] 8: 2c293c26-a45a-4a2a-a350-c69a67097529  1  0 [(0 [0xC004F014  0  0]  [(?)(?)(?)(?)(?)(?)(?)(?)])(1 )(2 )(3 )] 9: 2de67392-b7a7-462a-b1ca-108dd189f588  1  0 [(0 [0xC004F014  0  0]  [(?)(?)(?)(?)(?)(?)(?)(?)])(1 )(2 )(3 )] 10: 2ffd8952-423e-4903-b993-72a1aa44cf82  1  0 [(0 [0xC004F014  0  0]  [(?)(?)(?)(?)(?)(?)(?)(?)])(1 )(2 )(3 )] 11: 30a42c86-b7a0-4a34-8c90-ff177cb2acb7  1  0 [(0 [0xC004F014  0  0]  [(?)(?)(?)(?)(?)(?)(?)(?)])(1 )(2 )(3 )] 12: 345a5db0-d94f-4e3b-a0c0-7c42f7bc3ebf  1  0 [(0 [0xC004F014  0  0]  [(?)(?)(?)(?)(?)(?)(?)(?)])(1 )(2 )(3 )] 13: 3502365a-f88a-4ba4-822a-5769d3073b65  1  0 [(0 [0xC004F014  0  0]  [(?)(?)(?)(?)(?)(?)(?)(?)])(1 )(2 )(3 )] 14: 377333b1-8b5d-48d6-9679-1225c872d37c  1  0 [(0 [0xC004F014  0  0]  [(?)(?)(?)(?)(?)(?)(?)(?)])(1 )(2 )(3 )] 15: 3df374ef-d444-4494-a5a1-4b0d9fd0e203  1  0 [(0 [0xC004F014  0  0]  [(?)(?)(?)(?)(?)(?)(?)(?)])(1 )(2 )(3 )] 16: 3f1afc82-f8ac-4f6c-8005-1d233e606eee  1  0 [(0 [0xC004F014  0  0]  [(?)(?)(?)(?)(?)(?)(?)(?)])(1 )(2 )(3 )] 17: 49cd895b-53b2-4dc4-a5f7-b18aa019ad37  1  0 [(0 [0xC004F014  0  0]  [(?)(?)(?)(?)(?)(?)(?)(?)])(1 )(2 )(3 )] 18: 4de7cb65-cdf1-4de9-8ae8-e3cce27b9f2c  1  0 [(0 [0xC004F014  0  0]  [(?)(?)(?)(?)(?)(?)(?)(?)])(1 )(2 )(3 )] 19: 4f3da0d2-271d-4508-ae81-626b60809a38  1  0 [(0 [0xC004F014  0  0]  [(?)(?)(?)(?)(?)(?)(?)(?)])(1 )(2 )(3 )] 20: 5d78c4e9-aeb3-4b40-8ac2-6a6005e0ad6d  1  0 [(0 [0xC004F014  0  0]  [(?)(?)(?)(?)(?)(?)(?)(?)])(1 )(2 )(3 )] 21: 60b3ec1b-9545-4921-821f-311b129dd6f6  1  0 [(0 [0xC004F014  0  0]  [(?)(?)(?)(?)(?)(?)(?)(?)])(1 )(2 )(3 )] 22: 613d217f-7f13-4268-9907-1662339531cd  1  0 [(0 [0xC004F014  0  0]  [(?)(?)(?)(?)(?)(?)(?)(?)])(1 )(2 )(3 )] 23: 62f0c100-9c53-4e02-b886-a3528ddfe7f6  1  0 [(0 [0xC004F014  0  0]  [(?)(?)(?)(?)(?)(?)(?)(?)])(1 )(2 )(3 )] 24: 6365275e-368d-46ca-a0ef-fc0404119333  1  0 [(0 [0xC004F014  0  0]  [(?)(?)(?)(?)(?)(?)(?)(?)])(1 )(2 )(3 )] 25: 721f9237-9341-4453-a661-09e8baa6cca5  1  0 [(0 [0xC004F014  0  0]  [(?)(?)(?)(?)(?)(?)(?)(?)])(1 )(2 )(3 )] 26: 73111121-5638-40f6-bc11-f1d7b0d64300  1  0 [(0 [0xC004F014  0  0]  [(?)(?)(?)(?)(?)(?)(?)(?)])(1 )(2 )(3 )] 27: 7a802526-4c94-4bd1-ba14-835a1aca2120  1  0 [(0 [0xC004F014  0  0]  [(?)(?)(?)(?)(?)(?)(?)(?)])(1 )(2 )(3 )] 28: 7cb546c0-c7d5-44d8-9a5c-69ecdd782b69  1  0 [(0 [0xC004F014  0  0]  [(?)(?)(?)(?)(?)(?)(?)(?)])(1 )(2 )(3 )] 29: 82bbc092-bc50-4e16-8e18-b74fc486aec3  1  0 [(0 [0xC004F014  0  0]  [(?)(?)(?)(?)(?)(?)(?)(?)])(1 )(2 )(3 )] 30: 8ab9bdd1-1f67-4997-82d9-8878520837d9  1  0 [(0 [0xC004F014  0  0]  [(?)(?)(?)(?)(?)(?)(?)(?)])(1 )(2 )(3 )] 31: 8b351c9c-f398-4515-9900-09df49427262  1  0 [(0 [0xC004F014  0  0]  [(?)(?)(?)(?)(?)(?)(?)(?)])(1 )(2 )(3 )] 32: 90da7373-1c51-430b-bf26-c97e9c5cdc31  1  0 [(0 [0xC004F014  0  0]  [(?)(?)(?)(?)(?)(?)(?)(?)])(1 )(2 )(3 )] 33: 92fb8726-92a8-4ffc-94ce-f82e07444653  1  0 [(0 [0xC004F014  0  0]  [(?)(?)(?)(?)(?)(?)(?)(?)])(1 )(2 )(3 )] 34: 95dca82f-385d-4d39-b85b-5c73fa285d6f  1  0 [(0 [0xC004F014  0  0]  [(?)(?)(?)(?)(?)(?)(?)(?)])(1 )(2 )(3 )] 35: a48938aa-62fa-4966-9d44-9f04da3f72f2  1  0 [(0 [0xC004F014  0  0]  [(?)(?)(?)(?)(?)(?)(?)(?)])(1 )(2 )(3 )] 36: b0773a15-df3a-4312-9ad2-83d69648e356  1  0 [(0 [0xC004F014  0  0]  [(?)(?)(?)(?)(?)(?)(?)(?)])(1 )(2 )(3 )] 37: b4bfe195-541e-4e64-ad23-6177f19e395e  1  0 [(0 [0xC004F014  0  0]  [(?)(?)(?)(?)(?)(?)(?)(?)])(1 )(2 )(3 )] 38: b68e61d2-68ca-4757-be45-0cc2f3e68eee  1  0 [(0 [0xC004F014  0  0]  [(?)(?)(?)(?)(?)(?)(?)(?)])(1 )(2 )(3 )] 39: bd3762d7-270d-4760-8fb3-d829ca45278a  1  0 [(0 [0xC004F014  0  0]  [(?)(?)(?)(?)(?)(?)(?)(?)])(1 )(2 )(3 )] 40: c86d5194-4840-4dae-9c1c-0301003a5ab0  1  0 [(0 [0xC004F014  0  0]  [(?)(?)(?)(?)(?)(?)(?)(?)])(1 )(2 )(3 )] 41: ca7df2e3-5ea0-47b8-9ac1-b1be4d8edd69  1  0 [(0 [0xC004F014  0  0]  [(?)(?)(?)(?)(?)(?)(?)(?)])(1 )(2 )(3 )] 42: d552befb-48cc-4327-8f39-47d2d94f987c  1  0 [(0 [0xC004F014  0  0]  [(?)(?)(?)(?)(?)(?)(?)(?)])(1 )(2 )(3 )] 43: d6eadb3b-5ca8-4a6b-986e-35b550756111  1  0 [(0 [0xC004F014  0  0]  [(?)(?)(?)(?)(?)(?)(?)(?)])(1 )(2 )(3 )] 44: df96023b-dcd9-4be2-afa0-c6c871159ebe  1  0 [(0 [0xC004F014  0  0]  [(?)(?)(?)(?)(?)(?)(?)(?)])(1 )(2 )(3 )] 45: e0c42288-980c-4788-a014-c080d2e1926e  1  0 [(0 [0xC004F014  0  0]  [(?)(?)(?)(?)(?)(?)(?)(?)])(1 )(2 )(3 )] 46: e4db50ea-bda1-4566-b047-0ca50abc6f07  1  0 [(0 [0xC004F014  0  0]  [(?)(?)(?)(?)(?)(?)(?)(?)])(1 )(2 )(3 )] 47: e558417a-5123-4f6f-91e7-385c1c7ca9d4  1  0 [(0 )(1 )(2 [0xC004E003  0  0]  [( 1 0xC004F034)( 1 0xC004F034)(?)(?)(?)(?)(?)(?)])(3 [0x00000000  0  0]  [( 6 0xC004F009 0 0)( 1 0x00000000)( 6 0xC004F009 0 0)(?)(?)(?)( 10 0x00000000 msft:rm/algorithm/flags/1.0)( 11 0x00000000 0xC004F034)])] 48: e7a950a2-e548-4f10-bf16-02ec848e0643  1  0 [(0 [0xC004F014  0  0]  [(?)(?)(?)(?)(?)(?)(?)(?)])(1 )(2 )(3 )] 49: eb6d346f-1c60-4643-b960-40ec31596c45  1  0 [(0 [0xC004F014  0  0]  [(?)(?)(?)(?)(?)(?)(?)(?)])(1 )(2 )(3 )] 50: ec868e65-fadf-4759-b23e-93fe37f2cc29  1  0 [(0 [0xC004F014  0  0]  [(?)(?)(?)(?)(?)(?)(?)(?)])(1 )(2 )(3 )] 51: ef51e000-2659-4f25-8345-3de70a9cf4c4  1  0 [(0 [0xC004F014  0  0]  [(?)(?)(?)(?)(?)(?)(?)(?)])(1 )(2 )(3 )] 52: f7af7d09-40e4-419c-a49b-eae366689ebd  1  0 [(0 [0xC004F014  0  0]  [(?)(?)(?)(?)(?)(?)(?)(?)])(1 )(2 )(3 )] 53: fa755fe6-6739-40b9-8d84-6d0ea3b6d1ab  1  0 [(0 [0xC004F014  0  0]  [(?)(?)(?)(?)(?)(?)(?)(?)])(1 )(2 )(3 )] 54: fe74f55b-0338-41d6-b267-4a201abe7285  1  0 [(0 [0xC004F014  0  0]  [(?)(?)(?)(?)(?)(?)(?)(?)])(1 )(2 )(3 )]  
08/22/2024 08:11:26,1034,Microsoft-Windows-Security-SPP,Application,Information,Duplicate definition of policy found. Policy name=Security-SPP-WriteWauMarker  Priority=500
08/22/2024 08:11:26,1034,Microsoft-Windows-Security-SPP,Application,Information,Duplicate definition of policy found. Policy name=AAD-BlockAADWorkplaceJoin-Default  Priority=100
08/22/2024 08:11:26,1034,Microsoft-Windows-Security-SPP,Application,Information,Duplicate definition of policy found. Policy name=AAD-BlockAADWorkplaceJoin-Default  Priority=100
08/22/2024 08:11:26,1034,Microsoft-Windows-Security-SPP,Application,Information,Duplicate definition of policy found. Policy name=AAD-BlockAADWorkplaceJoin-Default  Priority=100
08/22/2024 08:11:26,1034,Microsoft-Windows-Security-SPP,Application,Information,Duplicate definition of policy found. Policy name=AAD-BlockAADWorkplaceJoin-Default  Priority=100
08/22/2024 08:11:26,1034,Microsoft-Windows-Security-SPP,Application,Information,Duplicate definition of policy found. Policy name=AAD-BlockAADWorkplaceJoin-Default  Priority=100
08/22/2024 08:11:26,1034,Microsoft-Windows-Security-SPP,Application,Information,Duplicate definition of policy found. Policy name=AAD-BlockAADWorkplaceJoin-Default  Priority=100
08/22/2024 08:11:26,1034,Microsoft-Windows-Security-SPP,Application,Information,Duplicate definition of policy found. Policy name=AAD-BlockAADWorkplaceJoin-Default  Priority=100
08/22/2024 08:11:26,1034,Microsoft-Windows-Security-SPP,Application,Information,Duplicate definition of policy found. Policy name=AAD-BlockAADWorkplaceJoin-Default  Priority=100
08/22/2024 08:11:26,1034,Microsoft-Windows-Security-SPP,Application,Information,Duplicate definition of policy found. Policy name=AAD-BlockAADWorkplaceJoin-Default  Priority=100
08/22/2024 08:11:26,1034,Microsoft-Windows-Security-SPP,Application,Information,Duplicate definition of policy found. Policy name=AAD-BlockAADWorkplaceJoin-Default  Priority=100
08/22/2024 08:11:25,1004,Microsoft-Windows-Security-SPP,Application,Information,The Software Protection service has successfully installed the license.  License Title=Windows(R) ServerRdsh Product PPD License  License Id=7db3381a-b5d4-69e1-bf6e-0ff059134aa4
08/22/2024 08:11:25,1004,Microsoft-Windows-Security-SPP,Application,Information,The Software Protection service has successfully installed the license.  License Title=DefaultPpd-ServerRdsh Component PPD License  License Id=67a31cb9-8ad3-c9d5-0c45-f624281a6c6a
08/22/2024 08:11:25,1004,Microsoft-Windows-Security-SPP,Application,Information,The Software Protection service has successfully installed the license.  License Title=DefaultPpd-ProfessionalWorkstation Component PPD License  License Id=f7a67c1b-1405-bd8d-4543-076138674dff
08/22/2024 08:11:25,1004,Microsoft-Windows-Security-SPP,Application,Information,The Software Protection service has successfully installed the license.  License Title=DefaultPpd-ProfessionalSingleLanguage Component PPD License  License Id=658ee2ff-712d-2feb-d854-ee7cb0f68fa1
08/22/2024 08:11:25,1004,Microsoft-Windows-Security-SPP,Application,Information,The Software Protection service has successfully installed the license.  License Title=DefaultPpd-ProfessionalEducation Component PPD License  License Id=0840d7ac-83e1-57a4-f819-5ecfa95807c5
08/22/2024 08:11:25,1004,Microsoft-Windows-Security-SPP,Application,Information,The Software Protection service has successfully installed the license.  License Title=Windows(R) UL store License (Private)  License Id=e098dfe3-7840-450c-b5d9-7a6b57865a9d
08/22/2024 08:11:25,1004,Microsoft-Windows-Security-SPP,Application,Information,The Software Protection service has successfully installed the license.  License Title=Windows(R) UL store License (Public)  License Id=04eaeba7-95e0-48f5-a5e7-aec44b9c6b96
08/22/2024 08:11:25,1004,Microsoft-Windows-Security-SPP,Application,Information,The Software Protection service has successfully installed the license.  License Title=Windows(R) UL phone License (Private)  License Id=882370c2-74cd-41ee-be14-09f75dca60d8
08/22/2024 08:11:25,1004,Microsoft-Windows-Security-SPP,Application,Information,The Software Protection service has successfully installed the license.  License Title=Windows(R) UL phone License (Public)  License Id=2bb168e3-6da4-470e-beb7-ce59d7b7fdc5
08/22/2024 08:11:25,1004,Microsoft-Windows-Security-SPP,Application,Information,The Software Protection service has successfully installed the license.  License Title=Windows(R) UL oob License (Private)  License Id=48357b12-858f-469d-a65f-d86e08e244cb
08/22/2024 08:11:25,1004,Microsoft-Windows-Security-SPP,Application,Information,The Software Protection service has successfully installed the license.  License Title=Windows(R) UL oob License (Public)  License Id=38fb2c56-c040-4e76-b7d2-42ce8954a55f
08/22/2024 08:11:25,1004,Microsoft-Windows-Security-SPP,Application,Information,The Software Protection service has successfully installed the license.  License Title=Windows(R) Publishing License (Private)  License Id=69de26ae-c9f7-4f0c-b1c1-3d8d3fcf5312
08/22/2024 08:11:25,1004,Microsoft-Windows-Security-SPP,Application,Information,The Software Protection service has successfully installed the license.  License Title=Windows(R) Publishing License (Public)  License Id=2d692604-a1ef-47f2-a57f-a0ef03ee8f3c
08/22/2024 08:11:25,1004,Microsoft-Windows-Security-SPP,Application,Information,The Software Protection service has successfully installed the license.  License Title=Windows(R) ProfessionalCountrySpecific Product PPD License  License Id=9526e751-f3e0-055b-aa53-c71fbe9ef1e1
08/22/2024 08:11:25,1004,Microsoft-Windows-Security-SPP,Application,Information,The Software Protection service has successfully installed the license.  License Title=DefaultPpd-ProfessionalCountrySpecific Component PPD License  License Id=26c3f742-4faa-2a07-f241-cad4690f2217
08/22/2024 08:11:25,1004,Microsoft-Windows-Security-SPP,Application,Information,The Software Protection service has successfully installed the license.  License Title=DefaultPpd-Professional Component PPD License  License Id=45860a13-33c6-fe65-5493-dcbd75679908
08/22/2024 08:11:25,1004,Microsoft-Windows-Security-SPP,Application,Information,The Software Protection service has successfully installed the license.  License Title=DefaultPpd-IoTEnterprise Component PPD License  License Id=f9366c35-43d5-c5ff-dbc6-549f4601ced2
08/22/2024 08:11:25,1004,Microsoft-Windows-Security-SPP,Application,Information,The Software Protection service has successfully installed the license.  License Title=DefaultPpd-Enterprise Component PPD License  License Id=12061e43-2fc6-f7bb-e8f4-814f9b38361f
08/22/2024 08:11:25,1004,Microsoft-Windows-Security-SPP,Application,Information,The Software Protection service has successfully installed the license.  License Title=DefaultPpd-Education Component PPD License  License Id=cdc0da52-4f49-26b6-e867-2dd5cd6a9541
08/22/2024 08:11:25,1004,Microsoft-Windows-Security-SPP,Application,Information,The Software Protection service has successfully installed the license.  License Title=DefaultPpd-csvlk-pack Component PPD License  License Id=cf87d272-7158-05ce-7df4-689302c3bfd9
08/22/2024 08:11:25,1004,Microsoft-Windows-Security-SPP,Application,Information,The Software Protection service has successfully installed the license.  License Title=DefaultPpd-CloudEdition Component PPD License  License Id=7f535359-1548-f4d1-b3a9-fa2760c3febf
08/22/2024 08:11:24,1066,Microsoft-Windows-Security-SPP,Application,Information,Initialization status for service objects.  C:\Windows\system32\sppwinob.dll  msft:spp/windowsfunctionality/agent/7.0  0x00000000  0x00000000 C:\Windows\system32\sppobjs.dll  msft:rm/algorithm/inherited/1.0  0x00000000  0x00000000 C:\Windows\system32\sppobjs.dll  msft:rm/algorithm/phone/1.0  0x00000000  0x00000000 C:\Windows\system32\sppobjs.dll  msft:rm/algorithm/pkey/detect  0x00000000  0x00000000 C:\Windows\system32\sppobjs.dll  msft:spp/ActionScheduler/1.0  0x00000000  0x00000000 C:\Windows\system32\sppobjs.dll  msft:spp/TaskScheduler/1.0  0x00000000  0x00000000 C:\Windows\system32\sppobjs.dll  msft:spp/statecollector/pkey  0x00000000  0x00000000 C:\Windows\system32\sppobjs.dll  msft:spp/volume/services/kms/1.0  0x00000000  0x00000000 C:\Windows\system32\sppobjs.dll  msft:spp/volume/services/kms/activationinfo/1.0  0x00000000  0x00000000 
08/22/2024 08:11:24,16394,Microsoft-Windows-Security-SPP,Application,Information,Offline downlevel migration succeeded.
08/22/2024 08:11:24,900,Microsoft-Windows-Security-SPP,Application,Information,The Software Protection service is starting.  Parameters:TriggerStarted:6
08/22/2024 08:11:15,63,Microsoft-Windows-WMI,Application,Warning,A provider  DMWmiBridgeProv1  has been registered in the Windows Management Instrumentation namespace root\cimv2\mdm\dmmap to use the LocalSystem account. This account is privileged and the provider may cause a security violation if it does not correctly impersonate user requests.
08/22/2024 08:11:15,63,Microsoft-Windows-WMI,Application,Warning,A provider  DMWmiBridgeProv1  has been registered in the Windows Management Instrumentation namespace root\cimv2\mdm\dmmap to use the LocalSystem account. This account is privileged and the provider may cause a security violation if it does not correctly impersonate user requests.
08/22/2024 08:11:15,63,Microsoft-Windows-WMI,Application,Warning,A provider  DMWmiBridgeProv1  has been registered in the Windows Management Instrumentation namespace root\cimv2\mdm\dmmap to use the LocalSystem account. This account is privileged and the provider may cause a security violation if it does not correctly impersonate user requests.
08/22/2024 08:11:15,63,Microsoft-Windows-WMI,Application,Warning,A provider  DMWmiBridgeProv  has been registered in the Windows Management Instrumentation namespace root\cimv2\mdm\dmmap to use the LocalSystem account. This account is privileged and the provider may cause a security violation if it does not correctly impersonate user requests.
08/22/2024 08:11:15,63,Microsoft-Windows-WMI,Application,Warning,A provider  DMWmiBridgeProv  has been registered in the Windows Management Instrumentation namespace root\cimv2\mdm\dmmap to use the LocalSystem account. This account is privileged and the provider may cause a security violation if it does not correctly impersonate user requests.
08/22/2024 08:11:15,63,Microsoft-Windows-WMI,Application,Warning,A provider  DMWmiBridgeProv  has been registered in the Windows Management Instrumentation namespace root\cimv2\mdm\dmmap to use the LocalSystem account. This account is privileged and the provider may cause a security violation if it does not correctly impersonate user requests.
08/22/2024 08:11:15,5617,Microsoft-Windows-WMI,Application,Information,Windows Management Instrumentation Service subsystems initialized successfully
08/22/2024 08:10:24,86,Microsoft-Windows-CertificateServicesClient-CertEnroll,Application,Error,SCEP Certificate enrollment initialization for WORKGROUP\DESKTOP-8CIK9L4$ via https://VMW-KeyId-1c2492513d5ddafd85ddcca2e165abd218a9d7ac.microsoftaik.azure.net/templates/Aik/scep failed:    GetCACaps GetCACaps: Not Found {"Message":"The authority \"vmw-keyid-1c2492513d5ddafd85ddcca2e165abd218a9d7ac.microsoftaik.azure.net\" does not exist."} HTTP/1.1 404 Not Found Date: Wed  21 Aug 2024 22:10:24 GMT Content-Length: 121 Content-Type: application/json; charset=utf-8 X-Content-Type-Options: nosniff Strict-Transport-Security: max-age=31536000;includeSubDomains x-ms-request-id: 525cfa6b-3fe6-4db6-8457-8ead180d2586   Method: GET(344ms)  Stage: GetCACaps  Not found (404). 0x80190194 (-2145844844 HTTP_E_STATUS_NOT_FOUND)
08/22/2024 08:10:24,86,Microsoft-Windows-CertificateServicesClient-CertEnroll,Application,Error,SCEP Certificate enrollment initialization for Local system via https://VMW-KeyId-1c2492513d5ddafd85ddcca2e165abd218a9d7ac.microsoftaik.azure.net/templates/Aik/scep failed:    GetCACaps GetCACaps: Not Found {"Message":"The authority \"vmw-keyid-1c2492513d5ddafd85ddcca2e165abd218a9d7ac.microsoftaik.azure.net\" does not exist."} HTTP/1.1 404 Not Found Date: Wed  21 Aug 2024 22:10:23 GMT Content-Length: 121 Content-Type: application/json; charset=utf-8 X-Content-Type-Options: nosniff Strict-Transport-Security: max-age=31536000;includeSubDomains x-ms-request-id: 3aacdfa4-e25c-4fe4-9f23-45c39ac4350f   Method: GET(437ms)  Stage: GetCACaps  Not found (404). 0x80190194 (-2145844844 HTTP_E_STATUS_NOT_FOUND)
08/22/2024 08:10:22,1001,Windows Error Reporting,Application,Information,Fault bucket   type 0  Event Name: crashpad_log  Response: Not available  Cab Id: 0    Problem signature:  P1: MicrosoftEdgeUpdate.exe  P2: 1.3.155.85  P3: CriticalRequestError  P4: 0xa043081c  P5:   P6:   P7:   P8:   P9:   P10:     Attached files:    These files may be available here:  \\?\C:\ProgramData\Microsoft\Windows\WER\ReportQueue\NonCritical_MicrosoftEdgeUpd_251e428c2a4e49f50fd97937ba440de5018f280_00000000_8b1d186f-a4cd-4e31-ba58-309a6c61470a    Analysis symbol:   Rechecking for solution: 0  Report Id: 8b1d186f-a4cd-4e31-ba58-309a6c61470a  Report Status: 6  Hashed bucket:   Cab Guid: 0
08/22/2024 08:10:15,5615,Microsoft-Windows-WMI,Application,Information,Windows Management Instrumentation Service started sucessfully
08/22/2024 08:10:11,1531,Microsoft-Windows-User Profiles Service,Application,Information,The User Profile Service has started successfully.      
08/22/2024 08:09:54,1532,Microsoft-Windows-User Profiles Service,Application,Information,The User Profile Service has stopped.      
08/22/2024 08:09:07,0,edgeupdate,Application,Information,Service stopped.
08/22/2024 08:08:27,6000,Microsoft-Windows-Winlogon,Application,Information,The winlogon notification subscriber <SessionEnv> was unavailable to handle a notification event.
08/22/2024 08:08:27,6000,Microsoft-Windows-Winlogon,Application,Information,The winlogon notification subscriber <WSearch> was unavailable to handle a notification event.
08/22/2024 08:08:06,0,edgeupdate,Application,Information,Service stopped.
08/22/2024 08:07:06,0,edgeupdate,Application,Information,Service stopped.
08/22/2024 08:06:06,0,edgeupdate,Application,Information,Service stopped.
08/22/2024 08:05:06,0,edgeupdate,Application,Information,Service stopped.
08/22/2024 08:04:06,0,edgeupdate,Application,Information,Service stopped.
08/22/2024 08:03:06,0,edgeupdate,Application,Information,Service stopped.
08/22/2024 08:02:06,0,edgeupdate,Application,Information,Service stopped.
08/22/2024 08:01:11,0,edgeupdate,Application,Information,Service stopped.
08/22/2024 08:00:06,0,edgeupdate,Application,Information,Service stopped.
08/22/2024 07:59:06,0,edgeupdate,Application,Information,Service stopped.
08/22/2024 07:58:06,0,edgeupdate,Application,Information,Service stopped.
08/22/2024 07:57:14,0,edgeupdate,Application,Information,Service stopped.
08/22/2024 07:56:06,0,edgeupdate,Application,Information,Service stopped.
08/22/2024 07:55:53,16384,Microsoft-Windows-Security-SPP,Application,Information,Successfully scheduled Software Protection service for re-start at 2024-08-22T06:48:53Z. Reason: RulesEngine.
08/22/2024 07:55:09,16394,Microsoft-Windows-Security-SPP,Application,Information,Offline downlevel migration succeeded.
08/22/2024 07:55:08,0,edgeupdate,Application,Information,Service stopped.
08/22/2024 07:54:06,0,edgeupdate,Application,Information,Service stopped.
08/22/2024 07:53:06,0,edgeupdate,Application,Information,Service stopped.
08/22/2024 07:52:20,16384,Microsoft-Windows-Security-SPP,Application,Information,Successfully scheduled Software Protection service for re-start at 2024-08-22T06:49:19Z. Reason: RulesEngine.
08/22/2024 07:52:06,0,edgeupdate,Application,Information,Service stopped.
08/22/2024 07:52:04,0,edgeupdate,Application,Information,Service stopped.
08/22/2024 07:52:03,0,edgeupdate,Application,Information,Service stopped.
08/22/2024 07:51:39,0,edgeupdate,Application,Information,Service stopped.
08/22/2024 07:51:33,1001,Windows Error Reporting,Application,Information,Fault bucket   type 0  Event Name: crashpad_log  Response: Not available  Cab Id: 0    Problem signature:  P1: MicrosoftEdgeUpdate.exe  P2: 1.3.155.85  P3: CriticalRequestError  P4: 0xa043081c  P5:   P6:   P7:   P8:   P9:   P10:     Attached files:    These files may be available here:  \\?\C:\ProgramData\Microsoft\Windows\WER\ReportQueue\NonCritical_MicrosoftEdgeUpd_251e428c2a4e49f50fd97937ba440de5018f280_00000000_8b1d186f-a4cd-4e31-ba58-309a6c61470a    Analysis symbol:   Rechecking for solution: 0  Report Id: 8b1d186f-a4cd-4e31-ba58-309a6c61470a  Report Status: 6  Hashed bucket:   Cab Guid: 0
08/22/2024 07:51:34,16394,Microsoft-Windows-Security-SPP,Application,Information,Offline downlevel migration succeeded.
08/22/2024 07:51:16,5,Microsoft-Windows-Search-ProfileNotify,Application,Information,Windows Search Service has created default configuration for new user 'DESKTOP-8CIK9L4\Test-Lab' .  
08/22/2024 07:51:04,16384,Microsoft-Windows-Security-SPP,Application,Information,Successfully scheduled Software Protection service for re-start at 2024-08-22T06:49:04Z. Reason: RulesEngine.
08/22/2024 07:50:38,0,edgeupdate,Application,Information,Service stopped.
08/22/2024 07:50:36,15,SecurityCenter,Application,Information,Updated Windows Defender status successfully to SECURITY_PRODUCT_STATE_ON.
08/22/2024 07:50:36,16,SecurityCenter,Application,Error,Error while updating Windows Defender status to SECURITY_PRODUCT_STATE_ON.
08/22/2024 07:50:34,1,SecurityCenter,Application,Information,The Windows Security Center Service has started.
08/22/2024 07:50:34,16394,Microsoft-Windows-Security-SPP,Application,Information,Offline downlevel migration succeeded.
08/22/2024 07:50:34,900,Microsoft-Windows-Security-SPP,Application,Information,The Software Protection service is starting.  Parameters:<explicit>
08/22/2024 07:50:33,0,edgeupdate,Application,Information,Service stopped.
08/22/2024 07:50:18,903,Microsoft-Windows-Security-SPP,Application,Information,The Software Protection service has stopped.  
08/22/2024 07:50:18,16384,Microsoft-Windows-Security-SPP,Application,Information,Successfully scheduled Software Protection service for re-start at 2024-08-22T06:49:18Z. Reason: RulesEngine.
08/22/2024 07:49:38,0,edgeupdate,Application,Information,Service stopped.
08/22/2024 07:49:04,902,Microsoft-Windows-Security-SPP,Application,Information,The Software Protection service has started.  10.0.22621.2861
08/22/2024 07:49:04,1003,Microsoft-Windows-Security-SPP,Application,Information,The Software Protection service has completed licensing status check.  Application Id=55c92734-d682-4d71-983e-d6ec3f16059f  Licensing Status= 1: 040fa323-92b1-4baf-97a2-5b67feaefddb  1  0 [(0 [0xC004F014  0  0]  [(?)(?)(?)(?)(?)(?)(?)(?)])(1 )(2 )(3 )] 2: 0724cb7d-3437-4cb7-93cb-830375d0079d  1  0 [(0 [0xC004F014  0  0]  [(?)(?)(?)(?)(?)(?)(?)(?)])(1 )(2 )(3 )] 3: 0ad2ac98-7bb9-4201-8d92-312299201369  1  0 [(0 [0xC004F014  0  0]  [(?)(?)(?)(?)(?)(?)(?)(?)])(1 )(2 )(3 )] 4: 1a9a717a-cf13-4ba5-83c3-0fe25fa868d5  1  0 [(0 [0xC004F014  0  0]  [(?)(?)(?)(?)(?)(?)(?)(?)])(1 )(2 )(3 )] 5: 221a02da-e2a1-4b75-864c-0a4410a33fdf  1  0 [(0 [0xC004F014  0  0]  [(?)(?)(?)(?)(?)(?)(?)(?)])(1 )(2 )(3 )] 6: 291ece0e-9c38-40ca-a9e1-32cc7ec19507  1  0 [(0 [0xC004F014  0  0]  [(?)(?)(?)(?)(?)(?)(?)(?)])(1 )(2 )(3 )] 7: 2936d1d2-913a-4542-b54e-ce5a602a2a38  1  0 [(0 [0xC004F014  0  0]  [(?)(?)(?)(?)(?)(?)(?)(?)])(1 )(2 )(3 )] 8: 2c293c26-a45a-4a2a-a350-c69a67097529  1  0 [(0 [0xC004F014  0  0]  [(?)(?)(?)(?)(?)(?)(?)(?)])(1 )(2 )(3 )] 9: 2de67392-b7a7-462a-b1ca-108dd189f588  1  0 [(0 [0xC004F014  0  0]  [(?)(?)(?)(?)(?)(?)(?)(?)])(1 )(2 )(3 )] 10: 2ffd8952-423e-4903-b993-72a1aa44cf82  1  0 [(0 [0xC004F014  0  0]  [(?)(?)(?)(?)(?)(?)(?)(?)])(1 )(2 )(3 )] 11: 30a42c86-b7a0-4a34-8c90-ff177cb2acb7  1  0 [(0 [0xC004F014  0  0]  [(?)(?)(?)(?)(?)(?)(?)(?)])(1 )(2 )(3 )] 12: 345a5db0-d94f-4e3b-a0c0-7c42f7bc3ebf  1  0 [(0 [0xC004F014  0  0]  [(?)(?)(?)(?)(?)(?)(?)(?)])(1 )(2 )(3 )] 13: 3502365a-f88a-4ba4-822a-5769d3073b65  1  0 [(0 [0xC004F014  0  0]  [(?)(?)(?)(?)(?)(?)(?)(?)])(1 )(2 )(3 )] 14: 377333b1-8b5d-48d6-9679-1225c872d37c  1  0 [(0 [0xC004F014  0  0]  [(?)(?)(?)(?)(?)(?)(?)(?)])(1 )(2 )(3 )] 15: 3df374ef-d444-4494-a5a1-4b0d9fd0e203  1  0 [(0 [0xC004F014  0  0]  [(?)(?)(?)(?)(?)(?)(?)(?)])(1 )(2 )(3 )] 16: 3f1afc82-f8ac-4f6c-8005-1d233e606eee  1  0 [(0 [0xC004F014  0  0]  [(?)(?)(?)(?)(?)(?)(?)(?)])(1 )(2 )(3 )] 17: 49cd895b-53b2-4dc4-a5f7-b18aa019ad37  1  0 [(0 [0xC004F014  0  0]  [(?)(?)(?)(?)(?)(?)(?)(?)])(1 )(2 )(3 )] 18: 4de7cb65-cdf1-4de9-8ae8-e3cce27b9f2c  1  0 [(0 [0xC004F014  0  0]  [(?)(?)(?)(?)(?)(?)(?)(?)])(1 )(2 )(3 )] 19: 4f3da0d2-271d-4508-ae81-626b60809a38  1  0 [(0 [0xC004F014  0  0]  [(?)(?)(?)(?)(?)(?)(?)(?)])(1 )(2 )(3 )] 20: 5d78c4e9-aeb3-4b40-8ac2-6a6005e0ad6d  1  0 [(0 [0xC004F014  0  0]  [(?)(?)(?)(?)(?)(?)(?)(?)])(1 )(2 )(3 )] 21: 60b3ec1b-9545-4921-821f-311b129dd6f6  1  0 [(0 [0xC004F014  0  0]  [(?)(?)(?)(?)(?)(?)(?)(?)])(1 )(2 )(3 )] 22: 613d217f-7f13-4268-9907-1662339531cd  1  0 [(0 [0xC004F014  0  0]  [(?)(?)(?)(?)(?)(?)(?)(?)])(1 )(2 )(3 )] 23: 62f0c100-9c53-4e02-b886-a3528ddfe7f6  1  0 [(0 [0xC004F014  0  0]  [(?)(?)(?)(?)(?)(?)(?)(?)])(1 )(2 )(3 )] 24: 6365275e-368d-46ca-a0ef-fc0404119333  1  0 [(0 [0xC004F014  0  0]  [(?)(?)(?)(?)(?)(?)(?)(?)])(1 )(2 )(3 )] 25: 721f9237-9341-4453-a661-09e8baa6cca5  1  0 [(0 [0xC004F014  0  0]  [(?)(?)(?)(?)(?)(?)(?)(?)])(1 )(2 )(3 )] 26: 73111121-5638-40f6-bc11-f1d7b0d64300  1  0 [(0 [0xC004F014  0  0]  [(?)(?)(?)(?)(?)(?)(?)(?)])(1 )(2 )(3 )] 27: 7a802526-4c94-4bd1-ba14-835a1aca2120  1  0 [(0 [0xC004F014  0  0]  [(?)(?)(?)(?)(?)(?)(?)(?)])(1 )(2 )(3 )] 28: 7cb546c0-c7d5-44d8-9a5c-69ecdd782b69  1  0 [(0 [0xC004F014  0  0]  [(?)(?)(?)(?)(?)(?)(?)(?)])(1 )(2 )(3 )] 29: 82bbc092-bc50-4e16-8e18-b74fc486aec3  1  0 [(0 [0xC004F014  0  0]  [(?)(?)(?)(?)(?)(?)(?)(?)])(1 )(2 )(3 )] 30: 8ab9bdd1-1f67-4997-82d9-8878520837d9  1  0 [(0 [0xC004F014  0  0]  [(?)(?)(?)(?)(?)(?)(?)(?)])(1 )(2 )(3 )] 31: 8b351c9c-f398-4515-9900-09df49427262  1  0 [(0 [0xC004F014  0  0]  [(?)(?)(?)(?)(?)(?)(?)(?)])(1 )(2 )(3 )] 32: 90da7373-1c51-430b-bf26-c97e9c5cdc31  1  0 [(0 [0xC004F014  0  0]  [(?)(?)(?)(?)(?)(?)(?)(?)])(1 )(2 )(3 )] 33: 92fb8726-92a8-4ffc-94ce-f82e07444653  1  0 [(0 [0xC004F014  0  0]  [(?)(?)(?)(?)(?)(?)(?)(?)])(1 )(2 )(3 )] 34: 95dca82f-385d-4d39-b85b-5c73fa285d6f  1  0 [(0 [0xC004F014  0  0]  [(?)(?)(?)(?)(?)(?)(?)(?)])(1 )(2 )(3 )] 35: a48938aa-62fa-4966-9d44-9f04da3f72f2  1  0 [(0 [0xC004F014  0  0]  [(?)(?)(?)(?)(?)(?)(?)(?)])(1 )(2 )(3 )] 36: b0773a15-df3a-4312-9ad2-83d69648e356  1  0 [(0 [0xC004F014  0  0]  [(?)(?)(?)(?)(?)(?)(?)(?)])(1 )(2 )(3 )] 37: b4bfe195-541e-4e64-ad23-6177f19e395e  1  0 [(0 [0xC004F014  0  0]  [(?)(?)(?)(?)(?)(?)(?)(?)])(1 )(2 )(3 )] 38: b68e61d2-68ca-4757-be45-0cc2f3e68eee  1  0 [(0 [0xC004F014  0  0]  [(?)(?)(?)(?)(?)(?)(?)(?)])(1 )(2 )(3 )] 39: bd3762d7-270d-4760-8fb3-d829ca45278a  1  0 [(0 [0xC004F014  0  0]  [(?)(?)(?)(?)(?)(?)(?)(?)])(1 )(2 )(3 )] 40: c86d5194-4840-4dae-9c1c-0301003a5ab0  1  0 [(0 [0xC004F014  0  0]  [(?)(?)(?)(?)(?)(?)(?)(?)])(1 )(2 )(3 )] 41: ca7df2e3-5ea0-47b8-9ac1-b1be4d8edd69  1  0 [(0 [0xC004F014  0  0]  [(?)(?)(?)(?)(?)(?)(?)(?)])(1 )(2 )(3 )] 42: d552befb-48cc-4327-8f39-47d2d94f987c  1  0 [(0 [0xC004F014  0  0]  [(?)(?)(?)(?)(?)(?)(?)(?)])(1 )(2 )(3 )] 43: d6eadb3b-5ca8-4a6b-986e-35b550756111  1  0 [(0 [0xC004F014  0  0]  [(?)(?)(?)(?)(?)(?)(?)(?)])(1 )(2 )(3 )] 44: df96023b-dcd9-4be2-afa0-c6c871159ebe  1  0 [(0 [0xC004F014  0  0]  [(?)(?)(?)(?)(?)(?)(?)(?)])(1 )(2 )(3 )] 45: e0c42288-980c-4788-a014-c080d2e1926e  1  0 [(0 [0xC004F014  0  0]  [(?)(?)(?)(?)(?)(?)(?)(?)])(1 )(2 )(3 )] 46: e4db50ea-bda1-4566-b047-0ca50abc6f07  1  0 [(0 [0xC004F014  0  0]  [(?)(?)(?)(?)(?)(?)(?)(?)])(1 )(2 )(3 )] 47: e558417a-5123-4f6f-91e7-385c1c7ca9d4  1  0 [(0 )(1 )(2 [0xC004E003  0  0]  [( 1 0xC004F034)( 1 0xC004F034)(?)(?)(?)(?)(?)(?)])(3 [0x00000000  0  0]  [( 6 0xC004F009 0 0)( 1 0x00000000)( 6 0xC004F009 0 0)(?)(?)(?)( 10 0x00000000 msft:rm/algorithm/flags/1.0)( 11 0x00000000 0xC004F034)])] 48: e7a950a2-e548-4f10-bf16-02ec848e0643  1  0 [(0 [0xC004F014  0  0]  [(?)(?)(?)(?)(?)(?)(?)(?)])(1 )(2 )(3 )] 49: eb6d346f-1c60-4643-b960-40ec31596c45  1  0 [(0 [0xC004F014  0  0]  [(?)(?)(?)(?)(?)(?)(?)(?)])(1 )(2 )(3 )] 50: ec868e65-fadf-4759-b23e-93fe37f2cc29  1  0 [(0 [0xC004F014  0  0]  [(?)(?)(?)(?)(?)(?)(?)(?)])(1 )(2 )(3 )] 51: ef51e000-2659-4f25-8345-3de70a9cf4c4  1  0 [(0 [0xC004F014  0  0]  [(?)(?)(?)(?)(?)(?)(?)(?)])(1 )(2 )(3 )] 52: f7af7d09-40e4-419c-a49b-eae366689ebd  1  0 [(0 [0xC004F014  0  0]  [(?)(?)(?)(?)(?)(?)(?)(?)])(1 )(2 )(3 )] 53: fa755fe6-6739-40b9-8d84-6d0ea3b6d1ab  1  0 [(0 [0xC004F014  0  0]  [(?)(?)(?)(?)(?)(?)(?)(?)])(1 )(2 )(3 )] 54: fe74f55b-0338-41d6-b267-4a201abe7285  1  0 [(0 [0xC004F014  0  0]  [(?)(?)(?)(?)(?)(?)(?)(?)])(1 )(2 )(3 )]  
08/22/2024 07:49:03,1034,Microsoft-Windows-Security-SPP,Application,Information,Duplicate definition of policy found. Policy name=Security-SPP-WriteWauMarker  Priority=500
08/22/2024 07:49:03,1034,Microsoft-Windows-Security-SPP,Application,Information,Duplicate definition of policy found. Policy name=AAD-BlockAADWorkplaceJoin-Default  Priority=100
08/22/2024 07:49:03,1034,Microsoft-Windows-Security-SPP,Application,Information,Duplicate definition of policy found. Policy name=AAD-BlockAADWorkplaceJoin-Default  Priority=100
08/22/2024 07:49:03,1034,Microsoft-Windows-Security-SPP,Application,Information,Duplicate definition of policy found. Policy name=AAD-BlockAADWorkplaceJoin-Default  Priority=100
08/22/2024 07:49:03,1034,Microsoft-Windows-Security-SPP,Application,Information,Duplicate definition of policy found. Policy name=AAD-BlockAADWorkplaceJoin-Default  Priority=100
08/22/2024 07:49:03,1034,Microsoft-Windows-Security-SPP,Application,Information,Duplicate definition of policy found. Policy name=AAD-BlockAADWorkplaceJoin-Default  Priority=100
08/22/2024 07:49:03,1034,Microsoft-Windows-Security-SPP,Application,Information,Duplicate definition of policy found. Policy name=AAD-BlockAADWorkplaceJoin-Default  Priority=100
08/22/2024 07:49:03,1034,Microsoft-Windows-Security-SPP,Application,Information,Duplicate definition of policy found. Policy name=AAD-BlockAADWorkplaceJoin-Default  Priority=100
08/22/2024 07:49:03,1034,Microsoft-Windows-Security-SPP,Application,Information,Duplicate definition of policy found. Policy name=AAD-BlockAADWorkplaceJoin-Default  Priority=100
08/22/2024 07:49:03,1034,Microsoft-Windows-Security-SPP,Application,Information,Duplicate definition of policy found. Policy name=AAD-BlockAADWorkplaceJoin-Default  Priority=100
08/22/2024 07:49:03,1034,Microsoft-Windows-Security-SPP,Application,Information,Duplicate definition of policy found. Policy name=AAD-BlockAADWorkplaceJoin-Default  Priority=100
08/22/2024 07:49:03,1066,Microsoft-Windows-Security-SPP,Application,Information,Initialization status for service objects.  C:\Windows\system32\sppwinob.dll  msft:spp/windowsfunctionality/agent/7.0  0x00000000  0x00000000 C:\Windows\system32\sppobjs.dll  msft:rm/algorithm/inherited/1.0  0x00000000  0x00000000 C:\Windows\system32\sppobjs.dll  msft:rm/algorithm/phone/1.0  0x00000000  0x00000000 C:\Windows\system32\sppobjs.dll  msft:rm/algorithm/pkey/detect  0x00000000  0x00000000 C:\Windows\system32\sppobjs.dll  msft:spp/ActionScheduler/1.0  0x00000000  0x00000000 C:\Windows\system32\sppobjs.dll  msft:spp/TaskScheduler/1.0  0x00000000  0x00000000 C:\Windows\system32\sppobjs.dll  msft:spp/statecollector/pkey  0x00000000  0x00000000 C:\Windows\system32\sppobjs.dll  msft:spp/volume/services/kms/1.0  0x00000000  0x00000000 C:\Windows\system32\sppobjs.dll  msft:spp/volume/services/kms/activationinfo/1.0  0x00000000  0x00000000 
08/22/2024 07:49:03,16394,Microsoft-Windows-Security-SPP,Application,Information,Offline downlevel migration succeeded.
08/22/2024 07:49:03,900,Microsoft-Windows-Security-SPP,Application,Information,The Software Protection service is starting.  Parameters:TriggerStarted:6
08/22/2024 07:48:48,5617,Microsoft-Windows-WMI,Application,Information,Windows Management Instrumentation Service subsystems initialized successfully
08/22/2024 07:48:45,86,Microsoft-Windows-CertificateServicesClient-CertEnroll,Application,Error,SCEP Certificate enrollment initialization for WORKGROUP\DESKTOP-8CIK9L4$ via https://VMW-KeyId-1c2492513d5ddafd85ddcca2e165abd218a9d7ac.microsoftaik.azure.net/templates/Aik/scep failed:    GetCACaps GetCACaps: Not Found {"Message":"The authority \"vmw-keyid-1c2492513d5ddafd85ddcca2e165abd218a9d7ac.microsoftaik.azure.net\" does not exist."} HTTP/1.1 404 Not Found Date: Wed  21 Aug 2024 21:48:46 GMT Content-Length: 121 Content-Type: application/json; charset=utf-8 X-Content-Type-Options: nosniff Strict-Transport-Security: max-age=31536000;includeSubDomains x-ms-request-id: c49fc88d-b477-488e-b753-d33a0a6c530a   Method: GET(375ms)  Stage: GetCACaps  Not found (404). 0x80190194 (-2145844844 HTTP_E_STATUS_NOT_FOUND)
08/22/2024 07:48:44,86,Microsoft-Windows-CertificateServicesClient-CertEnroll,Application,Error,SCEP Certificate enrollment initialization for Local system via https://VMW-KeyId-1c2492513d5ddafd85ddcca2e165abd218a9d7ac.microsoftaik.azure.net/templates/Aik/scep failed:    GetCACaps GetCACaps: Not Found {"Message":"The authority \"vmw-keyid-1c2492513d5ddafd85ddcca2e165abd218a9d7ac.microsoftaik.azure.net\" does not exist."} HTTP/1.1 404 Not Found Date: Wed  21 Aug 2024 21:48:44 GMT Content-Length: 121 Content-Type: application/json; charset=utf-8 X-Content-Type-Options: nosniff Strict-Transport-Security: max-age=31536000;includeSubDomains x-ms-request-id: d1e56b74-e14c-43df-a68e-dc8fba03d345   Method: GET(1047ms)  Stage: GetCACaps  Not found (404). 0x80190194 (-2145844844 HTTP_E_STATUS_NOT_FOUND)
