08/22/2024 07:48:43,1003,Microsoft-Windows-Search,Application,Information,The Windows Search Service started. 
08/22/2024 07:48:42,1001,Windows Error Reporting,Application,Information,Fault bucket   type 0  Event Name: crashpad_log  Response: Not available  Cab Id: 0    Problem signature:  P1: MicrosoftEdgeUpdate.exe  P2: 1.3.155.85  P3: CriticalRequestError  P4: 0xa043081c  P5:   P6:   P7:   P8:   P9:   P10:     Attached files:    These files may be available here:  \\?\C:\ProgramData\Microsoft\Windows\WER\ReportQueue\NonCritical_MicrosoftEdgeUpd_251e428c2a4e49f50fd97937ba440de5018f280_00000000_8b1d186f-a4cd-4e31-ba58-309a6c61470a    Analysis symbol:   Rechecking for solution: 0  Report Id: 8b1d186f-a4cd-4e31-ba58-309a6c61470a  Report Status: 6  Hashed bucket:   Cab Guid: 0
08/22/2024 07:48:41,0,edgeupdate,Application,Information,Service stopped.
08/22/2024 07:48:34,6000,Microsoft-Windows-Winlogon,Application,Information,The winlogon notification subscriber <SessionEnv> was unavailable to handle a notification event.
08/22/2024 07:48:34,6003,Microsoft-Windows-Winlogon,Application,Information,The winlogon notification subscriber <SessionEnv> was unavailable to handle a critical notification event.
08/22/2024 07:48:33,5615,Microsoft-Windows-WMI,Application,Information,Windows Management Instrumentation Service started sucessfully
08/22/2024 07:48:32,1531,Microsoft-Windows-User Profiles Service,Application,Information,The User Profile Service has started successfully.      
08/22/2024 07:48:10,1532,Microsoft-Windows-User Profiles Service,Application,Information,The User Profile Service has stopped.      
08/22/2024 07:48:32,4625,Microsoft-Windows-EventSystem,Application,Information,The EventSystem sub system is suppressing duplicate event log entries for a duration of 86400 seconds.  The suppression timeout can be controlled by a REG_DWORD value named SuppressDuplicateDuration under the following registry key: HKLM\Software\Microsoft\EventSystem\EventLog.
08/22/2024 07:48:09,10001,Microsoft-Windows-RestartManager,Application,Information,Ending session 0 started ‎2024‎-‎08‎-‎21T21:48:09.399731100Z.
08/22/2024 07:48:09,10000,Microsoft-Windows-RestartManager,Application,Information,Starting session 0 - ‎2024‎-‎08‎-‎21T21:48:09.399731100Z.
08/22/2024 07:48:08,4113,Microsoft-Windows-CAPI2,Application,Information,Successful auto-update of pin rules with effective date: ‎Thursday  ‎1 ‎June ‎2017 12:28:59 AM.
08/22/2024 07:48:07,6000,Microsoft-Windows-Winlogon,Application,Information,The winlogon notification subscriber <SessionEnv> was unavailable to handle a notification event.
08/22/2024 07:48:07,6000,Microsoft-Windows-Winlogon,Application,Information,The winlogon notification subscriber <WSearch> was unavailable to handle a notification event.
08/22/2024 07:47:55,0,edgeupdate,Application,Information,Service stopped.
08/22/2024 07:47:51,10001,Microsoft-Windows-RestartManager,Application,Information,Ending session 0 started ‎2024‎-‎08‎-‎21T21:47:51.000221100Z.
08/22/2024 07:47:51,10005,Microsoft-Windows-RestartManager,Application,Information,Machine restart is required.
08/22/2024 07:47:51,10010,Microsoft-Windows-RestartManager,Application,Warning,Application 'C:\Windows\System32\RuntimeBroker.exe' (pid 6412) cannot be restarted - Application SID does not match Conductor SID..
08/22/2024 07:47:51,10010,Microsoft-Windows-RestartManager,Application,Warning,Application 'C:\Windows\System32\WWAHost.exe' (pid 6232) cannot be restarted - Application SID does not match Conductor SID..
08/22/2024 07:47:51,10010,Microsoft-Windows-RestartManager,Application,Warning,Application 'C:\Windows\explorer.exe' (pid 1208) cannot be restarted - Application SID does not match Conductor SID..
08/22/2024 07:47:51,10000,Microsoft-Windows-RestartManager,Application,Information,Starting session 0 - ‎2024‎-‎08‎-‎21T21:47:51.000221100Z.
08/22/2024 07:47:43,4097,Microsoft-Windows-CAPI2,Application,Information,Successful auto update of third-party root certificate:: Subject: <CN=DigiCert Trusted Root G4  OU=www.digicert.com  O=DigiCert Inc  C=US> Sha1 thumbprint: <DDFB16CD4931C973A2037D3FC83A4D7D775D05E4>.
08/22/2024 07:47:41,8195,System Restore,Application,Information,System Restore has been disabled (Process = C:\Windows\winsxs\amd64_microsoft-windows-servicingstack_31bf3856ad364e35_10.0.22621.2567_none_e93fb1d442e4b410\TiWorker.exe -Embedding; Volume = ).
08/22/2024 07:47:17,4111,Microsoft-Windows-CAPI2,Application,Information,Successful automatic update of third-party root list with effective date: ‎Tuesday  ‎14 ‎May ‎2024 5:23:18 PM.
08/22/2024 07:47:17,4108,Microsoft-Windows-CAPI2,Application,Information,Successful auto delete of third-party root certificate:: Subject: <OU=Class 3 Public Primary Certification Authority  O="VeriSign  Inc."  C=US> Sha1 thumbprint: <4F65566336DB6598581D584A596C87934D5F2AB4>.
08/22/2024 07:47:17,4109,Microsoft-Windows-CAPI2,Application,Information,Successful auto property update of third-party root certificate:: Subject: <OU=Class 3 Public Primary Certification Authority  O="VeriSign  Inc."  C=US> Sha1 thumbprint: <742C3192E607E424EB4549542BE1BBC53E6174E2>.
08/22/2024 07:47:16,4097,Microsoft-Windows-CAPI2,Application,Information,Successful auto update of third-party root certificate:: Subject: <CN=DigiCert Global Root G3  OU=www.digicert.com  O=DigiCert Inc  C=US> Sha1 thumbprint: <7E04DE896A3E666D00E687D33FFAD93BE83D349E>.
08/22/2024 07:46:51,1001,Windows Error Reporting,Application,Information,Fault bucket   type 0  Event Name: crashpad_log  Response: Not available  Cab Id: 0    Problem signature:  P1: MicrosoftEdgeUpdate.exe  P2: 1.3.155.85  P3: CriticalRequestError  P4: 0xa043081c  P5:   P6:   P7:   P8:   P9:   P10:     Attached files:    These files may be available here:  \\?\C:\ProgramData\Microsoft\Windows\WER\ReportQueue\NonCritical_MicrosoftEdgeUpd_251e428c2a4e49f50fd97937ba440de5018f280_00000000_8b1d186f-a4cd-4e31-ba58-309a6c61470a    Analysis symbol:   Rechecking for solution: 0  Report Id: 8b1d186f-a4cd-4e31-ba58-309a6c61470a  Report Status: 6  Hashed bucket:   Cab Guid: 0
08/22/2024 07:46:51,0,edgeupdate,Application,Information,Service stopped.
08/22/2024 07:46:50,1001,Windows Error Reporting,Application,Information,Fault bucket   type 0  Event Name: crashpad_log  Response: Not available  Cab Id: 0    Problem signature:  P1: MicrosoftEdgeUpdate.exe  P2: 1.3.155.85  P3: CriticalRequestError  P4: 0xa043081c  P5:   P6:   P7:   P8:   P9:   P10:     Attached files:  \\?\C:\ProgramData\Microsoft\EdgeUpdate\Log\MicrosoftEdgeUpdate.log  \\?\C:\Windows\Temp\msedge_installer.log    These files may be available here:  NULL    Analysis symbol:   Rechecking for solution: 0  Report Id: 8b1d186f-a4cd-4e31-ba58-309a6c61470a  Report Status: 262148  Hashed bucket:   Cab Guid: 0
08/22/2024 07:46:50,1001,Windows Error Reporting,Application,Information,Fault bucket   type 0  Event Name: crashpad_log  Response: Not available  Cab Id: 0    Problem signature:  P1: MicrosoftEdgeUpdate.exe  P2: 1.3.155.85  P3: CriticalRequestError  P4: 0xa043081c  P5:   P6:   P7:   P8:   P9:   P10:     Attached files:    These files may be available here:  \\?\C:\ProgramData\Microsoft\Windows\WER\ReportQueue\NonCritical_MicrosoftEdgeUpd_251e428c2a4e49f50fd97937ba440de5018f280_00000000_8b1d186f-a4cd-4e31-ba58-309a6c61470a    Analysis symbol:   Rechecking for solution: 0  Report Id: 8b1d186f-a4cd-4e31-ba58-309a6c61470a  Report Status: 6  Hashed bucket:   Cab Guid: 0
08/22/2024 07:46:47,0,edgeupdate,Application,Information,Service stopped.
08/22/2024 07:46:43,4097,Microsoft-Windows-CAPI2,Application,Information,Successful auto update of third-party root certificate:: Subject: <CN=DigiCert Global Root G2  OU=www.digicert.com  O=DigiCert Inc  C=US> Sha1 thumbprint: <DF3C24F9BFD666761B268073FE06D1CC8D4F82A4>.
08/22/2024 07:46:29,4112,Microsoft-Windows-CAPI2,Application,Information,Successful automatic update of disallowed certificate list with effective date: ‎Monday  ‎18 ‎September ‎2023 9:01:08 PM.
08/22/2024 07:46:29,6000,Microsoft-Windows-Winlogon,Application,Information,The winlogon notification subscriber <SessionEnv> was unavailable to handle a notification event.
08/22/2024 07:46:28,5617,Microsoft-Windows-WMI,Application,Information,Windows Management Instrumentation Service subsystems initialized successfully
08/22/2024 07:46:29,6003,Microsoft-Windows-Winlogon,Application,Information,The winlogon notification subscriber <SessionEnv> was unavailable to handle a critical notification event.
08/22/2024 07:46:25,86,Microsoft-Windows-CertificateServicesClient-CertEnroll,Application,Error,SCEP Certificate enrollment initialization for WORKGROUP\WIN-NMAT3LAS020$ via https://VMW-KeyId-1c2492513d5ddafd85ddcca2e165abd218a9d7ac.microsoftaik.azure.net/templates/Aik/scep failed:    GetCACaps GetCACaps: Not Found {"Message":"The authority \"vmw-keyid-1c2492513d5ddafd85ddcca2e165abd218a9d7ac.microsoftaik.azure.net\" does not exist."} HTTP/1.1 404 Not Found Date: Wed  21 Aug 2024 21:46:24 GMT Content-Length: 121 Content-Type: application/json; charset=utf-8 X-Content-Type-Options: nosniff Strict-Transport-Security: max-age=31536000;includeSubDomains x-ms-request-id: 36c20d89-30e6-4f62-8fbf-01977782c90b   Method: GET(344ms)  Stage: GetCACaps  Not found (404). 0x80190194 (-2145844844 HTTP_E_STATUS_NOT_FOUND)
08/22/2024 16:46:24,86,Microsoft-Windows-CertificateServicesClient-CertEnroll,Application,Error,SCEP Certificate enrollment initialization for Local system via https://VMW-KeyId-1c2492513d5ddafd85ddcca2e165abd218a9d7ac.microsoftaik.azure.net/templates/Aik/scep failed:    GetCACaps GetCACaps: Not Found {"Message":"The authority \"vmw-keyid-1c2492513d5ddafd85ddcca2e165abd218a9d7ac.microsoftaik.azure.net\" does not exist."} HTTP/1.1 404 Not Found Date: Wed  21 Aug 2024 21:46:24 GMT Content-Length: 121 Content-Type: application/json; charset=utf-8 X-Content-Type-Options: nosniff Strict-Transport-Security: max-age=31536000;includeSubDomains x-ms-request-id: a0698c2b-c962-4ed5-b2ad-c41c2dc9ca50   Method: GET(906ms)  Stage: GetCACaps  Not found (404). 0x80190194 (-2145844844 HTTP_E_STATUS_NOT_FOUND)
08/22/2024 16:46:23,1003,Microsoft-Windows-Search,Application,Information,The Windows Search Service started. 
08/22/2024 16:46:23,1005,Microsoft-Windows-Search,Application,Information,The Windows Search Service has successfully created the new search index.  
08/22/2024 16:46:23,1004,Microsoft-Windows-Search,Application,Information,The Windows Search service is creating the new search index {Reason: Full Index Reset}.  
08/22/2024 16:46:23,1010,Microsoft-Windows-Search,Application,Information,The Windows Search Service has successfully removed the old search index.  
08/22/2024 16:46:23,1008,Microsoft-Windows-Search,Application,Warning,The Windows Search Service is starting up and attempting to remove the old search index {Reason: Full Index Reset}.  
08/22/2024 16:46:22,5,Microsoft-Windows-Search-ProfileNotify,Application,Information,Windows Search Service has created default configuration for new user 'DESKTOP-8CIK9L4\defaultuser0' .  
08/22/2024 16:46:20,5615,Microsoft-Windows-WMI,Application,Information,Windows Management Instrumentation Service started sucessfully
08/22/2024 16:46:18,1531,Microsoft-Windows-User Profiles Service,Application,Information,The User Profile Service has started successfully.      
08/22/2024 16:46:19,4625,Microsoft-Windows-EventSystem,Application,Information,The EventSystem sub system is suppressing duplicate event log entries for a duration of 86400 seconds.  The suppression timeout can be controlled by a REG_DWORD value named SuppressDuplicateDuration under the following registry key: HKLM\Software\Microsoft\EventSystem\EventLog.
08/22/2024 16:45:52,1532,Microsoft-Windows-User Profiles Service,Application,Information,The User Profile Service has stopped.      
08/22/2024 16:45:52,86,Microsoft-Windows-CertificateServicesClient-CertEnroll,Application,Error,SCEP Certificate enrollment initialization for Local system via https://VMW-KeyId-1c2492513d5ddafd85ddcca2e165abd218a9d7ac.microsoftaik.azure.net/templates/Aik/scep failed:    GetCACaps GetCACaps: Not Found {"Message":"The authority \"vmw-keyid-1c2492513d5ddafd85ddcca2e165abd218a9d7ac.microsoftaik.azure.net\" does not exist."} HTTP/1.1 404 Not Found Date: Wed  21 Aug 2024 21:45:53 GMT Content-Length: 121 Content-Type: application/json; charset=utf-8 X-Content-Type-Options: nosniff Strict-Transport-Security: max-age=31536000;includeSubDomains x-ms-request-id: a54e5eb1-dd33-4f30-83ad-57de04139fa5   Method: GET(485ms)  Stage: GetCACaps  Not found (404). 0x80190194 (-2145844844 HTTP_E_STATUS_NOT_FOUND)
08/22/2024 16:45:52,4097,Microsoft-Windows-CAPI2,Application,Information,Successful auto update of third-party root certificate:: Subject: <CN=DigiCert Global Root CA  OU=www.digicert.com  O=DigiCert Inc  C=US> Sha1 thumbprint: <A8985D3A65E5E5C4B2D7D66D40C6DD2FB19C5436>.
08/22/2024 16:45:41,258,Microsoft-Windows-Defrag,Application,Information,The storage optimiser successfully completed shrink on (C:)
08/22/2024 16:44:35,86,Microsoft-Windows-CertificateServicesClient-CertEnroll,Application,Error,SCEP Certificate enrollment initialization for \MINWINPC$ via https://VMW-KeyId-1c2492513d5ddafd85ddcca2e165abd218a9d7ac.microsoftaik.azure.net/templates/Aik/scep failed:    GetCACaps   Method: GET(0ms)  Stage: GetCACaps  The server name or address could not be resolved 0x80072ee7 (WinHttp: 12007 ERROR_WINHTTP_NAME_NOT_RESOLVED)
08/22/2024 16:44:34,86,Microsoft-Windows-CertificateServicesClient-CertEnroll,Application,Error,SCEP Certificate enrollment initialization for Local system via https://VMW-KeyId-1c2492513d5ddafd85ddcca2e165abd218a9d7ac.microsoftaik.azure.net/templates/Aik/scep failed:    GetCACaps   Method: GET(563ms)  Stage: GetCACaps  The server name or address could not be resolved 0x80072ee7 (WinHttp: 12007 ERROR_WINHTTP_NAME_NOT_RESOLVED)
08/22/2024 16:44:31,0,edgeupdate,Application,Information,Service stopped.
08/22/2024 16:44:31,902,Microsoft-Windows-Security-SPP,Application,Information,The Software Protection service has started.  10.0.22621.2861
08/22/2024 16:44:31,1003,Microsoft-Windows-Security-SPP,Application,Information,The Software Protection service has completed licensing status check.  Application Id=55c92734-d682-4d71-983e-d6ec3f16059f  Licensing Status= 1: 040fa323-92b1-4baf-97a2-5b67feaefddb  1  0 [(0 [0xC004F014  0  0]  [(?)(?)(?)(?)(?)(?)(?)(?)])(1 )(2 )(3 )] 2: 0724cb7d-3437-4cb7-93cb-830375d0079d  1  0 [(0 [0xC004F014  0  0]  [(?)(?)(?)(?)(?)(?)(?)(?)])(1 )(2 )(3 )] 3: 0ad2ac98-7bb9-4201-8d92-312299201369  1  0 [(0 [0xC004F014  0  0]  [(?)(?)(?)(?)(?)(?)(?)(?)])(1 )(2 )(3 )] 4: 1a9a717a-cf13-4ba5-83c3-0fe25fa868d5  1  0 [(0 [0xC004F014  0  0]  [(?)(?)(?)(?)(?)(?)(?)(?)])(1 )(2 )(3 )] 5: 221a02da-e2a1-4b75-864c-0a4410a33fdf  1  0 [(0 [0xC004F014  0  0]  [(?)(?)(?)(?)(?)(?)(?)(?)])(1 )(2 )(3 )] 6: 291ece0e-9c38-40ca-a9e1-32cc7ec19507  1  0 [(0 [0xC004F014  0  0]  [(?)(?)(?)(?)(?)(?)(?)(?)])(1 )(2 )(3 )] 7: 2936d1d2-913a-4542-b54e-ce5a602a2a38  1  0 [(0 [0xC004F014  0  0]  [(?)(?)(?)(?)(?)(?)(?)(?)])(1 )(2 )(3 )] 8: 2c293c26-a45a-4a2a-a350-c69a67097529  1  0 [(0 [0xC004F014  0  0]  [(?)(?)(?)(?)(?)(?)(?)(?)])(1 )(2 )(3 )] 9: 2de67392-b7a7-462a-b1ca-108dd189f588  1  0 [(0 [0xC004F014  0  0]  [(?)(?)(?)(?)(?)(?)(?)(?)])(1 )(2 )(3 )] 10: 2ffd8952-423e-4903-b993-72a1aa44cf82  1  0 [(0 [0xC004F014  0  0]  [(?)(?)(?)(?)(?)(?)(?)(?)])(1 )(2 )(3 )] 11: 30a42c86-b7a0-4a34-8c90-ff177cb2acb7  1  0 [(0 [0xC004F014  0  0]  [(?)(?)(?)(?)(?)(?)(?)(?)])(1 )(2 )(3 )] 12: 345a5db0-d94f-4e3b-a0c0-7c42f7bc3ebf  1  0 [(0 [0xC004F014  0  0]  [(?)(?)(?)(?)(?)(?)(?)(?)])(1 )(2 )(3 )] 13: 3502365a-f88a-4ba4-822a-5769d3073b65  1  0 [(0 [0xC004F014  0  0]  [(?)(?)(?)(?)(?)(?)(?)(?)])(1 )(2 )(3 )] 14: 377333b1-8b5d-48d6-9679-1225c872d37c  1  0 [(0 [0xC004F014  0  0]  [(?)(?)(?)(?)(?)(?)(?)(?)])(1 )(2 )(3 )] 15: 3df374ef-d444-4494-a5a1-4b0d9fd0e203  1  0 [(0 [0xC004F014  0  0]  [(?)(?)(?)(?)(?)(?)(?)(?)])(1 )(2 )(3 )] 16: 3f1afc82-f8ac-4f6c-8005-1d233e606eee  1  0 [(0 [0xC004F014  0  0]  [(?)(?)(?)(?)(?)(?)(?)(?)])(1 )(2 )(3 )] 17: 49cd895b-53b2-4dc4-a5f7-b18aa019ad37  1  0 [(0 [0xC004F014  0  0]  [(?)(?)(?)(?)(?)(?)(?)(?)])(1 )(2 )(3 )] 18: 4de7cb65-cdf1-4de9-8ae8-e3cce27b9f2c  1  0 [(0 [0xC004F014  0  0]  [(?)(?)(?)(?)(?)(?)(?)(?)])(1 )(2 )(3 )] 19: 4f3da0d2-271d-4508-ae81-626b60809a38  1  0 [(0 [0xC004F014  0  0]  [(?)(?)(?)(?)(?)(?)(?)(?)])(1 )(2 )(3 )] 20: 5d78c4e9-aeb3-4b40-8ac2-6a6005e0ad6d  1  0 [(0 [0xC004F014  0  0]  [(?)(?)(?)(?)(?)(?)(?)(?)])(1 )(2 )(3 )] 21: 60b3ec1b-9545-4921-821f-311b129dd6f6  1  0 [(0 [0xC004F014  0  0]  [(?)(?)(?)(?)(?)(?)(?)(?)])(1 )(2 )(3 )] 22: 613d217f-7f13-4268-9907-1662339531cd  1  0 [(0 [0xC004F014  0  0]  [(?)(?)(?)(?)(?)(?)(?)(?)])(1 )(2 )(3 )] 23: 62f0c100-9c53-4e02-b886-a3528ddfe7f6  1  0 [(0 [0xC004F014  0  0]  [(?)(?)(?)(?)(?)(?)(?)(?)])(1 )(2 )(3 )] 24: 6365275e-368d-46ca-a0ef-fc0404119333  1  0 [(0 [0xC004F014  0  0]  [(?)(?)(?)(?)(?)(?)(?)(?)])(1 )(2 )(3 )] 25: 721f9237-9341-4453-a661-09e8baa6cca5  1  0 [(0 [0xC004F014  0  0]  [(?)(?)(?)(?)(?)(?)(?)(?)])(1 )(2 )(3 )] 26: 73111121-5638-40f6-bc11-f1d7b0d64300  1  0 [(0 [0xC004F014  0  0]  [(?)(?)(?)(?)(?)(?)(?)(?)])(1 )(2 )(3 )] 27: 7a802526-4c94-4bd1-ba14-835a1aca2120  1  0 [(0 [0xC004F014  0  0]  [(?)(?)(?)(?)(?)(?)(?)(?)])(1 )(2 )(3 )] 28: 7cb546c0-c7d5-44d8-9a5c-69ecdd782b69  1  0 [(0 [0xC004F014  0  0]  [(?)(?)(?)(?)(?)(?)(?)(?)])(1 )(2 )(3 )] 29: 82bbc092-bc50-4e16-8e18-b74fc486aec3  1  0 [(0 [0xC004F014  0  0]  [(?)(?)(?)(?)(?)(?)(?)(?)])(1 )(2 )(3 )] 30: 8ab9bdd1-1f67-4997-82d9-8878520837d9  1  0 [(0 [0xC004F014  0  0]  [(?)(?)(?)(?)(?)(?)(?)(?)])(1 )(2 )(3 )] 31: 8b351c9c-f398-4515-9900-09df49427262  1  0 [(0 [0xC004F014  0  0]  [(?)(?)(?)(?)(?)(?)(?)(?)])(1 )(2 )(3 )] 32: 90da7373-1c51-430b-bf26-c97e9c5cdc31  1  0 [(0 [0xC004F014  0  0]  [(?)(?)(?)(?)(?)(?)(?)(?)])(1 )(2 )(3 )] 33: 92fb8726-92a8-4ffc-94ce-f82e07444653  1  0 [(0 [0xC004F014  0  0]  [(?)(?)(?)(?)(?)(?)(?)(?)])(1 )(2 )(3 )] 34: 95dca82f-385d-4d39-b85b-5c73fa285d6f  1  0 [(0 [0xC004F014  0  0]  [(?)(?)(?)(?)(?)(?)(?)(?)])(1 )(2 )(3 )] 35: a48938aa-62fa-4966-9d44-9f04da3f72f2  1  0 [(0 [0xC004F014  0  0]  [(?)(?)(?)(?)(?)(?)(?)(?)])(1 )(2 )(3 )] 36: b0773a15-df3a-4312-9ad2-83d69648e356  1  0 [(0 [0xC004F014  0  0]  [(?)(?)(?)(?)(?)(?)(?)(?)])(1 )(2 )(3 )] 37: b4bfe195-541e-4e64-ad23-6177f19e395e  1  0 [(0 [0xC004F014  0  0]  [(?)(?)(?)(?)(?)(?)(?)(?)])(1 )(2 )(3 )] 38: b68e61d2-68ca-4757-be45-0cc2f3e68eee  1  0 [(0 [0xC004F014  0  0]  [(?)(?)(?)(?)(?)(?)(?)(?)])(1 )(2 )(3 )] 39: bd3762d7-270d-4760-8fb3-d829ca45278a  1  0 [(0 [0xC004F014  0  0]  [(?)(?)(?)(?)(?)(?)(?)(?)])(1 )(2 )(3 )] 40: c86d5194-4840-4dae-9c1c-0301003a5ab0  1  0 [(0 [0xC004F014  0  0]  [(?)(?)(?)(?)(?)(?)(?)(?)])(1 )(2 )(3 )] 41: ca7df2e3-5ea0-47b8-9ac1-b1be4d8edd69  1  0 [(0 [0xC004F014  0  0]  [(?)(?)(?)(?)(?)(?)(?)(?)])(1 )(2 )(3 )] 42: d552befb-48cc-4327-8f39-47d2d94f987c  1  0 [(0 [0xC004F014  0  0]  [(?)(?)(?)(?)(?)(?)(?)(?)])(1 )(2 )(3 )] 43: d6eadb3b-5ca8-4a6b-986e-35b550756111  1  0 [(0 [0xC004F014  0  0]  [(?)(?)(?)(?)(?)(?)(?)(?)])(1 )(2 )(3 )] 44: df96023b-dcd9-4be2-afa0-c6c871159ebe  1  0 [(0 [0xC004F014  0  0]  [(?)(?)(?)(?)(?)(?)(?)(?)])(1 )(2 )(3 )] 45: e0c42288-980c-4788-a014-c080d2e1926e  1  0 [(0 [0xC004F014  0  0]  [(?)(?)(?)(?)(?)(?)(?)(?)])(1 )(2 )(3 )] 46: e4db50ea-bda1-4566-b047-0ca50abc6f07  1  0 [(0 [0xC004F014  0  0]  [(?)(?)(?)(?)(?)(?)(?)(?)])(1 )(2 )(3 )] 47: e558417a-5123-4f6f-91e7-385c1c7ca9d4  1  0 [(0 )(1 )(2 [0xC004E003  0  0]  [( 1 0xC004F034)( 1 0xC004F034)(?)(?)(?)(?)(?)(?)])(3 [0x00000000  0  0]  [( 6 0xC004F009 0 0)( 1 0x00000000)( 6 0xC004F009 0 0)(?)(?)(?)( 10 0x00000000 msft:rm/algorithm/flags/1.0)( 11 0x00000000 0xC004F034)])] 48: e7a950a2-e548-4f10-bf16-02ec848e0643  1  0 [(0 [0xC004F014  0  0]  [(?)(?)(?)(?)(?)(?)(?)(?)])(1 )(2 )(3 )] 49: eb6d346f-1c60-4643-b960-40ec31596c45  1  0 [(0 [0xC004F014  0  0]  [(?)(?)(?)(?)(?)(?)(?)(?)])(1 )(2 )(3 )] 50: ec868e65-fadf-4759-b23e-93fe37f2cc29  1  0 [(0 [0xC004F014  0  0]  [(?)(?)(?)(?)(?)(?)(?)(?)])(1 )(2 )(3 )] 51: ef51e000-2659-4f25-8345-3de70a9cf4c4  1  0 [(0 [0xC004F014  0  0]  [(?)(?)(?)(?)(?)(?)(?)(?)])(1 )(2 )(3 )] 52: f7af7d09-40e4-419c-a49b-eae366689ebd  1  0 [(0 [0xC004F014  0  0]  [(?)(?)(?)(?)(?)(?)(?)(?)])(1 )(2 )(3 )] 53: fa755fe6-6739-40b9-8d84-6d0ea3b6d1ab  1  0 [(0 [0xC004F014  0  0]  [(?)(?)(?)(?)(?)(?)(?)(?)])(1 )(2 )(3 )] 54: fe74f55b-0338-41d6-b267-4a201abe7285  1  0 [(0 [0xC004F014  0  0]  [(?)(?)(?)(?)(?)(?)(?)(?)])(1 )(2 )(3 )]  
08/22/2024 16:44:31,1034,Microsoft-Windows-Security-SPP,Application,Information,Duplicate definition of policy found. Policy name=Security-SPP-WriteWauMarker  Priority=500
08/22/2024 16:44:31,1034,Microsoft-Windows-Security-SPP,Application,Information,Duplicate definition of policy found. Policy name=AAD-BlockAADWorkplaceJoin-Default  Priority=100
08/22/2024 16:44:31,1034,Microsoft-Windows-Security-SPP,Application,Information,Duplicate definition of policy found. Policy name=AAD-BlockAADWorkplaceJoin-Default  Priority=100
08/22/2024 16:44:31,1034,Microsoft-Windows-Security-SPP,Application,Information,Duplicate definition of policy found. Policy name=AAD-BlockAADWorkplaceJoin-Default  Priority=100
08/22/2024 16:44:31,1034,Microsoft-Windows-Security-SPP,Application,Information,Duplicate definition of policy found. Policy name=AAD-BlockAADWorkplaceJoin-Default  Priority=100
08/22/2024 16:44:31,1034,Microsoft-Windows-Security-SPP,Application,Information,Duplicate definition of policy found. Policy name=AAD-BlockAADWorkplaceJoin-Default  Priority=100
08/22/2024 16:44:31,1034,Microsoft-Windows-Security-SPP,Application,Information,Duplicate definition of policy found. Policy name=AAD-BlockAADWorkplaceJoin-Default  Priority=100
08/22/2024 16:44:31,1034,Microsoft-Windows-Security-SPP,Application,Information,Duplicate definition of policy found. Policy name=AAD-BlockAADWorkplaceJoin-Default  Priority=100
08/22/2024 16:44:31,1034,Microsoft-Windows-Security-SPP,Application,Information,Duplicate definition of policy found. Policy name=AAD-BlockAADWorkplaceJoin-Default  Priority=100
08/22/2024 16:44:31,1034,Microsoft-Windows-Security-SPP,Application,Information,Duplicate definition of policy found. Policy name=AAD-BlockAADWorkplaceJoin-Default  Priority=100
08/22/2024 16:44:31,1034,Microsoft-Windows-Security-SPP,Application,Information,Duplicate definition of policy found. Policy name=AAD-BlockAADWorkplaceJoin-Default  Priority=100
08/22/2024 16:44:30,1016,Microsoft-Windows-Security-SPP,Application,Information,Proof of Purchase installed successfully.   ACID=e558417a-5123-4f6f-91e7-385c1c7ca9d4  PKeyId=0e8f5d1e-23d0-2169-ae28-2e1ad32e824c
08/22/2024 16:44:30,1004,Microsoft-Windows-Security-SPP,Application,Information,The Software Protection service has successfully installed the license.  License Title=Windows(R) UL store License (Private)  License Id=daa36912-c08d-4abf-b160-7d7dbcc90e33
08/22/2024 16:44:30,1004,Microsoft-Windows-Security-SPP,Application,Information,The Software Protection service has successfully installed the license.  License Title=Windows(R) UL store License (Public)  License Id=28d91481-4ee4-41c0-b2a8-6beb6430f569
08/22/2024 16:44:30,1004,Microsoft-Windows-Security-SPP,Application,Information,The Software Protection service has successfully installed the license.  License Title=Windows(R) UL phone License (Private)  License Id=e158bf47-ed5f-4fce-91ab-a087127dd59b
08/22/2024 16:44:30,1004,Microsoft-Windows-Security-SPP,Application,Information,The Software Protection service has successfully installed the license.  License Title=Windows(R) UL phone License (Public)  License Id=120df3d1-80d2-4437-a2d1-5a5c76d0a3e0
08/22/2024 16:44:30,1004,Microsoft-Windows-Security-SPP,Application,Information,The Software Protection service has successfully installed the license.  License Title=Windows(R) UL oob License (Private)  License Id=29618f3c-516f-49c1-b170-d435ad663c54
08/22/2024 16:44:30,1004,Microsoft-Windows-Security-SPP,Application,Information,The Software Protection service has successfully installed the license.  License Title=Windows(R) UL oob License (Public)  License Id=d92ee28d-5e55-49de-901e-9dfd6543bf96
08/22/2024 16:44:30,1004,Microsoft-Windows-Security-SPP,Application,Information,The Software Protection service has successfully installed the license.  License Title=Windows(R) Publishing License (Private)  License Id=06ab50a0-6c04-48be-b644-68b3d9a8ff33
08/22/2024 16:44:30,1004,Microsoft-Windows-Security-SPP,Application,Information,The Software Protection service has successfully installed the license.  License Title=Windows(R) Publishing License (Public)  License Id=bd55d956-ee22-4e35-b0a3-b12371fc3eff
08/22/2024 16:44:30,1004,Microsoft-Windows-Security-SPP,Application,Information,The Software Protection service has successfully installed the license.  License Title=Windows(R) UL volume License (Private)  License Id=3a16733c-fb4c-4c64-9e05-d1d4fa5951c0
08/22/2024 16:44:30,1004,Microsoft-Windows-Security-SPP,Application,Information,The Software Protection service has successfully installed the license.  License Title=Windows(R) UL volume License (Public)  License Id=e1773afa-3afa-4795-a545-29c84259dd01
08/22/2024 16:44:30,1004,Microsoft-Windows-Security-SPP,Application,Information,The Software Protection service has successfully installed the license.  License Title=Windows(R) UL oob License (Private)  License Id=df766fcc-a507-48b1-9fc4-9413b909a3a3
08/22/2024 16:44:30,1004,Microsoft-Windows-Security-SPP,Application,Information,The Software Protection service has successfully installed the license.  License Title=Windows(R) UL oob License (Public)  License Id=ceaee2f0-e76d-45ee-a5ac-3523bc6632be
08/22/2024 16:44:30,1004,Microsoft-Windows-Security-SPP,Application,Information,The Software Protection service has successfully installed the license.  License Title=Windows(R) UL volume License (Private)  License Id=5cd0644a-379b-4b57-a25c-6a63489d0ea4
08/22/2024 16:44:30,1004,Microsoft-Windows-Security-SPP,Application,Information,The Software Protection service has successfully installed the license.  License Title=Windows(R) UL volume License (Public)  License Id=5f924b4a-e040-4983-8e30-80ecd426b926
08/22/2024 16:44:29,1004,Microsoft-Windows-Security-SPP,Application,Information,The Software Protection service has successfully installed the license.  License Title=Windows(R) UL oob License (Private)  License Id=602c9fec-523a-49da-9900-4e9d4f2a7467
08/22/2024 16:44:29,1004,Microsoft-Windows-Security-SPP,Application,Information,The Software Protection service has successfully installed the license.  License Title=Windows(R) UL oob License (Public)  License Id=0b256203-1be9-4405-909e-c6e0c80eee38
08/22/2024 16:44:29,1004,Microsoft-Windows-Security-SPP,Application,Information,The Software Protection service has successfully installed the license.  License Title=Windows(R) UL store License (Private)  License Id=be575d5d-bb8b-4a7a-aeca-da6e483480dd
08/22/2024 16:44:29,1004,Microsoft-Windows-Security-SPP,Application,Information,The Software Protection service has successfully installed the license.  License Title=Windows(R) UL store License (Public)  License Id=2c43f1f1-9f59-47dc-ad81-7f8a9b6a1248
08/22/2024 16:44:29,1004,Microsoft-Windows-Security-SPP,Application,Information,The Software Protection service has successfully installed the license.  License Title=Windows(R) UL phone License (Private)  License Id=82f95a03-5472-4f1a-be5e-bc3985c32de3
08/22/2024 16:44:29,1004,Microsoft-Windows-Security-SPP,Application,Information,The Software Protection service has successfully installed the license.  License Title=Windows(R) UL phone License (Public)  License Id=9f94611d-297a-4461-b793-0af81211f798
08/22/2024 16:44:29,1004,Microsoft-Windows-Security-SPP,Application,Information,The Software Protection service has successfully installed the license.  License Title=Windows(R) UL oob License (Private)  License Id=13bd7434-ae28-4f38-98f9-dd3a179362c6
08/22/2024 16:44:29,1004,Microsoft-Windows-Security-SPP,Application,Information,The Software Protection service has successfully installed the license.  License Title=Windows(R) UL oob License (Public)  License Id=025e9394-eaaa-4579-a531-230c9bea7af1
08/22/2024 16:44:29,1004,Microsoft-Windows-Security-SPP,Application,Information,The Software Protection service has successfully installed the license.  License Title=Windows(R) Publishing License (Private)  License Id=3530e8eb-0f76-4b3b-86aa-283df07cd106
08/22/2024 16:44:29,1004,Microsoft-Windows-Security-SPP,Application,Information,The Software Protection service has successfully installed the license.  License Title=Windows(R) Publishing License (Public)  License Id=35e79d60-be49-4336-999b-2a5297eb36b5
08/22/2024 16:44:29,1004,Microsoft-Windows-Security-SPP,Application,Information,The Software Protection service has successfully installed the license.  License Title=Windows(R) ServerRdsh Product PPD License  License Id=7db3381a-b5d4-69e1-bf6e-0ff059134aa4
08/22/2024 16:44:29,1004,Microsoft-Windows-Security-SPP,Application,Information,The Software Protection service has successfully installed the license.  License Title=Windows(R) UL oem License (Private)  License Id=893c66c8-dddb-47ac-b380-5d9486ea09d8
08/22/2024 16:44:29,1004,Microsoft-Windows-Security-SPP,Application,Information,The Software Protection service has successfully installed the license.  License Title=Windows(R) UL oem License (Public)  License Id=26a0aea9-3942-4333-b867-397018f6fc7e
08/22/2024 16:44:29,1004,Microsoft-Windows-Security-SPP,Application,Information,The Software Protection service has successfully installed the license.  License Title=Windows(R) UL oob License (Private)  License Id=92a03ce4-fc02-4e14-80df-8291b6f811be
08/22/2024 16:44:29,1004,Microsoft-Windows-Security-SPP,Application,Information,The Software Protection service has successfully installed the license.  License Title=Windows(R) UL oob License (Public)  License Id=08232c1f-37fc-465a-9f06-8182f92d911b
08/22/2024 16:44:29,1004,Microsoft-Windows-Security-SPP,Application,Information,The Software Protection service has successfully installed the license.  License Title=Windows(R) UL store License (Private)  License Id=00eb29b9-b4bd-424f-aee4-177de5a5d282
08/22/2024 16:44:29,1004,Microsoft-Windows-Security-SPP,Application,Information,The Software Protection service has successfully installed the license.  License Title=Windows(R) UL store License (Public)  License Id=09b019e2-60d3-43a6-9990-4e9edbaf6f8a
08/22/2024 16:44:29,1004,Microsoft-Windows-Security-SPP,Application,Information,The Software Protection service has successfully installed the license.  License Title=Windows(R) UL phone License (Private)  License Id=fd18b4db-88b7-4773-93f5-676a926ec4a5
08/22/2024 16:44:29,1004,Microsoft-Windows-Security-SPP,Application,Information,The Software Protection service has successfully installed the license.  License Title=Windows(R) UL phone License (Public)  License Id=3c470e0a-b752-42c8-8f9e-72a626589afe
08/22/2024 16:44:29,1004,Microsoft-Windows-Security-SPP,Application,Information,The Software Protection service has successfully installed the license.  License Title=Windows(R) UL oob License (Private)  License Id=66038b4b-8d54-498a-9560-4ffcd5f5f46b
08/22/2024 16:44:29,1004,Microsoft-Windows-Security-SPP,Application,Information,The Software Protection service has successfully installed the license.  License Title=Windows(R) UL oob License (Public)  License Id=4ff564a0-646f-415c-96f9-1a4c83971348
08/22/2024 16:44:29,1004,Microsoft-Windows-Security-SPP,Application,Information,The Software Protection service has successfully installed the license.  License Title=Windows(R) Publishing License (Private)  License Id=2fbd243f-857e-4601-bf91-3d7cdc3a65d8
08/22/2024 16:44:29,1004,Microsoft-Windows-Security-SPP,Application,Information,The Software Protection service has successfully installed the license.  License Title=Windows(R) Publishing License (Public)  License Id=6f0461b4-b409-40e5-b36b-812ea9469377
08/22/2024 16:44:29,1004,Microsoft-Windows-Security-SPP,Application,Information,The Software Protection service has successfully installed the license.  License Title=DefaultPpd-ServerRdsh Component PPD License  License Id=67a31cb9-8ad3-c9d5-0c45-f624281a6c6a
08/22/2024 16:44:29,1004,Microsoft-Windows-Security-SPP,Application,Information,The Software Protection service has successfully installed the license.  License Title=Windows(R) UL store License (Private)  License Id=7ef63375-8229-4af8-9bc7-df50a7cf306c
08/22/2024 16:44:29,1004,Microsoft-Windows-Security-SPP,Application,Information,The Software Protection service has successfully installed the license.  License Title=Windows(R) UL store License (Public)  License Id=a50b089c-dd59-4ee0-9061-3819d4e1671d
08/22/2024 16:44:28,1004,Microsoft-Windows-Security-SPP,Application,Information,The Software Protection service has successfully installed the license.  License Title=Windows(R) UL phone License (Private)  License Id=5f526436-4be6-43fb-ab3f-e39c2ca4667d
08/22/2024 16:44:28,1004,Microsoft-Windows-Security-SPP,Application,Information,The Software Protection service has successfully installed the license.  License Title=Windows(R) UL phone License (Public)  License Id=ae35b9b1-4217-441e-a834-3a82393f44e0
08/22/2024 16:44:28,1004,Microsoft-Windows-Security-SPP,Application,Information,The Software Protection service has successfully installed the license.  License Title=Windows(R) UL oob License (Private)  License Id=783e47aa-ebba-4fe2-bad1-ac4db66f3bf3
08/22/2024 16:44:28,1004,Microsoft-Windows-Security-SPP,Application,Information,The Software Protection service has successfully installed the license.  License Title=Windows(R) UL oob License (Public)  License Id=8cd6288c-ed22-4878-adbb-b7275fe62348
08/22/2024 16:44:28,1004,Microsoft-Windows-Security-SPP,Application,Information,The Software Protection service has successfully installed the license.  License Title=Windows(R) Publishing License (Private)  License Id=0a5a9f2c-36ca-432d-9c17-6e8832e88a46
08/22/2024 16:44:28,1004,Microsoft-Windows-Security-SPP,Application,Information,The Software Protection service has successfully installed the license.  License Title=Windows(R) Publishing License (Public)  License Id=77d6c922-4167-486f-b136-9abcccb8f1bd
08/22/2024 16:44:28,1004,Microsoft-Windows-Security-SPP,Application,Information,The Software Protection service has successfully installed the license.  License Title=Windows(R) UL volume License (Private)  License Id=2473ab5f-a468-46cc-802d-d6358de756cd
08/22/2024 16:44:28,1004,Microsoft-Windows-Security-SPP,Application,Information,The Software Protection service has successfully installed the license.  License Title=Windows(R) UL volume License (Public)  License Id=3474c493-6a00-49ab-8546-71983dcef7ac
08/22/2024 16:44:28,1004,Microsoft-Windows-Security-SPP,Application,Information,The Software Protection service has successfully installed the license.  License Title=Windows(R) UL oob License (Private)  License Id=e46a1f25-9afd-4b27-95f4-7325ae669e99
08/22/2024 16:44:28,1004,Microsoft-Windows-Security-SPP,Application,Information,The Software Protection service has successfully installed the license.  License Title=Windows(R) UL oob License (Public)  License Id=fa77b4fb-c9b3-42b1-b67d-5848f388db58
08/22/2024 16:44:28,1004,Microsoft-Windows-Security-SPP,Application,Information,The Software Protection service has successfully installed the license.  License Title=Windows(R) UL store License (Private)  License Id=7511ba89-840b-4eb7-b545-197b3f2baaa2
08/22/2024 16:44:28,1004,Microsoft-Windows-Security-SPP,Application,Information,The Software Protection service has successfully installed the license.  License Title=Windows(R) UL store License (Public)  License Id=c7fc0114-b68f-403e-a539-53f54e46b4fa
08/22/2024 16:44:28,1004,Microsoft-Windows-Security-SPP,Application,Information,The Software Protection service has successfully installed the license.  License Title=Windows(R) UL phone License (Private)  License Id=4ce2d0c6-63b0-4d13-bf93-23f7889a71a2
08/22/2024 16:44:28,1004,Microsoft-Windows-Security-SPP,Application,Information,The Software Protection service has successfully installed the license.  License Title=Windows(R) UL phone License (Public)  License Id=47d4c936-b7f2-4be6-929f-a4e20c1c75f3
08/22/2024 16:44:28,1004,Microsoft-Windows-Security-SPP,Application,Information,The Software Protection service has successfully installed the license.  License Title=Windows(R) UL oob License (Private)  License Id=1de4261f-7b1c-4241-b144-459c9a6284d9
08/22/2024 16:44:28,1004,Microsoft-Windows-Security-SPP,Application,Information,The Software Protection service has successfully installed the license.  License Title=Windows(R) UL oob License (Public)  License Id=4a5bfd6d-8c54-4eaf-a986-561a4133922e
08/22/2024 16:44:28,1004,Microsoft-Windows-Security-SPP,Application,Information,The Software Protection service has successfully installed the license.  License Title=Windows(R) Publishing License (Private)  License Id=133f9ed9-b828-4045-b2aa-a089f322e57e
08/22/2024 16:44:28,1004,Microsoft-Windows-Security-SPP,Application,Information,The Software Protection service has successfully installed the license.  License Title=Windows(R) Publishing License (Public)  License Id=cacdbf02-6441-4ce0-aea5-b9b36c71c73e
08/22/2024 16:44:28,1004,Microsoft-Windows-Security-SPP,Application,Information,The Software Protection service has successfully installed the license.  License Title=Windows(R) UL store License (Private)  License Id=2ea35391-4d1b-46e6-8d2d-06459632e433
08/22/2024 16:44:28,1004,Microsoft-Windows-Security-SPP,Application,Information,The Software Protection service has successfully installed the license.  License Title=Windows(R) UL store License (Public)  License Id=a0aa534e-ccda-4cf0-a74f-03946badb09e
08/22/2024 16:44:27,1004,Microsoft-Windows-Security-SPP,Application,Information,The Software Protection service has successfully installed the license.  License Title=Windows(R) UL phone License (Private)  License Id=2b6bdf58-7d5c-4c1c-b476-12dbb05c3cc6
08/22/2024 16:44:27,1004,Microsoft-Windows-Security-SPP,Application,Information,The Software Protection service has successfully installed the license.  License Title=Windows(R) UL phone License (Public)  License Id=764f149c-42bf-41dc-a9bc-aaafd4572649
08/22/2024 16:44:27,1004,Microsoft-Windows-Security-SPP,Application,Information,The Software Protection service has successfully installed the license.  License Title=Windows(R) UL oob License (Private)  License Id=2a29297c-b5c2-4235-b764-8253cdd5664a
08/22/2024 16:44:27,1004,Microsoft-Windows-Security-SPP,Application,Information,The Software Protection service has successfully installed the license.  License Title=Windows(R) UL oob License (Public)  License Id=326fb256-b677-454f-9a17-28b801c9781b
08/22/2024 16:44:27,1004,Microsoft-Windows-Security-SPP,Application,Information,The Software Protection service has successfully installed the license.  License Title=Windows(R) Publishing License (Private)  License Id=d3654fd4-7fc9-4be5-b8f0-5a8aae119ad9
08/22/2024 16:44:27,1004,Microsoft-Windows-Security-SPP,Application,Information,The Software Protection service has successfully installed the license.  License Title=Windows(R) Publishing License (Public)  License Id=41cf0043-ffda-4a69-9cd1-c1cce18aa809
08/22/2024 16:44:27,1004,Microsoft-Windows-Security-SPP,Application,Information,The Software Protection service has successfully installed the license.  License Title=Windows(R) UL store License (Private)  License Id=0f9d557c-9cf8-4f16-95d2-7bce90db41fb
08/22/2024 16:44:27,1004,Microsoft-Windows-Security-SPP,Application,Information,The Software Protection service has successfully installed the license.  License Title=Windows(R) UL store License (Public)  License Id=6650bf8a-4268-454b-8b47-26d21d6f5142
08/22/2024 16:44:26,1004,Microsoft-Windows-Security-SPP,Application,Information,The Software Protection service has successfully installed the license.  License Title=Windows(R) UL phone License (Private)  License Id=c9901808-23ad-4970-a0bc-82f91f7ca241
08/22/2024 16:44:26,1004,Microsoft-Windows-Security-SPP,Application,Information,The Software Protection service has successfully installed the license.  License Title=Windows(R) UL phone License (Public)  License Id=20d9e58a-748f-4be3-89de-214743b5eea5
08/22/2024 16:44:26,1004,Microsoft-Windows-Security-SPP,Application,Information,The Software Protection service has successfully installed the license.  License Title=Windows(R) UL oob License (Private)  License Id=f1939e5d-1b22-49cd-9bbe-38c67a72548b
08/22/2024 16:44:26,1004,Microsoft-Windows-Security-SPP,Application,Information,The Software Protection service has successfully installed the license.  License Title=Windows(R) UL oob License (Public)  License Id=2b7bebed-033e-4be0-a4a8-7622b481a7d0
08/22/2024 16:44:26,1004,Microsoft-Windows-Security-SPP,Application,Information,The Software Protection service has successfully installed the license.  License Title=Windows(R) Publishing License (Private)  License Id=50239609-a123-400f-98df-3da118a7e294
08/22/2024 16:44:26,1004,Microsoft-Windows-Security-SPP,Application,Information,The Software Protection service has successfully installed the license.  License Title=Windows(R) Publishing License (Public)  License Id=06dbb03d-ff3b-4b35-ac6c-e1939d581a07
08/22/2024 16:44:26,1004,Microsoft-Windows-Security-SPP,Application,Information,The Software Protection service has successfully installed the license.  License Title=Windows(R) UL store License (Private)  License Id=72e7f6a2-60c0-4109-b80e-40ea86d473a9
08/22/2024 16:44:26,1004,Microsoft-Windows-Security-SPP,Application,Information,The Software Protection service has successfully installed the license.  License Title=Windows(R) UL store License (Public)  License Id=2f262518-9cac-4853-a594-dad6ecc1abcc
08/22/2024 16:44:26,1004,Microsoft-Windows-Security-SPP,Application,Information,The Software Protection service has successfully installed the license.  License Title=Windows(R) UL phone License (Private)  License Id=f734ac8b-a507-4dac-88c1-c18888daaa00
08/22/2024 16:44:26,1004,Microsoft-Windows-Security-SPP,Application,Information,The Software Protection service has successfully installed the license.  License Title=Windows(R) UL phone License (Public)  License Id=dcf3228f-50fb-466b-a465-8fd5e09def48
08/22/2024 16:44:26,1004,Microsoft-Windows-Security-SPP,Application,Information,The Software Protection service has successfully installed the license.  License Title=Windows(R) UL oob License (Private)  License Id=6438f0c6-2e23-4e35-a228-0e32ebd87855
08/22/2024 16:44:26,1004,Microsoft-Windows-Security-SPP,Application,Information,The Software Protection service has successfully installed the license.  License Title=Windows(R) UL oob License (Public)  License Id=041eac4e-0d21-4881-acee-27b760c9a5d3
08/22/2024 16:44:21,1004,Microsoft-Windows-Security-SPP,Application,Information,The Software Protection service has successfully installed the license.  License Title=Windows(R) Publishing License (Private)  License Id=6d7081f1-6138-4e66-963c-23e8671696e1
08/22/2024 16:44:21,1004,Microsoft-Windows-Security-SPP,Application,Information,The Software Protection service has successfully installed the license.  License Title=Windows(R) Publishing License (Public)  License Id=8ce19a72-981c-42b8-93aa-21aea1987264
08/22/2024 16:44:19,1004,Microsoft-Windows-Security-SPP,Application,Information,The Software Protection service has successfully installed the license.  License Title=Windows(R) UL store License (Private)  License Id=0133d4d6-413b-4b61-ab90-7fbb61c5bbab
08/22/2024 16:44:19,1004,Microsoft-Windows-Security-SPP,Application,Information,The Software Protection service has successfully installed the license.  License Title=Windows(R) UL store License (Public)  License Id=be432e23-9e7b-4328-9c1d-fd9dfa684c76
08/22/2024 16:44:19,1004,Microsoft-Windows-Security-SPP,Application,Information,The Software Protection service has successfully installed the license.  License Title=Windows(R) UL phone License (Private)  License Id=2c09d00e-f6c9-44b1-883d-e3427c678584
08/22/2024 16:44:19,1004,Microsoft-Windows-Security-SPP,Application,Information,The Software Protection service has successfully installed the license.  License Title=Windows(R) UL phone License (Public)  License Id=5b33e3f2-c3e4-4289-a238-f68f50b858a0
08/22/2024 16:44:17,1004,Microsoft-Windows-Security-SPP,Application,Information,The Software Protection service has successfully installed the license.  License Title=Windows(R) UL oob License (Private)  License Id=a9de3a0f-8625-4216-9f42-67d66d653f63
08/22/2024 16:44:17,1004,Microsoft-Windows-Security-SPP,Application,Information,The Software Protection service has successfully installed the license.  License Title=Windows(R) UL oob License (Public)  License Id=c7ce5125-6b0a-4863-a50e-6c54bf36eba8
08/22/2024 16:44:17,1004,Microsoft-Windows-Security-SPP,Application,Information,The Software Protection service has successfully installed the license.  License Title=Windows(R) Publishing License (Private)  License Id=f31c50a7-4b20-4ae5-a850-7fb5a00bdab8
08/22/2024 16:44:17,1004,Microsoft-Windows-Security-SPP,Application,Information,The Software Protection service has successfully installed the license.  License Title=Windows(R) Publishing License (Public)  License Id=24f88627-1062-4942-b512-1c81d61832e1
08/22/2024 16:44:16,5617,Microsoft-Windows-WMI,Application,Information,Windows Management Instrumentation Service subsystems initialized successfully
08/22/2024 16:44:15,5615,Microsoft-Windows-WMI,Application,Information,Windows Management Instrumentation Service started sucessfully
08/22/2024 16:44:13,1531,Microsoft-Windows-User Profiles Service,Application,Information,The User Profile Service has started successfully.      
08/22/2024 16:44:13,4625,Microsoft-Windows-EventSystem,Application,Information,The EventSystem sub system is suppressing duplicate event log entries for a duration of 86400 seconds.  The suppression timeout can be controlled by a REG_DWORD value named SuppressDuplicateDuration under the following registry key: HKLM\Software\Microsoft\EventSystem\EventLog.
08/22/2024 21:47:20,10016,Microsoft-Windows-DistributedCOM,System,Warning,The application-specific permission settings do not grant Local Launch permission for the COM Server application with CLSID   Windows.SecurityCenter.WscDataProtection   and APPID   Unavailable   to the user NT AUTHORITY\SYSTEM SID (S-1-5-18) from address LocalHost (Using LRPC) running in the application container Unavailable SID (Unavailable). This security permission can be modified using the Component Services administrative tool.
08/22/2024 21:47:20,10016,Microsoft-Windows-DistributedCOM,System,Warning,The application-specific permission settings do not grant Local Launch permission for the COM Server application with CLSID   Windows.SecurityCenter.SecurityAppBroker   and APPID   Unavailable   to the user NT AUTHORITY\SYSTEM SID (S-1-5-18) from address LocalHost (Using LRPC) running in the application container Unavailable SID (Unavailable). This security permission can be modified using the Component Services administrative tool.
08/22/2024 21:47:20,10016,Microsoft-Windows-DistributedCOM,System,Warning,The application-specific permission settings do not grant Local Launch permission for the COM Server application with CLSID   Windows.SecurityCenter.WscBrokerManager   and APPID   Unavailable   to the user NT AUTHORITY\SYSTEM SID (S-1-5-18) from address LocalHost (Using LRPC) running in the application container Unavailable SID (Unavailable). This security permission can be modified using the Component Services administrative tool.
08/22/2024 21:46:43,17,TPM,System,Information,The Trusted Platform Module (TPM) hardware failed to execute a TPM command.
08/22/2024 21:46:43,17,TPM,System,Information,The Trusted Platform Module (TPM) hardware failed to execute a TPM command.
08/22/2024 21:46:43,17,TPM,System,Information,The Trusted Platform Module (TPM) hardware failed to execute a TPM command.
08/22/2024 21:45:59,4107,Display,System,Information,A caller specified the SDC_FORCE_MODE_ENUMERATION flag in a call to the SetDisplayConfig() API
08/22/2024 21:45:40,7040,Service Control Manager,System,Information,The start type of the Background Intelligent Transfer Service service was changed from demand start to auto start.
08/22/2024 21:45:39,1025,Microsoft-Windows-TPM-WMI,System,Information,The TPM was successfully provisioned and is now ready for use.
08/22/2024 21:45:38,1282,Microsoft-Windows-TPM-WMI,System,Information,The TBS device identifier has been generated.
08/22/2024 21:45:36,10016,Microsoft-Windows-DistributedCOM,System,Warning,The machine-default permission settings do not grant Local Activation permission for the COM Server application with CLSID   {F87B28F1-DA9A-4F35-8EC0-800EFCF26B83}   and APPID   {0868DC9B-D9A2-4F64-9362-133CEA201299}   to the user NT AUTHORITY\NETWORK SERVICE SID (S-1-5-20) from address LocalHost (Using LRPC) running in the application container Unavailable SID (Unavailable). This security permission can be modified using the Component Services administrative tool.
08/22/2024 21:45:33,1796,Microsoft-Windows-TPM-WMI,System,Error,The Secure Boot update failed to update a Secure Boot variable with error Secure Boot is not enabled on this machine.. For more information  please see https://go.microsoft.com/fwlink/?linkid=2169931
